
Embedding source and baseline...

Generating Integrated Gradients...


Number of IG steps: 250
Difference in target probabilities: 1.000
Sum of attributions: 0.990 



C 0.089946
C 0.019158
= -0.0052153
C 0.052107
c 0.069378
1 0.084666
c 0.047801
c 0.044357
c 0.039609
c 0.047941
2 0.06529
c 0.027118
( 0.024172
= 0.01712
O 0.017399
) 0.010071
c 0.010281
c 0.030038
( 0.035085
C 0.015106
) 0.020225
o 0.028083
c 0.023401
1 0.026438
2 0.021086
. 0.0026372
C 0.0053108
S 0.033261
C 0.02043
. -0.0065675
Cl 0.0055017
C -0.0013922
Cl 0.0076035
. 0.0074707
O 0.0037745
= 0.012346
[O+] 0.022938
[O-] 0.016136
