
Embedding source and baseline...

Generating Integrated Gradients...


Number of IG steps: 250
Difference in target probabilities: -0.238
Sum of attributions: -0.245 



C 0.12654
[N+] -0.29668
( -0.07504
C -0.040674
) 0.074223
( -0.015374
C -0.042096
) 0.069535
c 0.039947
1 -0.092831
c -0.058421
c -0.03459
c -0.03398
c 0.00020617
c -0.014641
1 -0.0051416
. -0.012356
O 0.0039305
= -0.0013542
S 0.018108
( 0.015724
= 0.012182
O 0.0066303
) 0.02311
( 0.041867
O 0.032254
) 0.09994
O 0.039345
. -0.023331
O 0.008197
= -0.0491
[N+] 0.0088968
( -0.022364
[O-] -0.052628
) -0.0054277
O 0.010355
