
Embedding source and baseline...

Generating Integrated Gradients...


Number of IG steps: 250
Difference in target probabilities: 1.000
Sum of attributions: 0.982 



Cl 0.012617
. -0.00182
Cl 0.01677
[Al] -0.016687
( 0.018855
Cl 0.017923
) 0.011896
Cl 0.016294
. 0.0076804
F 0.022557
c 0.020117
1 0.014787
c 0.014566
c 0.018012
c 0.020582
c 0.021695
c 0.021247
1 0.022331
F 0.034134
. 0.0093965
O 0.013602
. 0.024507
O 0.01803
= 0.087003
C 0.071004
( 0.1353
Cl 0.080924
) 0.093454
C 0.13629
Cl 0.018901
