Changed directory to /home/dpk25/MolecularTransformer2/scripts/clean_data.

JobID: 21441673
======
Time: Wed  1 Apr 12:32:41 BST 2020
Running on master node: gpu-e-28
Current directory: /home/dpk25/MolecularTransformer2/scripts/clean_data

Nodes allocated:
================
gpu-e-28

numtasks=1, numnodes=1, mpi_tasks_per_node=1 (OMP_NUM_THREADS=1)

Executing command:
==================
./train.sh 

[2020-04-01 12:33:04,869 INFO] Loading checkpoint from /home/dpk25/rds/hpc-work/MolecularTransformer2_models/checkpoints/MIT_mixed_clean_augm/MIT_mixed_clean_augm_model_step_390000.pt
[2020-04-01 12:33:04,991 INFO] Loading vocab from checkpoint at /home/dpk25/rds/hpc-work/MolecularTransformer2_models/checkpoints/MIT_mixed_clean_augm/MIT_mixed_clean_augm_model_step_390000.pt.
[2020-04-01 12:33:04,991 INFO]  * src vocab size = 288
[2020-04-01 12:33:04,991 INFO]  * tgt vocab size = 288
[2020-04-01 12:33:04,991 INFO] Building model...
[2020-04-01 12:33:14,056 INFO] NMTModel(
  (encoder): TransformerEncoder(
    (embeddings): Embeddings(
      (make_embedding): Sequential(
        (emb_luts): Elementwise(
          (0): Embedding(288, 256, padding_idx=1)
        )
        (pe): PositionalEncoding(
          (dropout): Dropout(p=0.1, inplace=False)
        )
      )
    )
    (transformer): ModuleList(
      (0): TransformerEncoderLayer(
        (self_attn): MultiHeadedAttention(
          (linear_keys): Linear(in_features=256, out_features=256, bias=True)
          (linear_values): Linear(in_features=256, out_features=256, bias=True)
          (linear_query): Linear(in_features=256, out_features=256, bias=True)
          (softmax): Softmax(dim=-1)
          (dropout): Dropout(p=0.1, inplace=False)
          (final_linear): Linear(in_features=256, out_features=256, bias=True)
        )
        (feed_forward): PositionwiseFeedForward(
          (w_1): Linear(in_features=256, out_features=2048, bias=True)
          (w_2): Linear(in_features=2048, out_features=256, bias=True)
          (layer_norm): LayerNorm((256,), eps=1e-06, elementwise_affine=True)
          (dropout_1): Dropout(p=0.1, inplace=False)
          (relu): ReLU()
          (dropout_2): Dropout(p=0.1, inplace=False)
        )
        (layer_norm): LayerNorm((256,), eps=1e-06, elementwise_affine=True)
        (dropout): Dropout(p=0.1, inplace=False)
      )
      (1): TransformerEncoderLayer(
        (self_attn): MultiHeadedAttention(
          (linear_keys): Linear(in_features=256, out_features=256, bias=True)
          (linear_values): Linear(in_features=256, out_features=256, bias=True)
          (linear_query): Linear(in_features=256, out_features=256, bias=True)
          (softmax): Softmax(dim=-1)
          (dropout): Dropout(p=0.1, inplace=False)
          (final_linear): Linear(in_features=256, out_features=256, bias=True)
        )
        (feed_forward): PositionwiseFeedForward(
          (w_1): Linear(in_features=256, out_features=2048, bias=True)
          (w_2): Linear(in_features=2048, out_features=256, bias=True)
          (layer_norm): LayerNorm((256,), eps=1e-06, elementwise_affine=True)
          (dropout_1): Dropout(p=0.1, inplace=False)
          (relu): ReLU()
          (dropout_2): Dropout(p=0.1, inplace=False)
        )
        (layer_norm): LayerNorm((256,), eps=1e-06, elementwise_affine=True)
        (dropout): Dropout(p=0.1, inplace=False)
      )
      (2): TransformerEncoderLayer(
        (self_attn): MultiHeadedAttention(
          (linear_keys): Linear(in_features=256, out_features=256, bias=True)
          (linear_values): Linear(in_features=256, out_features=256, bias=True)
          (linear_query): Linear(in_features=256, out_features=256, bias=True)
          (softmax): Softmax(dim=-1)
          (dropout): Dropout(p=0.1, inplace=False)
          (final_linear): Linear(in_features=256, out_features=256, bias=True)
        )
        (feed_forward): PositionwiseFeedForward(
          (w_1): Linear(in_features=256, out_features=2048, bias=True)
          (w_2): Linear(in_features=2048, out_features=256, bias=True)
          (layer_norm): LayerNorm((256,), eps=1e-06, elementwise_affine=True)
          (dropout_1): Dropout(p=0.1, inplace=False)
          (relu): ReLU()
          (dropout_2): Dropout(p=0.1, inplace=False)
        )
        (layer_norm): LayerNorm((256,), eps=1e-06, elementwise_affine=True)
        (dropout): Dropout(p=0.1, inplace=False)
      )
      (3): TransformerEncoderLayer(
        (self_attn): MultiHeadedAttention(
          (linear_keys): Linear(in_features=256, out_features=256, bias=True)
          (linear_values): Linear(in_features=256, out_features=256, bias=True)
          (linear_query): Linear(in_features=256, out_features=256, bias=True)
          (softmax): Softmax(dim=-1)
          (dropout): Dropout(p=0.1, inplace=False)
          (final_linear): Linear(in_features=256, out_features=256, bias=True)
        )
        (feed_forward): PositionwiseFeedForward(
          (w_1): Linear(in_features=256, out_features=2048, bias=True)
          (w_2): Linear(in_features=2048, out_features=256, bias=True)
          (layer_norm): LayerNorm((256,), eps=1e-06, elementwise_affine=True)
          (dropout_1): Dropout(p=0.1, inplace=False)
          (relu): ReLU()
          (dropout_2): Dropout(p=0.1, inplace=False)
        )
        (layer_norm): LayerNorm((256,), eps=1e-06, elementwise_affine=True)
        (dropout): Dropout(p=0.1, inplace=False)
      )
    )
    (layer_norm): LayerNorm((256,), eps=1e-06, elementwise_affine=True)
  )
  (decoder): TransformerDecoder(
    (embeddings): Embeddings(
      (make_embedding): Sequential(
        (emb_luts): Elementwise(
          (0): Embedding(288, 256, padding_idx=1)
        )
        (pe): PositionalEncoding(
          (dropout): Dropout(p=0.1, inplace=False)
        )
      )
    )
    (transformer_layers): ModuleList(
      (0): TransformerDecoderLayer(
        (self_attn): MultiHeadedAttention(
          (linear_keys): Linear(in_features=256, out_features=256, bias=True)
          (linear_values): Linear(in_features=256, out_features=256, bias=True)
          (linear_query): Linear(in_features=256, out_features=256, bias=True)
          (softmax): Softmax(dim=-1)
          (dropout): Dropout(p=0.1, inplace=False)
          (final_linear): Linear(in_features=256, out_features=256, bias=True)
        )
        (context_attn): MultiHeadedAttention(
          (linear_keys): Linear(in_features=256, out_features=256, bias=True)
          (linear_values): Linear(in_features=256, out_features=256, bias=True)
          (linear_query): Linear(in_features=256, out_features=256, bias=True)
          (softmax): Softmax(dim=-1)
          (dropout): Dropout(p=0.1, inplace=False)
          (final_linear): Linear(in_features=256, out_features=256, bias=True)
        )
        (feed_forward): PositionwiseFeedForward(
          (w_1): Linear(in_features=256, out_features=2048, bias=True)
          (w_2): Linear(in_features=2048, out_features=256, bias=True)
          (layer_norm): LayerNorm((256,), eps=1e-06, elementwise_affine=True)
          (dropout_1): Dropout(p=0.1, inplace=False)
          (relu): ReLU()
          (dropout_2): Dropout(p=0.1, inplace=False)
        )
        (layer_norm_1): LayerNorm((256,), eps=1e-06, elementwise_affine=True)
        (layer_norm_2): LayerNorm((256,), eps=1e-06, elementwise_affine=True)
        (drop): Dropout(p=0.1, inplace=False)
      )
      (1): TransformerDecoderLayer(
        (self_attn): MultiHeadedAttention(
          (linear_keys): Linear(in_features=256, out_features=256, bias=True)
          (linear_values): Linear(in_features=256, out_features=256, bias=True)
          (linear_query): Linear(in_features=256, out_features=256, bias=True)
          (softmax): Softmax(dim=-1)
          (dropout): Dropout(p=0.1, inplace=False)
          (final_linear): Linear(in_features=256, out_features=256, bias=True)
        )
        (context_attn): MultiHeadedAttention(
          (linear_keys): Linear(in_features=256, out_features=256, bias=True)
          (linear_values): Linear(in_features=256, out_features=256, bias=True)
          (linear_query): Linear(in_features=256, out_features=256, bias=True)
          (softmax): Softmax(dim=-1)
          (dropout): Dropout(p=0.1, inplace=False)
          (final_linear): Linear(in_features=256, out_features=256, bias=True)
        )
        (feed_forward): PositionwiseFeedForward(
          (w_1): Linear(in_features=256, out_features=2048, bias=True)
          (w_2): Linear(in_features=2048, out_features=256, bias=True)
          (layer_norm): LayerNorm((256,), eps=1e-06, elementwise_affine=True)
          (dropout_1): Dropout(p=0.1, inplace=False)
          (relu): ReLU()
          (dropout_2): Dropout(p=0.1, inplace=False)
        )
        (layer_norm_1): LayerNorm((256,), eps=1e-06, elementwise_affine=True)
        (layer_norm_2): LayerNorm((256,), eps=1e-06, elementwise_affine=True)
        (drop): Dropout(p=0.1, inplace=False)
      )
      (2): TransformerDecoderLayer(
        (self_attn): MultiHeadedAttention(
          (linear_keys): Linear(in_features=256, out_features=256, bias=True)
          (linear_values): Linear(in_features=256, out_features=256, bias=True)
          (linear_query): Linear(in_features=256, out_features=256, bias=True)
          (softmax): Softmax(dim=-1)
          (dropout): Dropout(p=0.1, inplace=False)
          (final_linear): Linear(in_features=256, out_features=256, bias=True)
        )
        (context_attn): MultiHeadedAttention(
          (linear_keys): Linear(in_features=256, out_features=256, bias=True)
          (linear_values): Linear(in_features=256, out_features=256, bias=True)
          (linear_query): Linear(in_features=256, out_features=256, bias=True)
          (softmax): Softmax(dim=-1)
          (dropout): Dropout(p=0.1, inplace=False)
          (final_linear): Linear(in_features=256, out_features=256, bias=True)
        )
        (feed_forward): PositionwiseFeedForward(
          (w_1): Linear(in_features=256, out_features=2048, bias=True)
          (w_2): Linear(in_features=2048, out_features=256, bias=True)
          (layer_norm): LayerNorm((256,), eps=1e-06, elementwise_affine=True)
          (dropout_1): Dropout(p=0.1, inplace=False)
          (relu): ReLU()
          (dropout_2): Dropout(p=0.1, inplace=False)
        )
        (layer_norm_1): LayerNorm((256,), eps=1e-06, elementwise_affine=True)
        (layer_norm_2): LayerNorm((256,), eps=1e-06, elementwise_affine=True)
        (drop): Dropout(p=0.1, inplace=False)
      )
      (3): TransformerDecoderLayer(
        (self_attn): MultiHeadedAttention(
          (linear_keys): Linear(in_features=256, out_features=256, bias=True)
          (linear_values): Linear(in_features=256, out_features=256, bias=True)
          (linear_query): Linear(in_features=256, out_features=256, bias=True)
          (softmax): Softmax(dim=-1)
          (dropout): Dropout(p=0.1, inplace=False)
          (final_linear): Linear(in_features=256, out_features=256, bias=True)
        )
        (context_attn): MultiHeadedAttention(
          (linear_keys): Linear(in_features=256, out_features=256, bias=True)
          (linear_values): Linear(in_features=256, out_features=256, bias=True)
          (linear_query): Linear(in_features=256, out_features=256, bias=True)
          (softmax): Softmax(dim=-1)
          (dropout): Dropout(p=0.1, inplace=False)
          (final_linear): Linear(in_features=256, out_features=256, bias=True)
        )
        (feed_forward): PositionwiseFeedForward(
          (w_1): Linear(in_features=256, out_features=2048, bias=True)
          (w_2): Linear(in_features=2048, out_features=256, bias=True)
          (layer_norm): LayerNorm((256,), eps=1e-06, elementwise_affine=True)
          (dropout_1): Dropout(p=0.1, inplace=False)
          (relu): ReLU()
          (dropout_2): Dropout(p=0.1, inplace=False)
        )
        (layer_norm_1): LayerNorm((256,), eps=1e-06, elementwise_affine=True)
        (layer_norm_2): LayerNorm((256,), eps=1e-06, elementwise_affine=True)
        (drop): Dropout(p=0.1, inplace=False)
      )
    )
    (layer_norm): LayerNorm((256,), eps=1e-06, elementwise_affine=True)
  )
  (generator): Sequential(
    (0): Linear(in_features=256, out_features=288, bias=True)
    (1): Cast()
    (2): LogSoftmax()
  )
)
[2020-04-01 12:33:14,058 INFO] encoder: 5334528
[2020-04-01 12:33:14,058 INFO] decoder: 6389536
[2020-04-01 12:33:14,058 INFO] * number of parameters: 11724064
[2020-04-01 12:33:14,134 INFO] Starting training on GPU: [0]
[2020-04-01 12:33:14,134 INFO] Start training loop and validate every 10000 steps...
[2020-04-01 12:33:14,134 INFO] Loading dataset from /home/dpk25/MolecularTransformer2/data/data/MIT_mixed_clean_augm/.train.0.pt
[2020-04-01 12:33:26,645 INFO] number of examples: 754838
[2020-04-01 12:38:49,284 INFO] Step 391000/500000; acc:  96.61; ppl:  1.07; xent: 0.07; lr: 0.00020; 46972/29421 tok/s;    335 sec
[2020-04-01 12:44:08,499 INFO] Step 392000/500000; acc:  96.61; ppl:  1.07; xent: 0.07; lr: 0.00020; 49320/30912 tok/s;    654 sec
[2020-04-01 12:49:27,671 INFO] Step 393000/500000; acc:  96.60; ppl:  1.07; xent: 0.07; lr: 0.00020; 49320/30899 tok/s;    974 sec
[2020-04-01 12:50:59,847 INFO] Loading dataset from /home/dpk25/MolecularTransformer2/data/data/MIT_mixed_clean_augm/.train.0.pt
[2020-04-01 12:51:11,785 INFO] number of examples: 754838
[2020-04-01 12:55:05,153 INFO] Step 394000/500000; acc:  96.60; ppl:  1.07; xent: 0.07; lr: 0.00020; 46643/29204 tok/s;   1311 sec
[2020-04-01 13:00:27,034 INFO] Step 395000/500000; acc:  96.63; ppl:  1.07; xent: 0.07; lr: 0.00020; 48900/30648 tok/s;   1633 sec
[2020-04-01 13:05:48,852 INFO] Step 396000/500000; acc:  96.61; ppl:  1.07; xent: 0.07; lr: 0.00020; 48930/30687 tok/s;   1955 sec
[2020-04-01 13:08:52,265 INFO] Loading dataset from /home/dpk25/MolecularTransformer2/data/data/MIT_mixed_clean_augm/.train.0.pt
[2020-04-01 13:09:06,662 INFO] number of examples: 754838
[2020-04-01 13:11:28,085 INFO] Step 397000/500000; acc:  96.59; ppl:  1.07; xent: 0.07; lr: 0.00020; 46381/29115 tok/s;   2294 sec
[2020-04-01 13:16:48,846 INFO] Step 398000/500000; acc:  96.64; ppl:  1.07; xent: 0.07; lr: 0.00020; 49074/30727 tok/s;   2615 sec
[2020-04-01 13:22:09,582 INFO] Step 399000/500000; acc:  96.62; ppl:  1.07; xent: 0.07; lr: 0.00020; 49083/30785 tok/s;   2935 sec
[2020-04-01 13:26:43,755 INFO] Loading dataset from /home/dpk25/MolecularTransformer2/data/data/MIT_mixed_clean_augm/.train.0.pt
[2020-04-01 13:26:53,863 INFO] number of examples: 754838
[2020-04-01 13:27:45,061 INFO] Step 400000/500000; acc:  96.60; ppl:  1.07; xent: 0.07; lr: 0.00020; 46913/29315 tok/s;   3271 sec
[2020-04-01 13:27:45,063 INFO] Loading dataset from /home/dpk25/MolecularTransformer2/data/data/MIT_mixed_clean_augm/.valid.0.pt
[2020-04-01 13:27:45,458 INFO] number of examples: 47178
[2020-04-01 13:28:34,212 INFO] Validation perplexity: 1.10351
[2020-04-01 13:28:34,213 INFO] Validation accuracy: 95.7734
[2020-04-01 13:28:34,215 INFO] Saving checkpoint /home/dpk25/rds/hpc-work/MolecularTransformer2_models/checkpoints/MIT_mixed_clean_augm/MIT_mixed_clean_augm_model_step_400000.pt
[2020-04-01 13:33:55,330 INFO] Step 401000/500000; acc:  96.62; ppl:  1.07; xent: 0.07; lr: 0.00020; 42519/26693 tok/s;   3641 sec
[2020-04-01 13:39:15,737 INFO] Step 402000/500000; acc:  96.63; ppl:  1.07; xent: 0.07; lr: 0.00020; 49135/30845 tok/s;   3962 sec
[2020-04-01 13:44:35,303 INFO] Step 403000/500000; acc:  96.61; ppl:  1.07; xent: 0.07; lr: 0.00020; 49266/30873 tok/s;   4281 sec
[2020-04-01 13:45:20,168 INFO] Loading dataset from /home/dpk25/MolecularTransformer2/data/data/MIT_mixed_clean_augm/.train.0.pt
[2020-04-01 13:45:32,478 INFO] number of examples: 754838
[2020-04-01 13:50:11,187 INFO] Step 404000/500000; acc:  96.62; ppl:  1.07; xent: 0.07; lr: 0.00020; 46850/29311 tok/s;   4617 sec
[2020-04-01 13:55:30,855 INFO] Step 405000/500000; acc:  96.64; ppl:  1.07; xent: 0.07; lr: 0.00020; 49246/30828 tok/s;   4937 sec
[2020-04-01 14:00:50,494 INFO] Step 406000/500000; acc:  96.62; ppl:  1.07; xent: 0.07; lr: 0.00020; 49269/30942 tok/s;   5256 sec
[2020-04-01 14:03:04,445 INFO] Loading dataset from /home/dpk25/MolecularTransformer2/data/data/MIT_mixed_clean_augm/.train.0.pt
[2020-04-01 14:03:16,952 INFO] number of examples: 754838
[2020-04-01 14:06:26,047 INFO] Step 407000/500000; acc:  96.62; ppl:  1.07; xent: 0.07; lr: 0.00020; 46885/29425 tok/s;   5592 sec
[2020-04-01 14:11:44,614 INFO] Step 408000/500000; acc:  96.65; ppl:  1.07; xent: 0.07; lr: 0.00020; 49414/30904 tok/s;   5910 sec
[2020-04-01 14:17:01,930 INFO] Step 409000/500000; acc:  96.64; ppl:  1.07; xent: 0.07; lr: 0.00020; 49617/31157 tok/s;   6228 sec
[2020-04-01 14:20:46,081 INFO] Loading dataset from /home/dpk25/MolecularTransformer2/data/data/MIT_mixed_clean_augm/.train.0.pt
[2020-04-01 14:20:58,604 INFO] number of examples: 754838
[2020-04-01 14:22:36,118 INFO] Step 410000/500000; acc:  96.62; ppl:  1.07; xent: 0.07; lr: 0.00020; 47091/29473 tok/s;   6562 sec
[2020-04-01 14:22:36,120 INFO] Loading dataset from /home/dpk25/MolecularTransformer2/data/data/MIT_mixed_clean_augm/.valid.0.pt
[2020-04-01 14:22:36,419 INFO] number of examples: 47178
[2020-04-01 14:23:25,044 INFO] Validation perplexity: 1.10399
[2020-04-01 14:23:25,044 INFO] Validation accuracy: 95.7602
[2020-04-01 14:23:25,046 INFO] Saving checkpoint /home/dpk25/rds/hpc-work/MolecularTransformer2_models/checkpoints/MIT_mixed_clean_augm/MIT_mixed_clean_augm_model_step_410000.pt
[2020-04-01 14:28:42,462 INFO] Step 411000/500000; acc:  96.65; ppl:  1.07; xent: 0.07; lr: 0.00019; 42967/26904 tok/s;   6928 sec
[2020-04-01 14:34:00,375 INFO] Step 412000/500000; acc:  96.64; ppl:  1.07; xent: 0.07; lr: 0.00019; 49525/31236 tok/s;   7246 sec
[2020-04-01 14:39:14,505 INFO] Loading dataset from /home/dpk25/MolecularTransformer2/data/data/MIT_mixed_clean_augm/.train.0.pt
[2020-04-01 14:39:30,958 INFO] number of examples: 754838
[2020-04-01 14:39:39,121 INFO] Step 413000/500000; acc:  96.64; ppl:  1.07; xent: 0.07; lr: 0.00019; 46453/28988 tok/s;   7585 sec
[2020-04-01 14:44:55,890 INFO] Step 414000/500000; acc:  96.65; ppl:  1.07; xent: 0.07; lr: 0.00019; 49700/31138 tok/s;   7902 sec
[2020-04-01 14:50:13,218 INFO] Step 415000/500000; acc:  96.65; ppl:  1.07; xent: 0.07; lr: 0.00019; 49614/31069 tok/s;   8219 sec
[2020-04-01 14:55:31,322 INFO] Step 416000/500000; acc:  96.64; ppl:  1.07; xent: 0.07; lr: 0.00019; 49486/31056 tok/s;   8537 sec
[2020-04-01 14:56:57,998 INFO] Loading dataset from /home/dpk25/MolecularTransformer2/data/data/MIT_mixed_clean_augm/.train.0.pt
[2020-04-01 14:57:08,608 INFO] number of examples: 754838
[2020-04-01 15:01:04,146 INFO] Step 417000/500000; acc:  96.64; ppl:  1.07; xent: 0.07; lr: 0.00019; 47296/29557 tok/s;   8870 sec
[2020-04-01 15:06:22,497 INFO] Step 418000/500000; acc:  96.66; ppl:  1.07; xent: 0.07; lr: 0.00019; 49444/30990 tok/s;   9188 sec
[2020-04-01 15:11:39,472 INFO] Step 419000/500000; acc:  96.65; ppl:  1.07; xent: 0.07; lr: 0.00019; 49677/31178 tok/s;   9505 sec
[2020-04-01 15:14:36,003 INFO] Loading dataset from /home/dpk25/MolecularTransformer2/data/data/MIT_mixed_clean_augm/.train.0.pt
[2020-04-01 15:14:49,876 INFO] number of examples: 754838
[2020-04-01 15:17:15,215 INFO] Step 420000/500000; acc:  96.65; ppl:  1.07; xent: 0.07; lr: 0.00019; 46860/29406 tok/s;   9841 sec
[2020-04-01 15:17:15,217 INFO] Loading dataset from /home/dpk25/MolecularTransformer2/data/data/MIT_mixed_clean_augm/.valid.0.pt
[2020-04-01 15:17:15,460 INFO] number of examples: 47178
[2020-04-01 15:18:03,969 INFO] Validation perplexity: 1.1037
[2020-04-01 15:18:03,970 INFO] Validation accuracy: 95.7573
[2020-04-01 15:18:03,972 INFO] Saving checkpoint /home/dpk25/rds/hpc-work/MolecularTransformer2_models/checkpoints/MIT_mixed_clean_augm/MIT_mixed_clean_augm_model_step_420000.pt
[2020-04-01 15:23:21,828 INFO] Step 421000/500000; acc:  96.67; ppl:  1.07; xent: 0.07; lr: 0.00019; 42935/26904 tok/s;  10208 sec
[2020-04-01 15:28:39,652 INFO] Step 422000/500000; acc:  96.65; ppl:  1.07; xent: 0.07; lr: 0.00019; 49535/31056 tok/s;  10526 sec
[2020-04-01 15:33:06,575 INFO] Loading dataset from /home/dpk25/MolecularTransformer2/data/data/MIT_mixed_clean_augm/.train.0.pt
[2020-04-01 15:33:20,712 INFO] number of examples: 754838
[2020-04-01 15:34:16,268 INFO] Step 423000/500000; acc:  96.66; ppl:  1.07; xent: 0.07; lr: 0.00019; 46750/29221 tok/s;  10862 sec
[2020-04-01 15:39:34,474 INFO] Step 424000/500000; acc:  96.66; ppl:  1.07; xent: 0.07; lr: 0.00019; 49477/31049 tok/s;  11180 sec
[2020-04-01 15:44:51,875 INFO] Step 425000/500000; acc:  96.66; ppl:  1.07; xent: 0.07; lr: 0.00019; 49603/31107 tok/s;  11498 sec
[2020-04-01 15:50:09,130 INFO] Step 426000/500000; acc:  96.66; ppl:  1.07; xent: 0.07; lr: 0.00019; 49621/31120 tok/s;  11815 sec
[2020-04-01 15:50:48,289 INFO] Loading dataset from /home/dpk25/MolecularTransformer2/data/data/MIT_mixed_clean_augm/.train.0.pt
[2020-04-01 15:50:59,067 INFO] number of examples: 754838
[2020-04-01 15:55:41,099 INFO] Step 427000/500000; acc:  96.68; ppl:  1.07; xent: 0.07; lr: 0.00019; 47405/29655 tok/s;  12147 sec
[2020-04-01 16:00:59,436 INFO] Step 428000/500000; acc:  96.68; ppl:  1.07; xent: 0.07; lr: 0.00019; 49454/30964 tok/s;  12465 sec
[2020-04-01 16:06:17,184 INFO] Step 429000/500000; acc:  96.65; ppl:  1.07; xent: 0.07; lr: 0.00019; 49560/31119 tok/s;  12783 sec
[2020-04-01 16:08:25,224 INFO] Loading dataset from /home/dpk25/MolecularTransformer2/data/data/MIT_mixed_clean_augm/.train.0.pt
[2020-04-01 16:08:38,742 INFO] number of examples: 754838
[2020-04-01 16:11:49,941 INFO] Step 430000/500000; acc:  96.66; ppl:  1.07; xent: 0.07; lr: 0.00019; 47279/29693 tok/s;  13116 sec
[2020-04-01 16:11:49,942 INFO] Loading dataset from /home/dpk25/MolecularTransformer2/data/data/MIT_mixed_clean_augm/.valid.0.pt
[2020-04-01 16:11:50,191 INFO] number of examples: 47178
[2020-04-01 16:12:38,492 INFO] Validation perplexity: 1.1041
[2020-04-01 16:12:38,492 INFO] Validation accuracy: 95.7644
[2020-04-01 16:12:38,494 INFO] Saving checkpoint /home/dpk25/rds/hpc-work/MolecularTransformer2_models/checkpoints/MIT_mixed_clean_augm/MIT_mixed_clean_augm_model_step_430000.pt
[2020-04-01 16:17:57,365 INFO] Step 431000/500000; acc:  96.69; ppl:  1.07; xent: 0.07; lr: 0.00019; 42843/26780 tok/s;  13483 sec
[2020-04-01 16:23:15,140 INFO] Step 432000/500000; acc:  96.67; ppl:  1.07; xent: 0.07; lr: 0.00019; 49547/31106 tok/s;  13801 sec
[2020-04-01 16:26:54,644 INFO] Loading dataset from /home/dpk25/MolecularTransformer2/data/data/MIT_mixed_clean_augm/.train.0.pt
[2020-04-01 16:27:08,391 INFO] number of examples: 754838
[2020-04-01 16:28:51,106 INFO] Step 433000/500000; acc:  96.66; ppl:  1.07; xent: 0.07; lr: 0.00019; 46839/29294 tok/s;  14137 sec
[2020-04-01 16:34:09,023 INFO] Step 434000/500000; acc:  96.69; ppl:  1.07; xent: 0.07; lr: 0.00019; 49512/31033 tok/s;  14455 sec
[2020-04-01 16:39:27,246 INFO] Step 435000/500000; acc:  96.67; ppl:  1.07; xent: 0.07; lr: 0.00019; 49478/31223 tok/s;  14773 sec
[2020-04-01 16:44:36,589 INFO] Loading dataset from /home/dpk25/MolecularTransformer2/data/data/MIT_mixed_clean_augm/.train.0.pt
[2020-04-01 16:44:46,863 INFO] number of examples: 754838
[2020-04-01 16:44:59,605 INFO] Step 436000/500000; acc:  96.68; ppl:  1.07; xent: 0.07; lr: 0.00019; 47344/29518 tok/s;  15105 sec
[2020-04-01 16:50:16,378 INFO] Step 437000/500000; acc:  96.68; ppl:  1.07; xent: 0.07; lr: 0.00019; 49701/31149 tok/s;  15422 sec
[2020-04-01 16:55:34,114 INFO] Step 438000/500000; acc:  96.68; ppl:  1.07; xent: 0.07; lr: 0.00019; 49550/31046 tok/s;  15740 sec
[2020-04-01 17:00:52,071 INFO] Step 439000/500000; acc:  96.68; ppl:  1.07; xent: 0.07; lr: 0.00019; 49509/31109 tok/s;  16058 sec
[2020-04-01 17:02:13,705 INFO] Loading dataset from /home/dpk25/MolecularTransformer2/data/data/MIT_mixed_clean_augm/.train.0.pt
[2020-04-01 17:02:30,037 INFO] number of examples: 754838
[2020-04-01 17:06:29,992 INFO] Step 440000/500000; acc:  96.68; ppl:  1.07; xent: 0.07; lr: 0.00019; 46582/29071 tok/s;  16396 sec
[2020-04-01 17:06:29,994 INFO] Loading dataset from /home/dpk25/MolecularTransformer2/data/data/MIT_mixed_clean_augm/.valid.0.pt
[2020-04-01 17:06:30,253 INFO] number of examples: 47178
[2020-04-01 17:07:18,786 INFO] Validation perplexity: 1.10525
[2020-04-01 17:07:18,786 INFO] Validation accuracy: 95.7508
[2020-04-01 17:07:18,788 INFO] Saving checkpoint /home/dpk25/rds/hpc-work/MolecularTransformer2_models/checkpoints/MIT_mixed_clean_augm/MIT_mixed_clean_augm_model_step_440000.pt
[2020-04-01 17:12:32,786 INFO] Step 441000/500000; acc:  96.70; ppl:  1.07; xent: 0.07; lr: 0.00019; 43387/27226 tok/s;  16759 sec
[2020-04-01 17:17:46,602 INFO] Step 442000/500000; acc:  96.68; ppl:  1.07; xent: 0.07; lr: 0.00019; 50179/31444 tok/s;  17072 sec
[2020-04-01 17:20:35,966 INFO] Loading dataset from /home/dpk25/MolecularTransformer2/data/data/MIT_mixed_clean_augm/.train.0.pt
[2020-04-01 17:20:45,906 INFO] number of examples: 754838
[2020-04-01 17:23:13,730 INFO] Step 443000/500000; acc:  96.68; ppl:  1.07; xent: 0.07; lr: 0.00019; 48091/30189 tok/s;  17400 sec
[2020-04-01 17:28:27,362 INFO] Step 444000/500000; acc:  96.71; ppl:  1.07; xent: 0.07; lr: 0.00019; 50191/31474 tok/s;  17713 sec
[2020-04-01 17:33:41,066 INFO] Step 445000/500000; acc:  96.69; ppl:  1.07; xent: 0.07; lr: 0.00019; 50187/31472 tok/s;  18027 sec
[2020-04-01 17:37:59,280 INFO] Loading dataset from /home/dpk25/MolecularTransformer2/data/data/MIT_mixed_clean_augm/.train.0.pt
[2020-04-01 17:38:11,420 INFO] number of examples: 754838
[2020-04-01 17:39:10,800 INFO] Step 446000/500000; acc:  96.69; ppl:  1.07; xent: 0.07; lr: 0.00019; 47724/29800 tok/s;  18357 sec
[2020-04-01 17:44:24,399 INFO] Step 447000/500000; acc:  96.70; ppl:  1.07; xent: 0.07; lr: 0.00019; 50198/31528 tok/s;  18670 sec
[2020-04-01 17:49:37,927 INFO] Step 448000/500000; acc:  96.70; ppl:  1.07; xent: 0.07; lr: 0.00019; 50220/31513 tok/s;  18984 sec
[2020-04-01 17:54:51,540 INFO] Step 449000/500000; acc:  96.69; ppl:  1.07; xent: 0.07; lr: 0.00019; 50197/31463 tok/s;  19297 sec
[2020-04-01 17:55:25,332 INFO] Loading dataset from /home/dpk25/MolecularTransformer2/data/data/MIT_mixed_clean_augm/.train.0.pt
[2020-04-01 17:55:37,310 INFO] number of examples: 754838
[2020-04-01 18:00:20,704 INFO] Step 450000/500000; acc:  96.71; ppl:  1.07; xent: 0.07; lr: 0.00019; 47808/29886 tok/s;  19627 sec
[2020-04-01 18:00:20,870 INFO] Loading dataset from /home/dpk25/MolecularTransformer2/data/data/MIT_mixed_clean_augm/.valid.0.pt
[2020-04-01 18:00:23,410 INFO] number of examples: 47178
[2020-04-01 18:01:11,435 INFO] Validation perplexity: 1.10539
[2020-04-01 18:01:11,440 INFO] Validation accuracy: 95.7482
[2020-04-01 18:01:11,442 INFO] Saving checkpoint /home/dpk25/rds/hpc-work/MolecularTransformer2_models/checkpoints/MIT_mixed_clean_augm/MIT_mixed_clean_augm_model_step_450000.pt
[2020-04-01 18:06:25,847 INFO] Step 451000/500000; acc:  96.71; ppl:  1.07; xent: 0.07; lr: 0.00019; 43136/27017 tok/s;  19992 sec
[2020-04-01 18:11:39,686 INFO] Step 452000/500000; acc:  96.69; ppl:  1.07; xent: 0.07; lr: 0.00019; 50162/31468 tok/s;  20306 sec
[2020-04-01 18:13:42,292 INFO] Loading dataset from /home/dpk25/MolecularTransformer2/data/data/MIT_mixed_clean_augm/.train.0.pt
[2020-04-01 18:13:54,877 INFO] number of examples: 754838
[2020-04-01 18:17:09,839 INFO] Step 453000/500000; acc:  96.70; ppl:  1.07; xent: 0.07; lr: 0.00019; 47667/29937 tok/s;  20636 sec
[2020-04-01 18:22:29,193 INFO] Step 454000/500000; acc:  96.71; ppl:  1.07; xent: 0.07; lr: 0.00019; 49291/30868 tok/s;  20955 sec
[2020-04-01 18:27:47,531 INFO] Step 455000/500000; acc:  96.70; ppl:  1.07; xent: 0.07; lr: 0.00019; 49460/30989 tok/s;  21273 sec
[2020-04-01 18:31:23,232 INFO] Loading dataset from /home/dpk25/MolecularTransformer2/data/data/MIT_mixed_clean_augm/.train.0.pt
[2020-04-01 18:31:36,960 INFO] number of examples: 754838
[2020-04-01 18:33:24,856 INFO] Step 456000/500000; acc:  96.71; ppl:  1.07; xent: 0.07; lr: 0.00019; 46650/29176 tok/s;  21611 sec
[2020-04-01 18:38:44,002 INFO] Step 457000/500000; acc:  96.72; ppl:  1.07; xent: 0.07; lr: 0.00018; 49323/30935 tok/s;  21930 sec
[2020-04-01 18:43:58,669 INFO] Step 458000/500000; acc:  96.70; ppl:  1.07; xent: 0.07; lr: 0.00018; 50033/31570 tok/s;  22245 sec
[2020-04-01 18:48:58,984 INFO] Loading dataset from /home/dpk25/MolecularTransformer2/data/data/MIT_mixed_clean_augm/.train.0.pt
[2020-04-01 18:49:08,653 INFO] number of examples: 754838
[2020-04-01 18:49:25,920 INFO] Step 459000/500000; acc:  96.71; ppl:  1.07; xent: 0.07; lr: 0.00018; 48087/29943 tok/s;  22572 sec
[2020-04-01 18:54:39,674 INFO] Step 460000/500000; acc:  96.72; ppl:  1.07; xent: 0.07; lr: 0.00018; 50180/31498 tok/s;  22886 sec
[2020-04-01 18:54:39,676 INFO] Loading dataset from /home/dpk25/MolecularTransformer2/data/data/MIT_mixed_clean_augm/.valid.0.pt
[2020-04-01 18:54:42,904 INFO] number of examples: 47178
[2020-04-01 18:55:30,981 INFO] Validation perplexity: 1.10567
[2020-04-01 18:55:30,982 INFO] Validation accuracy: 95.7686
[2020-04-01 18:55:30,984 INFO] Saving checkpoint /home/dpk25/rds/hpc-work/MolecularTransformer2_models/checkpoints/MIT_mixed_clean_augm/MIT_mixed_clean_augm_model_step_460000.pt
[2020-04-01 19:00:44,235 INFO] Step 461000/500000; acc:  96.71; ppl:  1.07; xent: 0.07; lr: 0.00018; 43186/27044 tok/s;  23250 sec
[2020-04-01 19:05:58,182 INFO] Step 462000/500000; acc:  96.71; ppl:  1.07; xent: 0.07; lr: 0.00018; 50139/31502 tok/s;  23564 sec
[2020-04-01 19:07:14,216 INFO] Loading dataset from /home/dpk25/MolecularTransformer2/data/data/MIT_mixed_clean_augm/.train.0.pt
[2020-04-01 19:07:30,686 INFO] number of examples: 754838
[2020-04-01 19:11:32,360 INFO] Step 463000/500000; acc:  96.72; ppl:  1.07; xent: 0.07; lr: 0.00018; 47104/29411 tok/s;  23898 sec
[2020-04-01 19:16:45,924 INFO] Step 464000/500000; acc:  96.73; ppl:  1.07; xent: 0.07; lr: 0.00018; 50199/31462 tok/s;  24212 sec
[2020-04-01 19:21:59,675 INFO] Step 465000/500000; acc:  96.71; ppl:  1.07; xent: 0.07; lr: 0.00018; 50190/31483 tok/s;  24526 sec
[2020-04-01 19:24:43,900 INFO] Loading dataset from /home/dpk25/MolecularTransformer2/data/data/MIT_mixed_clean_augm/.train.0.pt
[2020-04-01 19:24:57,103 INFO] number of examples: 754838
[2020-04-01 19:27:29,920 INFO] Step 466000/500000; acc:  96.72; ppl:  1.07; xent: 0.07; lr: 0.00018; 47639/29924 tok/s;  24856 sec
[2020-04-01 19:32:43,588 INFO] Step 467000/500000; acc:  96.73; ppl:  1.07; xent: 0.07; lr: 0.00018; 50183/31465 tok/s;  25169 sec
[2020-04-01 19:37:57,341 INFO] Step 468000/500000; acc:  96.72; ppl:  1.07; xent: 0.07; lr: 0.00018; 50179/31456 tok/s;  25483 sec
[2020-04-01 19:42:11,013 INFO] Loading dataset from /home/dpk25/MolecularTransformer2/data/data/MIT_mixed_clean_augm/.train.0.pt
[2020-04-01 19:42:20,898 INFO] number of examples: 754838
[2020-04-01 19:43:24,912 INFO] Step 469000/500000; acc:  96.72; ppl:  1.07; xent: 0.07; lr: 0.00018; 48040/29995 tok/s;  25811 sec
[2020-04-01 19:48:38,619 INFO] Step 470000/500000; acc:  96.73; ppl:  1.07; xent: 0.07; lr: 0.00018; 50181/31513 tok/s;  26124 sec
[2020-04-01 19:48:38,620 INFO] Loading dataset from /home/dpk25/MolecularTransformer2/data/data/MIT_mixed_clean_augm/.valid.0.pt
[2020-04-01 19:48:38,859 INFO] number of examples: 47178
[2020-04-01 19:49:26,892 INFO] Validation perplexity: 1.10498
[2020-04-01 19:49:26,893 INFO] Validation accuracy: 95.757
[2020-04-01 19:49:26,895 INFO] Saving checkpoint /home/dpk25/rds/hpc-work/MolecularTransformer2_models/checkpoints/MIT_mixed_clean_augm/MIT_mixed_clean_augm_model_step_470000.pt
[2020-04-01 19:54:40,362 INFO] Step 471000/500000; acc:  96.74; ppl:  1.07; xent: 0.07; lr: 0.00018; 43525/27309 tok/s;  26486 sec
[2020-04-01 19:59:54,279 INFO] Step 472000/500000; acc:  96.72; ppl:  1.07; xent: 0.07; lr: 0.00018; 50149/31433 tok/s;  26800 sec
[2020-04-01 20:00:22,732 INFO] Loading dataset from /home/dpk25/MolecularTransformer2/data/data/MIT_mixed_clean_augm/.train.0.pt
[2020-04-01 20:00:38,356 INFO] number of examples: 754838
[2020-04-01 20:05:26,829 INFO] Step 473000/500000; acc:  96.74; ppl:  1.07; xent: 0.07; lr: 0.00018; 47320/29596 tok/s;  27133 sec
[2020-04-01 20:10:40,883 INFO] Step 474000/500000; acc:  96.74; ppl:  1.07; xent: 0.07; lr: 0.00018; 50176/31433 tok/s;  27447 sec
[2020-04-01 20:15:54,692 INFO] Step 475000/500000; acc:  96.73; ppl:  1.07; xent: 0.07; lr: 0.00018; 50166/31460 tok/s;  27761 sec
[2020-04-01 20:17:52,671 INFO] Loading dataset from /home/dpk25/MolecularTransformer2/data/data/MIT_mixed_clean_augm/.train.0.pt
[2020-04-01 20:18:02,733 INFO] number of examples: 754838
[2020-04-01 20:21:22,217 INFO] Step 476000/500000; acc:  96.73; ppl:  1.07; xent: 0.07; lr: 0.00018; 48051/30163 tok/s;  28088 sec
[2020-04-01 20:26:35,961 INFO] Step 477000/500000; acc:  96.75; ppl:  1.07; xent: 0.07; lr: 0.00018; 50173/31428 tok/s;  28402 sec
[2020-04-01 20:31:49,489 INFO] Step 478000/500000; acc:  96.73; ppl:  1.07; xent: 0.07; lr: 0.00018; 50220/31467 tok/s;  28715 sec
[2020-04-01 20:35:15,647 INFO] Loading dataset from /home/dpk25/MolecularTransformer2/data/data/MIT_mixed_clean_augm/.train.0.pt
[2020-04-01 20:35:28,155 INFO] number of examples: 754838
[2020-04-01 20:37:18,857 INFO] Step 479000/500000; acc:  96.74; ppl:  1.07; xent: 0.07; lr: 0.00018; 47778/29878 tok/s;  29045 sec
[2020-04-01 20:42:32,298 INFO] Step 480000/500000; acc:  96.75; ppl:  1.07; xent: 0.07; lr: 0.00018; 50220/31522 tok/s;  29358 sec
[2020-04-01 20:42:32,299 INFO] Loading dataset from /home/dpk25/MolecularTransformer2/data/data/MIT_mixed_clean_augm/.valid.0.pt
[2020-04-01 20:42:32,530 INFO] number of examples: 47178
[2020-04-01 20:43:20,474 INFO] Validation perplexity: 1.10615
[2020-04-01 20:43:20,474 INFO] Validation accuracy: 95.7507
[2020-04-01 20:43:20,476 INFO] Saving checkpoint /home/dpk25/rds/hpc-work/MolecularTransformer2_models/checkpoints/MIT_mixed_clean_augm/MIT_mixed_clean_augm_model_step_480000.pt
[2020-04-01 20:48:33,262 INFO] Step 481000/500000; acc:  96.73; ppl:  1.07; xent: 0.07; lr: 0.00018; 43613/27503 tok/s;  29719 sec
[2020-04-01 20:53:28,233 INFO] Loading dataset from /home/dpk25/MolecularTransformer2/data/data/MIT_mixed_clean_augm/.train.0.pt
[2020-04-01 20:53:40,449 INFO] number of examples: 754838
[2020-04-01 20:54:02,300 INFO] Step 482000/500000; acc:  96.75; ppl:  1.07; xent: 0.07; lr: 0.00018; 47828/29820 tok/s;  30048 sec
[2020-04-01 20:59:14,273 INFO] Step 483000/500000; acc:  96.75; ppl:  1.07; xent: 0.07; lr: 0.00018; 50464/31641 tok/s;  30360 sec
[2020-04-01 21:04:25,341 INFO] Step 484000/500000; acc:  96.74; ppl:  1.07; xent: 0.07; lr: 0.00018; 50612/31687 tok/s;  30671 sec
[2020-04-01 21:09:37,499 INFO] Step 485000/500000; acc:  96.74; ppl:  1.07; xent: 0.07; lr: 0.00018; 50430/31689 tok/s;  30983 sec
[2020-04-01 21:10:48,147 INFO] Loading dataset from /home/dpk25/MolecularTransformer2/data/data/MIT_mixed_clean_augm/.train.0.pt
[2020-04-01 21:11:00,250 INFO] number of examples: 754838
[2020-04-01 21:15:05,686 INFO] Step 486000/500000; acc:  96.75; ppl:  1.07; xent: 0.07; lr: 0.00018; 47973/29948 tok/s;  31312 sec
[2020-04-01 21:20:18,091 INFO] Step 487000/500000; acc:  96.76; ppl:  1.07; xent: 0.07; lr: 0.00018; 50394/31619 tok/s;  31624 sec
[2020-04-01 21:25:30,431 INFO] Step 488000/500000; acc:  96.73; ppl:  1.07; xent: 0.07; lr: 0.00018; 50417/31584 tok/s;  31936 sec
[2020-04-01 21:28:09,275 INFO] Loading dataset from /home/dpk25/MolecularTransformer2/data/data/MIT_mixed_clean_augm/.train.0.pt
[2020-04-01 21:28:21,258 INFO] number of examples: 754838
[2020-04-01 21:30:57,773 INFO] Step 489000/500000; acc:  96.75; ppl:  1.07; xent: 0.07; lr: 0.00018; 48066/30212 tok/s;  32264 sec
[2020-04-01 21:36:09,392 INFO] Step 490000/500000; acc:  96.77; ppl:  1.07; xent: 0.07; lr: 0.00018; 50512/31640 tok/s;  32575 sec
[2020-04-01 21:36:09,393 INFO] Loading dataset from /home/dpk25/MolecularTransformer2/data/data/MIT_mixed_clean_augm/.valid.0.pt
[2020-04-01 21:36:09,643 INFO] number of examples: 47178
[2020-04-01 21:36:57,548 INFO] Validation perplexity: 1.10632
[2020-04-01 21:36:57,548 INFO] Validation accuracy: 95.7451
[2020-04-01 21:36:57,550 INFO] Saving checkpoint /home/dpk25/rds/hpc-work/MolecularTransformer2_models/checkpoints/MIT_mixed_clean_augm/MIT_mixed_clean_augm_model_step_490000.pt
[2020-04-01 21:42:10,124 INFO] Step 491000/500000; acc:  96.75; ppl:  1.07; xent: 0.07; lr: 0.00018; 43645/27368 tok/s;  32936 sec
[2020-04-01 21:46:17,386 INFO] Loading dataset from /home/dpk25/MolecularTransformer2/data/data/MIT_mixed_clean_augm/.train.0.pt
[2020-04-01 21:46:32,509 INFO] number of examples: 754838
[2020-04-01 21:47:41,199 INFO] Step 492000/500000; acc:  96.76; ppl:  1.07; xent: 0.07; lr: 0.00018; 47531/29703 tok/s;  33267 sec
[2020-04-01 21:52:53,244 INFO] Step 493000/500000; acc:  96.75; ppl:  1.07; xent: 0.07; lr: 0.00018; 50447/31672 tok/s;  33579 sec
[2020-04-01 21:58:05,158 INFO] Step 494000/500000; acc:  96.75; ppl:  1.07; xent: 0.07; lr: 0.00018; 50477/31678 tok/s;  33891 sec
[2020-04-01 22:03:17,819 INFO] Step 495000/500000; acc:  96.76; ppl:  1.07; xent: 0.07; lr: 0.00018; 50345/31516 tok/s;  34204 sec
[2020-04-01 22:03:41,347 INFO] Loading dataset from /home/dpk25/MolecularTransformer2/data/data/MIT_mixed_clean_augm/.train.0.pt
[2020-04-01 22:03:51,098 INFO] number of examples: 754838
[2020-04-01 22:08:42,447 INFO] Step 496000/500000; acc:  96.77; ppl:  1.07; xent: 0.07; lr: 0.00018; 48480/30350 tok/s;  34528 sec
[2020-04-01 22:13:54,406 INFO] Step 497000/500000; acc:  96.77; ppl:  1.07; xent: 0.07; lr: 0.00018; 50472/31616 tok/s;  34840 sec
[2020-04-01 22:19:06,360 INFO] Step 498000/500000; acc:  96.75; ppl:  1.07; xent: 0.07; lr: 0.00018; 50461/31654 tok/s;  35152 sec
[2020-04-01 22:20:58,603 INFO] Loading dataset from /home/dpk25/MolecularTransformer2/data/data/MIT_mixed_clean_augm/.train.0.pt
[2020-04-01 22:21:10,524 INFO] number of examples: 754838
[2020-04-01 22:24:34,320 INFO] Step 499000/500000; acc:  96.76; ppl:  1.07; xent: 0.07; lr: 0.00018; 47991/30111 tok/s;  35480 sec
[2020-04-01 22:29:46,523 INFO] Step 500000/500000; acc:  96.77; ppl:  1.07; xent: 0.07; lr: 0.00018; 50422/31583 tok/s;  35792 sec
[2020-04-01 22:29:46,525 INFO] Loading dataset from /home/dpk25/MolecularTransformer2/data/data/MIT_mixed_clean_augm/.valid.0.pt
[2020-04-01 22:29:46,756 INFO] number of examples: 47178
[2020-04-01 22:30:34,695 INFO] Validation perplexity: 1.10688
[2020-04-01 22:30:34,695 INFO] Validation accuracy: 95.7458
[2020-04-01 22:30:34,697 INFO] Saving checkpoint /home/dpk25/rds/hpc-work/MolecularTransformer2_models/checkpoints/MIT_mixed_clean_augm/MIT_mixed_clean_augm_model_step_500000.pt
