Changed directory to /home/dpk25/MolecularTransformer2/experiments/lev_vs_mol_transf.

JobID: 23864260
======
Time: Tue 12 May 14:42:01 BST 2020
Running on master node: gpu-e-3
Current directory: /home/dpk25/MolecularTransformer2/experiments/lev_vs_mol_transf

Nodes allocated:
================
gpu-e-3

numtasks=1, numnodes=1, mpi_tasks_per_node=1 (OMP_NUM_THREADS=1)

Executing command:
==================
./translate.sh 

[2020-05-12 14:42:20,850 INFO] Translating shard 0.
[2020-05-12 14:45:36,123 INFO] Translating shard 1.
[2020-05-12 14:50:05,868 INFO] Translating shard 2.
[2020-05-12 14:55:42,039 INFO] Translating shard 3.
[2020-05-12 15:02:26,810 INFO] Translating shard 4.
[2020-05-12 15:10:26,663 INFO] Translating shard 5.
[2020-05-12 15:20:14,308 INFO] Translating shard 6.
[2020-05-12 15:34:12,895 INFO] Translating shard 7.
PRED AVG SCORE: -0.0001, PRED PPL: 1.0001
PRED AVG SCORE: -0.0001, PRED PPL: 1.0001
PRED AVG SCORE: -0.0001, PRED PPL: 1.0001
PRED AVG SCORE: -0.0001, PRED PPL: 1.0001
PRED AVG SCORE: -0.0001, PRED PPL: 1.0001
PRED AVG SCORE: -0.0000, PRED PPL: 1.0000
PRED AVG SCORE: -0.0000, PRED PPL: 1.0000
PRED AVG SCORE: -0.0000, PRED PPL: 1.0000
