Changed directory to /home/dpk25/MolecularTransformer2/experiments/lev_vs_mol_transf.

JobID: 23864076
======
Time: Tue 12 May 14:41:58 BST 2020
Running on master node: gpu-e-8
Current directory: /home/dpk25/MolecularTransformer2/experiments/lev_vs_mol_transf

Nodes allocated:
================
gpu-e-8

numtasks=1, numnodes=1, mpi_tasks_per_node=1 (OMP_NUM_THREADS=1)

Executing command:
==================
./translate_train.sh 

[2020-05-12 14:42:20,809 INFO] Translating shard 0.
[2020-05-12 15:47:29,150 INFO] Translating shard 1.
[2020-05-12 16:51:53,402 INFO] Translating shard 2.
[2020-05-12 17:55:33,512 INFO] Translating shard 3.
[2020-05-12 18:59:20,695 INFO] Translating shard 4.
[2020-05-12 20:02:08,693 INFO] Translating shard 5.
[2020-05-12 21:05:57,495 INFO] Translating shard 6.
[2020-05-12 22:10:57,623 INFO] Translating shard 7.
[2020-05-12 23:15:37,587 INFO] Translating shard 8.
[2020-05-13 00:20:21,127 INFO] Translating shard 9.
[2020-05-13 01:25:14,307 INFO] Translating shard 10.
[2020-05-13 02:29:37,865 INFO] Translating shard 11.
[2020-05-13 03:33:13,323 INFO] Translating shard 12.
[2020-05-13 04:37:41,010 INFO] Translating shard 13.
[2020-05-13 05:42:02,753 INFO] Translating shard 14.
[2020-05-13 06:46:31,480 INFO] Translating shard 15.
[2020-05-13 07:50:39,923 INFO] Translating shard 16.
slurmstepd: error: *** JOB 23864076 ON gpu-e-8 CANCELLED AT 2020-05-13T08:42:14 DUE TO TIME LIMIT ***
slurmstepd: error: task_p_post_term: rmdir(/sys/fs/cgroup/cpuset/slurm23864076/slurm23864076.4294967294_0) failed Device or resource busy
