Changed directory to /home/dpk25/MolecularTransformer2/scripts/toy_model.

JobID: 27073628
======
Time: Mon  3 Aug 14:32:32 BST 2020
Running on master node: gpu-e-3
Current directory: /home/dpk25/MolecularTransformer2/scripts/toy_model

Nodes allocated:
================
gpu-e-3

numtasks=1, numnodes=1, mpi_tasks_per_node=1 (OMP_NUM_THREADS=1)

Executing command:
==================
./train.sh 

[2020-08-03 14:32:40,630 INFO] Loading checkpoint from /home/dpk25/rds/hpc-work/toy_model/reduction_9k/toy_model_step_75000.pt
[2020-08-03 14:32:40,734 INFO] Loading vocab from checkpoint at /home/dpk25/rds/hpc-work/toy_model/reduction_9k/toy_model_step_75000.pt.
[2020-08-03 14:32:40,734 INFO]  * src vocab size = 21
[2020-08-03 14:32:40,734 INFO]  * tgt vocab size = 21
[2020-08-03 14:32:40,734 INFO] Building model...
[2020-08-03 14:32:47,269 INFO] NMTModel(
  (encoder): TransformerEncoder(
    (embeddings): Embeddings(
      (make_embedding): Sequential(
        (emb_luts): Elementwise(
          (0): Embedding(21, 256, padding_idx=1)
        )
        (pe): PositionalEncoding(
          (dropout): Dropout(p=0.1, inplace=False)
        )
      )
    )
    (transformer): ModuleList(
      (0): TransformerEncoderLayer(
        (self_attn): MultiHeadedAttention(
          (linear_keys): Linear(in_features=256, out_features=256, bias=True)
          (linear_values): Linear(in_features=256, out_features=256, bias=True)
          (linear_query): Linear(in_features=256, out_features=256, bias=True)
          (softmax): Softmax(dim=-1)
          (dropout): Dropout(p=0.1, inplace=False)
          (final_linear): Linear(in_features=256, out_features=256, bias=True)
        )
        (feed_forward): PositionwiseFeedForward(
          (w_1): Linear(in_features=256, out_features=2048, bias=True)
          (w_2): Linear(in_features=2048, out_features=256, bias=True)
          (layer_norm): LayerNorm((256,), eps=1e-06, elementwise_affine=True)
          (dropout_1): Dropout(p=0.1, inplace=False)
          (relu): ReLU()
          (dropout_2): Dropout(p=0.1, inplace=False)
        )
        (layer_norm): LayerNorm((256,), eps=1e-06, elementwise_affine=True)
        (dropout): Dropout(p=0.1, inplace=False)
      )
      (1): TransformerEncoderLayer(
        (self_attn): MultiHeadedAttention(
          (linear_keys): Linear(in_features=256, out_features=256, bias=True)
          (linear_values): Linear(in_features=256, out_features=256, bias=True)
          (linear_query): Linear(in_features=256, out_features=256, bias=True)
          (softmax): Softmax(dim=-1)
          (dropout): Dropout(p=0.1, inplace=False)
          (final_linear): Linear(in_features=256, out_features=256, bias=True)
        )
        (feed_forward): PositionwiseFeedForward(
          (w_1): Linear(in_features=256, out_features=2048, bias=True)
          (w_2): Linear(in_features=2048, out_features=256, bias=True)
          (layer_norm): LayerNorm((256,), eps=1e-06, elementwise_affine=True)
          (dropout_1): Dropout(p=0.1, inplace=False)
          (relu): ReLU()
          (dropout_2): Dropout(p=0.1, inplace=False)
        )
        (layer_norm): LayerNorm((256,), eps=1e-06, elementwise_affine=True)
        (dropout): Dropout(p=0.1, inplace=False)
      )
      (2): TransformerEncoderLayer(
        (self_attn): MultiHeadedAttention(
          (linear_keys): Linear(in_features=256, out_features=256, bias=True)
          (linear_values): Linear(in_features=256, out_features=256, bias=True)
          (linear_query): Linear(in_features=256, out_features=256, bias=True)
          (softmax): Softmax(dim=-1)
          (dropout): Dropout(p=0.1, inplace=False)
          (final_linear): Linear(in_features=256, out_features=256, bias=True)
        )
        (feed_forward): PositionwiseFeedForward(
          (w_1): Linear(in_features=256, out_features=2048, bias=True)
          (w_2): Linear(in_features=2048, out_features=256, bias=True)
          (layer_norm): LayerNorm((256,), eps=1e-06, elementwise_affine=True)
          (dropout_1): Dropout(p=0.1, inplace=False)
          (relu): ReLU()
          (dropout_2): Dropout(p=0.1, inplace=False)
        )
        (layer_norm): LayerNorm((256,), eps=1e-06, elementwise_affine=True)
        (dropout): Dropout(p=0.1, inplace=False)
      )
      (3): TransformerEncoderLayer(
        (self_attn): MultiHeadedAttention(
          (linear_keys): Linear(in_features=256, out_features=256, bias=True)
          (linear_values): Linear(in_features=256, out_features=256, bias=True)
          (linear_query): Linear(in_features=256, out_features=256, bias=True)
          (softmax): Softmax(dim=-1)
          (dropout): Dropout(p=0.1, inplace=False)
          (final_linear): Linear(in_features=256, out_features=256, bias=True)
        )
        (feed_forward): PositionwiseFeedForward(
          (w_1): Linear(in_features=256, out_features=2048, bias=True)
          (w_2): Linear(in_features=2048, out_features=256, bias=True)
          (layer_norm): LayerNorm((256,), eps=1e-06, elementwise_affine=True)
          (dropout_1): Dropout(p=0.1, inplace=False)
          (relu): ReLU()
          (dropout_2): Dropout(p=0.1, inplace=False)
        )
        (layer_norm): LayerNorm((256,), eps=1e-06, elementwise_affine=True)
        (dropout): Dropout(p=0.1, inplace=False)
      )
    )
    (layer_norm): LayerNorm((256,), eps=1e-06, elementwise_affine=True)
  )
  (decoder): TransformerDecoder(
    (embeddings): Embeddings(
      (make_embedding): Sequential(
        (emb_luts): Elementwise(
          (0): Embedding(21, 256, padding_idx=1)
        )
        (pe): PositionalEncoding(
          (dropout): Dropout(p=0.1, inplace=False)
        )
      )
    )
    (transformer_layers): ModuleList(
      (0): TransformerDecoderLayer(
        (self_attn): MultiHeadedAttention(
          (linear_keys): Linear(in_features=256, out_features=256, bias=True)
          (linear_values): Linear(in_features=256, out_features=256, bias=True)
          (linear_query): Linear(in_features=256, out_features=256, bias=True)
          (softmax): Softmax(dim=-1)
          (dropout): Dropout(p=0.1, inplace=False)
          (final_linear): Linear(in_features=256, out_features=256, bias=True)
        )
        (context_attn): MultiHeadedAttention(
          (linear_keys): Linear(in_features=256, out_features=256, bias=True)
          (linear_values): Linear(in_features=256, out_features=256, bias=True)
          (linear_query): Linear(in_features=256, out_features=256, bias=True)
          (softmax): Softmax(dim=-1)
          (dropout): Dropout(p=0.1, inplace=False)
          (final_linear): Linear(in_features=256, out_features=256, bias=True)
        )
        (feed_forward): PositionwiseFeedForward(
          (w_1): Linear(in_features=256, out_features=2048, bias=True)
          (w_2): Linear(in_features=2048, out_features=256, bias=True)
          (layer_norm): LayerNorm((256,), eps=1e-06, elementwise_affine=True)
          (dropout_1): Dropout(p=0.1, inplace=False)
          (relu): ReLU()
          (dropout_2): Dropout(p=0.1, inplace=False)
        )
        (layer_norm_1): LayerNorm((256,), eps=1e-06, elementwise_affine=True)
        (layer_norm_2): LayerNorm((256,), eps=1e-06, elementwise_affine=True)
        (drop): Dropout(p=0.1, inplace=False)
      )
      (1): TransformerDecoderLayer(
        (self_attn): MultiHeadedAttention(
          (linear_keys): Linear(in_features=256, out_features=256, bias=True)
          (linear_values): Linear(in_features=256, out_features=256, bias=True)
          (linear_query): Linear(in_features=256, out_features=256, bias=True)
          (softmax): Softmax(dim=-1)
          (dropout): Dropout(p=0.1, inplace=False)
          (final_linear): Linear(in_features=256, out_features=256, bias=True)
        )
        (context_attn): MultiHeadedAttention(
          (linear_keys): Linear(in_features=256, out_features=256, bias=True)
          (linear_values): Linear(in_features=256, out_features=256, bias=True)
          (linear_query): Linear(in_features=256, out_features=256, bias=True)
          (softmax): Softmax(dim=-1)
          (dropout): Dropout(p=0.1, inplace=False)
          (final_linear): Linear(in_features=256, out_features=256, bias=True)
        )
        (feed_forward): PositionwiseFeedForward(
          (w_1): Linear(in_features=256, out_features=2048, bias=True)
          (w_2): Linear(in_features=2048, out_features=256, bias=True)
          (layer_norm): LayerNorm((256,), eps=1e-06, elementwise_affine=True)
          (dropout_1): Dropout(p=0.1, inplace=False)
          (relu): ReLU()
          (dropout_2): Dropout(p=0.1, inplace=False)
        )
        (layer_norm_1): LayerNorm((256,), eps=1e-06, elementwise_affine=True)
        (layer_norm_2): LayerNorm((256,), eps=1e-06, elementwise_affine=True)
        (drop): Dropout(p=0.1, inplace=False)
      )
      (2): TransformerDecoderLayer(
        (self_attn): MultiHeadedAttention(
          (linear_keys): Linear(in_features=256, out_features=256, bias=True)
          (linear_values): Linear(in_features=256, out_features=256, bias=True)
          (linear_query): Linear(in_features=256, out_features=256, bias=True)
          (softmax): Softmax(dim=-1)
          (dropout): Dropout(p=0.1, inplace=False)
          (final_linear): Linear(in_features=256, out_features=256, bias=True)
        )
        (context_attn): MultiHeadedAttention(
          (linear_keys): Linear(in_features=256, out_features=256, bias=True)
          (linear_values): Linear(in_features=256, out_features=256, bias=True)
          (linear_query): Linear(in_features=256, out_features=256, bias=True)
          (softmax): Softmax(dim=-1)
          (dropout): Dropout(p=0.1, inplace=False)
          (final_linear): Linear(in_features=256, out_features=256, bias=True)
        )
        (feed_forward): PositionwiseFeedForward(
          (w_1): Linear(in_features=256, out_features=2048, bias=True)
          (w_2): Linear(in_features=2048, out_features=256, bias=True)
          (layer_norm): LayerNorm((256,), eps=1e-06, elementwise_affine=True)
          (dropout_1): Dropout(p=0.1, inplace=False)
          (relu): ReLU()
          (dropout_2): Dropout(p=0.1, inplace=False)
        )
        (layer_norm_1): LayerNorm((256,), eps=1e-06, elementwise_affine=True)
        (layer_norm_2): LayerNorm((256,), eps=1e-06, elementwise_affine=True)
        (drop): Dropout(p=0.1, inplace=False)
      )
      (3): TransformerDecoderLayer(
        (self_attn): MultiHeadedAttention(
          (linear_keys): Linear(in_features=256, out_features=256, bias=True)
          (linear_values): Linear(in_features=256, out_features=256, bias=True)
          (linear_query): Linear(in_features=256, out_features=256, bias=True)
          (softmax): Softmax(dim=-1)
          (dropout): Dropout(p=0.1, inplace=False)
          (final_linear): Linear(in_features=256, out_features=256, bias=True)
        )
        (context_attn): MultiHeadedAttention(
          (linear_keys): Linear(in_features=256, out_features=256, bias=True)
          (linear_values): Linear(in_features=256, out_features=256, bias=True)
          (linear_query): Linear(in_features=256, out_features=256, bias=True)
          (softmax): Softmax(dim=-1)
          (dropout): Dropout(p=0.1, inplace=False)
          (final_linear): Linear(in_features=256, out_features=256, bias=True)
        )
        (feed_forward): PositionwiseFeedForward(
          (w_1): Linear(in_features=256, out_features=2048, bias=True)
          (w_2): Linear(in_features=2048, out_features=256, bias=True)
          (layer_norm): LayerNorm((256,), eps=1e-06, elementwise_affine=True)
          (dropout_1): Dropout(p=0.1, inplace=False)
          (relu): ReLU()
          (dropout_2): Dropout(p=0.1, inplace=False)
        )
        (layer_norm_1): LayerNorm((256,), eps=1e-06, elementwise_affine=True)
        (layer_norm_2): LayerNorm((256,), eps=1e-06, elementwise_affine=True)
        (drop): Dropout(p=0.1, inplace=False)
      )
    )
    (layer_norm): LayerNorm((256,), eps=1e-06, elementwise_affine=True)
  )
  (generator): Sequential(
    (0): Linear(in_features=256, out_features=21, bias=True)
    (1): Cast()
    (2): LogSoftmax()
  )
)
[2020-08-03 14:32:47,271 INFO] encoder: 5266176
[2020-08-03 14:32:47,271 INFO] decoder: 6320917
[2020-08-03 14:32:47,271 INFO] * number of parameters: 11587093
[2020-08-03 14:32:47,365 INFO] Starting training on GPU: [0]
[2020-08-03 14:32:47,365 INFO] Start training loop and validate every 10000 steps...
[2020-08-03 14:32:47,365 INFO] Loading dataset from /home/dpk25/MolecularTransformer2/experiments/toy_model/data_9k/.train.0.pt
[2020-08-03 14:32:47,427 INFO] number of examples: 5061
[2020-08-03 14:33:10,479 INFO] Loading dataset from /home/dpk25/MolecularTransformer2/experiments/toy_model/data_9k/.train.0.pt
[2020-08-03 14:33:10,531 INFO] number of examples: 5061
[2020-08-03 14:33:32,958 INFO] Loading dataset from /home/dpk25/MolecularTransformer2/experiments/toy_model/data_9k/.train.0.pt
[2020-08-03 14:33:32,981 INFO] number of examples: 5061
[2020-08-03 14:33:55,359 INFO] Loading dataset from /home/dpk25/MolecularTransformer2/experiments/toy_model/data_9k/.train.0.pt
[2020-08-03 14:33:55,412 INFO] number of examples: 5061
[2020-08-03 14:34:17,965 INFO] Loading dataset from /home/dpk25/MolecularTransformer2/experiments/toy_model/data_9k/.train.0.pt
[2020-08-03 14:34:17,988 INFO] number of examples: 5061
[2020-08-03 14:34:40,388 INFO] Loading dataset from /home/dpk25/MolecularTransformer2/experiments/toy_model/data_9k/.train.0.pt
[2020-08-03 14:34:40,411 INFO] number of examples: 5061
[2020-08-03 14:35:02,800 INFO] Loading dataset from /home/dpk25/MolecularTransformer2/experiments/toy_model/data_9k/.train.0.pt
[2020-08-03 14:35:02,848 INFO] number of examples: 5061
[2020-08-03 14:35:25,280 INFO] Loading dataset from /home/dpk25/MolecularTransformer2/experiments/toy_model/data_9k/.train.0.pt
[2020-08-03 14:35:25,304 INFO] number of examples: 5061
[2020-08-03 14:35:28,365 INFO] Step 76000/125000; acc:  99.94; ppl:  1.00; xent: 0.00; lr: 0.00045; 11556/8866 tok/s;    161 sec
[2020-08-03 14:35:47,883 INFO] Loading dataset from /home/dpk25/MolecularTransformer2/experiments/toy_model/data_9k/.train.0.pt
[2020-08-03 14:35:47,935 INFO] number of examples: 5061
[2020-08-03 14:36:10,326 INFO] Loading dataset from /home/dpk25/MolecularTransformer2/experiments/toy_model/data_9k/.train.0.pt
[2020-08-03 14:36:10,349 INFO] number of examples: 5061
[2020-08-03 14:36:32,765 INFO] Loading dataset from /home/dpk25/MolecularTransformer2/experiments/toy_model/data_9k/.train.0.pt
[2020-08-03 14:36:32,789 INFO] number of examples: 5061
[2020-08-03 14:36:55,217 INFO] Loading dataset from /home/dpk25/MolecularTransformer2/experiments/toy_model/data_9k/.train.0.pt
[2020-08-03 14:36:55,241 INFO] number of examples: 5061
[2020-08-03 14:37:17,801 INFO] Loading dataset from /home/dpk25/MolecularTransformer2/experiments/toy_model/data_9k/.train.0.pt
[2020-08-03 14:37:17,825 INFO] number of examples: 5061
[2020-08-03 14:37:40,208 INFO] Loading dataset from /home/dpk25/MolecularTransformer2/experiments/toy_model/data_9k/.train.0.pt
[2020-08-03 14:37:40,259 INFO] number of examples: 5061
[2020-08-03 14:38:02,657 INFO] Loading dataset from /home/dpk25/MolecularTransformer2/experiments/toy_model/data_9k/.train.0.pt
[2020-08-03 14:38:02,681 INFO] number of examples: 5061
[2020-08-03 14:38:08,618 INFO] Step 77000/125000; acc:  99.95; ppl:  1.00; xent: 0.00; lr: 0.00045; 11610/8910 tok/s;    321 sec
[2020-08-03 14:38:25,092 INFO] Loading dataset from /home/dpk25/MolecularTransformer2/experiments/toy_model/data_9k/.train.0.pt
[2020-08-03 14:38:25,154 INFO] number of examples: 5061
[2020-08-03 14:38:47,720 INFO] Loading dataset from /home/dpk25/MolecularTransformer2/experiments/toy_model/data_9k/.train.0.pt
[2020-08-03 14:38:47,744 INFO] number of examples: 5061
[2020-08-03 14:39:10,137 INFO] Loading dataset from /home/dpk25/MolecularTransformer2/experiments/toy_model/data_9k/.train.0.pt
[2020-08-03 14:39:10,163 INFO] number of examples: 5061
[2020-08-03 14:39:32,617 INFO] Loading dataset from /home/dpk25/MolecularTransformer2/experiments/toy_model/data_9k/.train.0.pt
[2020-08-03 14:39:32,666 INFO] number of examples: 5061
[2020-08-03 14:39:55,168 INFO] Loading dataset from /home/dpk25/MolecularTransformer2/experiments/toy_model/data_9k/.train.0.pt
[2020-08-03 14:39:55,193 INFO] number of examples: 5061
[2020-08-03 14:40:17,766 INFO] Loading dataset from /home/dpk25/MolecularTransformer2/experiments/toy_model/data_9k/.train.0.pt
[2020-08-03 14:40:17,819 INFO] number of examples: 5061
[2020-08-03 14:40:40,202 INFO] Loading dataset from /home/dpk25/MolecularTransformer2/experiments/toy_model/data_9k/.train.0.pt
[2020-08-03 14:40:40,226 INFO] number of examples: 5061
[2020-08-03 14:40:49,062 INFO] Step 78000/125000; acc:  99.94; ppl:  1.00; xent: 0.00; lr: 0.00045; 11597/8901 tok/s;    482 sec
[2020-08-03 14:41:02,722 INFO] Loading dataset from /home/dpk25/MolecularTransformer2/experiments/toy_model/data_9k/.train.0.pt
[2020-08-03 14:41:02,746 INFO] number of examples: 5061
[2020-08-03 14:41:25,507 INFO] Loading dataset from /home/dpk25/MolecularTransformer2/experiments/toy_model/data_9k/.train.0.pt
[2020-08-03 14:41:25,531 INFO] number of examples: 5061
[2020-08-03 14:41:48,455 INFO] Loading dataset from /home/dpk25/MolecularTransformer2/experiments/toy_model/data_9k/.train.0.pt
[2020-08-03 14:41:48,479 INFO] number of examples: 5061
[2020-08-03 14:42:11,176 INFO] Loading dataset from /home/dpk25/MolecularTransformer2/experiments/toy_model/data_9k/.train.0.pt
[2020-08-03 14:42:11,228 INFO] number of examples: 5061
[2020-08-03 14:42:33,961 INFO] Loading dataset from /home/dpk25/MolecularTransformer2/experiments/toy_model/data_9k/.train.0.pt
[2020-08-03 14:42:33,990 INFO] number of examples: 5061
[2020-08-03 14:42:56,762 INFO] Loading dataset from /home/dpk25/MolecularTransformer2/experiments/toy_model/data_9k/.train.0.pt
[2020-08-03 14:42:56,818 INFO] number of examples: 5061
[2020-08-03 14:43:19,670 INFO] Loading dataset from /home/dpk25/MolecularTransformer2/experiments/toy_model/data_9k/.train.0.pt
[2020-08-03 14:43:19,763 INFO] number of examples: 5061
[2020-08-03 14:43:31,549 INFO] Step 79000/125000; acc:  99.94; ppl:  1.00; xent: 0.00; lr: 0.00044; 11449/8780 tok/s;    644 sec
[2020-08-03 14:43:42,338 INFO] Loading dataset from /home/dpk25/MolecularTransformer2/experiments/toy_model/data_9k/.train.0.pt
[2020-08-03 14:43:42,362 INFO] number of examples: 5061
[2020-08-03 14:44:04,788 INFO] Loading dataset from /home/dpk25/MolecularTransformer2/experiments/toy_model/data_9k/.train.0.pt
[2020-08-03 14:44:04,838 INFO] number of examples: 5061
[2020-08-03 14:44:27,297 INFO] Loading dataset from /home/dpk25/MolecularTransformer2/experiments/toy_model/data_9k/.train.0.pt
[2020-08-03 14:44:27,322 INFO] number of examples: 5061
[2020-08-03 14:44:49,937 INFO] Loading dataset from /home/dpk25/MolecularTransformer2/experiments/toy_model/data_9k/.train.0.pt
[2020-08-03 14:44:49,991 INFO] number of examples: 5061
[2020-08-03 14:45:12,512 INFO] Loading dataset from /home/dpk25/MolecularTransformer2/experiments/toy_model/data_9k/.train.0.pt
[2020-08-03 14:45:12,537 INFO] number of examples: 5061
[2020-08-03 14:45:35,193 INFO] Loading dataset from /home/dpk25/MolecularTransformer2/experiments/toy_model/data_9k/.train.0.pt
[2020-08-03 14:45:35,217 INFO] number of examples: 5061
[2020-08-03 14:45:57,867 INFO] Loading dataset from /home/dpk25/MolecularTransformer2/experiments/toy_model/data_9k/.train.0.pt
[2020-08-03 14:45:57,891 INFO] number of examples: 5061
[2020-08-03 14:46:12,665 INFO] Step 80000/125000; acc:  99.95; ppl:  1.00; xent: 0.00; lr: 0.00044; 11548/8861 tok/s;    805 sec
[2020-08-03 14:46:12,667 INFO] Loading dataset from /home/dpk25/MolecularTransformer2/experiments/toy_model/data_9k/.valid.0.pt
[2020-08-03 14:46:12,705 INFO] number of examples: 1689
[2020-08-03 14:46:15,731 INFO] Validation perplexity: 1.11412
[2020-08-03 14:46:15,732 INFO] Validation accuracy: 98.4916
[2020-08-03 14:46:15,733 INFO] Saving checkpoint /home/dpk25/rds/hpc-work/toy_model/reduction_9k/toy_model_step_80000.pt
[2020-08-03 14:46:23,978 INFO] Loading dataset from /home/dpk25/MolecularTransformer2/experiments/toy_model/data_9k/.train.0.pt
[2020-08-03 14:46:24,003 INFO] number of examples: 5061
[2020-08-03 14:46:46,494 INFO] Loading dataset from /home/dpk25/MolecularTransformer2/experiments/toy_model/data_9k/.train.0.pt
[2020-08-03 14:46:46,546 INFO] number of examples: 5061
[2020-08-03 14:47:09,054 INFO] Loading dataset from /home/dpk25/MolecularTransformer2/experiments/toy_model/data_9k/.train.0.pt
[2020-08-03 14:47:09,078 INFO] number of examples: 5061
[2020-08-03 14:47:31,599 INFO] Loading dataset from /home/dpk25/MolecularTransformer2/experiments/toy_model/data_9k/.train.0.pt
[2020-08-03 14:47:31,654 INFO] number of examples: 5061
[2020-08-03 14:47:54,257 INFO] Loading dataset from /home/dpk25/MolecularTransformer2/experiments/toy_model/data_9k/.train.0.pt
[2020-08-03 14:47:54,281 INFO] number of examples: 5061
[2020-08-03 14:48:16,796 INFO] Loading dataset from /home/dpk25/MolecularTransformer2/experiments/toy_model/data_9k/.train.0.pt
[2020-08-03 14:48:16,855 INFO] number of examples: 5061
[2020-08-03 14:48:39,348 INFO] Loading dataset from /home/dpk25/MolecularTransformer2/experiments/toy_model/data_9k/.train.0.pt
[2020-08-03 14:48:39,372 INFO] number of examples: 5061
[2020-08-03 14:48:57,028 INFO] Step 81000/125000; acc:  99.95; ppl:  1.00; xent: 0.00; lr: 0.00044; 11319/8689 tok/s;    970 sec
[2020-08-03 14:49:01,846 INFO] Loading dataset from /home/dpk25/MolecularTransformer2/experiments/toy_model/data_9k/.train.0.pt
[2020-08-03 14:49:01,892 INFO] number of examples: 5061
[2020-08-03 14:49:24,475 INFO] Loading dataset from /home/dpk25/MolecularTransformer2/experiments/toy_model/data_9k/.train.0.pt
[2020-08-03 14:49:24,537 INFO] number of examples: 5061
[2020-08-03 14:49:46,981 INFO] Loading dataset from /home/dpk25/MolecularTransformer2/experiments/toy_model/data_9k/.train.0.pt
[2020-08-03 14:49:47,005 INFO] number of examples: 5061
[2020-08-03 14:50:09,450 INFO] Loading dataset from /home/dpk25/MolecularTransformer2/experiments/toy_model/data_9k/.train.0.pt
[2020-08-03 14:50:09,509 INFO] number of examples: 5061
[2020-08-03 14:50:31,998 INFO] Loading dataset from /home/dpk25/MolecularTransformer2/experiments/toy_model/data_9k/.train.0.pt
[2020-08-03 14:50:32,023 INFO] number of examples: 5061
[2020-08-03 14:50:54,711 INFO] Loading dataset from /home/dpk25/MolecularTransformer2/experiments/toy_model/data_9k/.train.0.pt
[2020-08-03 14:50:54,736 INFO] number of examples: 5061
[2020-08-03 14:51:17,256 INFO] Loading dataset from /home/dpk25/MolecularTransformer2/experiments/toy_model/data_9k/.train.0.pt
[2020-08-03 14:51:17,308 INFO] number of examples: 5061
[2020-08-03 14:51:37,933 INFO] Step 82000/125000; acc:  99.95; ppl:  1.00; xent: 0.00; lr: 0.00044; 11564/8873 tok/s;   1131 sec
[2020-08-03 14:51:39,885 INFO] Loading dataset from /home/dpk25/MolecularTransformer2/experiments/toy_model/data_9k/.train.0.pt
[2020-08-03 14:51:39,909 INFO] number of examples: 5061
[2020-08-03 14:52:02,428 INFO] Loading dataset from /home/dpk25/MolecularTransformer2/experiments/toy_model/data_9k/.train.0.pt
[2020-08-03 14:52:02,482 INFO] number of examples: 5061
[2020-08-03 14:52:25,142 INFO] Loading dataset from /home/dpk25/MolecularTransformer2/experiments/toy_model/data_9k/.train.0.pt
[2020-08-03 14:52:25,167 INFO] number of examples: 5061
[2020-08-03 14:52:47,606 INFO] Loading dataset from /home/dpk25/MolecularTransformer2/experiments/toy_model/data_9k/.train.0.pt
[2020-08-03 14:52:47,665 INFO] number of examples: 5061
[2020-08-03 14:53:10,134 INFO] Loading dataset from /home/dpk25/MolecularTransformer2/experiments/toy_model/data_9k/.train.0.pt
[2020-08-03 14:53:10,158 INFO] number of examples: 5061
[2020-08-03 14:53:32,593 INFO] Loading dataset from /home/dpk25/MolecularTransformer2/experiments/toy_model/data_9k/.train.0.pt
[2020-08-03 14:53:32,618 INFO] number of examples: 5061
[2020-08-03 14:53:55,198 INFO] Loading dataset from /home/dpk25/MolecularTransformer2/experiments/toy_model/data_9k/.train.0.pt
[2020-08-03 14:53:55,251 INFO] number of examples: 5061
[2020-08-03 14:54:17,710 INFO] Loading dataset from /home/dpk25/MolecularTransformer2/experiments/toy_model/data_9k/.train.0.pt
[2020-08-03 14:54:17,735 INFO] number of examples: 5061
[2020-08-03 14:54:18,724 INFO] Step 83000/125000; acc:  99.95; ppl:  1.00; xent: 0.00; lr: 0.00043; 11572/8880 tok/s;   1291 sec
[2020-08-03 14:54:40,216 INFO] Loading dataset from /home/dpk25/MolecularTransformer2/experiments/toy_model/data_9k/.train.0.pt
[2020-08-03 14:54:40,273 INFO] number of examples: 5061
[2020-08-03 14:55:02,690 INFO] Loading dataset from /home/dpk25/MolecularTransformer2/experiments/toy_model/data_9k/.train.0.pt
[2020-08-03 14:55:02,715 INFO] number of examples: 5061
[2020-08-03 14:55:25,274 INFO] Loading dataset from /home/dpk25/MolecularTransformer2/experiments/toy_model/data_9k/.train.0.pt
[2020-08-03 14:55:25,299 INFO] number of examples: 5061
[2020-08-03 14:55:47,840 INFO] Loading dataset from /home/dpk25/MolecularTransformer2/experiments/toy_model/data_9k/.train.0.pt
[2020-08-03 14:55:47,864 INFO] number of examples: 5061
[2020-08-03 14:56:10,298 INFO] Loading dataset from /home/dpk25/MolecularTransformer2/experiments/toy_model/data_9k/.train.0.pt
[2020-08-03 14:56:10,323 INFO] number of examples: 5061
[2020-08-03 14:56:32,804 INFO] Loading dataset from /home/dpk25/MolecularTransformer2/experiments/toy_model/data_9k/.train.0.pt
[2020-08-03 14:56:32,861 INFO] number of examples: 5061
[2020-08-03 14:56:55,498 INFO] Loading dataset from /home/dpk25/MolecularTransformer2/experiments/toy_model/data_9k/.train.0.pt
[2020-08-03 14:56:55,523 INFO] number of examples: 5061
[2020-08-03 14:56:59,396 INFO] Step 84000/125000; acc:  99.95; ppl:  1.00; xent: 0.00; lr: 0.00043; 11579/8887 tok/s;   1452 sec
[2020-08-03 14:57:18,001 INFO] Loading dataset from /home/dpk25/MolecularTransformer2/experiments/toy_model/data_9k/.train.0.pt
[2020-08-03 14:57:18,061 INFO] number of examples: 5061
[2020-08-03 14:57:40,457 INFO] Loading dataset from /home/dpk25/MolecularTransformer2/experiments/toy_model/data_9k/.train.0.pt
[2020-08-03 14:57:40,481 INFO] number of examples: 5061
[2020-08-03 14:58:02,845 INFO] Loading dataset from /home/dpk25/MolecularTransformer2/experiments/toy_model/data_9k/.train.0.pt
[2020-08-03 14:58:02,869 INFO] number of examples: 5061
[2020-08-03 14:58:25,260 INFO] Loading dataset from /home/dpk25/MolecularTransformer2/experiments/toy_model/data_9k/.train.0.pt
[2020-08-03 14:58:25,313 INFO] number of examples: 5061
[2020-08-03 14:58:47,438 INFO] Loading dataset from /home/dpk25/MolecularTransformer2/experiments/toy_model/data_9k/.train.0.pt
[2020-08-03 14:58:47,463 INFO] number of examples: 5061
[2020-08-03 14:59:09,890 INFO] Loading dataset from /home/dpk25/MolecularTransformer2/experiments/toy_model/data_9k/.train.0.pt
[2020-08-03 14:59:09,945 INFO] number of examples: 5061
[2020-08-03 14:59:32,246 INFO] Loading dataset from /home/dpk25/MolecularTransformer2/experiments/toy_model/data_9k/.train.0.pt
[2020-08-03 14:59:32,271 INFO] number of examples: 5061
[2020-08-03 14:59:39,160 INFO] Step 85000/125000; acc:  99.95; ppl:  1.00; xent: 0.00; lr: 0.00043; 11646/8937 tok/s;   1612 sec
[2020-08-03 14:59:39,162 INFO] Saving checkpoint /home/dpk25/rds/hpc-work/toy_model/reduction_9k/toy_model_step_85000.pt
[2020-08-03 14:59:55,432 INFO] Loading dataset from /home/dpk25/MolecularTransformer2/experiments/toy_model/data_9k/.train.0.pt
[2020-08-03 14:59:55,492 INFO] number of examples: 5061
[2020-08-03 15:00:17,608 INFO] Loading dataset from /home/dpk25/MolecularTransformer2/experiments/toy_model/data_9k/.train.0.pt
[2020-08-03 15:00:17,631 INFO] number of examples: 5061
[2020-08-03 15:00:39,758 INFO] Loading dataset from /home/dpk25/MolecularTransformer2/experiments/toy_model/data_9k/.train.0.pt
[2020-08-03 15:00:39,783 INFO] number of examples: 5061
[2020-08-03 15:01:01,969 INFO] Loading dataset from /home/dpk25/MolecularTransformer2/experiments/toy_model/data_9k/.train.0.pt
[2020-08-03 15:01:02,026 INFO] number of examples: 5061
[2020-08-03 15:01:24,630 INFO] Loading dataset from /home/dpk25/MolecularTransformer2/experiments/toy_model/data_9k/.train.0.pt
[2020-08-03 15:01:24,655 INFO] number of examples: 5061
[2020-08-03 15:01:47,052 INFO] Loading dataset from /home/dpk25/MolecularTransformer2/experiments/toy_model/data_9k/.train.0.pt
[2020-08-03 15:01:47,111 INFO] number of examples: 5061
[2020-08-03 15:02:09,268 INFO] Loading dataset from /home/dpk25/MolecularTransformer2/experiments/toy_model/data_9k/.train.0.pt
[2020-08-03 15:02:09,296 INFO] number of examples: 5061
[2020-08-03 15:02:18,761 INFO] Step 86000/125000; acc:  99.95; ppl:  1.00; xent: 0.00; lr: 0.00043; 11658/8944 tok/s;   1771 sec
[2020-08-03 15:02:30,975 INFO] Loading dataset from /home/dpk25/MolecularTransformer2/experiments/toy_model/data_9k/.train.0.pt
[2020-08-03 15:02:30,999 INFO] number of examples: 5061
[2020-08-03 15:02:52,813 INFO] Loading dataset from /home/dpk25/MolecularTransformer2/experiments/toy_model/data_9k/.train.0.pt
[2020-08-03 15:02:52,866 INFO] number of examples: 5061
[2020-08-03 15:03:14,530 INFO] Loading dataset from /home/dpk25/MolecularTransformer2/experiments/toy_model/data_9k/.train.0.pt
[2020-08-03 15:03:14,554 INFO] number of examples: 5061
[2020-08-03 15:03:36,431 INFO] Loading dataset from /home/dpk25/MolecularTransformer2/experiments/toy_model/data_9k/.train.0.pt
[2020-08-03 15:03:36,488 INFO] number of examples: 5061
[2020-08-03 15:03:58,633 INFO] Loading dataset from /home/dpk25/MolecularTransformer2/experiments/toy_model/data_9k/.train.0.pt
[2020-08-03 15:03:58,657 INFO] number of examples: 5061
[2020-08-03 15:04:20,862 INFO] Loading dataset from /home/dpk25/MolecularTransformer2/experiments/toy_model/data_9k/.train.0.pt
[2020-08-03 15:04:20,920 INFO] number of examples: 5061
[2020-08-03 15:04:42,930 INFO] Loading dataset from /home/dpk25/MolecularTransformer2/experiments/toy_model/data_9k/.train.0.pt
[2020-08-03 15:04:42,954 INFO] number of examples: 5061
[2020-08-03 15:04:55,385 INFO] Step 87000/125000; acc:  99.95; ppl:  1.00; xent: 0.00; lr: 0.00042; 11878/9114 tok/s;   1928 sec
[2020-08-03 15:05:04,966 INFO] Loading dataset from /home/dpk25/MolecularTransformer2/experiments/toy_model/data_9k/.train.0.pt
[2020-08-03 15:05:04,991 INFO] number of examples: 5061
[2020-08-03 15:05:26,992 INFO] Loading dataset from /home/dpk25/MolecularTransformer2/experiments/toy_model/data_9k/.train.0.pt
[2020-08-03 15:05:27,044 INFO] number of examples: 5061
[2020-08-03 15:05:49,226 INFO] Loading dataset from /home/dpk25/MolecularTransformer2/experiments/toy_model/data_9k/.train.0.pt
[2020-08-03 15:05:49,250 INFO] number of examples: 5061
[2020-08-03 15:06:11,123 INFO] Loading dataset from /home/dpk25/MolecularTransformer2/experiments/toy_model/data_9k/.train.0.pt
[2020-08-03 15:06:11,179 INFO] number of examples: 5061
[2020-08-03 15:06:32,842 INFO] Loading dataset from /home/dpk25/MolecularTransformer2/experiments/toy_model/data_9k/.train.0.pt
[2020-08-03 15:06:32,866 INFO] number of examples: 5061
[2020-08-03 15:06:54,961 INFO] Loading dataset from /home/dpk25/MolecularTransformer2/experiments/toy_model/data_9k/.train.0.pt
[2020-08-03 15:06:54,985 INFO] number of examples: 5061
[2020-08-03 15:07:17,166 INFO] Loading dataset from /home/dpk25/MolecularTransformer2/experiments/toy_model/data_9k/.train.0.pt
[2020-08-03 15:07:17,217 INFO] number of examples: 5061
[2020-08-03 15:07:32,480 INFO] Step 88000/125000; acc:  99.96; ppl:  1.00; xent: 0.00; lr: 0.00042; 11843/9088 tok/s;   2085 sec
[2020-08-03 15:07:39,227 INFO] Loading dataset from /home/dpk25/MolecularTransformer2/experiments/toy_model/data_9k/.train.0.pt
[2020-08-03 15:07:39,250 INFO] number of examples: 5061
[2020-08-03 15:08:01,254 INFO] Loading dataset from /home/dpk25/MolecularTransformer2/experiments/toy_model/data_9k/.train.0.pt
[2020-08-03 15:08:01,309 INFO] number of examples: 5061
[2020-08-03 15:08:23,315 INFO] Loading dataset from /home/dpk25/MolecularTransformer2/experiments/toy_model/data_9k/.train.0.pt
[2020-08-03 15:08:23,339 INFO] number of examples: 5061
[2020-08-03 15:08:45,494 INFO] Loading dataset from /home/dpk25/MolecularTransformer2/experiments/toy_model/data_9k/.train.0.pt
[2020-08-03 15:08:45,552 INFO] number of examples: 5061
[2020-08-03 15:09:07,544 INFO] Loading dataset from /home/dpk25/MolecularTransformer2/experiments/toy_model/data_9k/.train.0.pt
[2020-08-03 15:09:07,568 INFO] number of examples: 5061
[2020-08-03 15:09:29,547 INFO] Loading dataset from /home/dpk25/MolecularTransformer2/experiments/toy_model/data_9k/.train.0.pt
[2020-08-03 15:09:29,571 INFO] number of examples: 5061
[2020-08-03 15:09:51,546 INFO] Loading dataset from /home/dpk25/MolecularTransformer2/experiments/toy_model/data_9k/.train.0.pt
[2020-08-03 15:09:51,598 INFO] number of examples: 5061
[2020-08-03 15:10:09,814 INFO] Step 89000/125000; acc:  99.96; ppl:  1.00; xent: 0.00; lr: 0.00042; 11825/9076 tok/s;   2242 sec
[2020-08-03 15:10:13,735 INFO] Loading dataset from /home/dpk25/MolecularTransformer2/experiments/toy_model/data_9k/.train.0.pt
[2020-08-03 15:10:13,758 INFO] number of examples: 5061
[2020-08-03 15:10:35,759 INFO] Loading dataset from /home/dpk25/MolecularTransformer2/experiments/toy_model/data_9k/.train.0.pt
[2020-08-03 15:10:35,815 INFO] number of examples: 5061
[2020-08-03 15:10:57,795 INFO] Loading dataset from /home/dpk25/MolecularTransformer2/experiments/toy_model/data_9k/.train.0.pt
[2020-08-03 15:10:57,819 INFO] number of examples: 5061
[2020-08-03 15:11:19,808 INFO] Loading dataset from /home/dpk25/MolecularTransformer2/experiments/toy_model/data_9k/.train.0.pt
[2020-08-03 15:11:19,832 INFO] number of examples: 5061
[2020-08-03 15:11:41,952 INFO] Loading dataset from /home/dpk25/MolecularTransformer2/experiments/toy_model/data_9k/.train.0.pt
[2020-08-03 15:11:42,004 INFO] number of examples: 5061
[2020-08-03 15:12:03,979 INFO] Loading dataset from /home/dpk25/MolecularTransformer2/experiments/toy_model/data_9k/.train.0.pt
[2020-08-03 15:12:04,003 INFO] number of examples: 5061
[2020-08-03 15:12:25,941 INFO] Loading dataset from /home/dpk25/MolecularTransformer2/experiments/toy_model/data_9k/.train.0.pt
[2020-08-03 15:12:25,995 INFO] number of examples: 5061
[2020-08-03 15:12:46,952 INFO] Step 90000/125000; acc:  99.96; ppl:  1.00; xent: 0.00; lr: 0.00042; 11840/9086 tok/s;   2400 sec
[2020-08-03 15:12:46,953 INFO] Loading dataset from /home/dpk25/MolecularTransformer2/experiments/toy_model/data_9k/.valid.0.pt
[2020-08-03 15:12:46,962 INFO] number of examples: 1689
[2020-08-03 15:12:49,913 INFO] Validation perplexity: 1.11453
[2020-08-03 15:12:49,913 INFO] Validation accuracy: 98.4721
[2020-08-03 15:12:49,915 INFO] Saving checkpoint /home/dpk25/rds/hpc-work/toy_model/reduction_9k/toy_model_step_90000.pt
[2020-08-03 15:12:51,269 INFO] Loading dataset from /home/dpk25/MolecularTransformer2/experiments/toy_model/data_9k/.train.0.pt
[2020-08-03 15:12:51,293 INFO] number of examples: 5061
[2020-08-03 15:13:13,250 INFO] Loading dataset from /home/dpk25/MolecularTransformer2/experiments/toy_model/data_9k/.train.0.pt
[2020-08-03 15:13:13,304 INFO] number of examples: 5061
[2020-08-03 15:13:35,088 INFO] Loading dataset from /home/dpk25/MolecularTransformer2/experiments/toy_model/data_9k/.train.0.pt
[2020-08-03 15:13:35,112 INFO] number of examples: 5061
[2020-08-03 15:13:56,899 INFO] Loading dataset from /home/dpk25/MolecularTransformer2/experiments/toy_model/data_9k/.train.0.pt
[2020-08-03 15:13:56,956 INFO] number of examples: 5061
[2020-08-03 15:14:18,741 INFO] Loading dataset from /home/dpk25/MolecularTransformer2/experiments/toy_model/data_9k/.train.0.pt
[2020-08-03 15:14:18,765 INFO] number of examples: 5061
[2020-08-03 15:14:40,721 INFO] Loading dataset from /home/dpk25/MolecularTransformer2/experiments/toy_model/data_9k/.train.0.pt
[2020-08-03 15:14:40,745 INFO] number of examples: 5061
[2020-08-03 15:15:02,500 INFO] Loading dataset from /home/dpk25/MolecularTransformer2/experiments/toy_model/data_9k/.train.0.pt
[2020-08-03 15:15:02,552 INFO] number of examples: 5061
[2020-08-03 15:15:23,930 INFO] Loading dataset from /home/dpk25/MolecularTransformer2/experiments/toy_model/data_9k/.train.0.pt
[2020-08-03 15:15:23,954 INFO] number of examples: 5061
[2020-08-03 15:15:25,820 INFO] Step 91000/125000; acc:  99.96; ppl:  1.00; xent: 0.00; lr: 0.00041; 11712/8987 tok/s;   2558 sec
[2020-08-03 15:15:45,471 INFO] Loading dataset from /home/dpk25/MolecularTransformer2/experiments/toy_model/data_9k/.train.0.pt
[2020-08-03 15:15:45,527 INFO] number of examples: 5061
[2020-08-03 15:16:06,917 INFO] Loading dataset from /home/dpk25/MolecularTransformer2/experiments/toy_model/data_9k/.train.0.pt
[2020-08-03 15:16:06,940 INFO] number of examples: 5061
[2020-08-03 15:16:28,601 INFO] Loading dataset from /home/dpk25/MolecularTransformer2/experiments/toy_model/data_9k/.train.0.pt
[2020-08-03 15:16:28,625 INFO] number of examples: 5061
[2020-08-03 15:16:50,383 INFO] Loading dataset from /home/dpk25/MolecularTransformer2/experiments/toy_model/data_9k/.train.0.pt
[2020-08-03 15:16:50,438 INFO] number of examples: 5061
[2020-08-03 15:17:12,162 INFO] Loading dataset from /home/dpk25/MolecularTransformer2/experiments/toy_model/data_9k/.train.0.pt
[2020-08-03 15:17:12,185 INFO] number of examples: 5061
[2020-08-03 15:17:34,102 INFO] Loading dataset from /home/dpk25/MolecularTransformer2/experiments/toy_model/data_9k/.train.0.pt
[2020-08-03 15:17:34,160 INFO] number of examples: 5061
[2020-08-03 15:17:55,935 INFO] Loading dataset from /home/dpk25/MolecularTransformer2/experiments/toy_model/data_9k/.train.0.pt
[2020-08-03 15:17:55,960 INFO] number of examples: 5061
[2020-08-03 15:18:00,707 INFO] Step 92000/125000; acc:  99.96; ppl:  1.00; xent: 0.00; lr: 0.00041; 12011/9217 tok/s;   2713 sec
[2020-08-03 15:18:17,818 INFO] Loading dataset from /home/dpk25/MolecularTransformer2/experiments/toy_model/data_9k/.train.0.pt
[2020-08-03 15:18:17,880 INFO] number of examples: 5061
[2020-08-03 15:18:39,646 INFO] Loading dataset from /home/dpk25/MolecularTransformer2/experiments/toy_model/data_9k/.train.0.pt
[2020-08-03 15:18:39,669 INFO] number of examples: 5061
[2020-08-03 15:19:01,624 INFO] Loading dataset from /home/dpk25/MolecularTransformer2/experiments/toy_model/data_9k/.train.0.pt
[2020-08-03 15:19:01,648 INFO] number of examples: 5061
[2020-08-03 15:19:23,438 INFO] Loading dataset from /home/dpk25/MolecularTransformer2/experiments/toy_model/data_9k/.train.0.pt
[2020-08-03 15:19:23,493 INFO] number of examples: 5061
[2020-08-03 15:19:45,282 INFO] Loading dataset from /home/dpk25/MolecularTransformer2/experiments/toy_model/data_9k/.train.0.pt
[2020-08-03 15:19:45,306 INFO] number of examples: 5061
[2020-08-03 15:20:07,092 INFO] Loading dataset from /home/dpk25/MolecularTransformer2/experiments/toy_model/data_9k/.train.0.pt
[2020-08-03 15:20:07,150 INFO] number of examples: 5061
[2020-08-03 15:20:29,096 INFO] Loading dataset from /home/dpk25/MolecularTransformer2/experiments/toy_model/data_9k/.train.0.pt
[2020-08-03 15:20:29,121 INFO] number of examples: 5061
[2020-08-03 15:20:36,605 INFO] Step 93000/125000; acc:  99.96; ppl:  1.00; xent: 0.00; lr: 0.00041; 11935/9161 tok/s;   2869 sec
[2020-08-03 15:20:50,913 INFO] Loading dataset from /home/dpk25/MolecularTransformer2/experiments/toy_model/data_9k/.train.0.pt
[2020-08-03 15:20:50,937 INFO] number of examples: 5061
[2020-08-03 15:21:12,769 INFO] Loading dataset from /home/dpk25/MolecularTransformer2/experiments/toy_model/data_9k/.train.0.pt
[2020-08-03 15:21:12,794 INFO] number of examples: 5061
[2020-08-03 15:21:34,594 INFO] Loading dataset from /home/dpk25/MolecularTransformer2/experiments/toy_model/data_9k/.train.0.pt
[2020-08-03 15:21:34,619 INFO] number of examples: 5061
[2020-08-03 15:21:56,555 INFO] Loading dataset from /home/dpk25/MolecularTransformer2/experiments/toy_model/data_9k/.train.0.pt
[2020-08-03 15:21:56,612 INFO] number of examples: 5061
[2020-08-03 15:22:18,401 INFO] Loading dataset from /home/dpk25/MolecularTransformer2/experiments/toy_model/data_9k/.train.0.pt
[2020-08-03 15:22:18,425 INFO] number of examples: 5061
[2020-08-03 15:22:40,207 INFO] Loading dataset from /home/dpk25/MolecularTransformer2/experiments/toy_model/data_9k/.train.0.pt
[2020-08-03 15:22:40,272 INFO] number of examples: 5061
[2020-08-03 15:23:02,048 INFO] Loading dataset from /home/dpk25/MolecularTransformer2/experiments/toy_model/data_9k/.train.0.pt
[2020-08-03 15:23:02,072 INFO] number of examples: 5061
[2020-08-03 15:23:12,512 INFO] Step 94000/125000; acc:  99.96; ppl:  1.00; xent: 0.00; lr: 0.00041; 11933/9155 tok/s;   3025 sec
[2020-08-03 15:23:24,009 INFO] Loading dataset from /home/dpk25/MolecularTransformer2/experiments/toy_model/data_9k/.train.0.pt
[2020-08-03 15:23:24,037 INFO] number of examples: 5061
[2020-08-03 15:23:45,836 INFO] Loading dataset from /home/dpk25/MolecularTransformer2/experiments/toy_model/data_9k/.train.0.pt
[2020-08-03 15:23:45,892 INFO] number of examples: 5061
[2020-08-03 15:24:07,692 INFO] Loading dataset from /home/dpk25/MolecularTransformer2/experiments/toy_model/data_9k/.train.0.pt
[2020-08-03 15:24:07,716 INFO] number of examples: 5061
[2020-08-03 15:24:29,518 INFO] Loading dataset from /home/dpk25/MolecularTransformer2/experiments/toy_model/data_9k/.train.0.pt
[2020-08-03 15:24:29,578 INFO] number of examples: 5061
[2020-08-03 15:24:51,539 INFO] Loading dataset from /home/dpk25/MolecularTransformer2/experiments/toy_model/data_9k/.train.0.pt
[2020-08-03 15:24:51,564 INFO] number of examples: 5061
[2020-08-03 15:25:13,353 INFO] Loading dataset from /home/dpk25/MolecularTransformer2/experiments/toy_model/data_9k/.train.0.pt
[2020-08-03 15:25:13,376 INFO] number of examples: 5061
[2020-08-03 15:25:35,185 INFO] Loading dataset from /home/dpk25/MolecularTransformer2/experiments/toy_model/data_9k/.train.0.pt
[2020-08-03 15:25:35,210 INFO] number of examples: 5061
[2020-08-03 15:25:48,438 INFO] Step 95000/125000; acc:  99.96; ppl:  1.00; xent: 0.00; lr: 0.00041; 11932/9154 tok/s;   3181 sec
[2020-08-03 15:25:48,440 INFO] Saving checkpoint /home/dpk25/rds/hpc-work/toy_model/reduction_9k/toy_model_step_95000.pt
[2020-08-03 15:25:57,230 INFO] Loading dataset from /home/dpk25/MolecularTransformer2/experiments/toy_model/data_9k/.train.0.pt
[2020-08-03 15:25:57,255 INFO] number of examples: 5061
[2020-08-03 15:26:19,184 INFO] Loading dataset from /home/dpk25/MolecularTransformer2/experiments/toy_model/data_9k/.train.0.pt
[2020-08-03 15:26:19,242 INFO] number of examples: 5061
[2020-08-03 15:26:41,045 INFO] Loading dataset from /home/dpk25/MolecularTransformer2/experiments/toy_model/data_9k/.train.0.pt
[2020-08-03 15:26:41,069 INFO] number of examples: 5061
[2020-08-03 15:27:02,875 INFO] Loading dataset from /home/dpk25/MolecularTransformer2/experiments/toy_model/data_9k/.train.0.pt
[2020-08-03 15:27:02,936 INFO] number of examples: 5061
[2020-08-03 15:27:24,734 INFO] Loading dataset from /home/dpk25/MolecularTransformer2/experiments/toy_model/data_9k/.train.0.pt
[2020-08-03 15:27:24,758 INFO] number of examples: 5061
[2020-08-03 15:27:46,700 INFO] Loading dataset from /home/dpk25/MolecularTransformer2/experiments/toy_model/data_9k/.train.0.pt
[2020-08-03 15:27:46,726 INFO] number of examples: 5061
[2020-08-03 15:28:08,532 INFO] Loading dataset from /home/dpk25/MolecularTransformer2/experiments/toy_model/data_9k/.train.0.pt
[2020-08-03 15:28:08,588 INFO] number of examples: 5061
[2020-08-03 15:28:24,628 INFO] Step 96000/125000; acc:  99.96; ppl:  1.00; xent: 0.00; lr: 0.00040; 11912/9142 tok/s;   3337 sec
[2020-08-03 15:28:30,385 INFO] Loading dataset from /home/dpk25/MolecularTransformer2/experiments/toy_model/data_9k/.train.0.pt
[2020-08-03 15:28:30,409 INFO] number of examples: 5061
[2020-08-03 15:28:52,216 INFO] Loading dataset from /home/dpk25/MolecularTransformer2/experiments/toy_model/data_9k/.train.0.pt
[2020-08-03 15:28:52,273 INFO] number of examples: 5061
[2020-08-03 15:29:14,214 INFO] Loading dataset from /home/dpk25/MolecularTransformer2/experiments/toy_model/data_9k/.train.0.pt
[2020-08-03 15:29:14,238 INFO] number of examples: 5061
[2020-08-03 15:29:36,036 INFO] Loading dataset from /home/dpk25/MolecularTransformer2/experiments/toy_model/data_9k/.train.0.pt
[2020-08-03 15:29:36,061 INFO] number of examples: 5061
[2020-08-03 15:29:57,878 INFO] Loading dataset from /home/dpk25/MolecularTransformer2/experiments/toy_model/data_9k/.train.0.pt
[2020-08-03 15:29:57,902 INFO] number of examples: 5061
[2020-08-03 15:30:19,682 INFO] Loading dataset from /home/dpk25/MolecularTransformer2/experiments/toy_model/data_9k/.train.0.pt
[2020-08-03 15:30:19,708 INFO] number of examples: 5061
[2020-08-03 15:30:41,645 INFO] Loading dataset from /home/dpk25/MolecularTransformer2/experiments/toy_model/data_9k/.train.0.pt
[2020-08-03 15:30:41,702 INFO] number of examples: 5061
[2020-08-03 15:31:00,525 INFO] Step 97000/125000; acc:  99.96; ppl:  1.00; xent: 0.00; lr: 0.00040; 11935/9161 tok/s;   3493 sec
[2020-08-03 15:31:03,478 INFO] Loading dataset from /home/dpk25/MolecularTransformer2/experiments/toy_model/data_9k/.train.0.pt
[2020-08-03 15:31:03,502 INFO] number of examples: 5061
[2020-08-03 15:31:25,287 INFO] Loading dataset from /home/dpk25/MolecularTransformer2/experiments/toy_model/data_9k/.train.0.pt
[2020-08-03 15:31:25,347 INFO] number of examples: 5061
[2020-08-03 15:31:47,203 INFO] Loading dataset from /home/dpk25/MolecularTransformer2/experiments/toy_model/data_9k/.train.0.pt
[2020-08-03 15:31:47,227 INFO] number of examples: 5061
[2020-08-03 15:32:09,212 INFO] Loading dataset from /home/dpk25/MolecularTransformer2/experiments/toy_model/data_9k/.train.0.pt
[2020-08-03 15:32:09,237 INFO] number of examples: 5061
[2020-08-03 15:32:31,023 INFO] Loading dataset from /home/dpk25/MolecularTransformer2/experiments/toy_model/data_9k/.train.0.pt
[2020-08-03 15:32:31,079 INFO] number of examples: 5061
[2020-08-03 15:32:52,872 INFO] Loading dataset from /home/dpk25/MolecularTransformer2/experiments/toy_model/data_9k/.train.0.pt
[2020-08-03 15:32:52,896 INFO] number of examples: 5061
[2020-08-03 15:33:14,662 INFO] Loading dataset from /home/dpk25/MolecularTransformer2/experiments/toy_model/data_9k/.train.0.pt
[2020-08-03 15:33:14,720 INFO] number of examples: 5061
[2020-08-03 15:33:36,469 INFO] Step 98000/125000; acc:  99.96; ppl:  1.00; xent: 0.00; lr: 0.00040; 11931/9156 tok/s;   3649 sec
[2020-08-03 15:33:36,627 INFO] Loading dataset from /home/dpk25/MolecularTransformer2/experiments/toy_model/data_9k/.train.0.pt
[2020-08-03 15:33:36,651 INFO] number of examples: 5061
[2020-08-03 15:33:58,425 INFO] Loading dataset from /home/dpk25/MolecularTransformer2/experiments/toy_model/data_9k/.train.0.pt
[2020-08-03 15:33:58,449 INFO] number of examples: 5061
[2020-08-03 15:34:20,280 INFO] Loading dataset from /home/dpk25/MolecularTransformer2/experiments/toy_model/data_9k/.train.0.pt
[2020-08-03 15:34:20,304 INFO] number of examples: 5061
[2020-08-03 15:34:42,085 INFO] Loading dataset from /home/dpk25/MolecularTransformer2/experiments/toy_model/data_9k/.train.0.pt
[2020-08-03 15:34:42,109 INFO] number of examples: 5061
[2020-08-03 15:35:04,042 INFO] Loading dataset from /home/dpk25/MolecularTransformer2/experiments/toy_model/data_9k/.train.0.pt
[2020-08-03 15:35:04,099 INFO] number of examples: 5061
[2020-08-03 15:35:25,898 INFO] Loading dataset from /home/dpk25/MolecularTransformer2/experiments/toy_model/data_9k/.train.0.pt
[2020-08-03 15:35:25,923 INFO] number of examples: 5061
[2020-08-03 15:35:47,703 INFO] Loading dataset from /home/dpk25/MolecularTransformer2/experiments/toy_model/data_9k/.train.0.pt
[2020-08-03 15:35:47,766 INFO] number of examples: 5061
[2020-08-03 15:36:09,552 INFO] Loading dataset from /home/dpk25/MolecularTransformer2/experiments/toy_model/data_9k/.train.0.pt
[2020-08-03 15:36:09,576 INFO] number of examples: 5061
[2020-08-03 15:36:12,403 INFO] Step 99000/125000; acc:  99.96; ppl:  1.00; xent: 0.00; lr: 0.00040; 11932/9155 tok/s;   3805 sec
[2020-08-03 15:36:31,524 INFO] Loading dataset from /home/dpk25/MolecularTransformer2/experiments/toy_model/data_9k/.train.0.pt
[2020-08-03 15:36:31,548 INFO] number of examples: 5061
[2020-08-03 15:36:53,328 INFO] Loading dataset from /home/dpk25/MolecularTransformer2/experiments/toy_model/data_9k/.train.0.pt
[2020-08-03 15:36:53,383 INFO] number of examples: 5061
[2020-08-03 15:37:15,158 INFO] Loading dataset from /home/dpk25/MolecularTransformer2/experiments/toy_model/data_9k/.train.0.pt
[2020-08-03 15:37:15,182 INFO] number of examples: 5061
[2020-08-03 15:37:36,969 INFO] Loading dataset from /home/dpk25/MolecularTransformer2/experiments/toy_model/data_9k/.train.0.pt
[2020-08-03 15:37:37,029 INFO] number of examples: 5061
[2020-08-03 15:37:58,949 INFO] Loading dataset from /home/dpk25/MolecularTransformer2/experiments/toy_model/data_9k/.train.0.pt
[2020-08-03 15:37:58,973 INFO] number of examples: 5061
[2020-08-03 15:38:20,770 INFO] Loading dataset from /home/dpk25/MolecularTransformer2/experiments/toy_model/data_9k/.train.0.pt
[2020-08-03 15:38:20,794 INFO] number of examples: 5061
[2020-08-03 15:38:42,628 INFO] Loading dataset from /home/dpk25/MolecularTransformer2/experiments/toy_model/data_9k/.train.0.pt
[2020-08-03 15:38:42,652 INFO] number of examples: 5061
[2020-08-03 15:38:48,268 INFO] Step 100000/125000; acc:  99.96; ppl:  1.00; xent: 0.00; lr: 0.00040; 11937/9161 tok/s;   3961 sec
[2020-08-03 15:38:48,269 INFO] Loading dataset from /home/dpk25/MolecularTransformer2/experiments/toy_model/data_9k/.valid.0.pt
[2020-08-03 15:38:48,279 INFO] number of examples: 1689
[2020-08-03 15:38:51,174 INFO] Validation perplexity: 1.11309
[2020-08-03 15:38:51,174 INFO] Validation accuracy: 98.52
[2020-08-03 15:38:51,176 INFO] Saving checkpoint /home/dpk25/rds/hpc-work/toy_model/reduction_9k/toy_model_step_100000.pt
[2020-08-03 15:39:07,707 INFO] Loading dataset from /home/dpk25/MolecularTransformer2/experiments/toy_model/data_9k/.train.0.pt
[2020-08-03 15:39:07,731 INFO] number of examples: 5061
[2020-08-03 15:39:29,719 INFO] Loading dataset from /home/dpk25/MolecularTransformer2/experiments/toy_model/data_9k/.train.0.pt
[2020-08-03 15:39:29,773 INFO] number of examples: 5061
[2020-08-03 15:39:51,544 INFO] Loading dataset from /home/dpk25/MolecularTransformer2/experiments/toy_model/data_9k/.train.0.pt
[2020-08-03 15:39:51,585 INFO] number of examples: 5061
[2020-08-03 15:40:13,368 INFO] Loading dataset from /home/dpk25/MolecularTransformer2/experiments/toy_model/data_9k/.train.0.pt
[2020-08-03 15:40:13,426 INFO] number of examples: 5061
[2020-08-03 15:40:35,193 INFO] Loading dataset from /home/dpk25/MolecularTransformer2/experiments/toy_model/data_9k/.train.0.pt
[2020-08-03 15:40:35,218 INFO] number of examples: 5061
[2020-08-03 15:40:57,164 INFO] Loading dataset from /home/dpk25/MolecularTransformer2/experiments/toy_model/data_9k/.train.0.pt
[2020-08-03 15:40:57,224 INFO] number of examples: 5061
[2020-08-03 15:41:19,012 INFO] Loading dataset from /home/dpk25/MolecularTransformer2/experiments/toy_model/data_9k/.train.0.pt
[2020-08-03 15:41:19,036 INFO] number of examples: 5061
[2020-08-03 15:41:27,459 INFO] Step 101000/125000; acc:  99.96; ppl:  1.00; xent: 0.00; lr: 0.00039; 11688/8971 tok/s;   4120 sec
[2020-08-03 15:41:40,829 INFO] Loading dataset from /home/dpk25/MolecularTransformer2/experiments/toy_model/data_9k/.train.0.pt
[2020-08-03 15:41:40,854 INFO] number of examples: 5061
[2020-08-03 15:42:02,602 INFO] Loading dataset from /home/dpk25/MolecularTransformer2/experiments/toy_model/data_9k/.train.0.pt
[2020-08-03 15:42:02,658 INFO] number of examples: 5061
[2020-08-03 15:42:24,578 INFO] Loading dataset from /home/dpk25/MolecularTransformer2/experiments/toy_model/data_9k/.train.0.pt
[2020-08-03 15:42:24,602 INFO] number of examples: 5061
[2020-08-03 15:42:46,381 INFO] Loading dataset from /home/dpk25/MolecularTransformer2/experiments/toy_model/data_9k/.train.0.pt
[2020-08-03 15:42:46,441 INFO] number of examples: 5061
[2020-08-03 15:43:08,255 INFO] Loading dataset from /home/dpk25/MolecularTransformer2/experiments/toy_model/data_9k/.train.0.pt
[2020-08-03 15:43:08,279 INFO] number of examples: 5061
[2020-08-03 15:43:30,059 INFO] Loading dataset from /home/dpk25/MolecularTransformer2/experiments/toy_model/data_9k/.train.0.pt
[2020-08-03 15:43:30,111 INFO] number of examples: 5061
[2020-08-03 15:43:52,024 INFO] Loading dataset from /home/dpk25/MolecularTransformer2/experiments/toy_model/data_9k/.train.0.pt
[2020-08-03 15:43:52,079 INFO] number of examples: 5061
[2020-08-03 15:44:03,276 INFO] Step 102000/125000; acc:  99.96; ppl:  1.00; xent: 0.00; lr: 0.00039; 11940/9157 tok/s;   4276 sec
[2020-08-03 15:44:13,838 INFO] Loading dataset from /home/dpk25/MolecularTransformer2/experiments/toy_model/data_9k/.train.0.pt
[2020-08-03 15:44:13,862 INFO] number of examples: 5061
[2020-08-03 15:44:35,661 INFO] Loading dataset from /home/dpk25/MolecularTransformer2/experiments/toy_model/data_9k/.train.0.pt
[2020-08-03 15:44:35,721 INFO] number of examples: 5061
[2020-08-03 15:44:57,564 INFO] Loading dataset from /home/dpk25/MolecularTransformer2/experiments/toy_model/data_9k/.train.0.pt
[2020-08-03 15:44:57,588 INFO] number of examples: 5061
[2020-08-03 15:45:19,527 INFO] Loading dataset from /home/dpk25/MolecularTransformer2/experiments/toy_model/data_9k/.train.0.pt
[2020-08-03 15:45:19,584 INFO] number of examples: 5061
[2020-08-03 15:45:41,363 INFO] Loading dataset from /home/dpk25/MolecularTransformer2/experiments/toy_model/data_9k/.train.0.pt
[2020-08-03 15:45:41,386 INFO] number of examples: 5061
[2020-08-03 15:46:03,187 INFO] Loading dataset from /home/dpk25/MolecularTransformer2/experiments/toy_model/data_9k/.train.0.pt
[2020-08-03 15:46:03,211 INFO] number of examples: 5061
[2020-08-03 15:46:24,987 INFO] Loading dataset from /home/dpk25/MolecularTransformer2/experiments/toy_model/data_9k/.train.0.pt
[2020-08-03 15:46:25,042 INFO] number of examples: 5061
[2020-08-03 15:46:39,203 INFO] Step 103000/125000; acc:  99.96; ppl:  1.00; xent: 0.00; lr: 0.00039; 11932/9156 tok/s;   4432 sec
[2020-08-03 15:46:46,986 INFO] Loading dataset from /home/dpk25/MolecularTransformer2/experiments/toy_model/data_9k/.train.0.pt
[2020-08-03 15:46:47,011 INFO] number of examples: 5061
[2020-08-03 15:47:08,785 INFO] Loading dataset from /home/dpk25/MolecularTransformer2/experiments/toy_model/data_9k/.train.0.pt
[2020-08-03 15:47:08,844 INFO] number of examples: 5061
[2020-08-03 15:47:30,641 INFO] Loading dataset from /home/dpk25/MolecularTransformer2/experiments/toy_model/data_9k/.train.0.pt
[2020-08-03 15:47:30,665 INFO] number of examples: 5061
[2020-08-03 15:47:52,435 INFO] Loading dataset from /home/dpk25/MolecularTransformer2/experiments/toy_model/data_9k/.train.0.pt
[2020-08-03 15:47:52,459 INFO] number of examples: 5061
[2020-08-03 15:48:14,440 INFO] Loading dataset from /home/dpk25/MolecularTransformer2/experiments/toy_model/data_9k/.train.0.pt
[2020-08-03 15:48:14,464 INFO] number of examples: 5061
[2020-08-03 15:48:36,247 INFO] Loading dataset from /home/dpk25/MolecularTransformer2/experiments/toy_model/data_9k/.train.0.pt
[2020-08-03 15:48:36,270 INFO] number of examples: 5061
[2020-08-03 15:48:58,038 INFO] Loading dataset from /home/dpk25/MolecularTransformer2/experiments/toy_model/data_9k/.train.0.pt
[2020-08-03 15:48:58,097 INFO] number of examples: 5061
[2020-08-03 15:49:15,057 INFO] Step 104000/125000; acc:  99.96; ppl:  1.00; xent: 0.00; lr: 0.00039; 11937/9162 tok/s;   4588 sec
[2020-08-03 15:49:19,878 INFO] Loading dataset from /home/dpk25/MolecularTransformer2/experiments/toy_model/data_9k/.train.0.pt
[2020-08-03 15:49:19,903 INFO] number of examples: 5061
[2020-08-03 15:49:41,833 INFO] Loading dataset from /home/dpk25/MolecularTransformer2/experiments/toy_model/data_9k/.train.0.pt
[2020-08-03 15:49:41,896 INFO] number of examples: 5061
[2020-08-03 15:50:03,666 INFO] Loading dataset from /home/dpk25/MolecularTransformer2/experiments/toy_model/data_9k/.train.0.pt
[2020-08-03 15:50:03,690 INFO] number of examples: 5061
[2020-08-03 15:50:25,480 INFO] Loading dataset from /home/dpk25/MolecularTransformer2/experiments/toy_model/data_9k/.train.0.pt
[2020-08-03 15:50:25,508 INFO] number of examples: 5061
[2020-08-03 15:50:47,315 INFO] Loading dataset from /home/dpk25/MolecularTransformer2/experiments/toy_model/data_9k/.train.0.pt
[2020-08-03 15:50:47,372 INFO] number of examples: 5061
[2020-08-03 15:51:09,315 INFO] Loading dataset from /home/dpk25/MolecularTransformer2/experiments/toy_model/data_9k/.train.0.pt
[2020-08-03 15:51:09,340 INFO] number of examples: 5061
[2020-08-03 15:51:31,146 INFO] Loading dataset from /home/dpk25/MolecularTransformer2/experiments/toy_model/data_9k/.train.0.pt
[2020-08-03 15:51:31,204 INFO] number of examples: 5061
[2020-08-03 15:51:50,964 INFO] Step 105000/125000; acc:  99.96; ppl:  1.00; xent: 0.00; lr: 0.00039; 11934/9158 tok/s;   4744 sec
[2020-08-03 15:51:50,966 INFO] Saving checkpoint /home/dpk25/rds/hpc-work/toy_model/reduction_9k/toy_model_step_105000.pt
[2020-08-03 15:51:53,254 INFO] Loading dataset from /home/dpk25/MolecularTransformer2/experiments/toy_model/data_9k/.train.0.pt
[2020-08-03 15:51:53,278 INFO] number of examples: 5061
[2020-08-03 15:52:15,063 INFO] Loading dataset from /home/dpk25/MolecularTransformer2/experiments/toy_model/data_9k/.train.0.pt
[2020-08-03 15:52:15,129 INFO] number of examples: 5061
[2020-08-03 15:52:37,062 INFO] Loading dataset from /home/dpk25/MolecularTransformer2/experiments/toy_model/data_9k/.train.0.pt
[2020-08-03 15:52:37,085 INFO] number of examples: 5061
[2020-08-03 15:52:58,879 INFO] Loading dataset from /home/dpk25/MolecularTransformer2/experiments/toy_model/data_9k/.train.0.pt
[2020-08-03 15:52:58,903 INFO] number of examples: 5061
[2020-08-03 15:53:20,698 INFO] Loading dataset from /home/dpk25/MolecularTransformer2/experiments/toy_model/data_9k/.train.0.pt
[2020-08-03 15:53:20,755 INFO] number of examples: 5061
[2020-08-03 15:53:42,536 INFO] Loading dataset from /home/dpk25/MolecularTransformer2/experiments/toy_model/data_9k/.train.0.pt
[2020-08-03 15:53:42,559 INFO] number of examples: 5061
[2020-08-03 15:54:04,492 INFO] Loading dataset from /home/dpk25/MolecularTransformer2/experiments/toy_model/data_9k/.train.0.pt
[2020-08-03 15:54:04,555 INFO] number of examples: 5061
[2020-08-03 15:54:26,344 INFO] Loading dataset from /home/dpk25/MolecularTransformer2/experiments/toy_model/data_9k/.train.0.pt
[2020-08-03 15:54:26,367 INFO] number of examples: 5061
[2020-08-03 15:54:27,177 INFO] Step 106000/125000; acc:  99.96; ppl:  1.00; xent: 0.00; lr: 0.00038; 11911/9139 tok/s;   4900 sec
[2020-08-03 15:54:48,161 INFO] Loading dataset from /home/dpk25/MolecularTransformer2/experiments/toy_model/data_9k/.train.0.pt
[2020-08-03 15:54:48,185 INFO] number of examples: 5061
[2020-08-03 15:55:09,980 INFO] Loading dataset from /home/dpk25/MolecularTransformer2/experiments/toy_model/data_9k/.train.0.pt
[2020-08-03 15:55:10,034 INFO] number of examples: 5061
[2020-08-03 15:55:31,973 INFO] Loading dataset from /home/dpk25/MolecularTransformer2/experiments/toy_model/data_9k/.train.0.pt
[2020-08-03 15:55:31,998 INFO] number of examples: 5061
[2020-08-03 15:55:53,779 INFO] Loading dataset from /home/dpk25/MolecularTransformer2/experiments/toy_model/data_9k/.train.0.pt
[2020-08-03 15:55:53,838 INFO] number of examples: 5061
[2020-08-03 15:56:15,622 INFO] Loading dataset from /home/dpk25/MolecularTransformer2/experiments/toy_model/data_9k/.train.0.pt
[2020-08-03 15:56:15,646 INFO] number of examples: 5061
[2020-08-03 15:56:37,437 INFO] Loading dataset from /home/dpk25/MolecularTransformer2/experiments/toy_model/data_9k/.train.0.pt
[2020-08-03 15:56:37,500 INFO] number of examples: 5061
[2020-08-03 15:56:59,442 INFO] Loading dataset from /home/dpk25/MolecularTransformer2/experiments/toy_model/data_9k/.train.0.pt
[2020-08-03 15:56:59,466 INFO] number of examples: 5061
[2020-08-03 15:57:03,068 INFO] Step 107000/125000; acc:  99.97; ppl:  1.00; xent: 0.00; lr: 0.00038; 11934/9161 tok/s;   5056 sec
[2020-08-03 15:57:21,217 INFO] Loading dataset from /home/dpk25/MolecularTransformer2/experiments/toy_model/data_9k/.train.0.pt
[2020-08-03 15:57:21,242 INFO] number of examples: 5061
[2020-08-03 15:57:42,684 INFO] Loading dataset from /home/dpk25/MolecularTransformer2/experiments/toy_model/data_9k/.train.0.pt
[2020-08-03 15:57:42,741 INFO] number of examples: 5061
[2020-08-03 15:58:04,017 INFO] Loading dataset from /home/dpk25/MolecularTransformer2/experiments/toy_model/data_9k/.train.0.pt
[2020-08-03 15:58:04,040 INFO] number of examples: 5061
[2020-08-03 15:58:25,032 INFO] Loading dataset from /home/dpk25/MolecularTransformer2/experiments/toy_model/data_9k/.train.0.pt
[2020-08-03 15:58:25,092 INFO] number of examples: 5061
[2020-08-03 15:58:45,902 INFO] Loading dataset from /home/dpk25/MolecularTransformer2/experiments/toy_model/data_9k/.train.0.pt
[2020-08-03 15:58:45,924 INFO] number of examples: 5061
[2020-08-03 15:59:06,777 INFO] Loading dataset from /home/dpk25/MolecularTransformer2/experiments/toy_model/data_9k/.train.0.pt
[2020-08-03 15:59:06,800 INFO] number of examples: 5061
[2020-08-03 15:59:27,638 INFO] Loading dataset from /home/dpk25/MolecularTransformer2/experiments/toy_model/data_9k/.train.0.pt
[2020-08-03 15:59:27,694 INFO] number of examples: 5061
[2020-08-03 15:59:33,969 INFO] Step 108000/125000; acc:  99.96; ppl:  1.00; xent: 0.00; lr: 0.00038; 12330/9461 tok/s;   5207 sec
[2020-08-03 15:59:48,714 INFO] Loading dataset from /home/dpk25/MolecularTransformer2/experiments/toy_model/data_9k/.train.0.pt
[2020-08-03 15:59:48,738 INFO] number of examples: 5061
[2020-08-03 16:00:09,564 INFO] Loading dataset from /home/dpk25/MolecularTransformer2/experiments/toy_model/data_9k/.train.0.pt
[2020-08-03 16:00:09,619 INFO] number of examples: 5061
[2020-08-03 16:00:30,468 INFO] Loading dataset from /home/dpk25/MolecularTransformer2/experiments/toy_model/data_9k/.train.0.pt
[2020-08-03 16:00:30,493 INFO] number of examples: 5061
[2020-08-03 16:00:51,309 INFO] Loading dataset from /home/dpk25/MolecularTransformer2/experiments/toy_model/data_9k/.train.0.pt
[2020-08-03 16:00:51,370 INFO] number of examples: 5061
[2020-08-03 16:01:12,363 INFO] Loading dataset from /home/dpk25/MolecularTransformer2/experiments/toy_model/data_9k/.train.0.pt
[2020-08-03 16:01:12,384 INFO] number of examples: 5061
[2020-08-03 16:01:33,230 INFO] Loading dataset from /home/dpk25/MolecularTransformer2/experiments/toy_model/data_9k/.train.0.pt
[2020-08-03 16:01:33,254 INFO] number of examples: 5061
[2020-08-03 16:01:54,099 INFO] Loading dataset from /home/dpk25/MolecularTransformer2/experiments/toy_model/data_9k/.train.0.pt
[2020-08-03 16:01:54,155 INFO] number of examples: 5061
[2020-08-03 16:02:03,090 INFO] Step 109000/125000; acc:  99.97; ppl:  1.00; xent: 0.00; lr: 0.00038; 12477/9573 tok/s;   5356 sec
[2020-08-03 16:02:14,980 INFO] Loading dataset from /home/dpk25/MolecularTransformer2/experiments/toy_model/data_9k/.train.0.pt
[2020-08-03 16:02:15,004 INFO] number of examples: 5061
[2020-08-03 16:02:36,280 INFO] Loading dataset from /home/dpk25/MolecularTransformer2/experiments/toy_model/data_9k/.train.0.pt
[2020-08-03 16:02:36,342 INFO] number of examples: 5061
[2020-08-03 16:02:57,821 INFO] Loading dataset from /home/dpk25/MolecularTransformer2/experiments/toy_model/data_9k/.train.0.pt
[2020-08-03 16:02:57,845 INFO] number of examples: 5061
[2020-08-03 16:03:19,343 INFO] Loading dataset from /home/dpk25/MolecularTransformer2/experiments/toy_model/data_9k/.train.0.pt
[2020-08-03 16:03:19,367 INFO] number of examples: 5061
[2020-08-03 16:03:40,857 INFO] Loading dataset from /home/dpk25/MolecularTransformer2/experiments/toy_model/data_9k/.train.0.pt
[2020-08-03 16:03:40,912 INFO] number of examples: 5061
[2020-08-03 16:04:02,510 INFO] Loading dataset from /home/dpk25/MolecularTransformer2/experiments/toy_model/data_9k/.train.0.pt
[2020-08-03 16:04:02,534 INFO] number of examples: 5061
[2020-08-03 16:04:24,027 INFO] Loading dataset from /home/dpk25/MolecularTransformer2/experiments/toy_model/data_9k/.train.0.pt
[2020-08-03 16:04:24,085 INFO] number of examples: 5061
[2020-08-03 16:04:36,075 INFO] Step 110000/125000; acc:  99.97; ppl:  1.00; xent: 0.00; lr: 0.00038; 12161/9331 tok/s;   5509 sec
[2020-08-03 16:04:36,076 INFO] Loading dataset from /home/dpk25/MolecularTransformer2/experiments/toy_model/data_9k/.valid.0.pt
[2020-08-03 16:04:36,085 INFO] number of examples: 1689
[2020-08-03 16:04:38,923 INFO] Validation perplexity: 1.11985
[2020-08-03 16:04:38,923 INFO] Validation accuracy: 98.4991
[2020-08-03 16:04:38,925 INFO] Saving checkpoint /home/dpk25/rds/hpc-work/toy_model/reduction_9k/toy_model_step_110000.pt
[2020-08-03 16:04:48,761 INFO] Loading dataset from /home/dpk25/MolecularTransformer2/experiments/toy_model/data_9k/.train.0.pt
[2020-08-03 16:04:48,784 INFO] number of examples: 5061
[2020-08-03 16:05:10,234 INFO] Loading dataset from /home/dpk25/MolecularTransformer2/experiments/toy_model/data_9k/.train.0.pt
[2020-08-03 16:05:10,291 INFO] number of examples: 5061
[2020-08-03 16:05:31,878 INFO] Loading dataset from /home/dpk25/MolecularTransformer2/experiments/toy_model/data_9k/.train.0.pt
[2020-08-03 16:05:31,907 INFO] number of examples: 5061
[2020-08-03 16:05:53,353 INFO] Loading dataset from /home/dpk25/MolecularTransformer2/experiments/toy_model/data_9k/.train.0.pt
[2020-08-03 16:05:53,415 INFO] number of examples: 5061
[2020-08-03 16:06:14,890 INFO] Loading dataset from /home/dpk25/MolecularTransformer2/experiments/toy_model/data_9k/.train.0.pt
[2020-08-03 16:06:14,913 INFO] number of examples: 5061
[2020-08-03 16:06:36,370 INFO] Loading dataset from /home/dpk25/MolecularTransformer2/experiments/toy_model/data_9k/.train.0.pt
[2020-08-03 16:06:36,394 INFO] number of examples: 5061
[2020-08-03 16:06:58,013 INFO] Loading dataset from /home/dpk25/MolecularTransformer2/experiments/toy_model/data_9k/.train.0.pt
[2020-08-03 16:06:58,070 INFO] number of examples: 5061
[2020-08-03 16:07:12,786 INFO] Step 111000/125000; acc:  99.97; ppl:  1.00; xent: 0.00; lr: 0.00038; 11872/9109 tok/s;   5665 sec
[2020-08-03 16:07:19,529 INFO] Loading dataset from /home/dpk25/MolecularTransformer2/experiments/toy_model/data_9k/.train.0.pt
[2020-08-03 16:07:19,552 INFO] number of examples: 5061
[2020-08-03 16:07:40,992 INFO] Loading dataset from /home/dpk25/MolecularTransformer2/experiments/toy_model/data_9k/.train.0.pt
[2020-08-03 16:07:41,052 INFO] number of examples: 5061
[2020-08-03 16:08:02,481 INFO] Loading dataset from /home/dpk25/MolecularTransformer2/experiments/toy_model/data_9k/.train.0.pt
[2020-08-03 16:08:02,504 INFO] number of examples: 5061
[2020-08-03 16:08:24,110 INFO] Loading dataset from /home/dpk25/MolecularTransformer2/experiments/toy_model/data_9k/.train.0.pt
[2020-08-03 16:08:24,133 INFO] number of examples: 5061
[2020-08-03 16:08:45,577 INFO] Loading dataset from /home/dpk25/MolecularTransformer2/experiments/toy_model/data_9k/.train.0.pt
[2020-08-03 16:08:45,632 INFO] number of examples: 5061
[2020-08-03 16:09:07,107 INFO] Loading dataset from /home/dpk25/MolecularTransformer2/experiments/toy_model/data_9k/.train.0.pt
[2020-08-03 16:09:07,130 INFO] number of examples: 5061
[2020-08-03 16:09:28,582 INFO] Loading dataset from /home/dpk25/MolecularTransformer2/experiments/toy_model/data_9k/.train.0.pt
[2020-08-03 16:09:28,641 INFO] number of examples: 5061
[2020-08-03 16:09:46,243 INFO] Step 112000/125000; acc:  99.97; ppl:  1.00; xent: 0.00; lr: 0.00037; 12124/9305 tok/s;   5819 sec
[2020-08-03 16:09:50,223 INFO] Loading dataset from /home/dpk25/MolecularTransformer2/experiments/toy_model/data_9k/.train.0.pt
[2020-08-03 16:09:50,247 INFO] number of examples: 5061
[2020-08-03 16:10:11,712 INFO] Loading dataset from /home/dpk25/MolecularTransformer2/experiments/toy_model/data_9k/.train.0.pt
[2020-08-03 16:10:11,774 INFO] number of examples: 5061
[2020-08-03 16:10:33,221 INFO] Loading dataset from /home/dpk25/MolecularTransformer2/experiments/toy_model/data_9k/.train.0.pt
[2020-08-03 16:10:33,245 INFO] number of examples: 5061
[2020-08-03 16:10:54,703 INFO] Loading dataset from /home/dpk25/MolecularTransformer2/experiments/toy_model/data_9k/.train.0.pt
[2020-08-03 16:10:54,726 INFO] number of examples: 5061
[2020-08-03 16:11:16,330 INFO] Loading dataset from /home/dpk25/MolecularTransformer2/experiments/toy_model/data_9k/.train.0.pt
[2020-08-03 16:11:16,387 INFO] number of examples: 5061
[2020-08-03 16:11:37,816 INFO] Loading dataset from /home/dpk25/MolecularTransformer2/experiments/toy_model/data_9k/.train.0.pt
[2020-08-03 16:11:37,839 INFO] number of examples: 5061
[2020-08-03 16:11:59,291 INFO] Loading dataset from /home/dpk25/MolecularTransformer2/experiments/toy_model/data_9k/.train.0.pt
[2020-08-03 16:11:59,351 INFO] number of examples: 5061
[2020-08-03 16:12:19,736 INFO] Step 113000/125000; acc:  99.97; ppl:  1.00; xent: 0.00; lr: 0.00037; 12122/9302 tok/s;   5972 sec
[2020-08-03 16:12:20,809 INFO] Loading dataset from /home/dpk25/MolecularTransformer2/experiments/toy_model/data_9k/.train.0.pt
[2020-08-03 16:12:20,834 INFO] number of examples: 5061
[2020-08-03 16:12:42,415 INFO] Loading dataset from /home/dpk25/MolecularTransformer2/experiments/toy_model/data_9k/.train.0.pt
[2020-08-03 16:12:42,439 INFO] number of examples: 5061
[2020-08-03 16:13:03,870 INFO] Loading dataset from /home/dpk25/MolecularTransformer2/experiments/toy_model/data_9k/.train.0.pt
[2020-08-03 16:13:03,925 INFO] number of examples: 5061
[2020-08-03 16:13:25,364 INFO] Loading dataset from /home/dpk25/MolecularTransformer2/experiments/toy_model/data_9k/.train.0.pt
[2020-08-03 16:13:25,387 INFO] number of examples: 5061
[2020-08-03 16:13:46,852 INFO] Loading dataset from /home/dpk25/MolecularTransformer2/experiments/toy_model/data_9k/.train.0.pt
[2020-08-03 16:13:46,909 INFO] number of examples: 5061
[2020-08-03 16:14:08,499 INFO] Loading dataset from /home/dpk25/MolecularTransformer2/experiments/toy_model/data_9k/.train.0.pt
[2020-08-03 16:14:08,523 INFO] number of examples: 5061
[2020-08-03 16:14:29,982 INFO] Loading dataset from /home/dpk25/MolecularTransformer2/experiments/toy_model/data_9k/.train.0.pt
[2020-08-03 16:14:30,043 INFO] number of examples: 5061
[2020-08-03 16:14:51,466 INFO] Loading dataset from /home/dpk25/MolecularTransformer2/experiments/toy_model/data_9k/.train.0.pt
[2020-08-03 16:14:51,490 INFO] number of examples: 5061
[2020-08-03 16:14:53,202 INFO] Step 114000/125000; acc:  99.96; ppl:  1.00; xent: 0.00; lr: 0.00037; 12124/9304 tok/s;   6126 sec
[2020-08-03 16:15:12,919 INFO] Loading dataset from /home/dpk25/MolecularTransformer2/experiments/toy_model/data_9k/.train.0.pt
[2020-08-03 16:15:12,942 INFO] number of examples: 5061
[2020-08-03 16:15:34,510 INFO] Loading dataset from /home/dpk25/MolecularTransformer2/experiments/toy_model/data_9k/.train.0.pt
[2020-08-03 16:15:34,565 INFO] number of examples: 5061
[2020-08-03 16:15:56,036 INFO] Loading dataset from /home/dpk25/MolecularTransformer2/experiments/toy_model/data_9k/.train.0.pt
[2020-08-03 16:15:56,061 INFO] number of examples: 5061
[2020-08-03 16:16:17,474 INFO] Loading dataset from /home/dpk25/MolecularTransformer2/experiments/toy_model/data_9k/.train.0.pt
[2020-08-03 16:16:17,534 INFO] number of examples: 5061
[2020-08-03 16:16:38,919 INFO] Loading dataset from /home/dpk25/MolecularTransformer2/experiments/toy_model/data_9k/.train.0.pt
[2020-08-03 16:16:38,942 INFO] number of examples: 5061
[2020-08-03 16:17:00,540 INFO] Loading dataset from /home/dpk25/MolecularTransformer2/experiments/toy_model/data_9k/.train.0.pt
[2020-08-03 16:17:00,563 INFO] number of examples: 5061
[2020-08-03 16:17:21,993 INFO] Loading dataset from /home/dpk25/MolecularTransformer2/experiments/toy_model/data_9k/.train.0.pt
[2020-08-03 16:17:22,017 INFO] number of examples: 5061
[2020-08-03 16:17:26,585 INFO] Step 115000/125000; acc:  99.97; ppl:  1.00; xent: 0.00; lr: 0.00037; 12130/9308 tok/s;   6279 sec
[2020-08-03 16:17:26,586 INFO] Saving checkpoint /home/dpk25/rds/hpc-work/toy_model/reduction_9k/toy_model_step_115000.pt
[2020-08-03 16:17:44,202 INFO] Loading dataset from /home/dpk25/MolecularTransformer2/experiments/toy_model/data_9k/.train.0.pt
[2020-08-03 16:17:44,225 INFO] number of examples: 5061
[2020-08-03 16:18:05,901 INFO] Loading dataset from /home/dpk25/MolecularTransformer2/experiments/toy_model/data_9k/.train.0.pt
[2020-08-03 16:18:05,960 INFO] number of examples: 5061
[2020-08-03 16:18:28,002 INFO] Loading dataset from /home/dpk25/MolecularTransformer2/experiments/toy_model/data_9k/.train.0.pt
[2020-08-03 16:18:28,025 INFO] number of examples: 5061
[2020-08-03 16:18:49,895 INFO] Loading dataset from /home/dpk25/MolecularTransformer2/experiments/toy_model/data_9k/.train.0.pt
[2020-08-03 16:18:49,963 INFO] number of examples: 5061
[2020-08-03 16:19:11,647 INFO] Loading dataset from /home/dpk25/MolecularTransformer2/experiments/toy_model/data_9k/.train.0.pt
[2020-08-03 16:19:11,670 INFO] number of examples: 5061
[2020-08-03 16:19:33,485 INFO] Loading dataset from /home/dpk25/MolecularTransformer2/experiments/toy_model/data_9k/.train.0.pt
[2020-08-03 16:19:33,510 INFO] number of examples: 5061
[2020-08-03 16:19:55,470 INFO] Loading dataset from /home/dpk25/MolecularTransformer2/experiments/toy_model/data_9k/.train.0.pt
[2020-08-03 16:19:55,527 INFO] number of examples: 5061
[2020-08-03 16:20:02,836 INFO] Step 116000/125000; acc:  99.97; ppl:  1.00; xent: 0.00; lr: 0.00037; 11908/9140 tok/s;   6435 sec
[2020-08-03 16:20:17,218 INFO] Loading dataset from /home/dpk25/MolecularTransformer2/experiments/toy_model/data_9k/.train.0.pt
[2020-08-03 16:20:17,242 INFO] number of examples: 5061
[2020-08-03 16:20:38,961 INFO] Loading dataset from /home/dpk25/MolecularTransformer2/experiments/toy_model/data_9k/.train.0.pt
[2020-08-03 16:20:39,021 INFO] number of examples: 5061
[2020-08-03 16:21:00,740 INFO] Loading dataset from /home/dpk25/MolecularTransformer2/experiments/toy_model/data_9k/.train.0.pt
[2020-08-03 16:21:00,765 INFO] number of examples: 5061
[2020-08-03 16:21:22,637 INFO] Loading dataset from /home/dpk25/MolecularTransformer2/experiments/toy_model/data_9k/.train.0.pt
[2020-08-03 16:21:22,663 INFO] number of examples: 5061
[2020-08-03 16:21:44,500 INFO] Loading dataset from /home/dpk25/MolecularTransformer2/experiments/toy_model/data_9k/.train.0.pt
[2020-08-03 16:21:44,524 INFO] number of examples: 5061
[2020-08-03 16:22:06,352 INFO] Loading dataset from /home/dpk25/MolecularTransformer2/experiments/toy_model/data_9k/.train.0.pt
[2020-08-03 16:22:06,377 INFO] number of examples: 5061
[2020-08-03 16:22:28,188 INFO] Loading dataset from /home/dpk25/MolecularTransformer2/experiments/toy_model/data_9k/.train.0.pt
[2020-08-03 16:22:28,245 INFO] number of examples: 5061
[2020-08-03 16:22:38,504 INFO] Step 117000/125000; acc:  99.97; ppl:  1.00; xent: 0.00; lr: 0.00037; 11952/9170 tok/s;   6591 sec
[2020-08-03 16:22:50,153 INFO] Loading dataset from /home/dpk25/MolecularTransformer2/experiments/toy_model/data_9k/.train.0.pt
[2020-08-03 16:22:50,177 INFO] number of examples: 5061
[2020-08-03 16:23:11,948 INFO] Loading dataset from /home/dpk25/MolecularTransformer2/experiments/toy_model/data_9k/.train.0.pt
[2020-08-03 16:23:12,010 INFO] number of examples: 5061
[2020-08-03 16:23:33,798 INFO] Loading dataset from /home/dpk25/MolecularTransformer2/experiments/toy_model/data_9k/.train.0.pt
[2020-08-03 16:23:33,823 INFO] number of examples: 5061
[2020-08-03 16:23:55,612 INFO] Loading dataset from /home/dpk25/MolecularTransformer2/experiments/toy_model/data_9k/.train.0.pt
[2020-08-03 16:23:55,636 INFO] number of examples: 5061
[2020-08-03 16:24:17,565 INFO] Loading dataset from /home/dpk25/MolecularTransformer2/experiments/toy_model/data_9k/.train.0.pt
[2020-08-03 16:24:17,621 INFO] number of examples: 5061
[2020-08-03 16:24:39,304 INFO] Loading dataset from /home/dpk25/MolecularTransformer2/experiments/toy_model/data_9k/.train.0.pt
[2020-08-03 16:24:39,328 INFO] number of examples: 5061
[2020-08-03 16:25:00,974 INFO] Loading dataset from /home/dpk25/MolecularTransformer2/experiments/toy_model/data_9k/.train.0.pt
[2020-08-03 16:25:01,043 INFO] number of examples: 5061
[2020-08-03 16:25:14,124 INFO] Step 118000/125000; acc:  99.97; ppl:  1.00; xent: 0.00; lr: 0.00036; 11955/9171 tok/s;   6747 sec
[2020-08-03 16:25:22,799 INFO] Loading dataset from /home/dpk25/MolecularTransformer2/experiments/toy_model/data_9k/.train.0.pt
[2020-08-03 16:25:22,824 INFO] number of examples: 5061
[2020-08-03 16:25:44,707 INFO] Loading dataset from /home/dpk25/MolecularTransformer2/experiments/toy_model/data_9k/.train.0.pt
[2020-08-03 16:25:44,731 INFO] number of examples: 5061
[2020-08-03 16:26:06,556 INFO] Loading dataset from /home/dpk25/MolecularTransformer2/experiments/toy_model/data_9k/.train.0.pt
[2020-08-03 16:26:06,579 INFO] number of examples: 5061
[2020-08-03 16:26:28,304 INFO] Loading dataset from /home/dpk25/MolecularTransformer2/experiments/toy_model/data_9k/.train.0.pt
[2020-08-03 16:26:28,328 INFO] number of examples: 5061
[2020-08-03 16:26:50,082 INFO] Loading dataset from /home/dpk25/MolecularTransformer2/experiments/toy_model/data_9k/.train.0.pt
[2020-08-03 16:26:50,141 INFO] number of examples: 5061
[2020-08-03 16:27:12,036 INFO] Loading dataset from /home/dpk25/MolecularTransformer2/experiments/toy_model/data_9k/.train.0.pt
[2020-08-03 16:27:12,061 INFO] number of examples: 5061
[2020-08-03 16:27:33,704 INFO] Loading dataset from /home/dpk25/MolecularTransformer2/experiments/toy_model/data_9k/.train.0.pt
[2020-08-03 16:27:33,767 INFO] number of examples: 5061
[2020-08-03 16:27:49,551 INFO] Step 119000/125000; acc:  99.97; ppl:  1.00; xent: 0.00; lr: 0.00036; 11971/9186 tok/s;   6902 sec
[2020-08-03 16:27:55,448 INFO] Loading dataset from /home/dpk25/MolecularTransformer2/experiments/toy_model/data_9k/.train.0.pt
[2020-08-03 16:27:55,479 INFO] number of examples: 5061
[2020-08-03 16:28:17,105 INFO] Loading dataset from /home/dpk25/MolecularTransformer2/experiments/toy_model/data_9k/.train.0.pt
[2020-08-03 16:28:17,129 INFO] number of examples: 5061
[2020-08-03 16:28:39,024 INFO] Loading dataset from /home/dpk25/MolecularTransformer2/experiments/toy_model/data_9k/.train.0.pt
[2020-08-03 16:28:39,080 INFO] number of examples: 5061
[2020-08-03 16:29:00,768 INFO] Loading dataset from /home/dpk25/MolecularTransformer2/experiments/toy_model/data_9k/.train.0.pt
[2020-08-03 16:29:00,794 INFO] number of examples: 5061
[2020-08-03 16:29:22,426 INFO] Loading dataset from /home/dpk25/MolecularTransformer2/experiments/toy_model/data_9k/.train.0.pt
[2020-08-03 16:29:22,477 INFO] number of examples: 5061
[2020-08-03 16:29:44,177 INFO] Loading dataset from /home/dpk25/MolecularTransformer2/experiments/toy_model/data_9k/.train.0.pt
[2020-08-03 16:29:44,201 INFO] number of examples: 5061
[2020-08-03 16:30:06,108 INFO] Loading dataset from /home/dpk25/MolecularTransformer2/experiments/toy_model/data_9k/.train.0.pt
[2020-08-03 16:30:06,132 INFO] number of examples: 5061
[2020-08-03 16:30:24,831 INFO] Step 120000/125000; acc:  99.96; ppl:  1.00; xent: 0.00; lr: 0.00036; 11982/9197 tok/s;   7057 sec
[2020-08-03 16:30:24,832 INFO] Loading dataset from /home/dpk25/MolecularTransformer2/experiments/toy_model/data_9k/.valid.0.pt
[2020-08-03 16:30:24,840 INFO] number of examples: 1689
[2020-08-03 16:30:27,721 INFO] Validation perplexity: 1.1194
[2020-08-03 16:30:27,721 INFO] Validation accuracy: 98.4826
[2020-08-03 16:30:27,723 INFO] Saving checkpoint /home/dpk25/rds/hpc-work/toy_model/reduction_9k/toy_model_step_120000.pt
[2020-08-03 16:30:31,140 INFO] Loading dataset from /home/dpk25/MolecularTransformer2/experiments/toy_model/data_9k/.train.0.pt
[2020-08-03 16:30:31,165 INFO] number of examples: 5061
[2020-08-03 16:30:52,872 INFO] Loading dataset from /home/dpk25/MolecularTransformer2/experiments/toy_model/data_9k/.train.0.pt
[2020-08-03 16:30:52,896 INFO] number of examples: 5061
[2020-08-03 16:31:14,557 INFO] Loading dataset from /home/dpk25/MolecularTransformer2/experiments/toy_model/data_9k/.train.0.pt
[2020-08-03 16:31:14,612 INFO] number of examples: 5061
[2020-08-03 16:31:36,467 INFO] Loading dataset from /home/dpk25/MolecularTransformer2/experiments/toy_model/data_9k/.train.0.pt
[2020-08-03 16:31:36,490 INFO] number of examples: 5061
[2020-08-03 16:31:58,213 INFO] Loading dataset from /home/dpk25/MolecularTransformer2/experiments/toy_model/data_9k/.train.0.pt
[2020-08-03 16:31:58,271 INFO] number of examples: 5061
[2020-08-03 16:32:20,018 INFO] Loading dataset from /home/dpk25/MolecularTransformer2/experiments/toy_model/data_9k/.train.0.pt
[2020-08-03 16:32:20,041 INFO] number of examples: 5061
[2020-08-03 16:32:41,821 INFO] Loading dataset from /home/dpk25/MolecularTransformer2/experiments/toy_model/data_9k/.train.0.pt
[2020-08-03 16:32:41,883 INFO] number of examples: 5061
[2020-08-03 16:33:03,416 INFO] Step 121000/125000; acc:  99.97; ppl:  1.00; xent: 0.00; lr: 0.00036; 11733/9005 tok/s;   7216 sec
[2020-08-03 16:33:03,726 INFO] Loading dataset from /home/dpk25/MolecularTransformer2/experiments/toy_model/data_9k/.train.0.pt
[2020-08-03 16:33:03,751 INFO] number of examples: 5061
[2020-08-03 16:33:25,433 INFO] Loading dataset from /home/dpk25/MolecularTransformer2/experiments/toy_model/data_9k/.train.0.pt
[2020-08-03 16:33:25,456 INFO] number of examples: 5061
[2020-08-03 16:33:47,182 INFO] Loading dataset from /home/dpk25/MolecularTransformer2/experiments/toy_model/data_9k/.train.0.pt
[2020-08-03 16:33:47,239 INFO] number of examples: 5061
[2020-08-03 16:34:08,929 INFO] Loading dataset from /home/dpk25/MolecularTransformer2/experiments/toy_model/data_9k/.train.0.pt
[2020-08-03 16:34:08,953 INFO] number of examples: 5061
[2020-08-03 16:34:30,843 INFO] Loading dataset from /home/dpk25/MolecularTransformer2/experiments/toy_model/data_9k/.train.0.pt
[2020-08-03 16:34:30,905 INFO] number of examples: 5061
[2020-08-03 16:34:52,634 INFO] Loading dataset from /home/dpk25/MolecularTransformer2/experiments/toy_model/data_9k/.train.0.pt
[2020-08-03 16:34:52,658 INFO] number of examples: 5061
[2020-08-03 16:35:14,431 INFO] Loading dataset from /home/dpk25/MolecularTransformer2/experiments/toy_model/data_9k/.train.0.pt
[2020-08-03 16:35:14,455 INFO] number of examples: 5061
[2020-08-03 16:35:36,197 INFO] Loading dataset from /home/dpk25/MolecularTransformer2/experiments/toy_model/data_9k/.train.0.pt
[2020-08-03 16:35:36,254 INFO] number of examples: 5061
[2020-08-03 16:35:38,919 INFO] Step 122000/125000; acc:  99.97; ppl:  1.00; xent: 0.00; lr: 0.00036; 11965/9180 tok/s;   7372 sec
[2020-08-03 16:35:58,126 INFO] Loading dataset from /home/dpk25/MolecularTransformer2/experiments/toy_model/data_9k/.train.0.pt
[2020-08-03 16:35:58,150 INFO] number of examples: 5061
[2020-08-03 16:36:19,895 INFO] Loading dataset from /home/dpk25/MolecularTransformer2/experiments/toy_model/data_9k/.train.0.pt
[2020-08-03 16:36:19,953 INFO] number of examples: 5061
[2020-08-03 16:36:40,809 INFO] Loading dataset from /home/dpk25/MolecularTransformer2/experiments/toy_model/data_9k/.train.0.pt
[2020-08-03 16:36:40,832 INFO] number of examples: 5061
[2020-08-03 16:37:00,880 INFO] Loading dataset from /home/dpk25/MolecularTransformer2/experiments/toy_model/data_9k/.train.0.pt
[2020-08-03 16:37:00,932 INFO] number of examples: 5061
[2020-08-03 16:37:21,197 INFO] Loading dataset from /home/dpk25/MolecularTransformer2/experiments/toy_model/data_9k/.train.0.pt
[2020-08-03 16:37:21,220 INFO] number of examples: 5061
[2020-08-03 16:37:41,329 INFO] Loading dataset from /home/dpk25/MolecularTransformer2/experiments/toy_model/data_9k/.train.0.pt
[2020-08-03 16:37:41,352 INFO] number of examples: 5061
[2020-08-03 16:38:01,397 INFO] Loading dataset from /home/dpk25/MolecularTransformer2/experiments/toy_model/data_9k/.train.0.pt
[2020-08-03 16:38:01,445 INFO] number of examples: 5061
[2020-08-03 16:38:06,459 INFO] Step 123000/125000; acc:  99.97; ppl:  1.00; xent: 0.00; lr: 0.00036; 12610/9676 tok/s;   7519 sec
[2020-08-03 16:38:21,518 INFO] Loading dataset from /home/dpk25/MolecularTransformer2/experiments/toy_model/data_9k/.train.0.pt
[2020-08-03 16:38:21,540 INFO] number of examples: 5061
[2020-08-03 16:38:41,742 INFO] Loading dataset from /home/dpk25/MolecularTransformer2/experiments/toy_model/data_9k/.train.0.pt
[2020-08-03 16:38:41,793 INFO] number of examples: 5061
[2020-08-03 16:39:01,809 INFO] Loading dataset from /home/dpk25/MolecularTransformer2/experiments/toy_model/data_9k/.train.0.pt
[2020-08-03 16:39:01,830 INFO] number of examples: 5061
[2020-08-03 16:39:21,946 INFO] Loading dataset from /home/dpk25/MolecularTransformer2/experiments/toy_model/data_9k/.train.0.pt
[2020-08-03 16:39:21,973 INFO] number of examples: 5061
[2020-08-03 16:39:41,994 INFO] Loading dataset from /home/dpk25/MolecularTransformer2/experiments/toy_model/data_9k/.train.0.pt
[2020-08-03 16:39:42,042 INFO] number of examples: 5061
[2020-08-03 16:40:02,202 INFO] Loading dataset from /home/dpk25/MolecularTransformer2/experiments/toy_model/data_9k/.train.0.pt
[2020-08-03 16:40:02,225 INFO] number of examples: 5061
[2020-08-03 16:40:22,390 INFO] Loading dataset from /home/dpk25/MolecularTransformer2/experiments/toy_model/data_9k/.train.0.pt
[2020-08-03 16:40:22,441 INFO] number of examples: 5061
[2020-08-03 16:40:30,052 INFO] Step 124000/125000; acc:  99.97; ppl:  1.00; xent: 0.00; lr: 0.00035; 12958/9947 tok/s;   7663 sec
[2020-08-03 16:40:42,524 INFO] Loading dataset from /home/dpk25/MolecularTransformer2/experiments/toy_model/data_9k/.train.0.pt
[2020-08-03 16:40:42,547 INFO] number of examples: 5061
[2020-08-03 16:41:02,998 INFO] Loading dataset from /home/dpk25/MolecularTransformer2/experiments/toy_model/data_9k/.train.0.pt
[2020-08-03 16:41:03,052 INFO] number of examples: 5061
[2020-08-03 16:41:23,808 INFO] Loading dataset from /home/dpk25/MolecularTransformer2/experiments/toy_model/data_9k/.train.0.pt
[2020-08-03 16:41:23,831 INFO] number of examples: 5061
[2020-08-03 16:41:44,466 INFO] Loading dataset from /home/dpk25/MolecularTransformer2/experiments/toy_model/data_9k/.train.0.pt
[2020-08-03 16:41:44,489 INFO] number of examples: 5061
[2020-08-03 16:42:05,121 INFO] Loading dataset from /home/dpk25/MolecularTransformer2/experiments/toy_model/data_9k/.train.0.pt
[2020-08-03 16:42:05,170 INFO] number of examples: 5061
[2020-08-03 16:42:25,768 INFO] Loading dataset from /home/dpk25/MolecularTransformer2/experiments/toy_model/data_9k/.train.0.pt
[2020-08-03 16:42:25,792 INFO] number of examples: 5061
[2020-08-03 16:42:46,554 INFO] Loading dataset from /home/dpk25/MolecularTransformer2/experiments/toy_model/data_9k/.train.0.pt
[2020-08-03 16:42:46,607 INFO] number of examples: 5061
[2020-08-03 16:42:57,083 INFO] Step 125000/125000; acc:  99.97; ppl:  1.00; xent: 0.00; lr: 0.00035; 12653/9705 tok/s;   7810 sec
[2020-08-03 16:42:57,085 INFO] Saving checkpoint /home/dpk25/rds/hpc-work/toy_model/reduction_9k/toy_model_step_125000.pt
