Changed directory to /home/dpk25/MolecularTransformer2/scripts/toy_model.

JobID: 27072209
======
Time: Mon  3 Aug 14:17:05 BST 2020
Running on master node: gpu-e-72
Current directory: /home/dpk25/MolecularTransformer2/scripts/toy_model

Nodes allocated:
================
gpu-e-72

numtasks=1, numnodes=1, mpi_tasks_per_node=1 (OMP_NUM_THREADS=1)

Executing command:
==================
./test_preds.sh 

[2020-08-03 14:17:22,575 INFO] Translating shard 0.
PRED AVG SCORE: -0.0037, PRED PPL: 1.0037
[14:23:16] SMILES Parse Error: extra close parentheses while parsing: COC(=O)C1C(C)C(CC2CCC(C3CCCCC3)C2)C(C)C12)C(CO)CC1CCCCC1
[14:23:16] 

****
Pre-condition Violation
no atoms
Violation occurred on line 173 in file /opt/conda/conda-bld/rdkit_1578630403331/work/Code/GraphMol/ROMol.cpp
Failed Expression: getNumAtoms() > 0
****

[14:23:16] SMILES Parse Error: extra open parentheses for input: 'CC(C1CCC(C(C)(C)C2CCC(C(C)C(CO)CC3CCCCC32)CC1'
[14:23:16] SMILES Parse Error: unclosed ring for input: 'COC(=O)C(C(C)C1CCCC1)C(C(C)C1CCC(C(C)(C)C2CCCCC2)CC1)C(CO)C1CC'
[14:23:16] SMILES Parse Error: extra close parentheses while parsing: CC(CC1CCC2CC(CO)C2C)CC2CCCCC2C1)C
[14:23:16] 

****
Pre-condition Violation
no atoms
Violation occurred on line 173 in file /opt/conda/conda-bld/rdkit_1578630403331/work/Code/GraphMol/ROMol.cpp
Failed Expression: getNumAtoms() > 0
****

[14:23:16] SMILES Parse Error: extra open parentheses for input: 'CC1C(C=O)CC2C(C)C1CCCC(C2CCC(C3CCCC3)C21'
[14:23:16] SMILES Parse Error: unclosed ring for input: 'CC1C(C(C=O)C2CCCCC2)CCC2C(CC3CCC(C4CCCCC4)CC3)CCC213'
[14:23:16] SMILES Parse Error: extra close parentheses while parsing: CC1C(C2CCCC(C=O)C2C=O)C(C)C2C1C1CCCCC1)C1CCCC1
[14:23:16] 

****
Pre-condition Violation
no atoms
Violation occurred on line 173 in file /opt/conda/conda-bld/rdkit_1578630403331/work/Code/GraphMol/ROMol.cpp
Failed Expression: getNumAtoms() > 0
****

[14:23:16] SMILES Parse Error: extra open parentheses for input: 'CC1C(C=O)CC2CCC(C3CCC(C4CCCCC4)CC2C1C'
[14:23:16] SMILES Parse Error: extra open parentheses for input: 'CC(C)(C1CCCC(C2CC3CCCC(C4CCCCC4)CC3C3CCCCC23)C1'
[14:23:16] SMILES Parse Error: unclosed ring for input: 'CC(C)(C1CCCCC1)C(C=O)C1C(C=O)C1CCC2CCCCC21'
[14:23:16] SMILES Parse Error: extra open parentheses for input: 'CC1C(C=O)CCC1(C1CCCC1'
[14:23:16] SMILES Parse Error: extra open parentheses for input: 'CC1C(C=O)CC2CCCC(CCC3CCC(C4CCCCC4)C21'
[14:23:16] SMILES Parse Error: unclosed ring for input: 'CC1C(C=O)C2CCCCC2CCC1C1CCCCC1CCCC1'
[14:23:16] SMILES Parse Error: unclosed ring for input: 'CC(CCC1CC12CCCCC2C1)C(C=O)CC(C)C1CCCC1'
[14:23:16] SMILES Parse Error: unclosed ring for input: 'CC(CC1CCC(CCC2CC(C)C3CC2)CC2CC1)C(C=O)C1CCCCC1CC1CCCCC1'
[14:23:16] SMILES Parse Error: unclosed ring for input: 'CC1C(C=O)CCCC1C1CCCC1C(C)C2CCCC21'
[14:23:16] SMILES Parse Error: unclosed ring for input: 'CC(C)(C1CC2CCCCC2CC1C=O)C1CCCC2CC1C1CCCCC1'
[14:23:16] SMILES Parse Error: unclosed ring for input: 'CC(C1CCCCC1)C(C=O)C(C=O)CCCC1CCCCC1CCCCC12'
[14:23:16] SMILES Parse Error: extra close parentheses while parsing: CC(CC1CCC2C(C1)CC(C)C2C=O)C1CCCCC1C2C)C1CCCC1
[14:23:16] 

****
Pre-condition Violation
no atoms
Violation occurred on line 173 in file /opt/conda/conda-bld/rdkit_1578630403331/work/Code/GraphMol/ROMol.cpp
Failed Expression: getNumAtoms() > 0
****

[14:23:16] SMILES Parse Error: unclosed ring for input: 'CC1C(C=O)C2CC3CCCCC3CC2C(C)C12'
[14:23:16] SMILES Parse Error: unclosed ring for input: 'CC(CC(C)C(C=O)C(C=O)C1CCCC1)C1CCCC1CCCC1'
[14:23:16] SMILES Parse Error: unclosed ring for input: 'CC(CC1CCC2C(C1)CC(C)C2C=O)C1CCCC1CCC2CCCCC21'
[14:23:16] SMILES Parse Error: extra open parentheses for input: 'CC1CC(C)C(CCC(C=O)CCC1C'
[14:23:16] SMILES Parse Error: extra open parentheses for input: 'CC1C(CCCC(CCC2CCCCC2)CCC(C=O)C1C=O'
[14:23:16] SMILES Parse Error: extra open parentheses for input: 'CC(C1CCC(C2CCCCC2)CC1)C(C=O)C(C=O)C1CCC2C(CCC(C3CCCCC3)CC2C1C'
[14:23:16] SMILES Parse Error: unclosed ring for input: 'CC(C1CC2CCCCC2C1)C1CCC2C1CC2C1CCCC1CCCC2CCCCC21'
[14:23:16] SMILES Parse Error: extra close parentheses while parsing: CC1C(CC2CCCC(C=O)C2C=O)CC2CC(C3CCCC3)CCC2)CC2CCCCC21
[14:23:16] 

****
Pre-condition Violation
no atoms
Violation occurred on line 173 in file /opt/conda/conda-bld/rdkit_1578630403331/work/Code/GraphMol/ROMol.cpp
Failed Expression: getNumAtoms() > 0
****

[14:23:16] SMILES Parse Error: unclosed ring for input: 'CC(C)(C1CCCCC1)C(C=O)C1C(C=O)C1CCCC2CCCCC21'
[14:23:16] SMILES Parse Error: unclosed ring for input: 'CC1CCC(C2CCCCC2C(C)CCC2CCCCC2CCCCC2)C1C=O'
[14:23:16] SMILES Parse Error: unclosed ring for input: 'CC(CC1CCCC1)C(C=O)CC1CCCCC1C1CCCC1CCC2CCCC21'
[14:23:16] SMILES Parse Error: extra open parentheses for input: 'CC1CCC2CCC(CCC(C)C(C=O)CCC3CC4CCCC12'
[14:23:16] SMILES Parse Error: ring closure 1 duplicates bond between atom 17 and atom 18 for input: 'CC1C2CCCCC2CC2C1C(C=O)CCCC1C1CC2CCCCC21'
[14:23:16] SMILES Parse Error: unclosed ring for input: 'CC(C1CC2CCCCC2C1)C1CCC2CCC(CC3CCCCC3)CC2CCCC2C1C=O'
[14:23:16] SMILES Parse Error: extra close parentheses while parsing: CC(C1CCC(C)(C)CC1)C(C=O)C1CCC1)C(C=O)C1
[14:23:16] 

****
Pre-condition Violation
no atoms
Violation occurred on line 173 in file /opt/conda/conda-bld/rdkit_1578630403331/work/Code/GraphMol/ROMol.cpp
Failed Expression: getNumAtoms() > 0
****

[14:23:16] SMILES Parse Error: extra close parentheses while parsing: CC1CC2CC(C(C=O)C(C)C3CCC4CCCCC4C3)CCC2C2CCCCC2)C12
[14:23:16] 

****
Pre-condition Violation
no atoms
Violation occurred on line 173 in file /opt/conda/conda-bld/rdkit_1578630403331/work/Code/GraphMol/ROMol.cpp
Failed Expression: getNumAtoms() > 0
****

[14:23:16] SMILES Parse Error: extra close parentheses while parsing: CC(C)(C1CCCCC1)C(C=O)C1CC2CCCCCC2C1)C1CCCCC1C
[14:23:16] 

****
Pre-condition Violation
no atoms
Violation occurred on line 173 in file /opt/conda/conda-bld/rdkit_1578630403331/work/Code/GraphMol/ROMol.cpp
Failed Expression: getNumAtoms() > 0
****

[14:23:16] SMILES Parse Error: extra close parentheses while parsing: CC1CC2C(C3CCCC(C5CCCCC5)C3CCCCC3)CC3CC(C3CCCCC3)C2)C1C=O
[14:23:16] 

****
Pre-condition Violation
no atoms
Violation occurred on line 173 in file /opt/conda/conda-bld/rdkit_1578630403331/work/Code/GraphMol/ROMol.cpp
Failed Expression: getNumAtoms() > 0
****

[14:23:16] SMILES Parse Error: extra close parentheses while parsing: CC(C1CCCC2CCC(CCCC3CCCCC3)CC2)C1)C1CCCC(C=O)C1C=O
[14:23:16] 

****
Pre-condition Violation
no atoms
Violation occurred on line 173 in file /opt/conda/conda-bld/rdkit_1578630403331/work/Code/GraphMol/ROMol.cpp
Failed Expression: getNumAtoms() > 0
****

[14:23:16] SMILES Parse Error: extra close parentheses while parsing: CC(CC1CC1)C(C=O)CC(C)C(C)C1CCCCC1)CC1CCCC1
[14:23:16] 

****
Pre-condition Violation
no atoms
Violation occurred on line 173 in file /opt/conda/conda-bld/rdkit_1578630403331/work/Code/GraphMol/ROMol.cpp
Failed Expression: getNumAtoms() > 0
****

[14:23:16] SMILES Parse Error: extra open parentheses for input: 'CC1C(C=O)CCC2C(C1)CC(C1CCCCC1)CC(C1CCCC21'
[14:23:16] SMILES Parse Error: extra close parentheses while parsing: CC1C(C2CC2)C(C)C1C1CCC(C2CCCC(C=O)C2C=O)CC2)C1
[14:23:16] 

****
Pre-condition Violation
no atoms
Violation occurred on line 173 in file /opt/conda/conda-bld/rdkit_1578630403331/work/Code/GraphMol/ROMol.cpp
Failed Expression: getNumAtoms() > 0
****

[14:23:16] SMILES Parse Error: extra open parentheses for input: 'CC(C1CCCCC1)C1CCC2CCC(CC(C)C3CCC(C4CCCCC4)CC2C1'
[14:23:16] SMILES Parse Error: extra close parentheses while parsing: CC(CC(CO)C(C)CC12CCC(C(C)C3CCCC3)CC2)C1)C1CCC(C)C2CCCC2)CC1
[14:23:16] 

****
Pre-condition Violation
no atoms
Violation occurred on line 173 in file /opt/conda/conda-bld/rdkit_1578630403331/work/Code/GraphMol/ROMol.cpp
Failed Expression: getNumAtoms() > 0
****

[14:23:16] SMILES Parse Error: extra close parentheses while parsing: CC(CC1CCCCC1)C1CC(CO)C(C)C2CCCCC2)CC2CCCCC21
[14:23:16] 

****
Pre-condition Violation
no atoms
Violation occurred on line 173 in file /opt/conda/conda-bld/rdkit_1578630403331/work/Code/GraphMol/ROMol.cpp
Failed Expression: getNumAtoms() > 0
****

[14:23:16] SMILES Parse Error: extra close parentheses while parsing: CC1CCC(C(C)C2C(CO)C(C)C2CO)CCC2C2CCCCC2)CC1C1CCCCC1
[14:23:16] 

****
Pre-condition Violation
no atoms
Violation occurred on line 173 in file /opt/conda/conda-bld/rdkit_1578630403331/work/Code/GraphMol/ROMol.cpp
Failed Expression: getNumAtoms() > 0
****

[14:23:16] SMILES Parse Error: unclosed ring for input: 'CC(C1CCC2CCC(C34CC5CC(CC(C5)C3)C2)C1)C1CCC(CO)C1CO'
[14:23:16] SMILES Parse Error: extra close parentheses while parsing: CC1C(CO)C(C)C2CC(C)(C)CC3CCCCC3)CCC2C1C1CCCCC1
[14:23:16] 

****
Pre-condition Violation
no atoms
Violation occurred on line 173 in file /opt/conda/conda-bld/rdkit_1578630403331/work/Code/GraphMol/ROMol.cpp
Failed Expression: getNumAtoms() > 0
****

[14:23:16] SMILES Parse Error: unclosed ring for input: 'CC(C1CCC(C2CC(C)(C)C3CCCCC3)CC1)C(CO)C(CO)C1CCCCC1'
[14:23:16] SMILES Parse Error: extra close parentheses while parsing: CC(C1CC2CCCCC2)CC1)C(CO)C1CCCCC1CO
[14:23:16] 

****
Pre-condition Violation
no atoms
Violation occurred on line 173 in file /opt/conda/conda-bld/rdkit_1578630403331/work/Code/GraphMol/ROMol.cpp
Failed Expression: getNumAtoms() > 0
****

[14:23:16] SMILES Parse Error: extra open parentheses for input: 'CC1C(CO)CCCC1C1CCCC1(CCC(CC2CCCC2)C1'
[14:23:16] SMILES Parse Error: ring closure 1 duplicates bond between atom 13 and atom 14 for input: 'CC(C2CCC(C3CCCCC3)C2C1C1CCCCC1)C(CO)C1CCCC1'
[14:23:16] SMILES Parse Error: extra close parentheses while parsing: OCC1CCC(C2CCC(CCC3CCC(C4CCCC4)C3)C2)C2CCCCC2)CC1CO
[14:23:16] 

****
Pre-condition Violation
no atoms
Violation occurred on line 173 in file /opt/conda/conda-bld/rdkit_1578630403331/work/Code/GraphMol/ROMol.cpp
Failed Expression: getNumAtoms() > 0
****

[14:23:16] SMILES Parse Error: extra close parentheses while parsing: CC1CCC(CC(C)C(CO)C2CCCCC2)C(CO)CC2CCCCC2)C1
[14:23:16] 

****
Pre-condition Violation
no atoms
Violation occurred on line 173 in file /opt/conda/conda-bld/rdkit_1578630403331/work/Code/GraphMol/ROMol.cpp
Failed Expression: getNumAtoms() > 0
****

[14:23:16] SMILES Parse Error: extra open parentheses for input: 'CC1C(CO)C2CCCC2CC1C(CO)C1CCC(CCCC1'
[14:23:16] SMILES Parse Error: unclosed ring for input: 'CC1C(C(CO)CCC2CCCCC2)CC2CCCCC2C12'
[14:23:16] SMILES Parse Error: extra close parentheses while parsing: CC1CC2CCCCC2CC1CC(CO)C(C)C1CC2CCCCC2C1)C1CC2CCCCC2C1
[14:23:16] 

****
Pre-condition Violation
no atoms
Violation occurred on line 173 in file /opt/conda/conda-bld/rdkit_1578630403331/work/Code/GraphMol/ROMol.cpp
Failed Expression: getNumAtoms() > 0
****

[14:23:16] SMILES Parse Error: ring closure 1 duplicates bond between atom 19 and atom 20 for input: 'CC(C1CCCCC1)C(CO)CC1CCC2C1CCC1C1CCCCC1C1CCCC1'
[14:23:16] SMILES Parse Error: unclosed ring for input: 'CC(C1CCC(C2C3CC4CC(C3)CC2C4)CC1CO)C1CCC(C2CCCC(C3CCCC3)C2)C1C1'
[14:23:16] SMILES Parse Error: extra close parentheses while parsing: CC1C(CO)C(C)C2(CCC3CCCCC3)CCC2)C(C)C1CO
[14:23:16] 

****
Pre-condition Violation
no atoms
Violation occurred on line 173 in file /opt/conda/conda-bld/rdkit_1578630403331/work/Code/GraphMol/ROMol.cpp
Failed Expression: getNumAtoms() > 0
****

[14:23:16] SMILES Parse Error: unclosed ring for input: 'CC(C1CCC(C2C3CC4CC(CC(C3)C2CO)CC2)CC1)C1CCC(C2CCCC(C3CCCC3)C2)C1'
[14:23:16] SMILES Parse Error: unclosed ring for input: 'CC1C2CCCC2CC(C(C)C(CO)C2CCCCC2)C1CC1CCCCC1CCCCC1'
[14:23:17] SMILES Parse Error: extra close parentheses while parsing: CC(C1CCCC1)C1CCCC(C(C)(C)C(CO)C2CCCC(CO)C3CCCC3)C2)C1
[14:23:17] 

****
Pre-condition Violation
no atoms
Violation occurred on line 173 in file /opt/conda/conda-bld/rdkit_1578630403331/work/Code/GraphMol/ROMol.cpp
Failed Expression: getNumAtoms() > 0
****

[14:23:17] SMILES Parse Error: extra open parentheses for input: 'CC(CC(CO)C(C)C1CCCCC1)C1C2CC3CC(CC(C)C1C32'
[14:23:17] SMILES Parse Error: extra open parentheses for input: 'CC(C1CC1C1CCCC(C(C)C(CO)C2CCCC(C3CCCCC3)C2)C1'
[14:23:17] SMILES Parse Error: ring closure 2 duplicates bond between atom 13 and atom 15 for input: 'CC1C2C(CCC(CO)C2CO)CC2(C)C12'
[14:23:17] SMILES Parse Error: extra close parentheses while parsing: CC(C1CCC(C(C)C2CCCCC2)C2CCCCC2)CC1)C1CCC(CO)C1CO
[14:23:17] 

****
Pre-condition Violation
no atoms
Violation occurred on line 173 in file /opt/conda/conda-bld/rdkit_1578630403331/work/Code/GraphMol/ROMol.cpp
Failed Expression: getNumAtoms() > 0
****

[14:23:17] SMILES Parse Error: unclosed ring for input: 'CC(C1CCCCC1)C1CC(C2CCCCC2)C(CO)C(CO)CC2C1'
[14:23:17] SMILES Parse Error: extra open parentheses for input: 'CC1C(CO)CC2CCCCC2C(CCCC(C)(C)C2CCCCC21'
[14:23:17] SMILES Parse Error: extra close parentheses while parsing: CC1CC2CC(C(C)C3CCCCC3)CC3CCCCC3)CC2C(CO)C1CO
[14:23:17] 

****
Pre-condition Violation
no atoms
Violation occurred on line 173 in file /opt/conda/conda-bld/rdkit_1578630403331/work/Code/GraphMol/ROMol.cpp
Failed Expression: getNumAtoms() > 0
****

[14:23:17] SMILES Parse Error: unclosed ring for input: 'CC1CC2CC(CC(C)C(CO)CC3CC(C4CC3)CC2)CC1C1CC1'
[14:23:17] SMILES Parse Error: unclosed ring for input: 'CC(C1CCCCC1)C(CO)C1CCC(C)(C)CC1CCCCC1'
[14:23:17] SMILES Parse Error: extra close parentheses while parsing: CC(CC1CCCCC1)C1CCC(CC2CC3C(C)C(CO)C(C)C2CO)CC3C2)CC1
[14:23:17] 

****
Pre-condition Violation
no atoms
Violation occurred on line 173 in file /opt/conda/conda-bld/rdkit_1578630403331/work/Code/GraphMol/ROMol.cpp
Failed Expression: getNumAtoms() > 0
****

[14:23:17] SMILES Parse Error: extra close parentheses while parsing: CC(CC1CCCC(CCC2CC(C)C(CO)CC3CCCCC3)C2)C1)C1CCCCC1
[14:23:17] 

****
Pre-condition Violation
no atoms
Violation occurred on line 173 in file /opt/conda/conda-bld/rdkit_1578630403331/work/Code/GraphMol/ROMol.cpp
Failed Expression: getNumAtoms() > 0
****

[14:23:17] SMILES Parse Error: unclosed ring for input: 'CC1C(CC2CCCCC2)C(C)C2C1C(CO)C(CO)CCC1CCCC1C1CCCCC1'
[14:23:17] SMILES Parse Error: extra close parentheses while parsing: CC(C1CCC2C(C1)CC(C)(C)C2CO)CC(CC2CCCCC2)CC1)C1CCCC2CCCCC21
[14:23:17] 

****
Pre-condition Violation
no atoms
Violation occurred on line 173 in file /opt/conda/conda-bld/rdkit_1578630403331/work/Code/GraphMol/ROMol.cpp
Failed Expression: getNumAtoms() > 0
****

[14:23:17] SMILES Parse Error: unclosed ring for input: 'COC(=O)C(C(C)C1CCCCC3)C1CC(CC2CCCC2)CC1CO'
[14:23:17] SMILES Parse Error: unclosed ring for input: 'COC(=O)C1C(C)C(C2CCC3CCCCC3C2)C(CO)C1C(C)C2CCC2CCCCC21'
[14:23:17] SMILES Parse Error: unclosed ring for input: 'COC(=O)C(C(C)C(C)CC3CCC2CCCC2C1)C1CCCC1CO'
[14:23:17] SMILES Parse Error: unclosed ring for input: 'OCC1CCC(CC2CC3CCCC(C3)C3C2CCCCC2)CC1'
[14:23:17] SMILES Parse Error: extra open parentheses for input: 'COC(=O)C(C(C)C1CC(C2CCCCC2)CC2C(C3CCC(C)(C)C3)CCC12'
[14:23:17] SMILES Parse Error: extra open parentheses for input: 'CC1(C(C)C(CC(C)C(CO)CC(C)C2CCCCC2)C1'
[14:23:17] SMILES Parse Error: unclosed ring for input: 'CC(C1CCC(C)(C)CC1)C(CO)C1CC1C1'
[14:23:17] SMILES Parse Error: unclosed ring for input: 'COC(=O)C1C(CO)CCC1C(C)C5CCC(C2CCC(C3CCCCC3)C2)CC1'
[14:23:17] SMILES Parse Error: extra open parentheses for input: 'CC1CCC(C1C(C)C1CCC(CC(CO)C(C)C2CCCCC2)CC1'
[14:23:17] SMILES Parse Error: unclosed ring for input: 'COC(=O)C1C(C)C(CC2CCC(C3CCCCC3)C2)C(C)C12C(CO)CC1CCCCC1'
[14:23:17] SMILES Parse Error: unclosed ring for input: 'COC(=O)C(C(C)C2CCC2CCCCC2C1)C(CO)C1CCCC2CCCCC21'
[14:23:17] SMILES Parse Error: extra open parentheses for input: 'CC1CC(C2CCCCC2C2CCCC(C)C21C(CO)CC1CCCCC1'
[14:23:17] SMILES Parse Error: unclosed ring for input: 'CC1C(CO)CCC2C3C(CCC4C5CCCCCC1CC43)CC(C3CCCC3)C12'
[14:23:17] SMILES Parse Error: unclosed ring for input: 'COC(=O)C(CC3CCC2CCCCC2C1)C(CO)C1CCC2CCCCC2C1'
[14:23:17] SMILES Parse Error: extra open parentheses for input: 'COC(=O)C1C(C(C'
[14:23:17] SMILES Parse Error: unclosed ring for input: 'CC(CC1CC(C)C2CCCCC32)C(CO)C1CCCCC1'
[14:23:17] SMILES Parse Error: unclosed ring for input: 'COC(=O)C1C(C)C2CCCCC2CC12C(CO)CC1CC(C(C)C2CCCC3)CC12'
[14:23:17] SMILES Parse Error: extra open parentheses for input: 'CC1C(CCC(C(C)(C)C2CCCCC2)C1CC(CO)C1CCCCC1'
[14:23:17] SMILES Parse Error: ring closure 2 duplicates bond between atom 19 and atom 20 for input: 'CC(C1CCC(C2CCCC2)CC1)C(CO)C1CCC2(C2CCCC2)C1'
[14:23:17] SMILES Parse Error: extra close parentheses while parsing: CC(CC1CCCC1)C(CO)CCCC1C)C1CCCCC1
[14:23:17] 

****
Pre-condition Violation
no atoms
Violation occurred on line 173 in file /opt/conda/conda-bld/rdkit_1578630403331/work/Code/GraphMol/ROMol.cpp
Failed Expression: getNumAtoms() > 0
****

[14:23:17] SMILES Parse Error: extra close parentheses while parsing: CC1CCCCC1C(CC2CCCCC2)C1)C1CCCC(CO)C1C
[14:23:17] 

****
Pre-condition Violation
no atoms
Violation occurred on line 173 in file /opt/conda/conda-bld/rdkit_1578630403331/work/Code/GraphMol/ROMol.cpp
Failed Expression: getNumAtoms() > 0
****

[14:23:17] SMILES Parse Error: unclosed ring for input: 'COC(=O)C(C3CCCCC1)C(C)C(CO)C1CCC2CCCC21'
[14:23:17] SMILES Parse Error: extra open parentheses for input: 'OCC1CCC(C2CCC(C2C2CCCCC2)CC1'
[14:23:17] SMILES Parse Error: extra close parentheses while parsing: CC1CC(CO)C(C)C2CCCC2)C(C)C2CCCCC2)CC1CO
[14:23:17] 

****
Pre-condition Violation
no atoms
Violation occurred on line 173 in file /opt/conda/conda-bld/rdkit_1578630403331/work/Code/GraphMol/ROMol.cpp
Failed Expression: getNumAtoms() > 0
****

[14:23:17] SMILES Parse Error: unclosed ring for input: 'COC(=O)C(C(C)C1CCC(CCC2CCCCC2)CC1)C(CO)C1CCCCC3'
[14:23:17] SMILES Parse Error: unclosed ring for input: 'CC1C(C2CCCCC2CO)CC2CCCC1C1CCCCC1'
[14:23:17] SMILES Parse Error: extra open parentheses for input: 'CC1(C2CC(C(C)(C)CC3CCCCC3)CCC2C1CO'
[14:23:17] SMILES Parse Error: ring closure 1 duplicates bond between atom 15 and atom 16 for input: 'CC(C1CCC(C2CCCC2)CC1CO)C1C1CC1CCCCC1'
[14:23:17] SMILES Parse Error: unclosed ring for input: 'COC(=O)C(C(C)C2CCC2CCCC2C1)C(CO)C1CCC(C2CCCC2)CC1'
[14:23:17] SMILES Parse Error: unclosed ring for input: 'COC(=O)C1C(CCCC2CCCCC2)C(C(C)(C)C2CCCCC2)C(CO)C12'
[14:23:17] SMILES Parse Error: unclosed ring for input: 'COC(=O)C1CCC(CC2CCC(CCC2CCCC4CCCCC43)C2)CC1CO'
[14:23:17] SMILES Parse Error: extra open parentheses for input: 'OCC1CCC(C2CC3CCCCC3C3CCCCC3C2'
[14:23:17] SMILES Parse Error: unclosed ring for input: 'COC(=O)C(C(C)C1CCCCC1C)C1CCCCC5CO'
[14:23:17] SMILES Parse Error: extra open parentheses for input: 'CC1CC(C)(C(C(C)C(CO)C2CCCCC2)C1C'
[14:23:17] SMILES Parse Error: extra close parentheses while parsing: CC1CCC(C1CCCCC1)C1CCCCC1)C1CCCC(CO)C1C
[14:23:17] 

****
Pre-condition Violation
no atoms
Violation occurred on line 173 in file /opt/conda/conda-bld/rdkit_1578630403331/work/Code/GraphMol/ROMol.cpp
Failed Expression: getNumAtoms() > 0
****

[14:23:17] SMILES Parse Error: extra close parentheses while parsing: CC(C1CCC(C2CC3CCCCC3C(C(C)C3)CCCC3)C2)C1)C1CCCCC1CO
[14:23:17] 

****
Pre-condition Violation
no atoms
Violation occurred on line 173 in file /opt/conda/conda-bld/rdkit_1578630403331/work/Code/GraphMol/ROMol.cpp
Failed Expression: getNumAtoms() > 0
****

[14:23:17] SMILES Parse Error: unclosed ring for input: 'CC1CCCC3C1CCCC(C(CO)C(C)C2CCC(C3CCCCC3)C2)C1'
[14:23:17] SMILES Parse Error: extra close parentheses while parsing: CC(C1CCC(C2CCCCC2)CC1)C1CC(CO)C(C)C1C2CC2)C1
[14:23:17] 

****
Pre-condition Violation
no atoms
Violation occurred on line 173 in file /opt/conda/conda-bld/rdkit_1578630403331/work/Code/GraphMol/ROMol.cpp
Failed Expression: getNumAtoms() > 0
****

[14:23:17] SMILES Parse Error: extra open parentheses for input: 'COC(=O)C(C(C)C1CC1C1CCC(C1)C1C(CO)CC2CCCCC21'
[14:23:17] SMILES Parse Error: extra open parentheses for input: 'CC(C1CCCC(C2C(C)C(CO)CC2(C)C'
[14:23:17] SMILES Parse Error: extra open parentheses for input: 'COC(=O)C(C(C)C1CCC(C(CC2CCCCC2)C1)C1CCCC1CO'
[14:23:17] SMILES Parse Error: unclosed ring for input: 'CC1(C)CC(CC3CCCCC2)CC1CO'
[14:23:17] SMILES Parse Error: extra close parentheses while parsing: COC(=O)C1C(C)C(C)C2CCCC3CCCCCC3)C(CO)C21
[14:23:17] 

****
Pre-condition Violation
no atoms
Violation occurred on line 173 in file /opt/conda/conda-bld/rdkit_1578630403331/work/Code/GraphMol/ROMol.cpp
Failed Expression: getNumAtoms() > 0
****

[14:23:17] SMILES Parse Error: extra open parentheses for input: 'COC(=O)C(C(C)C1CCCCC1)C1CCC(C(C)CC2CCCC2(C)CC1CO'
[14:23:17] SMILES Parse Error: unclosed ring for input: 'COC(=O)C(C(C)CC3CCC(C2CCCCC2)C1)C(CO)C1CCCCC1'
[14:23:17] SMILES Parse Error: extra close parentheses while parsing: CC1C2CO)CCC2C3CCCC3CC12
[14:23:17] 

****
Pre-condition Violation
no atoms
Violation occurred on line 173 in file /opt/conda/conda-bld/rdkit_1578630403331/work/Code/GraphMol/ROMol.cpp
Failed Expression: getNumAtoms() > 0
****

[14:23:17] SMILES Parse Error: unclosed ring for input: 'CC1CC(C2CCCCC2)C2C(C3CCCCC4)CCC2C1CO'
[14:23:17] SMILES Parse Error: extra open parentheses for input: 'CC(C1CC1)C(CC1CCC(C1)CC1CC2CCCCC2C(C)C1CO'
[14:23:17] SMILES Parse Error: unclosed ring for input: 'COC(=O)C1CCC(CCC2CCC(CC3CCCC4C3CCCCC3)CC2)CC1CO'
[14:23:17] SMILES Parse Error: unclosed ring for input: 'CC(CC1CC2C(C(C)C(CO)C2CC2)C1)C1CC2CCC1C2'
[14:23:17] SMILES Parse Error: extra close parentheses while parsing: CC(C)(CO)C1CCCC1C1CCCC1)C1CC1C1CC1
[14:23:17] 

****
Pre-condition Violation
no atoms
Violation occurred on line 173 in file /opt/conda/conda-bld/rdkit_1578630403331/work/Code/GraphMol/ROMol.cpp
Failed Expression: getNumAtoms() > 0
****

[14:23:17] SMILES Parse Error: unclosed ring for input: 'CC1CC2(CCCC4)C(C2CCCCC2)C(C)C1CO'
[14:23:17] SMILES Parse Error: unclosed ring for input: 'CC1C(CO)C(C)C2C1C(CC1CCC3CCCCC51)CC21C(C)CC2CCCCC21'
[14:23:17] SMILES Parse Error: unclosed ring for input: 'OCC1CCC(C2CC3CCC2C32)CC1'
[14:23:17] SMILES Parse Error: extra close parentheses while parsing: COC2C)C(C(C)CC1CCCCCC1)C(CO)CC1CC(C)C2CCCC2C1
[14:23:17] 

****
Pre-condition Violation
no atoms
Violation occurred on line 173 in file /opt/conda/conda-bld/rdkit_1578630403331/work/Code/GraphMol/ROMol.cpp
Failed Expression: getNumAtoms() > 0
****

[14:23:17] SMILES Parse Error: unclosed ring for input: 'COC(=O)C1C(C)C2C(C3CCCC3)CCC2C(CO)C1C1CCCCC5'
[14:23:17] SMILES Parse Error: unclosed ring for input: 'CC(C1CCCC1)C1CCC2(C3)CC1CCCCC1C(C)C2CO'
[14:23:17] SMILES Parse Error: unclosed ring for input: 'COC(=O)C1C(C)C2C(C3CCCC3)CC3CCC2C3CC2C(CO)C1C1CCCCC1'
[14:23:17] SMILES Parse Error: unclosed ring for input: 'COC(=O)C1CC(CCC2CCCC3CCCCC32)C4CO'
[14:23:17] SMILES Parse Error: unclosed ring for input: 'COC(=O)C(C(C)CC1C(C)CCC2CCCCC23)C(CO)C1CCCC1'
[14:23:17] SMILES Parse Error: unclosed ring for input: 'CC1C(C=O)CC(C3CCCCC3)C2C1CO'
[14:23:17] SMILES Parse Error: unclosed ring for input: 'COC(=O)C(C(C)C2CCCCC1)C(CO)C(C)C1CCC(CC2CCCCC2)CC1'
[14:23:17] SMILES Parse Error: extra close parentheses while parsing: COC(=O)C(C(C)CC1CCCCC1)C(CO)C1C)CC1CCCC2CCCCC21
[14:23:17] 

****
Pre-condition Violation
no atoms
Violation occurred on line 173 in file /opt/conda/conda-bld/rdkit_1578630403331/work/Code/GraphMol/ROMol.cpp
Failed Expression: getNumAtoms() > 0
****

[14:23:17] SMILES Parse Error: unclosed ring for input: 'OCC1CCC(CC2CCCC4)C(C2CCCC2)CC1'
[14:23:17] SMILES Parse Error: extra open parentheses for input: 'CC1CC(C2CCC3CCC(C2)C(C)C1CO'
[14:23:17] SMILES Parse Error: unclosed ring for input: 'CC(C1CCC(C2CCCCC2)C1)C(CO)C1CC2C1'
[14:23:17] SMILES Parse Error: unclosed ring for input: 'CC1CC2CC3C(CCC4CCC4CCCCC5C4)CCC3C2C(C)C1CO'
[14:23:17] SMILES Parse Error: extra open parentheses for input: 'CC1CCCC1C(CC(CCCCC1)CC(CO)C(C)C1CCCC1'
[14:23:17] SMILES Parse Error: unclosed ring for input: 'CC(C1CC12CC(C)(C)CCC2C1)C(CO)C1CC1'
[14:23:17] SMILES Parse Error: unclosed ring for input: 'COC(=O)C1CC2CCC(C3CCCC(C4CC5CCCCC1C4)C3)CC2CC1CO'
[14:23:17] SMILES Parse Error: unclosed ring for input: 'OCC1CCC(C2CCC(C3CCCC(C4CCC5C4)C3)CC2)CC1'
[14:23:17] SMILES Parse Error: unclosed ring for input: 'OCC1CCC2C(CCCC2C2CCCC2C2CCCC3CCC232)C1'
[14:23:17] SMILES Parse Error: extra open parentheses for input: 'CC(CCC1(CCCC1)C(CO)C1CCC(C2CCCCC2)C1'
[14:23:17] SMILES Parse Error: unclosed ring for input: 'CC(CC1CC1)C(CO)C1CC1CC(C)C2C(C1)CC1CCCC12'
[14:23:17] SMILES Parse Error: extra open parentheses for input: 'CC1CC(C(C2CCCCC2)C(C)C1C(CO)C(C)C1CCC(C(C)C2CCCC2)CC1'
[14:23:17] SMILES Parse Error: unclosed ring for input: 'CC(CC1CC2CCC3C2)C(CO)CC1CCCCC1'
[14:23:17] SMILES Parse Error: extra close parentheses while parsing: COC(=O)C(C(C)C1CCC2CCC1C2)C1)C1CCCC1CO
[14:23:17] 

****
Pre-condition Violation
no atoms
Violation occurred on line 173 in file /opt/conda/conda-bld/rdkit_1578630403331/work/Code/GraphMol/ROMol.cpp
Failed Expression: getNumAtoms() > 0
****

[14:23:17] SMILES Parse Error: unclosed ring for input: 'CC1C(CO)CCCC1C1CC1CCC(C2CCCC2)C1C'
[14:23:17] SMILES Parse Error: extra close parentheses while parsing: CC1C2C(CO)CCC2C3CCCCC3)CCC12
[14:23:17] 

****
Pre-condition Violation
no atoms
Violation occurred on line 173 in file /opt/conda/conda-bld/rdkit_1578630403331/work/Code/GraphMol/ROMol.cpp
Failed Expression: getNumAtoms() > 0
****

[14:23:17] SMILES Parse Error: unclosed ring for input: 'OCC1CCC(CC2CCCC4C2CC2)C1'
[14:23:17] SMILES Parse Error: unclosed ring for input: 'OCC1CCC(CC2CC3CCC4CC3)CC1'
[14:23:17] SMILES Parse Error: unclosed ring for input: 'CC1C(CO)CC2CC(CC3CCCC3)CCC2C1C3CCCCC1'
[14:23:17] SMILES Parse Error: extra close parentheses while parsing: COC(=O)C1C(C)CCC1C(C)CCC2CCCCC2)C1CO
[14:23:17] 

****
Pre-condition Violation
no atoms
Violation occurred on line 173 in file /opt/conda/conda-bld/rdkit_1578630403331/work/Code/GraphMol/ROMol.cpp
Failed Expression: getNumAtoms() > 0
****

[14:23:17] SMILES Parse Error: unclosed ring for input: 'COC(=O)C(C(CO)C1CC2CCC3CC2)C(C)(C)C1CCCCC1'
[14:23:17] SMILES Parse Error: unclosed ring for input: 'COC(=O)C1C(CO)CCC2C1C(C)C(CC1CCCC1CCCC31)CC2(C)C'
[14:23:17] SMILES Parse Error: unclosed ring for input: 'COC(=O)C(C(C)CC3CCC2CCCC2C1)C(CO)CCCC1C(C)CC2CCCCC2C1C'
[14:23:17] SMILES Parse Error: unclosed ring for input: 'CC(CC(C)(C)C2CCCCC1)C(CO)C1CCCC2CCCCC21'
[14:23:17] SMILES Parse Error: unclosed ring for input: 'CC1(C)C2CC3CCCCC3C2C2CCCC(CO)CC1'
[14:23:17] SMILES Parse Error: unclosed ring for input: 'CC(C1CC2CC(C1)C1CCC(C2CCCCC3)C(C)C1C2)C1CCCCC1CO'
[14:23:17] SMILES Parse Error: extra open parentheses for input: 'CC(CC1CC(CC(CO)C(C)CC2CCCCC2)C2CCC(C3CCCCC3)C21'
[14:23:17] SMILES Parse Error: unclosed ring for input: 'CC1CCCC3C1CCCC(C(C)C(CO)C2CCC3CCCC3C2)C1'
[14:23:17] SMILES Parse Error: extra open parentheses for input: 'COC(=O)C(C(C)CC1CC(CC1)C(CO)C1CC(C)C2CCC(C3CCCCC3)C2C1'
[14:23:17] SMILES Parse Error: unclosed ring for input: 'COC(=O)C1C(C)CC2CCC(C(C)(C)C3CCC(C(C)CC3CCCCC4)CC3)CC2C1CO'
[14:23:17] SMILES Parse Error: unclosed ring for input: 'COC(=O)C(C(C)CC1CCC32CCC2)C(CO)CCC(C)C1CCCCC1'
[14:23:17] SMILES Parse Error: ring closure 1 duplicates bond between atom 18 and atom 19 for input: 'COC(=O)C(C(C)C1CCCCC1)C(CO)C(C)C1C1CCCC1CCCCC1'
[14:23:17] SMILES Parse Error: extra open parentheses for input: 'CC(CC1CC(CC(CO)C(C)CC2CCCC2)CC2CCC(C3CCCC12'
[14:23:17] SMILES Parse Error: extra open parentheses for input: 'CC(C1CC1'
[14:23:17] SMILES Parse Error: ring closure 2 duplicates bond between atom 17 and atom 18 for input: 'CC(C(CO)CCCC1CCCCC1)C1CCC2(C2CC2)C1'
[14:23:17] SMILES Parse Error: extra open parentheses for input: 'CC(C(CO)C1CCCC1'
[14:23:17] SMILES Parse Error: unclosed ring for input: 'CC1(C)CC(C2CCCC2)CC3CO'
[14:23:17] SMILES Parse Error: extra close parentheses while parsing: CC1CCC(C(C)CC2CCCCC2)CC1C1CCCCC1CO)C1C
[14:23:17] 

****
Pre-condition Violation
no atoms
Violation occurred on line 173 in file /opt/conda/conda-bld/rdkit_1578630403331/work/Code/GraphMol/ROMol.cpp
Failed Expression: getNumAtoms() > 0
****

[14:23:17] SMILES Parse Error: unclosed ring for input: 'CC1CC(C2CCCCC2C2CC4)CC1CO'
[14:23:17] SMILES Parse Error: unclosed ring for input: 'CC(C1CCC1CO)C1C2CCC3(CC(CCC4CCCCC4)C(C)C53)C2'
[14:23:17] SMILES Parse Error: unclosed ring for input: 'CC(CC1CCCCC1)C(CO)CC(C)C1C2CCCCC2'
[14:23:17] SMILES Parse Error: extra close parentheses while parsing: COC2O)C(C(C)C1CCCCCC1)C(CO)C1CCCC(C(C)C2CCCCC2)C1
[14:23:17] 

****
Pre-condition Violation
no atoms
Violation occurred on line 173 in file /opt/conda/conda-bld/rdkit_1578630403331/work/Code/GraphMol/ROMol.cpp
Failed Expression: getNumAtoms() > 0
****

[14:23:17] SMILES Parse Error: unclosed ring for input: 'CC(CC1CCC(CC2CC2)C1)C(CO)CC1CCC2C1'
[14:23:17] SMILES Parse Error: extra close parentheses while parsing: CC(CC1CCCC1)C1CCC2C(C)C(CO)CC2CCC3CCCC3C2)CC1
[14:23:17] 

****
Pre-condition Violation
no atoms
Violation occurred on line 173 in file /opt/conda/conda-bld/rdkit_1578630403331/work/Code/GraphMol/ROMol.cpp
Failed Expression: getNumAtoms() > 0
****

[14:23:17] SMILES Parse Error: unclosed ring for input: 'CC(C(CO)CCCC1CC1CC1)C1CC2CCCCC2C1'
[14:23:17] SMILES Parse Error: extra close parentheses while parsing: CC1C2CC2CCCC2)C(CCC2CC3CCCCC3C2)CC2CCCC(CO)C21
[14:23:17] 

****
Pre-condition Violation
no atoms
Violation occurred on line 173 in file /opt/conda/conda-bld/rdkit_1578630403331/work/Code/GraphMol/ROMol.cpp
Failed Expression: getNumAtoms() > 0
****

[14:23:17] SMILES Parse Error: unclosed ring for input: 'COC(=O)C1CCC(C2CCCC3(CCC4CCCCC4)C2)CC1CO'
[14:23:17] SMILES Parse Error: extra open parentheses for input: 'COC(=O)C(C(C)C1CCC(CC(C)(C)C2CCCCC2)CC1CO)C1C(C)CC2(CCCCC21'
[14:23:17] SMILES Parse Error: unclosed ring for input: 'COC(=O)C(C(C)C1CCCCC3)C1C(CO)CC2CCCC21'
[14:23:17] SMILES Parse Error: extra open parentheses for input: 'COC(=O)C(C(C)CC1CC(CC1)C(CO)C1CC(C2CCCCC2)CC2CCCCC21'
[14:23:17] SMILES Parse Error: unclosed ring for input: 'COC(=O)C1CCC(CCCCC2CCC(C3CCCC4)C(C3CCCC3)C2)CC1CO'
[14:23:17] SMILES Parse Error: unclosed ring for input: 'COC(=O)C(C(CO)CC1CCC2CCCC2C1)C1CCCC1CCCC1'
[14:23:17] SMILES Parse Error: unclosed ring for input: 'COC(=O)C(C(C)CC3CCC(CC2CCCCC2)CC1)C(CO)C1CCC2CCCCC21'
[14:23:17] SMILES Parse Error: unclosed ring for input: 'COC2C(C)C(CO)CCCC1C(C)C1CCC(C(C)(C)C2CCCCC2)CC1'
[14:23:17] SMILES Parse Error: extra close parentheses while parsing: COC(=O)C(C(CO)CC1CCC2CCCCC21)C1C)C1CCCC(C2CC3CCCCC3C2)C1
[14:23:17] 

****
Pre-condition Violation
no atoms
Violation occurred on line 173 in file /opt/conda/conda-bld/rdkit_1578630403331/work/Code/GraphMol/ROMol.cpp
Failed Expression: getNumAtoms() > 0
****

[14:23:17] SMILES Parse Error: ring closure 1 duplicates bond between atom 23 and atom 24 for input: 'COC(=O)C(C(C)C1CCCC(CC(C)C2CC3CCC2C3)C1)C1C1CO'
[14:23:17] SMILES Parse Error: unclosed ring for input: 'CC(C1CCC2C1)C(CO)C1CCC(C2CC3CCCCC3C2)C1'
[14:23:17] SMILES Parse Error: unclosed ring for input: 'CC1CCC(C(C)C2CC2)CC3CO'
[14:23:17] SMILES Parse Error: unclosed ring for input: 'OCC1CCC(CC(C2CCCCC2)C2CC23CCCCC3C2)CC1'
[14:23:17] SMILES Parse Error: unclosed ring for input: 'CC(CC(CO)C(C)C1CCCCC1)C1CCCCC1CCCCC1'
[14:23:17] SMILES Parse Error: unclosed ring for input: 'CC1(C)CC(CCC3CCC(C3CCCCC3)C2)CC1CO'
[14:23:17] SMILES Parse Error: unclosed ring for input: 'CC1C(C2CCCC2CCC3CCCC3C2)C1C(CO)C1CCCCC1'
[14:23:17] SMILES Parse Error: unclosed ring for input: 'COC2C(C)C(C2CCCCCC2)C(CO)C2CC(CC3CCCCC3)C(C)C21'
[14:23:17] SMILES Parse Error: unclosed ring for input: 'CC(C)(CC1CCCCC1)C(CO)CC(C5CCCC1)C1CCC2CCCCC2C1'
[14:23:17] SMILES Parse Error: unclosed ring for input: 'CC1CC(C(C)C(CO)CCCC2CC2)CC1C1CC2CC1'
[14:23:17] SMILES Parse Error: unclosed ring for input: 'COC(=O)C(C(CO)C1CCCC1)C1CCC2(CC2CCCCC2)C1C'
[14:23:17] SMILES Parse Error: extra close parentheses while parsing: CC(C1CCC2CCCCC2)CC1)C(CO)CC(C)(C)C1CCCCC1
[14:23:17] 

****
Pre-condition Violation
no atoms
Violation occurred on line 173 in file /opt/conda/conda-bld/rdkit_1578630403331/work/Code/GraphMol/ROMol.cpp
Failed Expression: getNumAtoms() > 0
****

[14:23:17] SMILES Parse Error: unclosed ring for input: 'CC1C(CO)CCC3C1CCC2CCCCC2C1'
[14:23:17] SMILES Parse Error: unclosed ring for input: 'COC(=O)C(C(C)C1CCCC1C1CC1CCCC1)C1CCCCC1CO'
[14:23:17] SMILES Parse Error: unclosed ring for input: 'OCC1CCC(CC2CCC(C3CCCC4CCCC53)CC2)CC1'
[14:23:17] SMILES Parse Error: unclosed ring for input: 'OCC1CCC2C(C1)CC(C1CCCC3CCCCC34)C1CCCC21'
[14:23:17] SMILES Parse Error: ring closure 1 duplicates bond between atom 15 and atom 16 for input: 'CC(C1CCCCC1CO)C1CCCC1C1C1'
[14:23:17] SMILES Parse Error: unclosed ring for input: 'CC1C2CCC(C3CCCCC3)CC2CCC1C5CCCCC1CO'
[14:23:17] SMILES Parse Error: unclosed ring for input: 'COC(=O)C1C(C)C(C)C(C23CC4CC(CC(C4)C2CO)C1)C1C'
[14:23:17] SMILES Parse Error: unclosed ring for input: 'COC(=O)C(C(C)C1CCCCC3)C(CO)C1CCC(C2CC2)C1'
[14:23:17] SMILES Parse Error: ring closure 1 duplicates bond between atom 9 and atom 10 for input: 'CC(CC1CCCCC1C1C1)C(CO)C1CCCCCC1'
[14:23:17] SMILES Parse Error: unclosed ring for input: 'COC(=O)C(C(C)C2CC2CCCCC2CC1C)C(CO)C1CCC2CCCCC2C1'
[14:23:17] SMILES Parse Error: extra open parentheses for input: 'CC(CC(CC2CCCCC2C1)C1CCC(C2C(C)CC(CO)C2C)CC1'
[14:23:17] SMILES Parse Error: unclosed ring for input: 'OCC1CCC(CC2CCC(C3CC3)C2)C5'
[14:23:17] SMILES Parse Error: unclosed ring for input: 'CC(CCC1CCCC5)C(CO)C1CCCC(C2CC3CCCCC3C2)C1'
[14:23:17] SMILES Parse Error: extra close parentheses while parsing: COC(=O)C1CCC(C2CCCC(C3CCCC5C4CCCC4)C3)C2)CC1CO
[14:23:17] 

****
Pre-condition Violation
no atoms
Violation occurred on line 173 in file /opt/conda/conda-bld/rdkit_1578630403331/work/Code/GraphMol/ROMol.cpp
Failed Expression: getNumAtoms() > 0
****

[14:23:17] SMILES Parse Error: extra open parentheses for input: 'CC(CC1CC(CC(CO)C(C)CC2CCCCC2)C1CCCC(C(C)C2CCCCC2)C1'
[14:23:17] SMILES Parse Error: unclosed ring for input: 'COC(=O)C1CC(C2CC2)CC3CO'
[14:23:17] SMILES Parse Error: unclosed ring for input: 'OCC1CCC(CCC2CCCC3CC(C4CCC5C4)CC23)CC1'
[14:23:17] SMILES Parse Error: extra close parentheses while parsing: CC(CC1C(C)CCC1C(C)C2CCCCC2)C2CCCCC12)C(CO)C1CCCCC1
[14:23:17] 

****
Pre-condition Violation
no atoms
Violation occurred on line 173 in file /opt/conda/conda-bld/rdkit_1578630403331/work/Code/GraphMol/ROMol.cpp
Failed Expression: getNumAtoms() > 0
****

[14:23:17] SMILES Parse Error: extra close parentheses while parsing: CC1C(CC2CCCC2)C(C)C2C3CCCCC3CCCCC3C2)C1CO
[14:23:17] 

****
Pre-condition Violation
no atoms
Violation occurred on line 173 in file /opt/conda/conda-bld/rdkit_1578630403331/work/Code/GraphMol/ROMol.cpp
Failed Expression: getNumAtoms() > 0
****

[14:23:17] SMILES Parse Error: extra close parentheses while parsing: COC(=O)C(C(C)CC1CCCCC1C)C(CO)C1C1CCCCC1)C1CCCCC1
[14:23:17] 

****
Pre-condition Violation
no atoms
Violation occurred on line 173 in file /opt/conda/conda-bld/rdkit_1578630403331/work/Code/GraphMol/ROMol.cpp
Failed Expression: getNumAtoms() > 0
****

[14:23:17] SMILES Parse Error: extra open parentheses for input: 'COC(=O)C(C(C)C1CCCC1)C(C(C)C1CCC(C(C)(C)C2CCCCC2)CC1)C(CO'
[14:23:17] SMILES Parse Error: unclosed ring for input: 'CC(C1CC2CCCCC2C2CCC(CCC1CCCCC3)CC2C1)C1CCCCC1CO'
[14:23:17] SMILES Parse Error: extra close parentheses while parsing: COC(=O)C1C(C)CC1C)C(C(C)(C)CC2CCCCC2)C1CO
[14:23:17] 

****
Pre-condition Violation
no atoms
Violation occurred on line 173 in file /opt/conda/conda-bld/rdkit_1578630403331/work/Code/GraphMol/ROMol.cpp
Failed Expression: getNumAtoms() > 0
****

[14:23:17] SMILES Parse Error: unclosed ring for input: 'CC1CCC(CCCC(CO)C(C)C2CCCCC2)CC1CCC(CC2CCCCC2)CC1'
[14:23:17] SMILES Parse Error: unclosed ring for input: 'CC(C1CCC2CC3CCCCC3C2C1)C(CO)C1CCC2C1'
[14:23:17] SMILES Parse Error: unclosed ring for input: 'CC1CC(C2CCCCCC2CCC3CCCC3C2)CCC1CO'
[14:23:17] SMILES Parse Error: unclosed ring for input: 'COC(=O)C(C1CC3)C(C)C(CO)C1CCC2CCCCC2C1C'
[14:23:17] SMILES Parse Error: unclosed ring for input: 'COC(=O)C1CCC(C2CCCC3)CC1CO'
[14:23:17] SMILES Parse Error: extra close parentheses while parsing: CC1C2CC(C2CCCCC2)C(C)C2CCCCC2)CC2CCCCC2C1CO
[14:23:17] 

****
Pre-condition Violation
no atoms
Violation occurred on line 173 in file /opt/conda/conda-bld/rdkit_1578630403331/work/Code/GraphMol/ROMol.cpp
Failed Expression: getNumAtoms() > 0
****

[14:23:17] SMILES Parse Error: ring closure 1 duplicates bond between atom 11 and atom 12 for input: 'CC(C1CCCCC1)C(CO)C1C1C1C1CCCC1'
[14:23:17] SMILES Parse Error: unclosed ring for input: 'COC(=O)C1C(C)C(C2CCC3C2)C(C)C(C(CO)C2CCC3CCCCC32)C1C'
[14:23:17] SMILES Parse Error: unclosed ring for input: 'OCC1CCC(C2CC3CC4CCCCC4C3C3CCCCC53)CC1'
[14:23:17] SMILES Parse Error: unclosed ring for input: 'COC(=O)C(C(C)CC1CCCCC1)C(CO)C1CCC2(CC2CCCCC2)C1'
[14:23:17] SMILES Parse Error: extra close parentheses while parsing: CC1C(C2CCCC2CC(C3CCCCC3)CCC2C2CCCCC2)C1)C1CCCCC1CO
[14:23:17] 

****
Pre-condition Violation
no atoms
Violation occurred on line 173 in file /opt/conda/conda-bld/rdkit_1578630403331/work/Code/GraphMol/ROMol.cpp
Failed Expression: getNumAtoms() > 0
****

[14:23:17] SMILES Parse Error: unclosed ring for input: 'COC(=O)C1CC(CCCC2CCC(C3CCCC5CCCCC43)CC2)CC1CO'
[14:23:17] SMILES Parse Error: unclosed ring for input: 'COC(=O)C(C(C)C(C)CC3CC1)C1CCCCC1CO'
[14:23:17] SMILES Parse Error: extra open parentheses for input: 'CC(C1CCC(C'
[14:23:17] SMILES Parse Error: extra close parentheses while parsing: COC(=O)C1C(CO)CCCC1C(C)C1CCC(C2CCCC3CC4CC4CCCCC4)CCC32)C1
[14:23:17] 

****
Pre-condition Violation
no atoms
Violation occurred on line 173 in file /opt/conda/conda-bld/rdkit_1578630403331/work/Code/GraphMol/ROMol.cpp
Failed Expression: getNumAtoms() > 0
****

[14:23:17] SMILES Parse Error: unclosed ring for input: 'CC(C(CO)C1CCCCC1)C1CC2CCC5C2'
[14:23:17] SMILES Parse Error: extra open parentheses for input: 'COC(=O)C1C(C)C(C(CO)C2CCC(C2)C(C)C1C1CCC(C2CCCCC2)CC1'
[14:23:17] SMILES Parse Error: unclosed ring for input: 'OCC1CCC(C2CC3C4CCCCC4CC3C3CCCCC53)CC1'
[14:23:17] SMILES Parse Error: unclosed ring for input: 'COC(=O)C(C(C)C1CCCCC3)C1CC2CCCCC2C1CO'
[14:23:17] SMILES Parse Error: unclosed ring for input: 'OCC1CCC(C2CCCC4C2CCCC2)CC1'
[14:23:17] SMILES Parse Error: ring closure 2 duplicates bond between atom 6 and atom 7 for input: 'CC1CC(CCC2C2CC(C3CCCC3)CC2)CCC1CO'
[14:23:17] SMILES Parse Error: unclosed ring for input: 'COC(=O)C(C(C)CC1CC2CCC3C2)C(CO)C1CCCCC1'
[14:23:17] SMILES Parse Error: extra open parentheses for input: 'CC(CC1CC(CC(CO)C(C)CC2CCCCC2)CC1CCC(CC2CCCCC2)CC1'
[14:23:17] SMILES Parse Error: extra close parentheses while parsing: COC(=O)C(C(C)CC1CCCCC1)C(CO)CCC1C)C1CCCC1
[14:23:17] 

****
Pre-condition Violation
no atoms
Violation occurred on line 173 in file /opt/conda/conda-bld/rdkit_1578630403331/work/Code/GraphMol/ROMol.cpp
Failed Expression: getNumAtoms() > 0
****

[14:23:17] SMILES Parse Error: unclosed ring for input: 'COC(=O)C(C(C)C2CCC2CCCCC21)C(CO)C1CCC(C2CCCCC2)CC1'
[14:23:17] SMILES Parse Error: extra close parentheses while parsing: CC(CC(CO)C(C)CC1CCCCC1)C1CCCC1)C1CCCCC1
[14:23:17] 

****
Pre-condition Violation
no atoms
Violation occurred on line 173 in file /opt/conda/conda-bld/rdkit_1578630403331/work/Code/GraphMol/ROMol.cpp
Failed Expression: getNumAtoms() > 0
****

[14:23:17] SMILES Parse Error: unclosed ring for input: 'CC(C1CCC(C2CCC3CCCCC3C2)CC1)C1CCCCC3CO'
[14:23:17] SMILES Parse Error: unclosed ring for input: 'CC(CC1C(C)C1CC2CCCC2C1)C(CO)CC1CCCCC1'
[14:23:17] SMILES Parse Error: extra open parentheses for input: 'OCC1CCC(CC2CCC2'
[14:23:17] SMILES Parse Error: extra close parentheses while parsing: COC(=O)C1C(CO)CC1C2CCCCC2)C(C)C1C
[14:23:17] 

****
Pre-condition Violation
no atoms
Violation occurred on line 173 in file /opt/conda/conda-bld/rdkit_1578630403331/work/Code/GraphMol/ROMol.cpp
Failed Expression: getNumAtoms() > 0
****

[14:23:17] SMILES Parse Error: extra close parentheses while parsing: CC(C)(C)(C)C1CCCCC1)C(CO)C1CCCCC1
[14:23:17] 

****
Pre-condition Violation
no atoms
Violation occurred on line 173 in file /opt/conda/conda-bld/rdkit_1578630403331/work/Code/GraphMol/ROMol.cpp
Failed Expression: getNumAtoms() > 0
****

[14:23:17] SMILES Parse Error: extra open parentheses for input: 'CC(C)(C(CCCCC1)C(CO)C(C1CCCCC1)C1CCCC1'
[14:23:17] SMILES Parse Error: extra open parentheses for input: 'OCC1CCC(CC2CCC2'
[14:23:17] SMILES Parse Error: unclosed ring for input: 'OCC1CCC(C2CCCC2CC2CCC(CC3CCCC4CCC5C43)CC2)CC1'
[14:23:17] SMILES Parse Error: unclosed ring for input: 'OCC1CCC(C2CCC(CC3CCC(C4CC4CCCCC5C4)CC3)C2)C1'
[14:23:17] SMILES Parse Error: unclosed ring for input: 'CC(CC(CC1CCC(CO)C1CCCCC1)C1CCCCC1)C1CCCCC1'
[14:23:17] SMILES Parse Error: unclosed ring for input: 'COC(=O)C(C(C)C1CCCC3C1CCC2CCCCC2C1)C1CC2CCCC2CC1CO'
[14:23:17] SMILES Parse Error: unclosed ring for input: 'CC1CC(C2CCCCC2)CC1CC1CCC(CO)C1CCCCC1'
[14:23:17] SMILES Parse Error: unclosed ring for input: 'CC(C1CCCCC1CO)C1CCCC12C(C)C(CC1CCCCC1)C1CCCCC1'
[14:23:17] SMILES Parse Error: unclosed ring for input: 'COC(=O)C(C(C)C1CCCCC3)C1C(C)CCC1CO'
[14:23:17] SMILES Parse Error: extra close parentheses while parsing: CC1C2CCCCCCC2CO)C(C)C2C(C3CCCCC3)CC(C3CCCCC3)C12
[14:23:17] 

****
Pre-condition Violation
no atoms
Violation occurred on line 173 in file /opt/conda/conda-bld/rdkit_1578630403331/work/Code/GraphMol/ROMol.cpp
Failed Expression: getNumAtoms() > 0
****

[14:23:17] SMILES Parse Error: extra close parentheses while parsing: CC(C)(C(CO)CC1C1CCCCC1)C1CCC2CCCCC21)C1CCCCC1
[14:23:17] 

****
Pre-condition Violation
no atoms
Violation occurred on line 173 in file /opt/conda/conda-bld/rdkit_1578630403331/work/Code/GraphMol/ROMol.cpp
Failed Expression: getNumAtoms() > 0
****

[14:23:17] SMILES Parse Error: unclosed ring for input: 'OCC1CCC(C2CCC(CC3CCC3(CCC4)CC3)CC2)C1'
[14:23:17] SMILES Parse Error: unclosed ring for input: 'COC(=O)C1CCC(C2CCC(CCC2CC4CCCCC4C3)C2)CC1CO'
[14:23:17] SMILES Parse Error: extra close parentheses while parsing: CC1CC2CCCC(C(C)CC3CCCC(C4CCCC4)C3)C2)C1CO
[14:23:17] 

****
Pre-condition Violation
no atoms
Violation occurred on line 173 in file /opt/conda/conda-bld/rdkit_1578630403331/work/Code/GraphMol/ROMol.cpp
Failed Expression: getNumAtoms() > 0
****

[14:23:17] SMILES Parse Error: unclosed ring for input: 'COC(=O)C1C(C)CC(C2CCC4CC(CC(C4)C2)C3)CC1CO'
[14:23:17] SMILES Parse Error: unclosed ring for input: 'COC(=O)C(C(C)C1C(CO)CC2CCCCC2C)C1C(C)C2CCCCC2C1C'
[14:23:17] SMILES Parse Error: unclosed ring for input: 'CC1C(C2CC2CCCCC2)CC2CCCCC2C1CO'
[14:23:17] SMILES Parse Error: unclosed ring for input: 'CC1C(CO)CCC1C1CC1CCCC1'
[14:23:17] SMILES Parse Error: unclosed ring for input: 'CC1C(CO)CCC2CC3CCCCC3C(C3CCCCC5)C21'
[14:23:17] SMILES Parse Error: unclosed ring for input: 'COC2C(C)C(C)CC2(CCCCC(C)(C)C2)C1CO'
[14:23:17] SMILES Parse Error: unclosed ring for input: 'OCC1CCC(C2CCC(C(C3CCCC4)C3CCC(C4CCCCC4)C3)C2)CC1'
[14:23:17] SMILES Parse Error: extra close parentheses while parsing: COC(=O)C(C(C)CC1CCCCC1)C(CO)C1CCCC1C)C1
[14:23:17] 

****
Pre-condition Violation
no atoms
Violation occurred on line 173 in file /opt/conda/conda-bld/rdkit_1578630403331/work/Code/GraphMol/ROMol.cpp
Failed Expression: getNumAtoms() > 0
****

[14:23:17] SMILES Parse Error: ring closure 1 duplicates bond between atom 18 and atom 19 for input: 'CC(C1CC(C2CCCCC2)CC1CO)C1CC1C1C1CCCCC1'
[14:23:17] SMILES Parse Error: unclosed ring for input: 'CC(CC1CCC32CCCC2)C(CO)C1CCC2CCCC2C1'
[14:23:17] SMILES Parse Error: unclosed ring for input: 'CC(C1CCCC1CO)C1CC(C2CCCCC2)C2CCCCC2C5(C)C'
[14:23:17] SMILES Parse Error: extra open parentheses for input: 'CC(CC1CC(C1)C(CO)CCC1CC(C2CCCCC2)CCC1C'
[14:23:17] SMILES Parse Error: extra close parentheses while parsing: COC(=O)C1C(C)CC1C)C1CO
[14:23:17] 

****
Pre-condition Violation
no atoms
Violation occurred on line 173 in file /opt/conda/conda-bld/rdkit_1578630403331/work/Code/GraphMol/ROMol.cpp
Failed Expression: getNumAtoms() > 0
****

[14:23:17] SMILES Parse Error: unclosed ring for input: 'CC(C1CCC(CCC2CCCCC2)CC1)C1CCCC5CO'
[14:23:17] SMILES Parse Error: extra close parentheses while parsing: COC(=O)C(C1CCCCC1)C(C)C(CO)C1CCCC1C1CCC2CCCCC2C2CCCCC2)CC1
[14:23:17] 

****
Pre-condition Violation
no atoms
Violation occurred on line 173 in file /opt/conda/conda-bld/rdkit_1578630403331/work/Code/GraphMol/ROMol.cpp
Failed Expression: getNumAtoms() > 0
****

[14:23:17] SMILES Parse Error: extra open parentheses for input: 'CC(C1CCCCC1CO'
[14:23:17] SMILES Parse Error: extra close parentheses while parsing: CC1C2CCC(C(C)(C)C2CCCC2)CC1CO)C1CCC2CCCCC21
[14:23:17] 

****
Pre-condition Violation
no atoms
Violation occurred on line 173 in file /opt/conda/conda-bld/rdkit_1578630403331/work/Code/GraphMol/ROMol.cpp
Failed Expression: getNumAtoms() > 0
****

[14:23:17] SMILES Parse Error: extra open parentheses for input: 'CC1C(CCC(C2CCCCC2)CC1CC1CCC(CC2C(C)C(CO)CC3CCCCC32)C1'
[14:23:17] SMILES Parse Error: extra close parentheses while parsing: CC1CCC(CO)C(C)C1CCCCC1)C1CCCCC1
[14:23:17] 

****
Pre-condition Violation
no atoms
Violation occurred on line 173 in file /opt/conda/conda-bld/rdkit_1578630403331/work/Code/GraphMol/ROMol.cpp
Failed Expression: getNumAtoms() > 0
****

[14:23:17] SMILES Parse Error: unclosed ring for input: 'COC(=O)C(C(C)C1CCCCC3CO)C1C(C)C2CCCCC2C1C'
[14:23:17] SMILES Parse Error: extra close parentheses while parsing: CC(C1CC2CCCCC2C1)C1CCC(C(C)(C)C2CCCCC2)C1)CO
[14:23:17] 

****
Pre-condition Violation
no atoms
Violation occurred on line 173 in file /opt/conda/conda-bld/rdkit_1578630403331/work/Code/GraphMol/ROMol.cpp
Failed Expression: getNumAtoms() > 0
****

[14:23:17] SMILES Parse Error: unclosed ring for input: 'CC(CC1CC2CC3C1CCCC21)C(C)C(CO)C1CCCCC1'
[14:23:17] SMILES Parse Error: unclosed ring for input: 'COC(=O)C1C(C)C2C1C(CC3CCCCC3)CC2C(C)C1CO'
[14:23:17] SMILES Parse Error: extra open parentheses for input: 'CC1CC2CCCCC2C(CC(C)C(CO)C2C1CCCCC1'
[14:23:17] SMILES Parse Error: extra close parentheses while parsing: COC(=O)C1CC(C2CCC(CC3CCC5CC4CC4)CC3)C2)CC1CO
[14:23:17] 

****
Pre-condition Violation
no atoms
Violation occurred on line 173 in file /opt/conda/conda-bld/rdkit_1578630403331/work/Code/GraphMol/ROMol.cpp
Failed Expression: getNumAtoms() > 0
****

[14:23:17] SMILES Parse Error: unclosed ring for input: 'OCC1CCC(C2CC3CCC2C2CC2CCCC2)CC1'
[14:23:17] SMILES Parse Error: extra open parentheses for input: 'OCC(CCCC1CCCC1'
[14:23:17] SMILES Parse Error: unclosed ring for input: 'OCC1CCC(CC2CC3CCC2C3(CC3CCCC3)C2)CC1'
[14:23:17] SMILES Parse Error: extra close parentheses while parsing: COC(=O)C1C(CO)CCC(CCC2CCCCC2)C2CCCCC2)C1C
[14:23:17] 

****
Pre-condition Violation
no atoms
Violation occurred on line 173 in file /opt/conda/conda-bld/rdkit_1578630403331/work/Code/GraphMol/ROMol.cpp
Failed Expression: getNumAtoms() > 0
****

[14:23:17] SMILES Parse Error: unclosed ring for input: 'COC(=O)C1CC(CCC2CCC(C3CCCC4)C2)CC1CO'
[14:23:17] SMILES Parse Error: extra open parentheses for input: 'CC(C)(C1CCC(CCC(C2CCCCC2)CC1)C1CCCCC1CO'
[14:23:17] SMILES Parse Error: ring closure 1 duplicates bond between atom 23 and atom 24 for input: 'COC(=O)C(C(C)C1CCC(C2CCCC(C3CCCC3)C2)C1)C1C1CO'
[14:23:17] SMILES Parse Error: extra close parentheses while parsing: COC(=O)C1C(C)CC1C)C(CC(C)CC2CCCCC2)C1CO
[14:23:17] 

****
Pre-condition Violation
no atoms
Violation occurred on line 173 in file /opt/conda/conda-bld/rdkit_1578630403331/work/Code/GraphMol/ROMol.cpp
Failed Expression: getNumAtoms() > 0
****

[14:23:17] SMILES Parse Error: extra close parentheses while parsing: CC1CC(CO)C(C)CC2CCC3CCCCCC3C2)CC1CO
[14:23:17] 

****
Pre-condition Violation
no atoms
Violation occurred on line 173 in file /opt/conda/conda-bld/rdkit_1578630403331/work/Code/GraphMol/ROMol.cpp
Failed Expression: getNumAtoms() > 0
****

[14:23:17] SMILES Parse Error: extra open parentheses for input: 'CC(C(CO)CCC1CCC(C2CCCCC2)C1'
[14:23:17] SMILES Parse Error: unclosed ring for input: 'CC(C(CO)CCC1CCCCC1)C(C1CCCCC1)C1CC1C1'
[14:23:17] SMILES Parse Error: unclosed ring for input: 'CC(C1CCC2(CC1)CC(C1CCCCC1)CC(C5CC1)C2)C1CCCCC1CO'
[14:23:17] SMILES Parse Error: extra open parentheses for input: 'CC(C(CO)CC1CCC1'
[14:23:17] SMILES Parse Error: unclosed ring for input: 'CC(CC1CCCCC1)C(CO)CC1CC12CCCCC21'
[14:23:17] SMILES Parse Error: unclosed ring for input: 'OCC1CCC(CC2CCCC4C2CCCC2)C1'
[14:23:17] SMILES Parse Error: extra close parentheses while parsing: CC(CC1CCC)C(C)C(CC2CCCCC2)C1C)C(CO)C1CCC(C(C)(C)C2CCCC2)CC1
[14:23:17] 

****
Pre-condition Violation
no atoms
Violation occurred on line 173 in file /opt/conda/conda-bld/rdkit_1578630403331/work/Code/GraphMol/ROMol.cpp
Failed Expression: getNumAtoms() > 0
****

[14:23:17] SMILES Parse Error: unclosed ring for input: 'CC1CC(CO)C(C)C2CCC3CCCCC1C12'
[14:23:17] SMILES Parse Error: unclosed ring for input: 'CC(CC1CC(C)CC1CCC(C2CCCC2)C1)C(CO)CC1CCCC1'
[14:23:17] SMILES Parse Error: extra close parentheses while parsing: COC(=O)C1CCC(CC2CC3CCCC3C)C2)CC1CO
[14:23:17] 

****
Pre-condition Violation
no atoms
Violation occurred on line 173 in file /opt/conda/conda-bld/rdkit_1578630403331/work/Code/GraphMol/ROMol.cpp
Failed Expression: getNumAtoms() > 0
****

[14:23:17] SMILES Parse Error: ring closure 1 duplicates bond between atom 14 and atom 15 for input: 'COC(=O)C(C(C)CC(C1CCCC1)C1C1)C(CO)C1CCCC1'
[14:23:17] SMILES Parse Error: extra close parentheses while parsing: CC(C1CCCC1)C(CO)CCCCC1CCCCC1)C1CCCCC1
[14:23:17] 

****
Pre-condition Violation
no atoms
Violation occurred on line 173 in file /opt/conda/conda-bld/rdkit_1578630403331/work/Code/GraphMol/ROMol.cpp
Failed Expression: getNumAtoms() > 0
****

[14:23:17] SMILES Parse Error: unclosed ring for input: 'CC(C1CCC(CC(C2CCCCC2)C2CC2)CC1)C1CCCCC5CO'
[14:23:17] SMILES Parse Error: unclosed ring for input: 'COC(=O)C(C1CCC(CC2CCC3CCCCC32)CC1)C(C)C(CO)C1CCC(C)(C)C'
[14:23:17] SMILES Parse Error: extra open parentheses for input: 'COC(=O)C(C(C)CC1CCC2CC(C(CO)C1CCC(CC2CC2)C1'
[14:23:17] SMILES Parse Error: extra open parentheses for input: 'COC(=O)C(C(C)CC1CC(C)C(C2CC3CCCC3CO)CCC1CCCC1'
[14:23:17] SMILES Parse Error: unclosed ring for input: 'CC(CC1CCC2CCC3CCCCC3C2)C(CO)C1CC1'
[14:23:17] SMILES Parse Error: extra open parentheses for input: 'COC(=O)C(C1CCCCC1CO'
[14:23:17] SMILES Parse Error: unclosed ring for input: 'COC(=O)C1C(C)C(CC2CCC3C2)C2CCCC2C1CO'
[14:23:17] SMILES Parse Error: extra close parentheses while parsing: COC(=O)C1C(C(C)C2CC2)CCC1C1CCCCC1)C1CC1
[14:23:17] 

****
Pre-condition Violation
no atoms
Violation occurred on line 173 in file /opt/conda/conda-bld/rdkit_1578630403331/work/Code/GraphMol/ROMol.cpp
Failed Expression: getNumAtoms() > 0
****

[14:23:17] SMILES Parse Error: unclosed ring for input: 'COC(=O)C(C(C)CC3CCC2CC(C)CC2C1)C(CO)C1CCC(CC2CCCCC2)C1'
[14:23:17] SMILES Parse Error: extra open parentheses for input: 'CC(CC1CC(CC(CO)C(C)CC2CCCC2C2CCCC2C1'
[14:23:17] SMILES Parse Error: unclosed ring for input: 'COC(=O)C1CCC(C2CC3CCCC3C(C3CCCCC5)C2)CC1CO'
[14:23:17] SMILES Parse Error: unclosed ring for input: 'CC(C(CO)CCC1CCCCC1)C1CC12CCCCC21'
[14:23:17] SMILES Parse Error: unclosed ring for input: 'COC(=O)C(C(C)CC1CCCCC3)C(CO)CCC(C)(C)C1CCC2CCCCC2C1'
[14:23:17] SMILES Parse Error: extra close parentheses while parsing: CC1C(CO)CCCC1C1C1CCCCC1)C1CCCCC1
[14:23:17] 

****
Pre-condition Violation
no atoms
Violation occurred on line 173 in file /opt/conda/conda-bld/rdkit_1578630403331/work/Code/GraphMol/ROMol.cpp
Failed Expression: getNumAtoms() > 0
****

[14:23:17] SMILES Parse Error: unclosed ring for input: 'CC(CC(CO)C(C)CC1C(C)CC2(CCCCC2)C1C)C1'
[14:23:17] SMILES Parse Error: unclosed ring for input: 'O=CC1CCC(C2CCC(CC3CC(C4CCCC5)C3)C2)CC1'
[14:23:17] SMILES Parse Error: extra open parentheses for input: 'CC1C(C=O)CC2C(C)C1CCCC(C2CCC(C3CCCC3)C12'
[14:23:17] SMILES Parse Error: extra close parentheses while parsing: O=CC1CCC(CC2CCC3CC(C4CCC5C5CCCCC5)CC4)CCC3C2)CC1
[14:23:17] 

****
Pre-condition Violation
no atoms
Violation occurred on line 173 in file /opt/conda/conda-bld/rdkit_1578630403331/work/Code/GraphMol/ROMol.cpp
Failed Expression: getNumAtoms() > 0
****

[14:23:17] Explicit valence for atom # 4 O, 3, is greater than permitted
[14:23:17] SMILES Parse Error: unclosed ring for input: 'O=CC1CCC(CCCC4CCCC3CCCCC32)CC1'
[14:23:17] SMILES Parse Error: extra close parentheses while parsing: CC(C1CCC2CCCCC2C1)C(C=O)C1CCCCCCC1)C1CCCCC1
[14:23:17] 

****
Pre-condition Violation
no atoms
Violation occurred on line 173 in file /opt/conda/conda-bld/rdkit_1578630403331/work/Code/GraphMol/ROMol.cpp
Failed Expression: getNumAtoms() > 0
****

[14:23:17] SMILES Parse Error: extra open parentheses for input: 'CC(C)(C1CCCC(C=O)C1CCCC1C1CCCCC1'
[14:23:17] SMILES Parse Error: unclosed ring for input: 'CC1C(C2CCCCC2)C(C)C2C3CCC(C4CCCC4)C3C(C=O)C1C=O'
[14:23:17] Explicit valence for atom # 4 O, 3, is greater than permitted
[14:23:17] SMILES Parse Error: unclosed ring for input: 'CC(C1CCCC1)C(C=O)C(C=O)CCCC1CCCC1CCCC1'
[14:23:17] SMILES Parse Error: extra close parentheses while parsing: CC(CC1CC(C2CCCCCC2)C2CCC3CCCCC3C2)C1C=O)C1CCCCC1
[14:23:17] 

****
Pre-condition Violation
no atoms
Violation occurred on line 173 in file /opt/conda/conda-bld/rdkit_1578630403331/work/Code/GraphMol/ROMol.cpp
Failed Expression: getNumAtoms() > 0
****

[14:23:17] SMILES Parse Error: unclosed ring for input: 'CC1CC2CCC(CCC(C=O)C(C)C3CC3)CC2CC1CC1'
[14:23:17] SMILES Parse Error: extra close parentheses while parsing: CC(C1CCCCC1)C(C=O)CC1CCCCC1)C1CCC(C(C)C2CCCCC2)CC1
[14:23:17] 

****
Pre-condition Violation
no atoms
Violation occurred on line 173 in file /opt/conda/conda-bld/rdkit_1578630403331/work/Code/GraphMol/ROMol.cpp
Failed Expression: getNumAtoms() > 0
****

[14:23:17] SMILES Parse Error: extra open parentheses for input: 'CC1C(C=O)CC2CCC(C3CCC(C4CCCCC4)CC2C1'
[14:23:17] SMILES Parse Error: extra open parentheses for input: 'CC(CC1CCCCC1C1CCC2CCCCC2C(C=O)C1C'
[14:23:17] SMILES Parse Error: extra close parentheses while parsing: CC1CC(CC2CCC(C)C(C=O)CC3CCCCC3)C2)CC12
[14:23:17] 

****
Pre-condition Violation
no atoms
Violation occurred on line 173 in file /opt/conda/conda-bld/rdkit_1578630403331/work/Code/GraphMol/ROMol.cpp
Failed Expression: getNumAtoms() > 0
****

[14:23:17] SMILES Parse Error: unclosed ring for input: 'CC1C(C2CCCC2C=O)CC(C1CCCC1)C1CCCC1'
[14:23:17] SMILES Parse Error: unclosed ring for input: 'CC1CC2CCC3CCCC1C=O'
[14:23:17] SMILES Parse Error: extra open parentheses for input: 'CC(C)(C1CCCC(C2CC3CCCC(C4CCCCC5)CC3C3CCCCC23)C1'
[14:23:17] SMILES Parse Error: extra close parentheses while parsing: O=CC1CCC(CCCCC2CCCC2)C2CC2)CC1C=O
[14:23:17] 

****
Pre-condition Violation
no atoms
Violation occurred on line 173 in file /opt/conda/conda-bld/rdkit_1578630403331/work/Code/GraphMol/ROMol.cpp
Failed Expression: getNumAtoms() > 0
****

[14:23:17] SMILES Parse Error: extra open parentheses for input: 'CC1C(C=O)C2CCC(C3CCC(C4CCCCC4)C(C)C1CC1CCCCC1'
[14:23:17] SMILES Parse Error: unclosed ring for input: 'CC(CC1CCCCC3)C(C=O)C(C=O)C1CCCC2CCCCC21'
[14:23:17] SMILES Parse Error: extra open parentheses for input: 'CC(C1CCCCC1)C(C=O)C(C=O)CC1(CCCC1CCCC1'
[14:23:17] SMILES Parse Error: extra open parentheses for input: 'CC1C(C=O)CC2CCCC(CCC2CCC(C3CCCCC3)C21'
[14:23:17] SMILES Parse Error: unclosed ring for input: 'O=CC1CCC(CC2CCC(C3CCCC4CCCCC53)CC2)CC1'
[14:23:17] SMILES Parse Error: extra open parentheses for input: 'CC1C(C'
[14:23:17] SMILES Parse Error: unclosed ring for input: 'CC(CCC1CC12CCCCC21)C(C=O)CC(C)C1CCCC1'
[14:23:17] SMILES Parse Error: extra close parentheses while parsing: O=CC1CCC2CCCCC3CCCCC3C2)CC1
[14:23:17] 

****
Pre-condition Violation
no atoms
Violation occurred on line 173 in file /opt/conda/conda-bld/rdkit_1578630403331/work/Code/GraphMol/ROMol.cpp
Failed Expression: getNumAtoms() > 0
****

[14:23:17] SMILES Parse Error: unclosed ring for input: 'O=CC1CCC(CCC2CCC23CCCC32)CC1'
[14:23:17] Explicit valence for atom # 4 O, 3, is greater than permitted
[14:23:17] SMILES Parse Error: extra open parentheses for input: 'CC1CC(C)C(C=O)C(C'
[14:23:17] SMILES Parse Error: unclosed ring for input: 'CC1C(C=O)CC(CCC2CCCCC2)C2CCCC2'
[14:23:17] Explicit valence for atom # 4 O, 3, is greater than permitted
[14:23:17] SMILES Parse Error: unclosed ring for input: 'CC(C1CCCCC1)C(C=O)C(C=O)C1CC2CCC3CC2C1CCCC(C2CCCC2)C1'
[14:23:17] SMILES Parse Error: extra open parentheses for input: 'CC(C1CCCC(CC2CCCCC2)C1C(C=O)C1CCCCC1'
[14:23:17] SMILES Parse Error: extra close parentheses while parsing: CC1C(C2CCCCC2)CC(C=O)C(C)C2CC3CCCCC3CC2)C1C=O
[14:23:17] 

****
Pre-condition Violation
no atoms
Violation occurred on line 173 in file /opt/conda/conda-bld/rdkit_1578630403331/work/Code/GraphMol/ROMol.cpp
Failed Expression: getNumAtoms() > 0
****

[14:23:17] SMILES Parse Error: unclosed ring for input: 'O=CC1CCC(C2CCC(CC3CCCC4CCCCC53)C2)CC1C=O'
[14:23:17] SMILES Parse Error: extra close parentheses while parsing: CC1C(C=O)CCCC1CC1CCCCC1)C1CC(C2CCCCC2)C2CCCC21
[14:23:17] 

****
Pre-condition Violation
no atoms
Violation occurred on line 173 in file /opt/conda/conda-bld/rdkit_1578630403331/work/Code/GraphMol/ROMol.cpp
Failed Expression: getNumAtoms() > 0
****

[14:23:17] SMILES Parse Error: unclosed ring for input: 'O=CC1CCC(C2CCC(CCCC3CCC4CCCCC53)C2)C1'
[14:23:17] SMILES Parse Error: unclosed ring for input: 'CC(C(C=O)CCC1CCCCC1)C1CC12CCCCC2C1'
[14:23:17] SMILES Parse Error: unclosed ring for input: 'CC1CC2CCCCC2C1C1CCCC(C=O)C2C(C=O)C1C'
[14:23:17] SMILES Parse Error: extra close parentheses while parsing: CC(CC1CCCCCC1)CC1CCCC1)C(C=O)C(C=O)C1CCCC1
[14:23:17] 

****
Pre-condition Violation
no atoms
Violation occurred on line 173 in file /opt/conda/conda-bld/rdkit_1578630403331/work/Code/GraphMol/ROMol.cpp
Failed Expression: getNumAtoms() > 0
****

[14:23:17] SMILES Parse Error: unclosed ring for input: 'O=CC1CCC(CCCC4CCCC3CCCC23)CC1'
[14:23:17] SMILES Parse Error: extra open parentheses for input: 'CC1C(C=O)C2CCC(C21'
[14:23:17] SMILES Parse Error: unclosed ring for input: 'O=CC1CCC(CCCC(C3CCCCC3)CCC2)CC1C=O'
[14:23:17] Explicit valence for atom # 4 O, 3, is greater than permitted
[14:23:17] SMILES Parse Error: extra close parentheses while parsing: CC(CCC1CCCC1)C1CCCC(CC2CCCC2)C1C)C1CCCC1C=O
[14:23:17] 

****
Pre-condition Violation
no atoms
Violation occurred on line 173 in file /opt/conda/conda-bld/rdkit_1578630403331/work/Code/GraphMol/ROMol.cpp
Failed Expression: getNumAtoms() > 0
****

[14:23:17] SMILES Parse Error: unclosed ring for input: 'CC1C(C=O)C(CCCC2CCCCC2)C2CCCCC1C=O'
[14:23:17] SMILES Parse Error: unclosed ring for input: 'CC1C(C=O)CC(C2CC(C3CCCCC3)CC2)CC2CCCCC2C12CCCCC21'
[14:23:17] SMILES Parse Error: extra close parentheses while parsing: CC1CC2CCCCC2CC1C(C)C(C=O)C1CCCCC1)C1CCCC1
[14:23:17] 

****
Pre-condition Violation
no atoms
Violation occurred on line 173 in file /opt/conda/conda-bld/rdkit_1578630403331/work/Code/GraphMol/ROMol.cpp
Failed Expression: getNumAtoms() > 0
****

[14:23:17] SMILES Parse Error: unclosed ring for input: 'CC(C1CCCCC1)C(C=O)C(C=O)CCCC1CCCCC1CCCCC1'
[14:23:17] SMILES Parse Error: unclosed ring for input: 'CC(CC1CCC2C(C1)CC(C)C2C=O)C1CCCCC1C2C1CCCCC1'
[14:23:17] SMILES Parse Error: unclosed ring for input: 'O=CC1CCC(C2CC3CCC4CC5CCCC5C2C3C2)CC1'
[14:23:17] SMILES Parse Error: unclosed ring for input: 'CC(C1CCCC1)C(C=O)C1C(C=O)C1CCCCCCC1'
[14:23:17] SMILES Parse Error: extra open parentheses for input: 'CC(C(C=O)CC1CCCC(C2CCCC2)C1'
[14:23:17] SMILES Parse Error: extra close parentheses while parsing: CC(C1CCCCC1)C(C=O)C1CCCCC1)C1CCC2CCCC2C1C
[14:23:17] 

****
Pre-condition Violation
no atoms
Violation occurred on line 173 in file /opt/conda/conda-bld/rdkit_1578630403331/work/Code/GraphMol/ROMol.cpp
Failed Expression: getNumAtoms() > 0
****

[14:23:17] SMILES Parse Error: extra open parentheses for input: 'CC1C(C=O'
[14:23:17] SMILES Parse Error: unclosed ring for input: 'O=CC1CCC(CCC4CCC2)CC1'
[14:23:17] SMILES Parse Error: extra open parentheses for input: 'CC(CC1CCCC1'
[14:23:17] Explicit valence for atom # 4 O, 3, is greater than permitted
[14:23:17] SMILES Parse Error: extra open parentheses for input: 'CC(CC1CC(C(C=O)C(C=O)C(C)CC2CCCCC2)C2CCCCC12'
[14:23:17] Explicit valence for atom # 4 O, 3, is greater than permitted
[14:23:17] SMILES Parse Error: extra open parentheses for input: 'CC1C(C=O'
[14:23:17] SMILES Parse Error: unclosed ring for input: 'O=CC1CCC(C2CC3C4CCCCC4CC3C3CCC4CCCCC4C3)CC1C=O'
[14:23:17] SMILES Parse Error: extra open parentheses for input: 'CC(C(C=O)C1(CCCC1)C(C=O)C1(C2CCCCC2)CC1'
[14:23:17] SMILES Parse Error: extra open parentheses for input: 'CC1CC(C)C(C(CC2CCCC2)C(C)C2(CCCC2)C(C=O)C1C=O'
[14:23:17] SMILES Parse Error: extra close parentheses while parsing: CC(CC1CCCCC1)C(C=O)CC1CCCCC1)C1CCCCC1
[14:23:17] 

****
Pre-condition Violation
no atoms
Violation occurred on line 173 in file /opt/conda/conda-bld/rdkit_1578630403331/work/Code/GraphMol/ROMol.cpp
Failed Expression: getNumAtoms() > 0
****

[14:23:17] SMILES Parse Error: unclosed ring for input: 'O=CC1CCC2CC(C3CCCC(C4CC3CCCCC5C4)C3)CCC2C1'
[14:23:17] SMILES Parse Error: extra close parentheses while parsing: CC1C(C=O)CCCCC1CC1CCCCC1)C1CCCC1C1CCCCC1
[14:23:17] 

****
Pre-condition Violation
no atoms
Violation occurred on line 173 in file /opt/conda/conda-bld/rdkit_1578630403331/work/Code/GraphMol/ROMol.cpp
Failed Expression: getNumAtoms() > 0
****

[14:23:17] SMILES Parse Error: unclosed ring for input: 'CC1CC(C=O)C(C)C2C'
[14:23:17] SMILES Parse Error: unclosed ring for input: 'O=CC1CCC(C2CCC(C3CCC4CC(C5CCCCC1)CC43)C2)CC1C=O'
[14:23:17] SMILES Parse Error: unclosed ring for input: 'CC1CC(CC(C)C2CCCCC2C2CCCCC2)C(C=O)C1CCCC1'
[14:23:17] SMILES Parse Error: unclosed ring for input: 'O=CC1CCC(CCCC4CCCC3CCCC23)C1'
[14:23:17] SMILES Parse Error: unclosed ring for input: 'CC(CC1CCC2C(C1)CC(C)C2C=O)C1CCCC1CC21CCCCC1'
[14:23:17] SMILES Parse Error: unclosed ring for input: 'CC(C1CCCCC1)C1CCC2CCCCC21C(C=O)C(C=O)C1C'
[14:23:17] SMILES Parse Error: unclosed ring for input: 'O=CC1CCC(C2CCC(CC3CCC4CCCCC53)C2)CC1C=O'
[14:23:17] SMILES Parse Error: unclosed ring for input: 'O=CC1CCC(C2CC4)CC1C=O'
[14:23:17] SMILES Parse Error: unclosed ring for input: 'O=CC1CCC(C2CCCC(CC3CCC4CCCCCC5C3)C2)CC1C=O'
[14:23:17] SMILES Parse Error: unclosed ring for input: 'O=CC1CCC(CCC2CC(C3CCCCC4)CC2C2CCCCC2)CC1'
[14:23:17] SMILES Parse Error: unclosed ring for input: 'CC1C(C=O)C(C2CCCCC2)C(C=O)C1CCC1CCC1CCCC1'
[14:23:17] SMILES Parse Error: extra close parentheses while parsing: CC(CC1CCC(C2CCCC2)CC1)C(C=O)CC1CCCC2CC2)C1
[14:23:17] 

****
Pre-condition Violation
no atoms
Violation occurred on line 173 in file /opt/conda/conda-bld/rdkit_1578630403331/work/Code/GraphMol/ROMol.cpp
Failed Expression: getNumAtoms() > 0
****

[14:23:17] SMILES Parse Error: unclosed ring for input: 'O=CC1CCC(C2CC3CCCC3C2C2CCCC3)CC1C=O'
[14:23:17] SMILES Parse Error: extra open parentheses for input: 'CC(CCC1CCC2CCCCC2C1)C(C=O)C1CCC(C2CCCC2CCC1'
[14:23:17] SMILES Parse Error: extra close parentheses while parsing: CC1C2CCCCC2C3CCCCC3CCC12)C(C=O)C1CCC2CCCC2C1
[14:23:17] 

****
Pre-condition Violation
no atoms
Violation occurred on line 173 in file /opt/conda/conda-bld/rdkit_1578630403331/work/Code/GraphMol/ROMol.cpp
Failed Expression: getNumAtoms() > 0
****

[14:23:17] SMILES Parse Error: extra open parentheses for input: 'CC(C1CCCC(C2CCCC(C2CCCC2)C1)C1CCCCC1C=O'
[14:23:17] SMILES Parse Error: unclosed ring for input: 'CC1C(CCCC(CCC2CCCCC2)CCC1C=O)C1C=O'
[14:23:17] SMILES Parse Error: unclosed ring for input: 'O=CC1CCC(CCCC2CCC(CCC2CCCCC3)C2)CC1'
[14:23:17] SMILES Parse Error: extra open parentheses for input: 'CC1CC(C'
[14:23:17] SMILES Parse Error: extra open parentheses for input: 'CC1C(C=O'
[14:23:17] SMILES Parse Error: unclosed ring for input: 'O=CC1CCC(CC(CCC2CCCC4C2CC2)C2CCCCC2)CC1'
[14:23:17] SMILES Parse Error: unclosed ring for input: 'CC1C(C=O)C2C(C=O)CC(CCCC3CCCCC3)CCC2C12'
[14:23:17] SMILES Parse Error: extra open parentheses for input: 'CC(C(C=O)CC1CCCCC1)C1CCC(C(C)C2CCC(C3CCC(C4CCCC2)CC1'
[14:23:17] SMILES Parse Error: extra close parentheses while parsing: CC(CC1CCCCC1)C(C=O)CCC1CCCC1)C1CCCCC1
[14:23:17] 

****
Pre-condition Violation
no atoms
Violation occurred on line 173 in file /opt/conda/conda-bld/rdkit_1578630403331/work/Code/GraphMol/ROMol.cpp
Failed Expression: getNumAtoms() > 0
****

[14:23:17] SMILES Parse Error: extra open parentheses for input: 'CC(C1CCC(C2CCCCC2)CC1)C(C=O)C(C=O)C1CCC2C(CCC(C3CCCCC3)CC2C1'
[14:23:17] SMILES Parse Error: unclosed ring for input: 'CC(C(C=O)CCC1CCCC5)C1CCC(C2CCCC2)CC1'
[14:23:17] SMILES Parse Error: extra open parentheses for input: 'CC(CC1C(C)C2CCCCC2C1C)C(C=O)C1CCCC(C2CCCC2C1'
[14:23:17] Explicit valence for atom # 4 O, 3, is greater than permitted
[14:23:17] SMILES Parse Error: unclosed ring for input: 'O=CC1CCC(CCCC4CCC3CCCCC32)CC1'
[14:23:17] SMILES Parse Error: syntax error while parsing: 2CC(C=O)CCC2CCCCC21
[14:23:17] SMILES Parse Error: Failed parsing SMILES '2CC(C=O)CCC2CCCCC21' for input: '2CC(C=O)CCC2CCCCC21'
[14:23:17] SMILES Parse Error: extra close parentheses while parsing: CC(CC1CC2CCCCC2CC1C)C(C=O)CCC1CCCCC1)C(C)C1CCCCC1
[14:23:17] 

****
Pre-condition Violation
no atoms
Violation occurred on line 173 in file /opt/conda/conda-bld/rdkit_1578630403331/work/Code/GraphMol/ROMol.cpp
Failed Expression: getNumAtoms() > 0
****

[14:23:17] SMILES Parse Error: unclosed ring for input: 'CC(CC1CC2CC3CCCC21)C(C=O)CC1CCCCC1'
[14:23:17] SMILES Parse Error: unclosed ring for input: 'CC(CC2CCCC1)C(C=O)C(C=O)CC1CCC2CCCCC21'
[14:23:17] SMILES Parse Error: ring closure 1 duplicates bond between atom 19 and atom 20 for input: 'CC(C1CC2CCCCC2C1)C1CCC2C1CCCC1C1CC2CCCCC2CC1C=O'
[14:23:17] SMILES Parse Error: ring closure 2 duplicates bond between atom 25 and atom 26 for input: 'CC1C(C2CCCC(C=O)C2C=O)C(C)C2C1C1CCCC2CCCC2C2CCCCC21'
[14:23:17] SMILES Parse Error: extra close parentheses while parsing: CC1C(CC2CCCC(C=O)C2C=O)CC2CC3CCCC3C2)CC2CC3CCCCC3C21
[14:23:17] 

****
Pre-condition Violation
no atoms
Violation occurred on line 173 in file /opt/conda/conda-bld/rdkit_1578630403331/work/Code/GraphMol/ROMol.cpp
Failed Expression: getNumAtoms() > 0
****

[14:23:17] SMILES Parse Error: unclosed ring for input: 'CC(C(C=O)C1CC2CC(C)C(C=O)C1CCC(C3CCCCC3)CC2)CC1'
[14:23:17] SMILES Parse Error: unclosed ring for input: 'O=CC1CCC(C2CCC(CCC3CCC(C4CCCCC5)C3)C2)CC1'
[14:23:17] SMILES Parse Error: extra open parentheses for input: 'CC1CC(C2CCCCC2)C2CCCC(C(C=O)C(C)C(C=O)C12'
[14:23:17] SMILES Parse Error: extra open parentheses for input: 'CC(C1CCC2(CC1)CCC2(CC1CCCC1)C(C=O)C1CCC(C2CCCC2)CC1'
[14:23:17] SMILES Parse Error: unclosed ring for input: 'O=CC1CCC(C2CCC3CCC(CC4CCCC5)CC32)CC1'
[14:23:17] SMILES Parse Error: unclosed ring for input: 'CC1CC2CCCCC2C(C)C1CC(C=O)C(C=O)C(C)CC1CCC1CCCCC1'
[14:23:17] SMILES Parse Error: extra open parentheses for input: 'CC(C1CCCCC1CCC1C(C)C(C=O)C1C'
[14:23:17] SMILES Parse Error: extra open parentheses for input: 'CC1CCC(C2CCCCC2C(C)CCC2CCCCC2CCCCC21C=O'
[14:23:17] SMILES Parse Error: extra open parentheses for input: 'CC(CC1CCC2CCCC2C1C'
[14:23:17] SMILES Parse Error: extra open parentheses for input: 'CC1CC2CCC(CC(C)C(C=O)CC3CCC(CC4CCC5CCCCC4)CC2C1'
[14:23:17] SMILES Parse Error: extra open parentheses for input: 'CC(C(CC1CCC(C2CCCCC2)C1)C1CC2CCCC(C=O)C2C1C'
[14:23:17] SMILES Parse Error: extra open parentheses for input: 'CC1C(C=O)CCC2CCCC(C3CCCC(CC4CCCCC4)C21'
[14:23:17] SMILES Parse Error: ring closure 1 duplicates bond between atom 3 and atom 4 for input: 'CC(CC1C1C1CCCCC1)C(C=O)C1CCCC1'
[14:23:17] Explicit valence for atom # 4 O, 3, is greater than permitted
[14:23:17] SMILES Parse Error: extra open parentheses for input: 'CC1CC2C(CCC2CC1C=O'
[14:23:17] SMILES Parse Error: ring closure 3 duplicates bond between atom 16 and atom 17 for input: 'O=CC1CCC(C2CC4C4CCCCC4CC3C3CCCCC23)CC1'
[14:23:17] Explicit valence for atom # 4 O, 3, is greater than permitted
[14:23:17] SMILES Parse Error: extra open parentheses for input: 'CC1CC2CC(C(C)C3CCC(C4CCCCC4)CCC2CC1C=O'
[14:23:17] SMILES Parse Error: extra close parentheses while parsing: CC1CC2CCCC12)C(C=O)C(C=O)CCC1CC2CCCCC2C1C
[14:23:17] 

****
Pre-condition Violation
no atoms
Violation occurred on line 173 in file /opt/conda/conda-bld/rdkit_1578630403331/work/Code/GraphMol/ROMol.cpp
Failed Expression: getNumAtoms() > 0
****

[14:23:17] SMILES Parse Error: unclosed ring for input: 'CC(CC2CCCC(CCC2CCCCC2)C1)C(C=O)C(C=O)C1CCCCC1'
[14:23:17] SMILES Parse Error: unclosed ring for input: 'CC(CC2CC2CCCCC2C1)C(C=O)C1CCCCCC1'
[14:23:17] SMILES Parse Error: unclosed ring for input: 'CC1C2CCCCC2CC2C1CC(C=O)CC1CCCC1C1CCCCC1'
[14:23:17] SMILES Parse Error: unclosed ring for input: 'CC(C1CC2CCCCC2C1)C1CC2CCC(CC3CCCCC3)CC2CCCCC2C1C=O'
[14:23:17] Explicit valence for atom # 4 O, 3, is greater than permitted
[14:23:17] SMILES Parse Error: extra open parentheses for input: 'CC1C(C=O)C(C=O'
[14:23:17] SMILES Parse Error: extra close parentheses while parsing: O=CC1CCCC1CCC2CCCCC21)CCC1CCCC1
[14:23:17] 

****
Pre-condition Violation
no atoms
Violation occurred on line 173 in file /opt/conda/conda-bld/rdkit_1578630403331/work/Code/GraphMol/ROMol.cpp
Failed Expression: getNumAtoms() > 0
****

[14:23:17] SMILES Parse Error: unclosed ring for input: 'O=CC1CCC(C2CCC(CCC3CCCC4CC5CCCC5C3)C2)CC1'
[14:23:17] SMILES Parse Error: unclosed ring for input: 'CC(CC2CCC2CCCCCC2C1)C(C=O)C1CC2CCCC21'
[14:23:17] SMILES Parse Error: unclosed ring for input: 'CC1CC2CC(C(C=O)C(C)C3CCC4CCCCC4C3)CCC2C2CCCCC212'
[14:23:17] SMILES Parse Error: ring closure 1 duplicates bond between atom 16 and atom 17 for input: 'CC(C1CCC(C2CC2)C1)C(C=O)C(C=O)C1C1'
[14:23:17] SMILES Parse Error: unclosed ring for input: 'CC(CC2CCC2CCCC21)C(C=O)C(C=O)C1CCCCC1'
[14:23:17] SMILES Parse Error: unclosed ring for input: 'O=CC1CCC(C2CCCC(CC3CCC4CC5CCCCC1C4C3)C2)C1'
[14:23:17] SMILES Parse Error: extra close parentheses while parsing: CC(CC1CCCCC1)C(C=O)CC1CCCC1)C1CCCCC1
[14:23:17] 

****
Pre-condition Violation
no atoms
Violation occurred on line 173 in file /opt/conda/conda-bld/rdkit_1578630403331/work/Code/GraphMol/ROMol.cpp
Failed Expression: getNumAtoms() > 0
****

[14:23:17] SMILES Parse Error: extra open parentheses for input: 'CC(C(C=O)C1CCCC1C1CCCCC1)C1CC2CCCC(C3CCCC1'
[14:23:17] SMILES Parse Error: extra close parentheses while parsing: CC(C)(C1CCCCC1)C(C=O)C1CC2CCCCCC2C1)C1CCCC1C
[14:23:17] 

****
Pre-condition Violation
no atoms
Violation occurred on line 173 in file /opt/conda/conda-bld/rdkit_1578630403331/work/Code/GraphMol/ROMol.cpp
Failed Expression: getNumAtoms() > 0
****

[14:23:17] SMILES Parse Error: unclosed ring for input: 'CC1CC(C2CCC(CC3CCCC3)CC2)CC2CCC1C=O'
[14:23:17] Explicit valence for atom # 4 O, 3, is greater than permitted
[14:23:17] SMILES Parse Error: unclosed ring for input: 'O=CC1CCC(CC2CCC(CC3CCC4CCCCC5C3)C2)C1'
[14:23:17] SMILES Parse Error: extra open parentheses for input: 'CC(C(C=O)CCC1CCCC1'
[14:23:17] SMILES Parse Error: unclosed ring for input: 'CC(C(C=O)CC1CCC2CCC(CC3CCCCC3)CC2C)C1CCCCC1'
[14:23:17] SMILES Parse Error: unclosed ring for input: 'O=CC1CCC(C2CCC3C2CCC2CCC(C4CCCCC4)CC3)CC1C=O'
[14:23:17] SMILES Parse Error: unclosed ring for input: 'O=CC1CCC(CCC2CCC(CCC3CC4CCCCC5C3)CC2)CC1'
[14:23:17] SMILES Parse Error: extra close parentheses while parsing: CC(C(C=O)CCCC1C)C1CCC(C2CCCC2)C1)C1CC1
[14:23:17] 

****
Pre-condition Violation
no atoms
Violation occurred on line 173 in file /opt/conda/conda-bld/rdkit_1578630403331/work/Code/GraphMol/ROMol.cpp
Failed Expression: getNumAtoms() > 0
****

[14:23:17] SMILES Parse Error: unclosed ring for input: 'CC1CCC2CCCC1CC(C=O)C(C=O)C(C)CC1CCCCC1'
[14:23:17] SMILES Parse Error: unclosed ring for input: 'CC1CC2CCC(CC3CCCCC4)CC2C(C=O)C1C=O'
[14:23:17] SMILES Parse Error: extra open parentheses for input: 'CC(CCC1CCCC1'
[14:23:17] SMILES Parse Error: unclosed ring for input: 'CC1CC2CCC1C(C=O)C(C)C(C=O)C1CCCC1'
[14:23:17] SMILES Parse Error: unclosed ring for input: 'O=CC1CCC(C2CCCC3CCC(C4CCCCC4)C3)CC1C=O'
[14:23:17] SMILES Parse Error: extra open parentheses for input: 'CC(CC1CCCCC1C(C)C1CCCC1C(C)C(C=O)C1CCCCC1'
[14:23:17] SMILES Parse Error: extra close parentheses while parsing: CC(CC1CC1)C(C=O)CC(C)C(C)CC1CCCCC1)CC1CC1
[14:23:17] 

****
Pre-condition Violation
no atoms
Violation occurred on line 173 in file /opt/conda/conda-bld/rdkit_1578630403331/work/Code/GraphMol/ROMol.cpp
Failed Expression: getNumAtoms() > 0
****

[14:23:17] SMILES Parse Error: unclosed ring for input: 'CC1C(CC2CCCC4)CC(C2CCCCC2)C1C=O'
[14:23:17] SMILES Parse Error: ring closure 2 duplicates bond between atom 14 and atom 15 for input: 'O=CC1CCC(CCCC4CCCCC2C2CCCC2)CC1'
[14:23:17] SMILES Parse Error: unclosed ring for input: 'CC1CC(C(C=O)C(C=O)C(C)C2CCCCC2)C(C)C2CCCC2C12'
[14:23:17] SMILES Parse Error: extra open parentheses for input: 'CC(CCC1CCCCC(C=O)C(C=O)C1CCCCCCCC1'
[14:23:17] SMILES Parse Error: unclosed ring for input: 'CC(C1CCCCC1)C1CC(C2CCCCC2)C(C=O)C1CCCCC1C=O'
[14:23:17] SMILES Parse Error: extra open parentheses for input: 'CC1C(C(C=O)CCCC1C1CCC(C2CCCCC2)CC1'
[14:23:17] SMILES Parse Error: extra close parentheses while parsing: CC(C1CCCC(C2CCCCC2)C1)C1CC(C)C(C=O)C(C=O)C2CCCCC2)C1
[14:23:17] 

****
Pre-condition Violation
no atoms
Violation occurred on line 173 in file /opt/conda/conda-bld/rdkit_1578630403331/work/Code/GraphMol/ROMol.cpp
Failed Expression: getNumAtoms() > 0
****

[14:23:17] SMILES Parse Error: extra open parentheses for input: 'CC(C(C=O)CCC1CCCC1'
[14:23:17] SMILES Parse Error: extra open parentheses for input: 'CC(CC1CCC2(CCCC2(C)CC2(CCCC2)C1)C(C=O)CC1CCCC1'
[14:23:17] SMILES Parse Error: unclosed ring for input: 'O=CC1CCC(C2CC4CCCCC3C2)CC1C=O'
[14:23:17] SMILES Parse Error: extra close parentheses while parsing: CC(C)(C1CCCCC1)C1CCCCC1C=O)C1CCCCC1C
[14:23:17] 

****
Pre-condition Violation
no atoms
Violation occurred on line 173 in file /opt/conda/conda-bld/rdkit_1578630403331/work/Code/GraphMol/ROMol.cpp
Failed Expression: getNumAtoms() > 0
****

[14:23:17] SMILES Parse Error: unclosed ring for input: 'O=CC1CCC(CCCC4CCC3CCCCC3C2)CC1'
[14:23:17] SMILES Parse Error: extra close parentheses while parsing: O=CC1CC1CCC2CCCCC2C1)C(C=O)C1CCC2CCCCC2C1
[14:23:17] 

****
Pre-condition Violation
no atoms
Violation occurred on line 173 in file /opt/conda/conda-bld/rdkit_1578630403331/work/Code/GraphMol/ROMol.cpp
Failed Expression: getNumAtoms() > 0
****

[14:23:17] SMILES Parse Error: unclosed ring for input: 'CC1CC(C2CCCCC2)CC2CC(C(CO)C(C)C3CCCC3)CCC32'
[14:23:17] SMILES Parse Error: unclosed ring for input: 'CC1CC2CCCC23'
[14:23:17] SMILES Parse Error: extra close parentheses while parsing: CC(CC(CO)C(C)CCC1CCC(C(C)C2CCCC2)CC1)C1CCC(C)C2CCCC2)CC1
[14:23:17] 

****
Pre-condition Violation
no atoms
Violation occurred on line 173 in file /opt/conda/conda-bld/rdkit_1578630403331/work/Code/GraphMol/ROMol.cpp
Failed Expression: getNumAtoms() > 0
****

[14:23:17] SMILES Parse Error: extra open parentheses for input: 'CC1(C(C2CCCCC2)CC(C2CCCCC2)C1CO'
[14:23:17] SMILES Parse Error: unclosed ring for input: 'CC1CC(C2CCC3CCCC4C2)C2C(C3CCCCC3)CCC2C1CO'
[14:23:17] SMILES Parse Error: unclosed ring for input: 'CC(C(CO)CCCC1CC1C1)C1CCC(C(C)C2CCCCC2)CC1'
[14:23:17] SMILES Parse Error: extra close parentheses while parsing: OCC1CCC(CC2CCC(C3CCCC4CCCC4)CC3)C2)CC1
[14:23:17] 

****
Pre-condition Violation
no atoms
Violation occurred on line 173 in file /opt/conda/conda-bld/rdkit_1578630403331/work/Code/GraphMol/ROMol.cpp
Failed Expression: getNumAtoms() > 0
****

[14:23:17] SMILES Parse Error: extra open parentheses for input: 'CC1CCCC(CCC(C)C(CO)CC(C)C1CCCC1'
[14:23:17] SMILES Parse Error: unclosed ring for input: 'OCC1CCC(CC2CCCC(CC3CCCC4CCCCC53)C2)CC1CO'
[14:23:17] SMILES Parse Error: extra close parentheses while parsing: CC1CCC(C(CO)C(C)C2CCCCC2)C(CO)C2CCCCCC2)C1
[14:23:17] 

****
Pre-condition Violation
no atoms
Violation occurred on line 173 in file /opt/conda/conda-bld/rdkit_1578630403331/work/Code/GraphMol/ROMol.cpp
Failed Expression: getNumAtoms() > 0
****

[14:23:17] SMILES Parse Error: unclosed ring for input: 'CC(C1CCC2CCC(C34CC5CC(CC(C5)C3)C2)CC1)C1CCC(CO)C1CO'
[14:23:17] SMILES Parse Error: extra open parentheses for input: 'CC1C(C'
[14:23:17] SMILES Parse Error: unclosed ring for input: 'CC1C(CO)CC2CC(CC3CCCC3)CCC2C1C3CCCCC1'
[14:23:17] SMILES Parse Error: extra open parentheses for input: 'CC1CCCC1C1CCCC(C(C)C(CO)C2CCCC2CO'
[14:23:17] SMILES Parse Error: unclosed ring for input: 'CC(C1CCC2CCC(C2)C1)C(CO)C1CCCC3'
[14:23:17] SMILES Parse Error: extra close parentheses while parsing: OCC1CCC(CC2CCCC3(CCC5CC4CCCC4)C3)C2)CC1
[14:23:17] 

****
Pre-condition Violation
no atoms
Violation occurred on line 173 in file /opt/conda/conda-bld/rdkit_1578630403331/work/Code/GraphMol/ROMol.cpp
Failed Expression: getNumAtoms() > 0
****

[14:23:17] SMILES Parse Error: extra open parentheses for input: 'CC(CC1CC(CC(CO)C(C)CC2CCCCC2)CC1CCC(CC2CCCCC2)CC1'
[14:23:17] SMILES Parse Error: extra close parentheses while parsing: CC1CC(C2CCCC(C(C)C3CCCC3)CC2)CC1C)C1CO
[14:23:17] 

****
Pre-condition Violation
no atoms
Violation occurred on line 173 in file /opt/conda/conda-bld/rdkit_1578630403331/work/Code/GraphMol/ROMol.cpp
Failed Expression: getNumAtoms() > 0
****

[14:23:17] SMILES Parse Error: unclosed ring for input: 'CC1C(CCC2CCCCC2)CC2C(CCC1CO)CO'
[14:23:17] SMILES Parse Error: extra open parentheses for input: 'CC(C'
[14:23:17] SMILES Parse Error: extra close parentheses while parsing: CC(C1CCCCC1)C(CO)CC1CCCC1)C1CCCC2CCCCC21
[14:23:17] 

****
Pre-condition Violation
no atoms
Violation occurred on line 173 in file /opt/conda/conda-bld/rdkit_1578630403331/work/Code/GraphMol/ROMol.cpp
Failed Expression: getNumAtoms() > 0
****

[14:23:17] SMILES Parse Error: extra open parentheses for input: 'CC(C)(C(CO)CCC1CCCC2CCCCC21'
[14:23:17] SMILES Parse Error: unclosed ring for input: 'OCC1CCC(CCCCC4CC2)CC1'
[14:23:17] SMILES Parse Error: unclosed ring for input: 'CC(CC2C(C)CC(CC(C)CC2CCCCC2)C1C)C(CO)C1CCCCC1'
[14:23:17] SMILES Parse Error: unclosed ring for input: 'CC(CCC1CCCC1)C1CCCC1C(CO)C(C)C1CCCC1CCCC1'
[14:23:17] SMILES Parse Error: extra close parentheses while parsing: CC1C2C(C3CCCCC3)C(C)C2CO)C1CO
[14:23:17] 

****
Pre-condition Violation
no atoms
Violation occurred on line 173 in file /opt/conda/conda-bld/rdkit_1578630403331/work/Code/GraphMol/ROMol.cpp
Failed Expression: getNumAtoms() > 0
****

[14:23:17] SMILES Parse Error: unclosed ring for input: 'CC1CC(C2CCCCC2)C2C(C3CCCCC4)CCC2C1CO'
[14:23:17] SMILES Parse Error: extra open parentheses for input: 'CC(CC1CCCC1C1CCC(CO)C(CO)C1'
[14:23:17] SMILES Parse Error: unclosed ring for input: 'CC1CCCC1CCC(C(CO)C(C)CCC2CCCC2)C1'
[14:23:17] SMILES Parse Error: unclosed ring for input: 'CC(C2CCCC(C3CCCCC3)C2C2CCCCC2)C1CO'
[14:23:17] SMILES Parse Error: extra open parentheses for input: 'CC(C1CCC(C2CC(C)(C)C3CCCCC1)C(CO)C(CO)C1CCCCC1C'
[14:23:17] SMILES Parse Error: unclosed ring for input: 'CC(C1CCC(CC(C2CCCCC2)C2CC2)CC1)C1CCCCC5CO'
[14:23:17] SMILES Parse Error: extra close parentheses while parsing: CC1C(CO)CC(C2CCCCC2)C(C)C1CC1CCCCC1)C1CCCC1
[14:23:17] 

****
Pre-condition Violation
no atoms
Violation occurred on line 173 in file /opt/conda/conda-bld/rdkit_1578630403331/work/Code/GraphMol/ROMol.cpp
Failed Expression: getNumAtoms() > 0
****

[14:23:17] SMILES Parse Error: unclosed ring for input: 'CC1CCCC3C1CCCC(C(C)C(CO)CC2CCCCC2)C1'
[14:23:17] SMILES Parse Error: unclosed ring for input: 'CC1C2CC(CC2CCC3CCCCC32)CC1C1CCCC(CO)C1CO'
[14:23:17] SMILES Parse Error: unclosed ring for input: 'CC(CC1CCCCC1)C(CO)C(CO)C(C)(C)C4CCC2CCCCC2C1'
[14:23:17] SMILES Parse Error: extra open parentheses for input: 'CC1CCCC2CCCC(C(CO)C(C)C(CO)C3CCCC(C4CCCCC5)C12'
[14:23:17] SMILES Parse Error: unclosed ring for input: 'CC(C1CCC(C2CC2)C1)C1CC(C2CCCC4)CCC1CO'
[14:23:17] SMILES Parse Error: extra close parentheses while parsing: CC1C(CCC2CCCCC2)CCC1C1CC2CCCCC2C1CO)C1CO
[14:23:17] 

****
Pre-condition Violation
no atoms
Violation occurred on line 173 in file /opt/conda/conda-bld/rdkit_1578630403331/work/Code/GraphMol/ROMol.cpp
Failed Expression: getNumAtoms() > 0
****

[14:23:17] SMILES Parse Error: unclosed ring for input: 'OCC1CCC(CC2CCC(C3CCCC4CCCC53)CC2)CC1'
[14:23:17] SMILES Parse Error: unclosed ring for input: 'OCC1CCC(C2CCC3C2CCC2C(C3CCCCC4)CCC23)CC1'
[14:23:17] SMILES Parse Error: extra close parentheses while parsing: CC1C(CC2CCCCC2)C(C)C(C2CCCCC2)C1CO)C1CCCCC1
[14:23:17] 

****
Pre-condition Violation
no atoms
Violation occurred on line 173 in file /opt/conda/conda-bld/rdkit_1578630403331/work/Code/GraphMol/ROMol.cpp
Failed Expression: getNumAtoms() > 0
****

[14:23:17] SMILES Parse Error: extra close parentheses while parsing: CC1CC2C(C3CCCCC3)CCC2C2CCCCC2)C1CO
[14:23:17] 

****
Pre-condition Violation
no atoms
Violation occurred on line 173 in file /opt/conda/conda-bld/rdkit_1578630403331/work/Code/GraphMol/ROMol.cpp
Failed Expression: getNumAtoms() > 0
****

[14:23:17] SMILES Parse Error: unclosed ring for input: 'CC1C(CO)CCCC1C1CCCC1(CCC2CCCC2)CC1'
[14:23:17] SMILES Parse Error: unclosed ring for input: 'CC1C(CO)C2CCC(CCCCCC3CCCCC3)C2C2CCCCC212'
[14:23:17] SMILES Parse Error: unclosed ring for input: 'OCC1CCC(C2CCC(C(C3CCCC4)C3CCC(C4CCCCC4)C3)C2)CC1'
[14:23:17] SMILES Parse Error: unclosed ring for input: 'CC(CC1CCC2CCCC2C1)C(CO)C(CO)C1CCC(C2CCCCC2)C1CC1'
[14:23:17] SMILES Parse Error: unclosed ring for input: 'CC1C(CO)CCC1CCC3CCC2CCCCC21'
[14:23:17] SMILES Parse Error: unclosed ring for input: 'OCC1CCC(C2CCC(CCC3CCC(C4CCCCC5)C3)C2)CC1'
[14:23:17] SMILES Parse Error: unclosed ring for input: 'CC1CC(CC2CCCCC2)C(C)C1C1CCCC(C)C1CCCCC1'
[14:23:17] SMILES Parse Error: unclosed ring for input: 'CC1CC(C(C)C(CO)CCCC2CC2)CC1C1CC2CC1'
[14:23:17] SMILES Parse Error: unclosed ring for input: 'CC1C(CC2CCC(C(C3CCCCC3)C3CCCCC3)CC2)C(C)C2(CO)C1CO'
[14:23:17] SMILES Parse Error: unclosed ring for input: 'CC1(C)C(C2CCCCC2)C2CCCCC1CO'
[14:23:17] SMILES Parse Error: extra open parentheses for input: 'CC(CC1CC(C1)C(CO)CC1CCC(C2CCCCC2)C1'
[14:23:17] SMILES Parse Error: unclosed ring for input: 'OCC1CCC2CC(C1CCCC3C3CCCC3)CC2C1'
[14:23:17] SMILES Parse Error: unclosed ring for input: 'CC1CC(C2CCCCC2)C1CC1CCC(C(C)C(CO)C2CC2CC2)CC1'
[14:23:17] SMILES Parse Error: unclosed ring for input: 'OCC1CCC(C2CC3CCCCC3CCCCCC3C2)CC1CO'
[14:23:17] SMILES Parse Error: ring closure 1 duplicates bond between atom 13 and atom 14 for input: 'CC(C1CCCCC1CO)C1CC1C1C1CCC(CCC2CCCCC2)C1'
[14:23:17] SMILES Parse Error: unclosed ring for input: 'CC1CCC(CC2CC2)CC1C(C)C(CO)C1CC2CCCC2CO'
[14:23:17] SMILES Parse Error: unclosed ring for input: 'CC1CC2CC(C(C)(C)C(CO)C2CCC3CCCCC3C2)C1'
[14:23:17] SMILES Parse Error: extra close parentheses while parsing: CC(C2CCC(C3CCCCC3)C2C1)C(CO)C1CCCC1)C1CCCCC1
[14:23:17] 

****
Pre-condition Violation
no atoms
Violation occurred on line 173 in file /opt/conda/conda-bld/rdkit_1578630403331/work/Code/GraphMol/ROMol.cpp
Failed Expression: getNumAtoms() > 0
****

[14:23:17] SMILES Parse Error: unclosed ring for input: 'CC1CC2C3CCCCC3C3C(C)C4CCCCC4C3CCC1CO'
[14:23:17] SMILES Parse Error: extra close parentheses while parsing: CC(CCC1C)C1CC(C)C(CO)C2CCCCC12)C1CCCC1
[14:23:17] 

****
Pre-condition Violation
no atoms
Violation occurred on line 173 in file /opt/conda/conda-bld/rdkit_1578630403331/work/Code/GraphMol/ROMol.cpp
Failed Expression: getNumAtoms() > 0
****

[14:23:17] SMILES Parse Error: unclosed ring for input: 'OCC1CCC(CCCC2CCC(C3CCCCC5)C2C2CCCC2)CC1'
[14:23:17] SMILES Parse Error: unclosed ring for input: 'OCC1CC2CCC(CC3CCC2(CCCC4)CC3)C2CC1CO'
[14:23:17] SMILES Parse Error: unclosed ring for input: 'CC1C(CO)CCCC2CC(C3CCCCC5C3CCCC3)CC21'
[14:23:17] SMILES Parse Error: extra open parentheses for input: 'CC(CC1CCCC1'
[14:23:17] SMILES Parse Error: unclosed ring for input: 'CC(CC(C)(C)C2CCCCC1)C(CO)C1CCCC2CCCCC21'
[14:23:17] SMILES Parse Error: unclosed ring for input: 'CC(CC(C2CCCCCC2)CCCCC1)C(CO)C(CO)CC(C)C1CCCC1'
[14:23:17] SMILES Parse Error: unclosed ring for input: 'CC1CCC(C(C)C2CO)CCC1C'
[14:23:17] SMILES Parse Error: unclosed ring for input: 'OCC1CCC(CC2CCCC2C2CCCC(C3CCCCC5)C2)CC1'
[14:23:17] SMILES Parse Error: unclosed ring for input: 'OCC1CCC(C2CCC(CC3CCCCC3C3CC4CCCCC5C3)C2)CC1'
[14:23:17] SMILES Parse Error: extra open parentheses for input: 'CC(CC1CC(CC(CO)C(C)CC(C2CCCCC2)CC1)C1CCCCC1'
[14:23:17] SMILES Parse Error: unclosed ring for input: 'OCC1CCC2CC(CC3CCCC4CCCCC53)CC2C1'
[14:23:17] SMILES Parse Error: extra open parentheses for input: 'CC(CC1CC(C(C(CO)C(C)CC(C)C2CCCCC2)C1)C1CCCCC1'
[14:23:17] SMILES Parse Error: unclosed ring for input: 'CC1C(CO)CCC1C3CCCCC1'
[14:23:17] SMILES Parse Error: extra close parentheses while parsing: CC(C1CCCCC1)C(CO)C(C)CC2CCCCC2)CC1)C1CCCCC1CO
[14:23:17] 

****
Pre-condition Violation
no atoms
Violation occurred on line 173 in file /opt/conda/conda-bld/rdkit_1578630403331/work/Code/GraphMol/ROMol.cpp
Failed Expression: getNumAtoms() > 0
****

[14:23:17] SMILES Parse Error: unclosed ring for input: 'CC(C1CC2CCCC2CC1CO)C(C1CC2CC1)C1CCCC1'
[14:23:17] SMILES Parse Error: extra close parentheses while parsing: CC(CC(CO)C(CO)C(C)C1CCCC1)C1CCCC1)C1CCCC1
[14:23:17] 

****
Pre-condition Violation
no atoms
Violation occurred on line 173 in file /opt/conda/conda-bld/rdkit_1578630403331/work/Code/GraphMol/ROMol.cpp
Failed Expression: getNumAtoms() > 0
****

[14:23:17] SMILES Parse Error: unclosed ring for input: 'OCC1CC(CC2CC4)CC1CO'
[14:23:17] SMILES Parse Error: extra close parentheses while parsing: CC(CC1CCC2CC(CO)C2C)CC2C1)C1CCCC1
[14:23:17] 

****
Pre-condition Violation
no atoms
Violation occurred on line 173 in file /opt/conda/conda-bld/rdkit_1578630403331/work/Code/GraphMol/ROMol.cpp
Failed Expression: getNumAtoms() > 0
****

[14:23:17] SMILES Parse Error: extra open parentheses for input: 'CC1C(CO)C2CCCC2CC1C(CO)C1CCC(CCC1'
[14:23:17] SMILES Parse Error: extra open parentheses for input: 'CC1CC(C'
[14:23:17] SMILES Parse Error: unclosed ring for input: 'CC1CC2CCCCC2C1CC(CO)C(C)CC1C(C)CC1C(C)CC2CCCCC2C1C'
[14:23:17] SMILES Parse Error: extra open parentheses for input: 'CC(CC1(C2CCCCC2)CC1C(C)C(CO)CC1CCCCC1'
[14:23:17] SMILES Parse Error: unclosed ring for input: 'CC(C1CCC2C1)C(CO)C1CCC(C2CC3CCCCC3C2)C1'
[14:23:17] SMILES Parse Error: unclosed ring for input: 'CC(C1CCC(C2CCCCC2)C1)C1CC2CCC(C3)CC1CO'
[14:23:17] SMILES Parse Error: unclosed ring for input: 'OCC1CCC(CCC2C3CCCCC3C3CC(C4CCCC5CCCCC14)CC23)CC1'
[14:23:17] SMILES Parse Error: unclosed ring for input: 'CC(C1CCCC1CO)C1C2CC3CC(C2)CC12'
[14:23:17] SMILES Parse Error: extra open parentheses for input: 'CC1CCCC1CCC(C(CO)C(CO)C(C)C1CCCCC1'
[14:23:17] SMILES Parse Error: unclosed ring for input: 'CC(C1CC2CCCCC2C1)C1CC(CO)C(C2CCCCC2)CC2CC1CO'
[14:23:17] SMILES Parse Error: unclosed ring for input: 'CC(C1CCCCC1CO)C1CCCC2C3CC(C1CCCCC1)C1CCCC12'
[14:23:17] SMILES Parse Error: unclosed ring for input: 'CC1C(CO)CCCC1C3CCCC1'
[14:23:17] SMILES Parse Error: extra open parentheses for input: 'CC1(C(CC2CCCCC2)C(C)C1CO'
[14:23:17] SMILES Parse Error: extra open parentheses for input: 'CC(CCC1(C2CCCCC2)CC1(CO)CCC1CCCC1'
[14:23:17] SMILES Parse Error: extra close parentheses while parsing: CC1CC2CCCCC2CC1CC(CO)C(C)C1CC2CCCCC2C1)C1CC2CCCC2C1
[14:23:17] 

****
Pre-condition Violation
no atoms
Violation occurred on line 173 in file /opt/conda/conda-bld/rdkit_1578630403331/work/Code/GraphMol/ROMol.cpp
Failed Expression: getNumAtoms() > 0
****

[14:23:17] SMILES Parse Error: extra close parentheses while parsing: CC1CC2CCC1CCC(C)C(CO)C(CO)C1CCCCC1)CC1CCCC1
[14:23:17] 

****
Pre-condition Violation
no atoms
Violation occurred on line 173 in file /opt/conda/conda-bld/rdkit_1578630403331/work/Code/GraphMol/ROMol.cpp
Failed Expression: getNumAtoms() > 0
****

[14:23:17] SMILES Parse Error: ring closure 1 duplicates bond between atom 19 and atom 20 for input: 'CC(C1CCCCC1)C(CO)CC1CCC2C1CCC1C1CCCCC1C1CCC1'
[14:23:17] SMILES Parse Error: unclosed ring for input: 'CC1C(CO)CCC1C3CCCC1'
[14:23:17] SMILES Parse Error: unclosed ring for input: 'CC(CC(CO)C(C)CC1CCCCC1)C1CCCC1CCCCC1'
[14:23:17] SMILES Parse Error: unclosed ring for input: 'CC(C1CCCC(C2CC3CC(C)C(CO)C3CCCCC3C2)C1)C(CO)C1CCCCC1'
[14:23:17] SMILES Parse Error: unclosed ring for input: 'CC(C)(C5CCC2CCCC2C1)C(CO)C1CCCC2CCCCC21'
[14:23:17] SMILES Parse Error: extra close parentheses while parsing: CC1CCCC1C1CCC(CO)C(C)CC2CCCCC2)C1
[14:23:17] 

****
Pre-condition Violation
no atoms
Violation occurred on line 173 in file /opt/conda/conda-bld/rdkit_1578630403331/work/Code/GraphMol/ROMol.cpp
Failed Expression: getNumAtoms() > 0
****

[14:23:17] SMILES Parse Error: extra close parentheses while parsing: CC1C(CO)C(C)C2C3CCCCC3CC3CCCCC32)C(C)C1CO
[14:23:17] 

****
Pre-condition Violation
no atoms
Violation occurred on line 173 in file /opt/conda/conda-bld/rdkit_1578630403331/work/Code/GraphMol/ROMol.cpp
Failed Expression: getNumAtoms() > 0
****

[14:23:17] SMILES Parse Error: extra open parentheses for input: 'CC(CC1CC(CC(CO)C(C)C2CCCC2)C1CCC2C(CCC2C(C)C2CC2)C1'
[14:23:17] SMILES Parse Error: extra open parentheses for input: 'CC1CC(C2CCCCC2C2CCCC(C)C21C(CO)CC1CCCCC1'
[14:23:17] SMILES Parse Error: unclosed ring for input: 'CC(C1CCCCC1)C1CC(C2CCCCC2)C(CO)C(CO)CCC2C1'
[14:23:17] SMILES Parse Error: unclosed ring for input: 'CC1C(CC2CCCCC2)C(C)C2C(CC3C(C4CCCCC4)CCC32)C(CO)C12'
[14:23:17] SMILES Parse Error: extra open parentheses for input: 'CC1CCC(C)C(C(CO)C(C)C1CCCCC1'
[14:23:17] SMILES Parse Error: unclosed ring for input: 'OCC1CCC2C(CCCC2C2CCCC4C2CCCC3CCCC32)C1'
[14:23:17] SMILES Parse Error: unclosed ring for input: 'OCC1CCC(C2CCC(CCC3CCC(C4CCCC4)C3)C23CCCCC2)CC1'
[14:23:17] SMILES Parse Error: extra close parentheses while parsing: CC(C1CCCC(C(C)(C)CC2CCCCC2)C1)C2CCCC2)C1)C1CCCCC1CO
[14:23:17] 

****
Pre-condition Violation
no atoms
Violation occurred on line 173 in file /opt/conda/conda-bld/rdkit_1578630403331/work/Code/GraphMol/ROMol.cpp
Failed Expression: getNumAtoms() > 0
****

[14:23:17] SMILES Parse Error: unclosed ring for input: 'CC1C(CO)C(C(CO)C2CCCCC2)C(C)C2C1CCCCC1'
[14:23:17] SMILES Parse Error: extra open parentheses for input: 'CC(C)(C1CCC2C3CCCCC3C(CCC3C(CCC3C3CCCCC3)CC2C1CO'
[14:23:17] SMILES Parse Error: unclosed ring for input: 'OCC1CCC(C2CC3CCC2C2CC2CCCC2)CC1'
[14:23:17] SMILES Parse Error: unclosed ring for input: 'CC1CCC(C)C1CC(CCCCC21)C(CO)CC1CCCC1'
[14:23:17] SMILES Parse Error: extra close parentheses while parsing: CC1CC(C2CCCCC2)C(C)CC2CCCCC2)CC1CO
[14:23:17] 

****
Pre-condition Violation
no atoms
Violation occurred on line 173 in file /opt/conda/conda-bld/rdkit_1578630403331/work/Code/GraphMol/ROMol.cpp
Failed Expression: getNumAtoms() > 0
****

[14:23:17] SMILES Parse Error: unclosed ring for input: 'CC(C1CCC(C2CCCC2)CC1)C1CCCCC5CO'
[14:23:17] SMILES Parse Error: extra close parentheses while parsing: CC(C)(C(CO)C2CCCCC2)CCC1C1CCCC1)C1CCCCC1
[14:23:17] 

****
Pre-condition Violation
no atoms
Violation occurred on line 173 in file /opt/conda/conda-bld/rdkit_1578630403331/work/Code/GraphMol/ROMol.cpp
Failed Expression: getNumAtoms() > 0
****

[14:23:17] SMILES Parse Error: extra open parentheses for input: 'CC(C1CCC(C2C3CC4CC(CC(C3)C2C)CC1)C1CCC(C2CC3CCCC3C2)CC1CO'
[14:23:17] SMILES Parse Error: extra open parentheses for input: 'OCC1CCC(C(CCC2CC2)CC2CCCC23CC1'
[14:23:17] SMILES Parse Error: extra close parentheses while parsing: CC1C(CCC2CCC(C)(C)C2)CC1C1CCCCC1)C2CO
[14:23:17] 

****
Pre-condition Violation
no atoms
Violation occurred on line 173 in file /opt/conda/conda-bld/rdkit_1578630403331/work/Code/GraphMol/ROMol.cpp
Failed Expression: getNumAtoms() > 0
****

[14:23:17] SMILES Parse Error: extra open parentheses for input: 'CC(CC1CC3CC1CCCC(C(CO)C(C)CC2CCC3C(C)CCC3C2)C1'
[14:23:17] SMILES Parse Error: extra open parentheses for input: 'OCC1CCC(CCC2CCC(CCC3CCC3CCCCC32)CC1'
[14:23:17] SMILES Parse Error: extra open parentheses for input: 'CC1C(CO'
[14:23:17] SMILES Parse Error: extra open parentheses for input: 'CC(CC1CC(CC(C)C(CC2CCC(C)C(CO)C2CC2)CC1)C1CC1'
[14:23:17] SMILES Parse Error: unclosed ring for input: 'CC1C(CO)CC2C5CC(CC1CCCCC1)C1CCCCC12'
[14:23:17] SMILES Parse Error: extra open parentheses for input: 'CC(CC(CO)C(C)C1CCCCC1)C1CC2CC3CC(CC(C)C1C32'
[14:23:17] SMILES Parse Error: unclosed ring for input: 'OCC1CCC2(CCC4)CC1'
[14:23:17] SMILES Parse Error: extra close parentheses while parsing: CC1CC(CCC(CO)C(C)C2CCCCC2)CC2CCCCC2)CC1
[14:23:17] 

****
Pre-condition Violation
no atoms
Violation occurred on line 173 in file /opt/conda/conda-bld/rdkit_1578630403331/work/Code/GraphMol/ROMol.cpp
Failed Expression: getNumAtoms() > 0
****

[14:23:17] SMILES Parse Error: extra open parentheses for input: 'CC(C1CCCCC1)C(CO)C1CCC(CC2CCC3CCCCC32'
[14:23:17] SMILES Parse Error: unclosed ring for input: 'CC(CC1CCC2(CCC(C)C(CO)C2CCCCC2CO)CC1)C1CCCCC1C'
[14:23:17] SMILES Parse Error: unclosed ring for input: 'CC1CC(CC(C)C(CO)C2CCCCC2)CC1CCCCC1'
[14:23:17] SMILES Parse Error: extra close parentheses while parsing: CC1C(C2CCCC2CC(C3CCCCC3)CCC2C2CCCCC2)C1)C1CCCCC1CO
[14:23:17] 

****
Pre-condition Violation
no atoms
Violation occurred on line 173 in file /opt/conda/conda-bld/rdkit_1578630403331/work/Code/GraphMol/ROMol.cpp
Failed Expression: getNumAtoms() > 0
****

[14:23:17] SMILES Parse Error: unclosed ring for input: 'CC(C1CCC(CC2CCCC2)CC1)C1CCCCC5CO'
[14:23:17] SMILES Parse Error: extra close parentheses while parsing: CC(C)(C1CCCCC1)C(CO)C1CC(C2CCCC3CCCC3)CC2)CCC1CO
[14:23:17] 

****
Pre-condition Violation
no atoms
Violation occurred on line 173 in file /opt/conda/conda-bld/rdkit_1578630403331/work/Code/GraphMol/ROMol.cpp
Failed Expression: getNumAtoms() > 0
****

[14:23:17] SMILES Parse Error: extra open parentheses for input: 'CC1C(CC2CCCCC2)C(C)C(C(CO)C2C(CO)CCC2CCCCC12'
[14:23:17] SMILES Parse Error: unclosed ring for input: 'CC(C1CCCC(C2CCC(C3CC4CCCCC5C3)CC2)C1)C1CCCC1CO'
[14:23:17] SMILES Parse Error: ring closure 2 duplicates bond between atom 13 and atom 15 for input: 'CC1C2C(CCC(CO)C2CO)CC2(C)C21'
[14:23:17] SMILES Parse Error: unclosed ring for input: 'CC(C1CCC2CCCCC2C1)C1CCC(C2CCCC(CO)C2CO)CC2C1'
[14:23:17] SMILES Parse Error: unclosed ring for input: 'CC(C1CCC2CCCCC2C1)C(CO)C1CCCCC5'
[14:23:17] SMILES Parse Error: unclosed ring for input: 'CC1CC2CCCCC2CC1CCC(CO)C(C)C1'
[14:23:17] SMILES Parse Error: extra close parentheses while parsing: OCC1CCC(C2CCC(C3CCC5C4CCCC4)C3)C2)CC1CO
[14:23:17] 

****
Pre-condition Violation
no atoms
Violation occurred on line 173 in file /opt/conda/conda-bld/rdkit_1578630403331/work/Code/GraphMol/ROMol.cpp
Failed Expression: getNumAtoms() > 0
****

[14:23:17] SMILES Parse Error: extra open parentheses for input: 'CC1(C'
[14:23:17] SMILES Parse Error: extra close parentheses while parsing: CC1CC2C(C)CC2CCCC2C1C)C(CO)C1CCCCC1
[14:23:17] 

****
Pre-condition Violation
no atoms
Violation occurred on line 173 in file /opt/conda/conda-bld/rdkit_1578630403331/work/Code/GraphMol/ROMol.cpp
Failed Expression: getNumAtoms() > 0
****

[14:23:17] SMILES Parse Error: unclosed ring for input: 'CC1C2C(CO)CCC2CC(C3CCCCCC4C3)C(C)C21'
[14:23:17] SMILES Parse Error: extra close parentheses while parsing: CC1CCCCC1CC(C)C(CO)C1CC1)C1CCCCC1
[14:23:17] 

****
Pre-condition Violation
no atoms
Violation occurred on line 173 in file /opt/conda/conda-bld/rdkit_1578630403331/work/Code/GraphMol/ROMol.cpp
Failed Expression: getNumAtoms() > 0
****

[14:23:17] SMILES Parse Error: unclosed ring for input: 'OCC1CCC2C(C1)CC3C3CCCCC3C3CCCCC3C21'
[14:23:17] SMILES Parse Error: extra open parentheses for input: 'CC(CC1CC(C2CCCCC2)C2CCC3CCCCC3CC2C(CO)C1CCCCC1'
[14:23:17] SMILES Parse Error: extra open parentheses for input: 'CC1C(CO)C(CC(CC2CCCCC2)C(C)C2CC1CC1CCCCC1'
[14:23:17] SMILES Parse Error: unclosed ring for input: 'OCC1CCC(CCC2CCCCC2CC2CC4CC4CCCCC4C3C2)CC1'
[14:23:17] SMILES Parse Error: extra open parentheses for input: 'CC(CC1CC(CC2CC(CO)CC1CC(C2CCCCC2)C2CCCC12'
[14:23:17] SMILES Parse Error: extra close parentheses while parsing: CC(CC1C(C)CCC1C(C)C2CCCCC2)C2CCCCC12)C(CO)C1CCCCC1
[14:23:17] 

****
Pre-condition Violation
no atoms
Violation occurred on line 173 in file /opt/conda/conda-bld/rdkit_1578630403331/work/Code/GraphMol/ROMol.cpp
Failed Expression: getNumAtoms() > 0
****

[14:23:17] SMILES Parse Error: unclosed ring for input: 'CC1C2CCC(C3CCCCC3)C2C1C(CO)CC(C2CCCCC2)C1C'
[14:23:17] SMILES Parse Error: extra open parentheses for input: 'CC1C(CO)CC2CCCCC2C(CCCC(C)(C)C2CCCCC12'
[14:23:17] SMILES Parse Error: extra open parentheses for input: 'CC1CC(C)C(CC1CO'
[14:23:17] SMILES Parse Error: extra open parentheses for input: 'CC1CC(CCC1C(C)C(CO)CC(C1CCCCC1)C1CCCCC1'
[14:23:17] SMILES Parse Error: extra close parentheses while parsing: CC(C)(C1CCCCC1)C(CO)C1CC2CCCCCC2C1)C1CCCCC1C
[14:23:17] 

****
Pre-condition Violation
no atoms
Violation occurred on line 173 in file /opt/conda/conda-bld/rdkit_1578630403331/work/Code/GraphMol/ROMol.cpp
Failed Expression: getNumAtoms() > 0
****

[14:23:17] SMILES Parse Error: unclosed ring for input: 'CC1CC2CCCCC2C2C1CO'
[14:23:17] SMILES Parse Error: extra close parentheses while parsing: CC1CC2CCCCC2)C(C)C1C1CC(C2CCCCC2)C(CO)C1CO
[14:23:17] 

****
Pre-condition Violation
no atoms
Violation occurred on line 173 in file /opt/conda/conda-bld/rdkit_1578630403331/work/Code/GraphMol/ROMol.cpp
Failed Expression: getNumAtoms() > 0
****

[14:23:17] SMILES Parse Error: unclosed ring for input: 'OCC1CCC2C(CCC3CCCCC12)C1'
[14:23:17] SMILES Parse Error: unclosed ring for input: 'CC(CC(C1CC1)C1CC1)C(CO)CCC1CC1CC1'
[14:23:17] SMILES Parse Error: extra open parentheses for input: 'CC1CC2CC(CC(C)C(CO)CC3CC(C4CC3)CCC2C1C'
[14:23:17] SMILES Parse Error: extra open parentheses for input: 'OCC1CC2C(CC1CO'
[14:23:17] SMILES Parse Error: unclosed ring for input: 'CC(C(CO)CC1CCCCC1)C1CCCC2C1CC(C1CCCCC1)C1CCCC1'
[14:23:17] SMILES Parse Error: extra open parentheses for input: 'CC1CCCC1C1CCC(CO)C(C(CO)C(C)C2'
[14:23:17] SMILES Parse Error: extra close parentheses while parsing: CC(C1CCC(C2CCC(C)(C)C3CCC4CCCCC4C3)CC2)CC1)C1CC1CO
[14:23:17] 

****
Pre-condition Violation
no atoms
Violation occurred on line 173 in file /opt/conda/conda-bld/rdkit_1578630403331/work/Code/GraphMol/ROMol.cpp
Failed Expression: getNumAtoms() > 0
****

[14:23:17] SMILES Parse Error: unclosed ring for input: 'CC(C1CCC)C1CC(C2CCCCC2)C(C(C)C(CO)CC2CCCCC2)C1'
[14:23:17] SMILES Parse Error: extra close parentheses while parsing: CC(CC(CO)C(C)CC1C(C)CC2CCCCC2)C1C)C1CCCC1
[14:23:17] 

****
Pre-condition Violation
no atoms
Violation occurred on line 173 in file /opt/conda/conda-bld/rdkit_1578630403331/work/Code/GraphMol/ROMol.cpp
Failed Expression: getNumAtoms() > 0
****

[14:23:17] SMILES Parse Error: unclosed ring for input: 'CC(C1CCCCC1)C(CO)C1CCC(C)(C)C1CCCCC1'
[14:23:17] SMILES Parse Error: extra open parentheses for input: 'OCC1CCC(CC2CCC2'
[14:23:17] SMILES Parse Error: unclosed ring for input: 'OCC1CCC(C2CCCC4C2CC2)CC1'
[14:23:17] SMILES Parse Error: extra open parentheses for input: 'CC1CCCC1C(CC(CCCCC1)CC(CO)C(C)C1CCCC1'
[14:23:17] SMILES Parse Error: unclosed ring for input: 'CC(CC1CCC(C(CO)C(C)C(CO)C2CCCCC2)C1)C1CCCCC1C2'
[14:23:17] SMILES Parse Error: extra close parentheses while parsing: CC(C(CO)CCC1C)C1CCCCC1)C1CCCCC1
[14:23:17] 

****
Pre-condition Violation
no atoms
Violation occurred on line 173 in file /opt/conda/conda-bld/rdkit_1578630403331/work/Code/GraphMol/ROMol.cpp
Failed Expression: getNumAtoms() > 0
****

[14:23:17] SMILES Parse Error: extra open parentheses for input: 'CC1C(CCC(C2CCCCC2)CC1CC1CCC(CC2CCC3CCCC3C2)CC1CO'
[14:23:17] SMILES Parse Error: unclosed ring for input: 'OCC1CCC(CC2CCC3CCCCC12)CC1'
[14:23:17] SMILES Parse Error: unclosed ring for input: 'OCC1CC2'
[14:23:17] SMILES Parse Error: unclosed ring for input: 'CC(C1CCC(CC2CCCC2)CC1)C1CCCC5CO'
[14:23:17] SMILES Parse Error: extra close parentheses while parsing: CC1C(CC2CCCCC2)C(C)C2C1C(CO)C1CCCC(CO)C1CCC2CCCCC2)C1
[14:23:17] 

****
Pre-condition Violation
no atoms
Violation occurred on line 173 in file /opt/conda/conda-bld/rdkit_1578630403331/work/Code/GraphMol/ROMol.cpp
Failed Expression: getNumAtoms() > 0
****

