Changed directory to /home/dpk25/MolecularTransformer2/scripts/toy_model/sear.

JobID: 27551330
======
Time: Mon 17 Aug 21:48:48 BST 2020
Running on master node: gpu-e-16
Current directory: /home/dpk25/MolecularTransformer2/scripts/toy_model/sear

Nodes allocated:
================
gpu-e-16

numtasks=1, numnodes=1, mpi_tasks_per_node=1 (OMP_NUM_THREADS=1)

Executing command:
==================
./train.sh 

[2020-08-17 21:48:56,209 INFO]  * src vocab size = 21
[2020-08-17 21:48:56,209 INFO]  * tgt vocab size = 21
[2020-08-17 21:48:56,209 INFO] Building model...
[2020-08-17 21:49:03,258 INFO] NMTModel(
  (encoder): TransformerEncoder(
    (embeddings): Embeddings(
      (make_embedding): Sequential(
        (emb_luts): Elementwise(
          (0): Embedding(21, 256, padding_idx=1)
        )
        (pe): PositionalEncoding(
          (dropout): Dropout(p=0.1, inplace=False)
        )
      )
    )
    (transformer): ModuleList(
      (0): TransformerEncoderLayer(
        (self_attn): MultiHeadedAttention(
          (linear_keys): Linear(in_features=256, out_features=256, bias=True)
          (linear_values): Linear(in_features=256, out_features=256, bias=True)
          (linear_query): Linear(in_features=256, out_features=256, bias=True)
          (softmax): Softmax(dim=-1)
          (dropout): Dropout(p=0.1, inplace=False)
          (final_linear): Linear(in_features=256, out_features=256, bias=True)
        )
        (feed_forward): PositionwiseFeedForward(
          (w_1): Linear(in_features=256, out_features=2048, bias=True)
          (w_2): Linear(in_features=2048, out_features=256, bias=True)
          (layer_norm): LayerNorm((256,), eps=1e-06, elementwise_affine=True)
          (dropout_1): Dropout(p=0.1, inplace=False)
          (relu): ReLU()
          (dropout_2): Dropout(p=0.1, inplace=False)
        )
        (layer_norm): LayerNorm((256,), eps=1e-06, elementwise_affine=True)
        (dropout): Dropout(p=0.1, inplace=False)
      )
      (1): TransformerEncoderLayer(
        (self_attn): MultiHeadedAttention(
          (linear_keys): Linear(in_features=256, out_features=256, bias=True)
          (linear_values): Linear(in_features=256, out_features=256, bias=True)
          (linear_query): Linear(in_features=256, out_features=256, bias=True)
          (softmax): Softmax(dim=-1)
          (dropout): Dropout(p=0.1, inplace=False)
          (final_linear): Linear(in_features=256, out_features=256, bias=True)
        )
        (feed_forward): PositionwiseFeedForward(
          (w_1): Linear(in_features=256, out_features=2048, bias=True)
          (w_2): Linear(in_features=2048, out_features=256, bias=True)
          (layer_norm): LayerNorm((256,), eps=1e-06, elementwise_affine=True)
          (dropout_1): Dropout(p=0.1, inplace=False)
          (relu): ReLU()
          (dropout_2): Dropout(p=0.1, inplace=False)
        )
        (layer_norm): LayerNorm((256,), eps=1e-06, elementwise_affine=True)
        (dropout): Dropout(p=0.1, inplace=False)
      )
      (2): TransformerEncoderLayer(
        (self_attn): MultiHeadedAttention(
          (linear_keys): Linear(in_features=256, out_features=256, bias=True)
          (linear_values): Linear(in_features=256, out_features=256, bias=True)
          (linear_query): Linear(in_features=256, out_features=256, bias=True)
          (softmax): Softmax(dim=-1)
          (dropout): Dropout(p=0.1, inplace=False)
          (final_linear): Linear(in_features=256, out_features=256, bias=True)
        )
        (feed_forward): PositionwiseFeedForward(
          (w_1): Linear(in_features=256, out_features=2048, bias=True)
          (w_2): Linear(in_features=2048, out_features=256, bias=True)
          (layer_norm): LayerNorm((256,), eps=1e-06, elementwise_affine=True)
          (dropout_1): Dropout(p=0.1, inplace=False)
          (relu): ReLU()
          (dropout_2): Dropout(p=0.1, inplace=False)
        )
        (layer_norm): LayerNorm((256,), eps=1e-06, elementwise_affine=True)
        (dropout): Dropout(p=0.1, inplace=False)
      )
      (3): TransformerEncoderLayer(
        (self_attn): MultiHeadedAttention(
          (linear_keys): Linear(in_features=256, out_features=256, bias=True)
          (linear_values): Linear(in_features=256, out_features=256, bias=True)
          (linear_query): Linear(in_features=256, out_features=256, bias=True)
          (softmax): Softmax(dim=-1)
          (dropout): Dropout(p=0.1, inplace=False)
          (final_linear): Linear(in_features=256, out_features=256, bias=True)
        )
        (feed_forward): PositionwiseFeedForward(
          (w_1): Linear(in_features=256, out_features=2048, bias=True)
          (w_2): Linear(in_features=2048, out_features=256, bias=True)
          (layer_norm): LayerNorm((256,), eps=1e-06, elementwise_affine=True)
          (dropout_1): Dropout(p=0.1, inplace=False)
          (relu): ReLU()
          (dropout_2): Dropout(p=0.1, inplace=False)
        )
        (layer_norm): LayerNorm((256,), eps=1e-06, elementwise_affine=True)
        (dropout): Dropout(p=0.1, inplace=False)
      )
    )
    (layer_norm): LayerNorm((256,), eps=1e-06, elementwise_affine=True)
  )
  (decoder): TransformerDecoder(
    (embeddings): Embeddings(
      (make_embedding): Sequential(
        (emb_luts): Elementwise(
          (0): Embedding(21, 256, padding_idx=1)
        )
        (pe): PositionalEncoding(
          (dropout): Dropout(p=0.1, inplace=False)
        )
      )
    )
    (transformer_layers): ModuleList(
      (0): TransformerDecoderLayer(
        (self_attn): MultiHeadedAttention(
          (linear_keys): Linear(in_features=256, out_features=256, bias=True)
          (linear_values): Linear(in_features=256, out_features=256, bias=True)
          (linear_query): Linear(in_features=256, out_features=256, bias=True)
          (softmax): Softmax(dim=-1)
          (dropout): Dropout(p=0.1, inplace=False)
          (final_linear): Linear(in_features=256, out_features=256, bias=True)
        )
        (context_attn): MultiHeadedAttention(
          (linear_keys): Linear(in_features=256, out_features=256, bias=True)
          (linear_values): Linear(in_features=256, out_features=256, bias=True)
          (linear_query): Linear(in_features=256, out_features=256, bias=True)
          (softmax): Softmax(dim=-1)
          (dropout): Dropout(p=0.1, inplace=False)
          (final_linear): Linear(in_features=256, out_features=256, bias=True)
        )
        (feed_forward): PositionwiseFeedForward(
          (w_1): Linear(in_features=256, out_features=2048, bias=True)
          (w_2): Linear(in_features=2048, out_features=256, bias=True)
          (layer_norm): LayerNorm((256,), eps=1e-06, elementwise_affine=True)
          (dropout_1): Dropout(p=0.1, inplace=False)
          (relu): ReLU()
          (dropout_2): Dropout(p=0.1, inplace=False)
        )
        (layer_norm_1): LayerNorm((256,), eps=1e-06, elementwise_affine=True)
        (layer_norm_2): LayerNorm((256,), eps=1e-06, elementwise_affine=True)
        (drop): Dropout(p=0.1, inplace=False)
      )
      (1): TransformerDecoderLayer(
        (self_attn): MultiHeadedAttention(
          (linear_keys): Linear(in_features=256, out_features=256, bias=True)
          (linear_values): Linear(in_features=256, out_features=256, bias=True)
          (linear_query): Linear(in_features=256, out_features=256, bias=True)
          (softmax): Softmax(dim=-1)
          (dropout): Dropout(p=0.1, inplace=False)
          (final_linear): Linear(in_features=256, out_features=256, bias=True)
        )
        (context_attn): MultiHeadedAttention(
          (linear_keys): Linear(in_features=256, out_features=256, bias=True)
          (linear_values): Linear(in_features=256, out_features=256, bias=True)
          (linear_query): Linear(in_features=256, out_features=256, bias=True)
          (softmax): Softmax(dim=-1)
          (dropout): Dropout(p=0.1, inplace=False)
          (final_linear): Linear(in_features=256, out_features=256, bias=True)
        )
        (feed_forward): PositionwiseFeedForward(
          (w_1): Linear(in_features=256, out_features=2048, bias=True)
          (w_2): Linear(in_features=2048, out_features=256, bias=True)
          (layer_norm): LayerNorm((256,), eps=1e-06, elementwise_affine=True)
          (dropout_1): Dropout(p=0.1, inplace=False)
          (relu): ReLU()
          (dropout_2): Dropout(p=0.1, inplace=False)
        )
        (layer_norm_1): LayerNorm((256,), eps=1e-06, elementwise_affine=True)
        (layer_norm_2): LayerNorm((256,), eps=1e-06, elementwise_affine=True)
        (drop): Dropout(p=0.1, inplace=False)
      )
      (2): TransformerDecoderLayer(
        (self_attn): MultiHeadedAttention(
          (linear_keys): Linear(in_features=256, out_features=256, bias=True)
          (linear_values): Linear(in_features=256, out_features=256, bias=True)
          (linear_query): Linear(in_features=256, out_features=256, bias=True)
          (softmax): Softmax(dim=-1)
          (dropout): Dropout(p=0.1, inplace=False)
          (final_linear): Linear(in_features=256, out_features=256, bias=True)
        )
        (context_attn): MultiHeadedAttention(
          (linear_keys): Linear(in_features=256, out_features=256, bias=True)
          (linear_values): Linear(in_features=256, out_features=256, bias=True)
          (linear_query): Linear(in_features=256, out_features=256, bias=True)
          (softmax): Softmax(dim=-1)
          (dropout): Dropout(p=0.1, inplace=False)
          (final_linear): Linear(in_features=256, out_features=256, bias=True)
        )
        (feed_forward): PositionwiseFeedForward(
          (w_1): Linear(in_features=256, out_features=2048, bias=True)
          (w_2): Linear(in_features=2048, out_features=256, bias=True)
          (layer_norm): LayerNorm((256,), eps=1e-06, elementwise_affine=True)
          (dropout_1): Dropout(p=0.1, inplace=False)
          (relu): ReLU()
          (dropout_2): Dropout(p=0.1, inplace=False)
        )
        (layer_norm_1): LayerNorm((256,), eps=1e-06, elementwise_affine=True)
        (layer_norm_2): LayerNorm((256,), eps=1e-06, elementwise_affine=True)
        (drop): Dropout(p=0.1, inplace=False)
      )
      (3): TransformerDecoderLayer(
        (self_attn): MultiHeadedAttention(
          (linear_keys): Linear(in_features=256, out_features=256, bias=True)
          (linear_values): Linear(in_features=256, out_features=256, bias=True)
          (linear_query): Linear(in_features=256, out_features=256, bias=True)
          (softmax): Softmax(dim=-1)
          (dropout): Dropout(p=0.1, inplace=False)
          (final_linear): Linear(in_features=256, out_features=256, bias=True)
        )
        (context_attn): MultiHeadedAttention(
          (linear_keys): Linear(in_features=256, out_features=256, bias=True)
          (linear_values): Linear(in_features=256, out_features=256, bias=True)
          (linear_query): Linear(in_features=256, out_features=256, bias=True)
          (softmax): Softmax(dim=-1)
          (dropout): Dropout(p=0.1, inplace=False)
          (final_linear): Linear(in_features=256, out_features=256, bias=True)
        )
        (feed_forward): PositionwiseFeedForward(
          (w_1): Linear(in_features=256, out_features=2048, bias=True)
          (w_2): Linear(in_features=2048, out_features=256, bias=True)
          (layer_norm): LayerNorm((256,), eps=1e-06, elementwise_affine=True)
          (dropout_1): Dropout(p=0.1, inplace=False)
          (relu): ReLU()
          (dropout_2): Dropout(p=0.1, inplace=False)
        )
        (layer_norm_1): LayerNorm((256,), eps=1e-06, elementwise_affine=True)
        (layer_norm_2): LayerNorm((256,), eps=1e-06, elementwise_affine=True)
        (drop): Dropout(p=0.1, inplace=False)
      )
    )
    (layer_norm): LayerNorm((256,), eps=1e-06, elementwise_affine=True)
  )
  (generator): Sequential(
    (0): Linear(in_features=256, out_features=21, bias=True)
    (1): Cast()
    (2): LogSoftmax()
  )
)
[2020-08-17 21:49:03,260 INFO] encoder: 5266176
[2020-08-17 21:49:03,260 INFO] decoder: 6320917
[2020-08-17 21:49:03,260 INFO] * number of parameters: 11587093
[2020-08-17 21:49:03,263 INFO] Starting training on GPU: [0]
[2020-08-17 21:49:03,263 INFO] Start training loop and validate every 10000 steps...
[2020-08-17 21:49:03,263 INFO] Loading dataset from /home/dpk25/rds/hpc-work/toy_model/data_sear/.train.0.pt
[2020-08-17 21:49:04,702 INFO] number of examples: 146816
[2020-08-17 21:51:47,188 INFO] Step 1000/350000; acc:  73.79; ppl:  2.00; xent: 0.69; lr: 0.00027; 11401/9395 tok/s;    164 sec
[2020-08-17 21:54:26,425 INFO] Step 2000/350000; acc:  88.03; ppl:  1.32; xent: 0.28; lr: 0.00054; 11739/9665 tok/s;    323 sec
[2020-08-17 21:57:04,128 INFO] Step 3000/350000; acc:  91.33; ppl:  1.23; xent: 0.20; lr: 0.00081; 11846/9767 tok/s;    481 sec
[2020-08-17 21:58:05,766 INFO] Loading dataset from /home/dpk25/rds/hpc-work/toy_model/data_sear/.train.0.pt
[2020-08-17 21:58:07,807 INFO] number of examples: 146816
[2020-08-17 21:59:44,075 INFO] Step 4000/350000; acc:  92.40; ppl:  1.19; xent: 0.18; lr: 0.00108; 11680/9627 tok/s;    641 sec
[2020-08-17 22:02:21,445 INFO] Step 5000/350000; acc:  92.77; ppl:  1.18; xent: 0.17; lr: 0.00135; 11873/9783 tok/s;    798 sec
[2020-08-17 22:04:58,558 INFO] Step 6000/350000; acc:  93.04; ppl:  1.18; xent: 0.16; lr: 0.00161; 11897/9796 tok/s;    955 sec
[2020-08-17 22:07:00,723 INFO] Loading dataset from /home/dpk25/rds/hpc-work/toy_model/data_sear/.train.0.pt
[2020-08-17 22:07:02,770 INFO] number of examples: 146816
[2020-08-17 22:07:37,295 INFO] Step 7000/350000; acc:  93.82; ppl:  1.16; xent: 0.14; lr: 0.00149; 11763/9702 tok/s;   1114 sec
[2020-08-17 22:10:12,776 INFO] Step 8000/350000; acc:  94.75; ppl:  1.13; xent: 0.12; lr: 0.00140; 12020/9906 tok/s;   1270 sec
[2020-08-17 22:12:48,646 INFO] Step 9000/350000; acc:  95.82; ppl:  1.11; xent: 0.10; lr: 0.00132; 11993/9888 tok/s;   1425 sec
[2020-08-17 22:15:24,282 INFO] Step 10000/350000; acc:  96.42; ppl:  1.09; xent: 0.09; lr: 0.00125; 11999/9891 tok/s;   1581 sec
[2020-08-17 22:15:24,285 INFO] Loading dataset from /home/dpk25/rds/hpc-work/toy_model/data_sear/.valid.0.pt
[2020-08-17 22:15:24,494 INFO] number of examples: 9176
[2020-08-17 22:15:40,463 INFO] Validation perplexity: 1.01116
[2020-08-17 22:15:40,464 INFO] Validation accuracy: 99.6304
[2020-08-17 22:15:40,465 INFO] Saving checkpoint /home/dpk25/rds/hpc-work/toy_model/sear_models/toy_model_step_10000.pt
[2020-08-17 22:16:09,730 INFO] Loading dataset from /home/dpk25/rds/hpc-work/toy_model/data_sear/.train.0.pt
[2020-08-17 22:16:12,049 INFO] number of examples: 146816
[2020-08-17 22:18:21,380 INFO] Step 11000/350000; acc:  97.02; ppl:  1.08; xent: 0.07; lr: 0.00119; 10548/8691 tok/s;   1758 sec
[2020-08-17 22:20:57,150 INFO] Step 12000/350000; acc:  97.46; ppl:  1.07; xent: 0.06; lr: 0.00114; 11998/9883 tok/s;   1914 sec
[2020-08-17 22:23:32,677 INFO] Step 13000/350000; acc:  97.71; ppl:  1.06; xent: 0.06; lr: 0.00110; 12014/9898 tok/s;   2069 sec
[2020-08-17 22:25:00,491 INFO] Loading dataset from /home/dpk25/rds/hpc-work/toy_model/data_sear/.train.0.pt
[2020-08-17 22:25:02,277 INFO] number of examples: 146816
[2020-08-17 22:26:10,760 INFO] Step 14000/350000; acc:  98.02; ppl:  1.05; xent: 0.05; lr: 0.00106; 11816/9746 tok/s;   2227 sec
[2020-08-17 22:28:46,352 INFO] Step 15000/350000; acc:  98.23; ppl:  1.05; xent: 0.04; lr: 0.00102; 12008/9894 tok/s;   2383 sec
[2020-08-17 22:31:22,305 INFO] Step 16000/350000; acc:  98.42; ppl:  1.04; xent: 0.04; lr: 0.00099; 11984/9870 tok/s;   2539 sec
[2020-08-17 22:33:51,040 INFO] Loading dataset from /home/dpk25/rds/hpc-work/toy_model/data_sear/.train.0.pt
[2020-08-17 22:33:53,440 INFO] number of examples: 146816
[2020-08-17 22:34:01,095 INFO] Step 17000/350000; acc:  98.60; ppl:  1.04; xent: 0.04; lr: 0.00096; 11760/9701 tok/s;   2698 sec
[2020-08-17 22:36:36,384 INFO] Step 18000/350000; acc:  98.74; ppl:  1.03; xent: 0.03; lr: 0.00093; 12036/9920 tok/s;   2853 sec
[2020-08-17 22:39:12,312 INFO] Step 19000/350000; acc:  98.82; ppl:  1.03; xent: 0.03; lr: 0.00091; 11986/9871 tok/s;   3009 sec
[2020-08-17 22:41:48,103 INFO] Step 20000/350000; acc:  98.93; ppl:  1.03; xent: 0.03; lr: 0.00088; 11991/9886 tok/s;   3165 sec
[2020-08-17 22:41:48,104 INFO] Loading dataset from /home/dpk25/rds/hpc-work/toy_model/data_sear/.valid.0.pt
[2020-08-17 22:41:48,172 INFO] number of examples: 9176
[2020-08-17 22:42:04,091 INFO] Validation perplexity: 1.00162
[2020-08-17 22:42:04,092 INFO] Validation accuracy: 99.9491
[2020-08-17 22:42:04,093 INFO] Saving checkpoint /home/dpk25/rds/hpc-work/toy_model/sear_models/toy_model_step_20000.pt
[2020-08-17 22:42:58,809 INFO] Loading dataset from /home/dpk25/rds/hpc-work/toy_model/data_sear/.train.0.pt
[2020-08-17 22:43:01,255 INFO] number of examples: 146816
[2020-08-17 22:44:42,059 INFO] Step 21000/350000; acc:  99.02; ppl:  1.03; xent: 0.03; lr: 0.00086; 10737/8850 tok/s;   3339 sec
[2020-08-17 22:47:13,965 INFO] Step 22000/350000; acc:  99.09; ppl:  1.02; xent: 0.02; lr: 0.00084; 12302/10135 tok/s;   3491 sec
[2020-08-17 22:49:45,370 INFO] Step 23000/350000; acc:  99.14; ppl:  1.02; xent: 0.02; lr: 0.00082; 12347/10165 tok/s;   3642 sec
[2020-08-17 22:51:37,249 INFO] Loading dataset from /home/dpk25/rds/hpc-work/toy_model/data_sear/.train.0.pt
[2020-08-17 22:51:39,147 INFO] number of examples: 146816
[2020-08-17 22:52:19,924 INFO] Step 24000/350000; acc:  99.23; ppl:  1.02; xent: 0.02; lr: 0.00081; 12082/9968 tok/s;   3797 sec
[2020-08-17 22:54:51,125 INFO] Step 25000/350000; acc:  99.27; ppl:  1.02; xent: 0.02; lr: 0.00079; 12360/10188 tok/s;   3948 sec
[2020-08-17 22:57:20,494 INFO] Step 26000/350000; acc:  99.32; ppl:  1.02; xent: 0.02; lr: 0.00078; 12513/10310 tok/s;   4097 sec
[2020-08-17 22:59:49,684 INFO] Step 27000/350000; acc:  99.37; ppl:  1.02; xent: 0.02; lr: 0.00076; 12518/10322 tok/s;   4246 sec
[2020-08-17 23:00:08,806 INFO] Loading dataset from /home/dpk25/rds/hpc-work/toy_model/data_sear/.train.0.pt
[2020-08-17 23:00:11,237 INFO] number of examples: 146816
[2020-08-17 23:02:23,575 INFO] Step 28000/350000; acc:  99.40; ppl:  1.02; xent: 0.02; lr: 0.00075; 12140/10004 tok/s;   4400 sec
[2020-08-17 23:04:59,688 INFO] Step 29000/350000; acc:  99.44; ppl:  1.02; xent: 0.02; lr: 0.00073; 11973/9859 tok/s;   4556 sec
[2020-08-17 23:07:35,514 INFO] Step 30000/350000; acc:  99.45; ppl:  1.02; xent: 0.01; lr: 0.00072; 11989/9879 tok/s;   4712 sec
[2020-08-17 23:07:35,515 INFO] Loading dataset from /home/dpk25/rds/hpc-work/toy_model/data_sear/.valid.0.pt
[2020-08-17 23:07:35,593 INFO] number of examples: 9176
[2020-08-17 23:07:51,580 INFO] Validation perplexity: 1.00264
[2020-08-17 23:07:51,580 INFO] Validation accuracy: 99.9166
[2020-08-17 23:07:51,581 INFO] Saving checkpoint /home/dpk25/rds/hpc-work/toy_model/sear_models/toy_model_step_30000.pt
[2020-08-17 23:09:12,988 INFO] Loading dataset from /home/dpk25/rds/hpc-work/toy_model/data_sear/.train.0.pt
[2020-08-17 23:09:15,591 INFO] number of examples: 146816
[2020-08-17 23:10:31,441 INFO] Step 31000/350000; acc:  99.48; ppl:  1.01; xent: 0.01; lr: 0.00071; 10618/8756 tok/s;   4888 sec
[2020-08-17 23:13:07,736 INFO] Step 32000/350000; acc:  99.51; ppl:  1.01; xent: 0.01; lr: 0.00070; 11954/9852 tok/s;   5044 sec
[2020-08-17 23:15:44,226 INFO] Step 33000/350000; acc:  99.54; ppl:  1.01; xent: 0.01; lr: 0.00069; 11945/9837 tok/s;   5201 sec
[2020-08-17 23:18:05,291 INFO] Loading dataset from /home/dpk25/rds/hpc-work/toy_model/data_sear/.train.0.pt
[2020-08-17 23:18:07,282 INFO] number of examples: 146816
[2020-08-17 23:18:22,053 INFO] Step 34000/350000; acc:  99.56; ppl:  1.01; xent: 0.01; lr: 0.00068; 11830/9756 tok/s;   5359 sec
[2020-08-17 23:20:58,134 INFO] Step 35000/350000; acc:  99.57; ppl:  1.01; xent: 0.01; lr: 0.00067; 11978/9874 tok/s;   5515 sec
[2020-08-17 23:23:33,848 INFO] Step 36000/350000; acc:  99.61; ppl:  1.01; xent: 0.01; lr: 0.00066; 12001/9883 tok/s;   5671 sec
[2020-08-17 23:26:09,394 INFO] Step 37000/350000; acc:  99.59; ppl:  1.01; xent: 0.01; lr: 0.00065; 12009/9904 tok/s;   5826 sec
[2020-08-17 23:26:56,757 INFO] Loading dataset from /home/dpk25/rds/hpc-work/toy_model/data_sear/.train.0.pt
[2020-08-17 23:26:59,338 INFO] number of examples: 146816
[2020-08-17 23:28:49,826 INFO] Step 38000/350000; acc:  99.63; ppl:  1.01; xent: 0.01; lr: 0.00064; 11643/9593 tok/s;   5987 sec
[2020-08-17 23:31:26,640 INFO] Step 39000/350000; acc:  99.65; ppl:  1.01; xent: 0.01; lr: 0.00063; 11918/9818 tok/s;   6143 sec
[2020-08-17 23:34:03,276 INFO] Step 40000/350000; acc:  99.66; ppl:  1.01; xent: 0.01; lr: 0.00062; 11932/9827 tok/s;   6300 sec
[2020-08-17 23:34:03,277 INFO] Loading dataset from /home/dpk25/rds/hpc-work/toy_model/data_sear/.valid.0.pt
[2020-08-17 23:34:03,352 INFO] number of examples: 9176
[2020-08-17 23:34:19,410 INFO] Validation perplexity: 1.00041
[2020-08-17 23:34:19,410 INFO] Validation accuracy: 99.9887
[2020-08-17 23:34:19,412 INFO] Saving checkpoint /home/dpk25/rds/hpc-work/toy_model/sear_models/toy_model_step_40000.pt
[2020-08-17 23:36:08,933 INFO] Loading dataset from /home/dpk25/rds/hpc-work/toy_model/data_sear/.train.0.pt
[2020-08-17 23:36:10,823 INFO] number of examples: 146816
[2020-08-17 23:36:59,665 INFO] Step 41000/350000; acc:  99.68; ppl:  1.01; xent: 0.01; lr: 0.00062; 10586/8733 tok/s;   6476 sec
[2020-08-17 23:39:36,208 INFO] Step 42000/350000; acc:  99.68; ppl:  1.01; xent: 0.01; lr: 0.00061; 11938/9838 tok/s;   6633 sec
[2020-08-17 23:42:12,645 INFO] Step 43000/350000; acc:  99.69; ppl:  1.01; xent: 0.01; lr: 0.00060; 11948/9845 tok/s;   6789 sec
[2020-08-17 23:44:48,784 INFO] Step 44000/350000; acc:  99.71; ppl:  1.01; xent: 0.01; lr: 0.00060; 11959/9862 tok/s;   6946 sec
[2020-08-17 23:45:01,772 INFO] Loading dataset from /home/dpk25/rds/hpc-work/toy_model/data_sear/.train.0.pt
[2020-08-17 23:45:04,135 INFO] number of examples: 146816
[2020-08-17 23:47:28,361 INFO] Step 45000/350000; acc:  99.72; ppl:  1.01; xent: 0.01; lr: 0.00059; 11710/9650 tok/s;   7105 sec
[2020-08-17 23:50:05,095 INFO] Step 46000/350000; acc:  99.72; ppl:  1.01; xent: 0.01; lr: 0.00058; 11926/9822 tok/s;   7262 sec
[2020-08-17 23:52:41,085 INFO] Step 47000/350000; acc:  99.74; ppl:  1.01; xent: 0.01; lr: 0.00058; 11975/9869 tok/s;   7418 sec
[2020-08-17 23:53:55,093 INFO] Loading dataset from /home/dpk25/rds/hpc-work/toy_model/data_sear/.train.0.pt
[2020-08-17 23:53:57,444 INFO] number of examples: 146816
[2020-08-17 23:55:20,114 INFO] Step 48000/350000; acc:  99.74; ppl:  1.01; xent: 0.01; lr: 0.00057; 11747/9686 tok/s;   7577 sec
[2020-08-17 23:57:56,127 INFO] Step 49000/350000; acc:  99.75; ppl:  1.01; xent: 0.01; lr: 0.00056; 11975/9868 tok/s;   7733 sec
[2020-08-18 00:00:32,735 INFO] Step 50000/350000; acc:  99.77; ppl:  1.01; xent: 0.01; lr: 0.00056; 11937/9831 tok/s;   7889 sec
[2020-08-18 00:00:32,736 INFO] Loading dataset from /home/dpk25/rds/hpc-work/toy_model/data_sear/.valid.0.pt
[2020-08-18 00:00:33,293 INFO] number of examples: 9176
[2020-08-18 00:00:49,370 INFO] Validation perplexity: 1.00022
[2020-08-18 00:00:49,370 INFO] Validation accuracy: 99.9948
[2020-08-18 00:00:49,372 INFO] Saving checkpoint /home/dpk25/rds/hpc-work/toy_model/sear_models/toy_model_step_50000.pt
[2020-08-18 00:03:05,641 INFO] Loading dataset from /home/dpk25/rds/hpc-work/toy_model/data_sear/.train.0.pt
[2020-08-18 00:03:08,173 INFO] number of examples: 146816
[2020-08-18 00:03:29,984 INFO] Step 51000/350000; acc:  99.78; ppl:  1.01; xent: 0.01; lr: 0.00055; 10534/8687 tok/s;   8067 sec
[2020-08-18 00:06:06,415 INFO] Step 52000/350000; acc:  99.77; ppl:  1.01; xent: 0.01; lr: 0.00055; 11950/9850 tok/s;   8223 sec
[2020-08-18 00:08:42,783 INFO] Step 53000/350000; acc:  99.78; ppl:  1.01; xent: 0.01; lr: 0.00054; 11952/9846 tok/s;   8380 sec
[2020-08-18 00:11:19,693 INFO] Step 54000/350000; acc:  99.79; ppl:  1.01; xent: 0.01; lr: 0.00054; 11902/9816 tok/s;   8536 sec
[2020-08-18 00:11:59,877 INFO] Loading dataset from /home/dpk25/rds/hpc-work/toy_model/data_sear/.train.0.pt
[2020-08-18 00:12:02,124 INFO] number of examples: 146816
[2020-08-18 00:13:59,440 INFO] Step 55000/350000; acc:  99.80; ppl:  1.01; xent: 0.01; lr: 0.00053; 11696/9633 tok/s;   8696 sec
[2020-08-18 00:16:36,209 INFO] Step 56000/350000; acc:  99.80; ppl:  1.01; xent: 0.01; lr: 0.00053; 11921/9822 tok/s;   8853 sec
[2020-08-18 00:19:12,484 INFO] Step 57000/350000; acc:  99.80; ppl:  1.01; xent: 0.01; lr: 0.00052; 11959/9850 tok/s;   9009 sec
[2020-08-18 00:20:53,829 INFO] Loading dataset from /home/dpk25/rds/hpc-work/toy_model/data_sear/.train.0.pt
[2020-08-18 00:20:56,300 INFO] number of examples: 146816
[2020-08-18 00:21:52,328 INFO] Step 58000/350000; acc:  99.82; ppl:  1.01; xent: 0.01; lr: 0.00052; 11683/9638 tok/s;   9169 sec
[2020-08-18 00:24:29,123 INFO] Step 59000/350000; acc:  99.81; ppl:  1.01; xent: 0.01; lr: 0.00051; 11918/9820 tok/s;   9326 sec
[2020-08-18 00:27:05,549 INFO] Step 60000/350000; acc:  99.82; ppl:  1.01; xent: 0.01; lr: 0.00051; 11948/9844 tok/s;   9482 sec
[2020-08-18 00:27:05,550 INFO] Loading dataset from /home/dpk25/rds/hpc-work/toy_model/data_sear/.valid.0.pt
[2020-08-18 00:27:05,666 INFO] number of examples: 9176
[2020-08-18 00:27:21,646 INFO] Validation perplexity: 1.00015
[2020-08-18 00:27:21,646 INFO] Validation accuracy: 99.9972
[2020-08-18 00:27:21,647 INFO] Saving checkpoint /home/dpk25/rds/hpc-work/toy_model/sear_models/toy_model_step_60000.pt
[2020-08-18 00:29:58,458 INFO] Step 61000/350000; acc:  99.82; ppl:  1.01; xent: 0.01; lr: 0.00051; 10799/8907 tok/s;   9655 sec
[2020-08-18 00:30:04,428 INFO] Loading dataset from /home/dpk25/rds/hpc-work/toy_model/data_sear/.train.0.pt
[2020-08-18 00:30:06,874 INFO] number of examples: 146816
[2020-08-18 00:32:37,682 INFO] Step 62000/350000; acc:  99.83; ppl:  1.00; xent: 0.00; lr: 0.00050; 11737/9676 tok/s;   9814 sec
[2020-08-18 00:35:14,565 INFO] Step 63000/350000; acc:  99.83; ppl:  1.01; xent: 0.01; lr: 0.00050; 11916/9809 tok/s;   9971 sec
[2020-08-18 00:37:51,139 INFO] Step 64000/350000; acc:  99.84; ppl:  1.00; xent: 0.00; lr: 0.00049; 11930/9836 tok/s;  10128 sec
[2020-08-18 00:38:58,252 INFO] Loading dataset from /home/dpk25/rds/hpc-work/toy_model/data_sear/.train.0.pt
[2020-08-18 00:39:00,779 INFO] number of examples: 146816
[2020-08-18 00:40:30,785 INFO] Step 65000/350000; acc:  99.83; ppl:  1.00; xent: 0.00; lr: 0.00049; 11700/9645 tok/s;  10288 sec
[2020-08-18 00:43:07,558 INFO] Step 66000/350000; acc:  99.85; ppl:  1.00; xent: 0.00; lr: 0.00049; 11919/9821 tok/s;  10444 sec
[2020-08-18 00:45:43,806 INFO] Step 67000/350000; acc:  99.84; ppl:  1.00; xent: 0.00; lr: 0.00048; 11964/9850 tok/s;  10601 sec
[2020-08-18 00:47:50,560 INFO] Loading dataset from /home/dpk25/rds/hpc-work/toy_model/data_sear/.train.0.pt
[2020-08-18 00:47:52,433 INFO] number of examples: 146816
[2020-08-18 00:48:20,841 INFO] Step 68000/350000; acc:  99.85; ppl:  1.00; xent: 0.00; lr: 0.00048; 11888/9805 tok/s;  10758 sec
[2020-08-18 00:50:54,938 INFO] Step 69000/350000; acc:  99.86; ppl:  1.00; xent: 0.00; lr: 0.00048; 12129/9998 tok/s;  10912 sec
[2020-08-18 00:53:30,284 INFO] Step 70000/350000; acc:  99.85; ppl:  1.00; xent: 0.00; lr: 0.00047; 12035/9917 tok/s;  11067 sec
[2020-08-18 00:53:30,285 INFO] Loading dataset from /home/dpk25/rds/hpc-work/toy_model/data_sear/.valid.0.pt
[2020-08-18 00:53:30,985 INFO] number of examples: 9176
[2020-08-18 00:53:46,958 INFO] Validation perplexity: 1.00011
[2020-08-18 00:53:46,959 INFO] Validation accuracy: 99.9957
[2020-08-18 00:53:46,960 INFO] Saving checkpoint /home/dpk25/rds/hpc-work/toy_model/sear_models/toy_model_step_70000.pt
[2020-08-18 00:56:22,450 INFO] Step 71000/350000; acc:  99.85; ppl:  1.00; xent: 0.00; lr: 0.00047; 10846/8944 tok/s;  11239 sec
[2020-08-18 00:56:55,162 INFO] Loading dataset from /home/dpk25/rds/hpc-work/toy_model/data_sear/.train.0.pt
[2020-08-18 00:56:58,598 INFO] number of examples: 146816
[2020-08-18 00:59:01,530 INFO] Step 72000/350000; acc:  99.87; ppl:  1.00; xent: 0.00; lr: 0.00047; 11745/9674 tok/s;  11398 sec
[2020-08-18 01:01:37,043 INFO] Step 73000/350000; acc:  99.87; ppl:  1.00; xent: 0.00; lr: 0.00046; 12018/9901 tok/s;  11554 sec
[2020-08-18 01:04:13,144 INFO] Step 74000/350000; acc:  99.86; ppl:  1.00; xent: 0.00; lr: 0.00046; 11969/9860 tok/s;  11710 sec
[2020-08-18 01:05:47,157 INFO] Loading dataset from /home/dpk25/rds/hpc-work/toy_model/data_sear/.train.0.pt
[2020-08-18 01:05:49,064 INFO] number of examples: 146816
[2020-08-18 01:06:51,908 INFO] Step 75000/350000; acc:  99.87; ppl:  1.00; xent: 0.00; lr: 0.00046; 11765/9706 tok/s;  11869 sec
[2020-08-18 01:09:28,305 INFO] Step 76000/350000; acc:  99.87; ppl:  1.00; xent: 0.00; lr: 0.00045; 11946/9840 tok/s;  12025 sec
[2020-08-18 01:12:05,402 INFO] Step 77000/350000; acc:  99.87; ppl:  1.00; xent: 0.00; lr: 0.00045; 11899/9804 tok/s;  12182 sec
[2020-08-18 01:14:40,463 INFO] Loading dataset from /home/dpk25/rds/hpc-work/toy_model/data_sear/.train.0.pt
[2020-08-18 01:14:42,819 INFO] number of examples: 146816
[2020-08-18 01:14:44,603 INFO] Step 78000/350000; acc:  99.88; ppl:  1.00; xent: 0.00; lr: 0.00045; 11729/9675 tok/s;  12341 sec
[2020-08-18 01:17:20,216 INFO] Step 79000/350000; acc:  99.88; ppl:  1.00; xent: 0.00; lr: 0.00044; 12010/9896 tok/s;  12497 sec
[2020-08-18 01:19:56,566 INFO] Step 80000/350000; acc:  99.88; ppl:  1.00; xent: 0.00; lr: 0.00044; 11954/9844 tok/s;  12653 sec
[2020-08-18 01:19:56,567 INFO] Loading dataset from /home/dpk25/rds/hpc-work/toy_model/data_sear/.valid.0.pt
[2020-08-18 01:19:57,302 INFO] number of examples: 9176
[2020-08-18 01:20:13,283 INFO] Validation perplexity: 1.00009
[2020-08-18 01:20:13,283 INFO] Validation accuracy: 99.9972
[2020-08-18 01:20:13,285 INFO] Saving checkpoint /home/dpk25/rds/hpc-work/toy_model/sear_models/toy_model_step_80000.pt
[2020-08-18 01:22:51,581 INFO] Step 81000/350000; acc:  99.88; ppl:  1.00; xent: 0.00; lr: 0.00044; 10674/8801 tok/s;  12828 sec
[2020-08-18 01:23:51,657 INFO] Loading dataset from /home/dpk25/rds/hpc-work/toy_model/data_sear/.train.0.pt
[2020-08-18 01:23:55,247 INFO] number of examples: 146816
[2020-08-18 01:25:31,826 INFO] Step 82000/350000; acc:  99.88; ppl:  1.00; xent: 0.00; lr: 0.00044; 11658/9608 tok/s;  12989 sec
[2020-08-18 01:28:08,497 INFO] Step 83000/350000; acc:  99.89; ppl:  1.00; xent: 0.00; lr: 0.00043; 11926/9826 tok/s;  13145 sec
[2020-08-18 01:30:45,263 INFO] Step 84000/350000; acc:  99.89; ppl:  1.00; xent: 0.00; lr: 0.00043; 11924/9818 tok/s;  13302 sec
[2020-08-18 01:32:45,601 INFO] Loading dataset from /home/dpk25/rds/hpc-work/toy_model/data_sear/.train.0.pt
[2020-08-18 01:32:47,566 INFO] number of examples: 146816
[2020-08-18 01:33:23,167 INFO] Step 85000/350000; acc:  99.89; ppl:  1.00; xent: 0.00; lr: 0.00043; 11827/9754 tok/s;  13460 sec
[2020-08-18 01:35:58,168 INFO] Step 86000/350000; acc:  99.89; ppl:  1.00; xent: 0.00; lr: 0.00043; 12056/9937 tok/s;  13615 sec
[2020-08-18 01:38:32,996 INFO] Step 87000/350000; acc:  99.90; ppl:  1.00; xent: 0.00; lr: 0.00042; 12074/9953 tok/s;  13770 sec
[2020-08-18 01:41:03,293 INFO] Step 88000/350000; acc:  99.89; ppl:  1.00; xent: 0.00; lr: 0.00042; 12425/10242 tok/s;  13920 sec
[2020-08-18 01:41:28,619 INFO] Loading dataset from /home/dpk25/rds/hpc-work/toy_model/data_sear/.train.0.pt
[2020-08-18 01:41:31,116 INFO] number of examples: 146816
[2020-08-18 01:43:42,489 INFO] Step 89000/350000; acc:  99.89; ppl:  1.00; xent: 0.00; lr: 0.00042; 11735/9668 tok/s;  14079 sec
[2020-08-18 01:46:19,232 INFO] Step 90000/350000; acc:  99.90; ppl:  1.00; xent: 0.00; lr: 0.00042; 11925/9821 tok/s;  14236 sec
[2020-08-18 01:46:19,233 INFO] Loading dataset from /home/dpk25/rds/hpc-work/toy_model/data_sear/.valid.0.pt
[2020-08-18 01:46:19,277 INFO] number of examples: 9176
[2020-08-18 01:46:35,242 INFO] Validation perplexity: 1.00006
[2020-08-18 01:46:35,242 INFO] Validation accuracy: 99.9985
[2020-08-18 01:46:35,243 INFO] Saving checkpoint /home/dpk25/rds/hpc-work/toy_model/sear_models/toy_model_step_90000.pt
[2020-08-18 01:49:11,487 INFO] Step 91000/350000; acc:  99.90; ppl:  1.00; xent: 0.00; lr: 0.00041; 10847/8938 tok/s;  14408 sec
[2020-08-18 01:50:38,591 INFO] Loading dataset from /home/dpk25/rds/hpc-work/toy_model/data_sear/.train.0.pt
[2020-08-18 01:50:41,195 INFO] number of examples: 146816
[2020-08-18 01:51:51,215 INFO] Step 92000/350000; acc:  99.90; ppl:  1.00; xent: 0.00; lr: 0.00041; 11693/9643 tok/s;  14568 sec
[2020-08-18 01:54:24,318 INFO] Step 93000/350000; acc:  99.90; ppl:  1.00; xent: 0.00; lr: 0.00041; 12203/10057 tok/s;  14721 sec
[2020-08-18 01:56:53,926 INFO] Step 94000/350000; acc:  99.90; ppl:  1.00; xent: 0.00; lr: 0.00041; 12494/10291 tok/s;  14871 sec
[2020-08-18 01:59:15,349 INFO] Loading dataset from /home/dpk25/rds/hpc-work/toy_model/data_sear/.train.0.pt
[2020-08-18 01:59:17,265 INFO] number of examples: 146816
[2020-08-18 01:59:25,612 INFO] Step 95000/350000; acc:  99.90; ppl:  1.00; xent: 0.00; lr: 0.00041; 12310/10155 tok/s;  15022 sec
[2020-08-18 02:01:54,753 INFO] Step 96000/350000; acc:  99.91; ppl:  1.00; xent: 0.00; lr: 0.00040; 12533/10327 tok/s;  15171 sec
[2020-08-18 02:04:24,582 INFO] Step 97000/350000; acc:  99.91; ppl:  1.00; xent: 0.00; lr: 0.00040; 12474/10274 tok/s;  15321 sec
[2020-08-18 02:06:53,800 INFO] Step 98000/350000; acc:  99.90; ppl:  1.00; xent: 0.00; lr: 0.00040; 12519/10322 tok/s;  15471 sec
[2020-08-18 02:07:44,397 INFO] Loading dataset from /home/dpk25/rds/hpc-work/toy_model/data_sear/.train.0.pt
[2020-08-18 02:07:46,853 INFO] number of examples: 146816
[2020-08-18 02:09:25,940 INFO] Step 99000/350000; acc:  99.91; ppl:  1.00; xent: 0.00; lr: 0.00040; 12276/10118 tok/s;  15623 sec
[2020-08-18 02:11:55,398 INFO] Step 100000/350000; acc:  99.91; ppl:  1.00; xent: 0.00; lr: 0.00040; 12504/10301 tok/s;  15772 sec
[2020-08-18 02:11:55,399 INFO] Loading dataset from /home/dpk25/rds/hpc-work/toy_model/data_sear/.valid.0.pt
[2020-08-18 02:11:55,446 INFO] number of examples: 9176
[2020-08-18 02:12:10,854 INFO] Validation perplexity: 1.00005
[2020-08-18 02:12:10,854 INFO] Validation accuracy: 99.9985
[2020-08-18 02:12:10,855 INFO] Saving checkpoint /home/dpk25/rds/hpc-work/toy_model/sear_models/toy_model_step_100000.pt
[2020-08-18 02:14:47,442 INFO] Step 101000/350000; acc:  99.90; ppl:  1.00; xent: 0.00; lr: 0.00039; 10865/8945 tok/s;  15944 sec
[2020-08-18 02:16:42,037 INFO] Loading dataset from /home/dpk25/rds/hpc-work/toy_model/data_sear/.train.0.pt
[2020-08-18 02:16:43,915 INFO] number of examples: 146816
[2020-08-18 02:17:26,831 INFO] Step 102000/350000; acc:  99.92; ppl:  1.00; xent: 0.00; lr: 0.00039; 11716/9666 tok/s;  16104 sec
[2020-08-18 02:20:03,121 INFO] Step 103000/350000; acc:  99.92; ppl:  1.00; xent: 0.00; lr: 0.00039; 11958/9856 tok/s;  16260 sec
[2020-08-18 02:22:40,453 INFO] Step 104000/350000; acc:  99.92; ppl:  1.00; xent: 0.00; lr: 0.00039; 11880/9787 tok/s;  16417 sec
[2020-08-18 02:25:16,176 INFO] Step 105000/350000; acc:  99.93; ppl:  1.00; xent: 0.00; lr: 0.00039; 11991/9889 tok/s;  16573 sec
[2020-08-18 02:25:35,015 INFO] Loading dataset from /home/dpk25/rds/hpc-work/toy_model/data_sear/.train.0.pt
[2020-08-18 02:25:38,306 INFO] number of examples: 146816
[2020-08-18 02:27:56,534 INFO] Step 106000/350000; acc:  99.92; ppl:  1.00; xent: 0.00; lr: 0.00038; 11652/9601 tok/s;  16733 sec
[2020-08-18 02:30:33,608 INFO] Step 107000/350000; acc:  99.92; ppl:  1.00; xent: 0.00; lr: 0.00038; 11901/9801 tok/s;  16890 sec
[2020-08-18 02:33:10,071 INFO] Step 108000/350000; acc:  99.92; ppl:  1.00; xent: 0.00; lr: 0.00038; 11940/9839 tok/s;  17047 sec
[2020-08-18 02:34:30,245 INFO] Loading dataset from /home/dpk25/rds/hpc-work/toy_model/data_sear/.train.0.pt
[2020-08-18 02:34:32,243 INFO] number of examples: 146816
[2020-08-18 02:35:49,291 INFO] Step 109000/350000; acc:  99.92; ppl:  1.00; xent: 0.00; lr: 0.00038; 11731/9673 tok/s;  17206 sec
[2020-08-18 02:38:25,665 INFO] Step 110000/350000; acc:  99.92; ppl:  1.00; xent: 0.00; lr: 0.00038; 11949/9847 tok/s;  17362 sec
[2020-08-18 02:38:25,666 INFO] Loading dataset from /home/dpk25/rds/hpc-work/toy_model/data_sear/.valid.0.pt
[2020-08-18 02:38:25,709 INFO] number of examples: 9176
[2020-08-18 02:38:41,716 INFO] Validation perplexity: 1.00003
[2020-08-18 02:38:41,717 INFO] Validation accuracy: 99.9985
[2020-08-18 02:38:41,718 INFO] Saving checkpoint /home/dpk25/rds/hpc-work/toy_model/sear_models/toy_model_step_110000.pt
[2020-08-18 02:41:17,406 INFO] Step 111000/350000; acc:  99.92; ppl:  1.00; xent: 0.00; lr: 0.00038; 10884/8964 tok/s;  17534 sec
[2020-08-18 02:43:34,913 INFO] Loading dataset from /home/dpk25/rds/hpc-work/toy_model/data_sear/.train.0.pt
[2020-08-18 02:43:37,304 INFO] number of examples: 146816
[2020-08-18 02:43:51,908 INFO] Step 112000/350000; acc:  99.92; ppl:  1.00; xent: 0.00; lr: 0.00037; 12085/9967 tok/s;  17689 sec
[2020-08-18 02:46:18,005 INFO] Step 113000/350000; acc:  99.92; ppl:  1.00; xent: 0.00; lr: 0.00037; 12795/10549 tok/s;  17835 sec
[2020-08-18 02:48:46,551 INFO] Step 114000/350000; acc:  99.93; ppl:  1.00; xent: 0.00; lr: 0.00037; 12581/10360 tok/s;  17983 sec
[2020-08-18 02:51:13,954 INFO] Step 115000/350000; acc:  99.92; ppl:  1.00; xent: 0.00; lr: 0.00037; 12672/10450 tok/s;  18131 sec
[2020-08-18 02:51:58,639 INFO] Loading dataset from /home/dpk25/rds/hpc-work/toy_model/data_sear/.train.0.pt
[2020-08-18 02:52:01,132 INFO] number of examples: 146816
[2020-08-18 02:53:51,341 INFO] Step 116000/350000; acc:  99.93; ppl:  1.00; xent: 0.00; lr: 0.00037; 11869/9779 tok/s;  18288 sec
[2020-08-18 02:56:24,971 INFO] Step 117000/350000; acc:  99.93; ppl:  1.00; xent: 0.00; lr: 0.00037; 12165/10021 tok/s;  18442 sec
[2020-08-18 02:58:58,717 INFO] Step 118000/350000; acc:  99.93; ppl:  1.00; xent: 0.00; lr: 0.00036; 12157/10014 tok/s;  18595 sec
[2020-08-18 03:00:45,103 INFO] Loading dataset from /home/dpk25/rds/hpc-work/toy_model/data_sear/.train.0.pt
[2020-08-18 03:00:46,977 INFO] number of examples: 146816
[2020-08-18 03:01:36,789 INFO] Step 119000/350000; acc:  99.93; ppl:  1.00; xent: 0.00; lr: 0.00036; 11813/9744 tok/s;  18754 sec
[2020-08-18 03:04:12,797 INFO] Step 120000/350000; acc:  99.93; ppl:  1.00; xent: 0.00; lr: 0.00036; 11979/9871 tok/s;  18910 sec
[2020-08-18 03:04:12,798 INFO] Loading dataset from /home/dpk25/rds/hpc-work/toy_model/data_sear/.valid.0.pt
[2020-08-18 03:04:13,432 INFO] number of examples: 9176
[2020-08-18 03:04:29,202 INFO] Validation perplexity: 1.00002
[2020-08-18 03:04:29,202 INFO] Validation accuracy: 99.9997
[2020-08-18 03:04:29,204 INFO] Saving checkpoint /home/dpk25/rds/hpc-work/toy_model/sear_models/toy_model_step_120000.pt
[2020-08-18 03:07:06,786 INFO] Step 121000/350000; acc:  99.93; ppl:  1.00; xent: 0.00; lr: 0.00036; 10744/8851 tok/s;  19084 sec
[2020-08-18 03:09:42,402 INFO] Step 122000/350000; acc:  99.93; ppl:  1.00; xent: 0.00; lr: 0.00036; 11999/9897 tok/s;  19239 sec
[2020-08-18 03:09:54,173 INFO] Loading dataset from /home/dpk25/rds/hpc-work/toy_model/data_sear/.train.0.pt
[2020-08-18 03:09:57,310 INFO] number of examples: 146816
[2020-08-18 03:12:20,795 INFO] Step 123000/350000; acc:  99.93; ppl:  1.00; xent: 0.00; lr: 0.00036; 11797/9720 tok/s;  19398 sec
[2020-08-18 03:14:54,961 INFO] Step 124000/350000; acc:  99.93; ppl:  1.00; xent: 0.00; lr: 0.00035; 12124/9985 tok/s;  19552 sec
[2020-08-18 03:17:28,589 INFO] Step 125000/350000; acc:  99.94; ppl:  1.00; xent: 0.00; lr: 0.00035; 12160/10021 tok/s;  19705 sec
[2020-08-18 03:18:41,005 INFO] Loading dataset from /home/dpk25/rds/hpc-work/toy_model/data_sear/.train.0.pt
[2020-08-18 03:18:43,005 INFO] number of examples: 146816
[2020-08-18 03:20:05,605 INFO] Step 126000/350000; acc:  99.94; ppl:  1.00; xent: 0.00; lr: 0.00035; 11899/9812 tok/s;  19862 sec
[2020-08-18 03:22:39,338 INFO] Step 127000/350000; acc:  99.94; ppl:  1.00; xent: 0.00; lr: 0.00035; 12152/10013 tok/s;  20016 sec
[2020-08-18 03:25:14,700 INFO] Step 128000/350000; acc:  99.94; ppl:  1.00; xent: 0.00; lr: 0.00035; 12032/9910 tok/s;  20171 sec
[2020-08-18 03:27:29,090 INFO] Loading dataset from /home/dpk25/rds/hpc-work/toy_model/data_sear/.train.0.pt
[2020-08-18 03:27:31,460 INFO] number of examples: 146816
[2020-08-18 03:27:54,324 INFO] Step 129000/350000; acc:  99.94; ppl:  1.00; xent: 0.00; lr: 0.00035; 11697/9647 tok/s;  20331 sec
[2020-08-18 03:30:30,083 INFO] Step 130000/350000; acc:  99.94; ppl:  1.00; xent: 0.00; lr: 0.00035; 12002/9892 tok/s;  20487 sec
[2020-08-18 03:30:30,084 INFO] Loading dataset from /home/dpk25/rds/hpc-work/toy_model/data_sear/.valid.0.pt
[2020-08-18 03:30:30,128 INFO] number of examples: 9176
[2020-08-18 03:30:46,024 INFO] Validation perplexity: 1.00002
[2020-08-18 03:30:46,024 INFO] Validation accuracy: 99.9994
[2020-08-18 03:30:46,026 INFO] Saving checkpoint /home/dpk25/rds/hpc-work/toy_model/sear_models/toy_model_step_130000.pt
[2020-08-18 03:33:34,030 INFO] Step 131000/350000; acc:  99.94; ppl:  1.00; xent: 0.00; lr: 0.00035; 10160/8371 tok/s;  20671 sec
[2020-08-18 03:36:08,633 INFO] Step 132000/350000; acc:  99.94; ppl:  1.00; xent: 0.00; lr: 0.00034; 12079/9961 tok/s;  20825 sec
[2020-08-18 03:36:46,947 INFO] Loading dataset from /home/dpk25/rds/hpc-work/toy_model/data_sear/.train.0.pt
[2020-08-18 03:36:49,245 INFO] number of examples: 146816
[2020-08-18 03:38:47,125 INFO] Step 133000/350000; acc:  99.94; ppl:  1.00; xent: 0.00; lr: 0.00034; 11794/9714 tok/s;  20984 sec
[2020-08-18 03:41:24,070 INFO] Step 134000/350000; acc:  99.94; ppl:  1.00; xent: 0.00; lr: 0.00034; 11907/9812 tok/s;  21141 sec
[2020-08-18 03:44:00,470 INFO] Step 135000/350000; acc:  99.94; ppl:  1.00; xent: 0.00; lr: 0.00034; 11949/9842 tok/s;  21297 sec
[2020-08-18 03:45:39,911 INFO] Loading dataset from /home/dpk25/rds/hpc-work/toy_model/data_sear/.train.0.pt
[2020-08-18 03:45:42,177 INFO] number of examples: 146816
[2020-08-18 03:46:38,687 INFO] Step 136000/350000; acc:  99.94; ppl:  1.00; xent: 0.00; lr: 0.00034; 11803/9736 tok/s;  21455 sec
[2020-08-18 03:49:15,075 INFO] Step 137000/350000; acc:  99.94; ppl:  1.00; xent: 0.00; lr: 0.00034; 11950/9846 tok/s;  21612 sec
[2020-08-18 03:51:51,055 INFO] Step 138000/350000; acc:  99.94; ppl:  1.00; xent: 0.00; lr: 0.00034; 11982/9872 tok/s;  21768 sec
[2020-08-18 03:54:25,983 INFO] Step 139000/350000; acc:  99.95; ppl:  1.00; xent: 0.00; lr: 0.00034; 12051/9939 tok/s;  21923 sec
[2020-08-18 03:54:30,841 INFO] Loading dataset from /home/dpk25/rds/hpc-work/toy_model/data_sear/.train.0.pt
[2020-08-18 03:54:34,066 INFO] number of examples: 146816
[2020-08-18 03:57:04,946 INFO] Step 140000/350000; acc:  99.94; ppl:  1.00; xent: 0.00; lr: 0.00033; 11757/9692 tok/s;  22082 sec
[2020-08-18 03:57:04,947 INFO] Loading dataset from /home/dpk25/rds/hpc-work/toy_model/data_sear/.valid.0.pt
[2020-08-18 03:57:05,061 INFO] number of examples: 9176
[2020-08-18 03:57:21,054 INFO] Validation perplexity: 1.00001
[2020-08-18 03:57:21,055 INFO] Validation accuracy: 100
[2020-08-18 03:57:21,056 INFO] Saving checkpoint /home/dpk25/rds/hpc-work/toy_model/sear_models/toy_model_step_140000.pt
[2020-08-18 03:59:58,150 INFO] Step 141000/350000; acc:  99.94; ppl:  1.00; xent: 0.00; lr: 0.00033; 10793/8884 tok/s;  22255 sec
[2020-08-18 04:02:34,474 INFO] Step 142000/350000; acc:  99.94; ppl:  1.00; xent: 0.00; lr: 0.00033; 11950/9853 tok/s;  22411 sec
[2020-08-18 04:03:39,813 INFO] Loading dataset from /home/dpk25/rds/hpc-work/toy_model/data_sear/.train.0.pt
[2020-08-18 04:03:42,184 INFO] number of examples: 146816
[2020-08-18 04:05:12,075 INFO] Step 143000/350000; acc:  99.94; ppl:  1.00; xent: 0.00; lr: 0.00033; 11852/9769 tok/s;  22569 sec
[2020-08-18 04:07:48,377 INFO] Step 144000/350000; acc:  99.94; ppl:  1.00; xent: 0.00; lr: 0.00033; 11954/9851 tok/s;  22725 sec
[2020-08-18 04:10:25,031 INFO] Step 145000/350000; acc:  99.94; ppl:  1.00; xent: 0.00; lr: 0.00033; 11933/9824 tok/s;  22882 sec
[2020-08-18 04:12:32,147 INFO] Loading dataset from /home/dpk25/rds/hpc-work/toy_model/data_sear/.train.0.pt
[2020-08-18 04:12:34,545 INFO] number of examples: 146816
[2020-08-18 04:13:04,581 INFO] Step 146000/350000; acc:  99.95; ppl:  1.00; xent: 0.00; lr: 0.00033; 11702/9653 tok/s;  23041 sec
[2020-08-18 04:15:39,595 INFO] Step 147000/350000; acc:  99.95; ppl:  1.00; xent: 0.00; lr: 0.00033; 12057/9938 tok/s;  23196 sec
[2020-08-18 04:18:13,790 INFO] Step 148000/350000; acc:  99.94; ppl:  1.00; xent: 0.00; lr: 0.00032; 12124/9992 tok/s;  23351 sec
[2020-08-18 04:20:49,656 INFO] Step 149000/350000; acc:  99.94; ppl:  1.00; xent: 0.00; lr: 0.00032; 11982/9880 tok/s;  23506 sec
[2020-08-18 04:21:21,407 INFO] Loading dataset from /home/dpk25/rds/hpc-work/toy_model/data_sear/.train.0.pt
[2020-08-18 04:21:23,789 INFO] number of examples: 146816
[2020-08-18 04:23:27,069 INFO] Step 150000/350000; acc:  99.95; ppl:  1.00; xent: 0.00; lr: 0.00032; 11868/9775 tok/s;  23664 sec
[2020-08-18 04:23:27,070 INFO] Loading dataset from /home/dpk25/rds/hpc-work/toy_model/data_sear/.valid.0.pt
[2020-08-18 04:23:27,114 INFO] number of examples: 9176
[2020-08-18 04:23:43,127 INFO] Validation perplexity: 1.00001
[2020-08-18 04:23:43,127 INFO] Validation accuracy: 99.9997
[2020-08-18 04:23:43,129 INFO] Saving checkpoint /home/dpk25/rds/hpc-work/toy_model/sear_models/toy_model_step_150000.pt
[2020-08-18 04:26:19,014 INFO] Step 151000/350000; acc:  99.95; ppl:  1.00; xent: 0.00; lr: 0.00032; 10870/8955 tok/s;  23836 sec
[2020-08-18 04:28:53,854 INFO] Step 152000/350000; acc:  99.95; ppl:  1.00; xent: 0.00; lr: 0.00032; 12068/9940 tok/s;  23991 sec
[2020-08-18 04:30:26,655 INFO] Loading dataset from /home/dpk25/rds/hpc-work/toy_model/data_sear/.train.0.pt
[2020-08-18 04:30:29,097 INFO] number of examples: 146816
[2020-08-18 04:31:33,361 INFO] Step 153000/350000; acc:  99.95; ppl:  1.00; xent: 0.00; lr: 0.00032; 11709/9660 tok/s;  24150 sec
[2020-08-18 04:34:09,964 INFO] Step 154000/350000; acc:  99.96; ppl:  1.00; xent: 0.00; lr: 0.00032; 11931/9828 tok/s;  24307 sec
[2020-08-18 04:36:47,363 INFO] Step 155000/350000; acc:  99.95; ppl:  1.00; xent: 0.00; lr: 0.00032; 11875/9784 tok/s;  24464 sec
[2020-08-18 04:39:21,638 INFO] Loading dataset from /home/dpk25/rds/hpc-work/toy_model/data_sear/.train.0.pt
[2020-08-18 04:39:24,150 INFO] number of examples: 146816
[2020-08-18 04:39:26,977 INFO] Step 156000/350000; acc:  99.95; ppl:  1.00; xent: 0.00; lr: 0.00032; 11699/9650 tok/s;  24624 sec
[2020-08-18 04:42:02,696 INFO] Step 157000/350000; acc:  99.95; ppl:  1.00; xent: 0.00; lr: 0.00032; 12002/9890 tok/s;  24779 sec
[2020-08-18 04:44:38,470 INFO] Step 158000/350000; acc:  99.95; ppl:  1.00; xent: 0.00; lr: 0.00031; 11999/9880 tok/s;  24935 sec
[2020-08-18 04:47:14,827 INFO] Step 159000/350000; acc:  99.95; ppl:  1.00; xent: 0.00; lr: 0.00031; 11947/9852 tok/s;  25092 sec
[2020-08-18 04:48:13,706 INFO] Loading dataset from /home/dpk25/rds/hpc-work/toy_model/data_sear/.train.0.pt
[2020-08-18 04:48:15,586 INFO] number of examples: 146816
[2020-08-18 04:49:52,821 INFO] Step 160000/350000; acc:  99.96; ppl:  1.00; xent: 0.00; lr: 0.00031; 11824/9745 tok/s;  25250 sec
[2020-08-18 04:49:52,822 INFO] Loading dataset from /home/dpk25/rds/hpc-work/toy_model/data_sear/.valid.0.pt
[2020-08-18 04:49:53,455 INFO] number of examples: 9176
[2020-08-18 04:50:09,291 INFO] Validation perplexity: 1.00002
[2020-08-18 04:50:09,291 INFO] Validation accuracy: 99.9991
[2020-08-18 04:50:09,292 INFO] Saving checkpoint /home/dpk25/rds/hpc-work/toy_model/sear_models/toy_model_step_160000.pt
[2020-08-18 04:52:46,096 INFO] Step 161000/350000; acc:  99.95; ppl:  1.00; xent: 0.00; lr: 0.00031; 10784/8885 tok/s;  25423 sec
[2020-08-18 04:55:21,236 INFO] Step 162000/350000; acc:  99.95; ppl:  1.00; xent: 0.00; lr: 0.00031; 12048/9920 tok/s;  25578 sec
[2020-08-18 04:57:19,745 INFO] Loading dataset from /home/dpk25/rds/hpc-work/toy_model/data_sear/.train.0.pt
[2020-08-18 04:57:22,883 INFO] number of examples: 146816
[2020-08-18 04:57:59,394 INFO] Step 163000/350000; acc:  99.95; ppl:  1.00; xent: 0.00; lr: 0.00031; 11808/9740 tok/s;  25736 sec
[2020-08-18 05:00:34,069 INFO] Step 164000/350000; acc:  99.95; ppl:  1.00; xent: 0.00; lr: 0.00031; 12081/9958 tok/s;  25891 sec
[2020-08-18 05:03:08,539 INFO] Step 165000/350000; acc:  99.95; ppl:  1.00; xent: 0.00; lr: 0.00031; 12101/9975 tok/s;  26045 sec
[2020-08-18 05:05:40,720 INFO] Step 166000/350000; acc:  99.96; ppl:  1.00; xent: 0.00; lr: 0.00031; 12270/10115 tok/s;  26197 sec
[2020-08-18 05:06:05,771 INFO] Loading dataset from /home/dpk25/rds/hpc-work/toy_model/data_sear/.train.0.pt
[2020-08-18 05:06:07,655 INFO] number of examples: 146816
[2020-08-18 05:08:18,964 INFO] Step 167000/350000; acc:  99.96; ppl:  1.00; xent: 0.00; lr: 0.00031; 11821/9738 tok/s;  26356 sec
[2020-08-18 05:10:55,837 INFO] Step 168000/350000; acc:  99.95; ppl:  1.00; xent: 0.00; lr: 0.00030; 11916/9813 tok/s;  26513 sec
[2020-08-18 05:13:29,856 INFO] Step 169000/350000; acc:  99.96; ppl:  1.00; xent: 0.00; lr: 0.00030; 12131/9996 tok/s;  26667 sec
[2020-08-18 05:14:54,290 INFO] Loading dataset from /home/dpk25/rds/hpc-work/toy_model/data_sear/.train.0.pt
[2020-08-18 05:14:56,584 INFO] number of examples: 146816
[2020-08-18 05:16:07,263 INFO] Step 170000/350000; acc:  99.96; ppl:  1.00; xent: 0.00; lr: 0.00030; 11867/9785 tok/s;  26824 sec
[2020-08-18 05:16:07,265 INFO] Loading dataset from /home/dpk25/rds/hpc-work/toy_model/data_sear/.valid.0.pt
[2020-08-18 05:16:07,310 INFO] number of examples: 9176
[2020-08-18 05:16:23,051 INFO] Validation perplexity: 1.00001
[2020-08-18 05:16:23,052 INFO] Validation accuracy: 99.9991
[2020-08-18 05:16:23,053 INFO] Saving checkpoint /home/dpk25/rds/hpc-work/toy_model/sear_models/toy_model_step_170000.pt
[2020-08-18 05:19:33,155 INFO] Step 171000/350000; acc:  99.96; ppl:  1.00; xent: 0.00; lr: 0.00030; 9074/7479 tok/s;  27030 sec
[2020-08-18 05:22:06,537 INFO] Step 172000/350000; acc:  99.96; ppl:  1.00; xent: 0.00; lr: 0.00030; 12186/10036 tok/s;  27183 sec
[2020-08-18 05:24:26,135 INFO] Loading dataset from /home/dpk25/rds/hpc-work/toy_model/data_sear/.train.0.pt
[2020-08-18 05:24:28,335 INFO] number of examples: 146816
[2020-08-18 05:24:37,833 INFO] Step 173000/350000; acc:  99.96; ppl:  1.00; xent: 0.00; lr: 0.00030; 12341/10180 tok/s;  27335 sec
[2020-08-18 05:27:06,454 INFO] Step 174000/350000; acc:  99.96; ppl:  1.00; xent: 0.00; lr: 0.00030; 12578/10365 tok/s;  27483 sec
[2020-08-18 05:29:35,241 INFO] Step 175000/350000; acc:  99.95; ppl:  1.00; xent: 0.00; lr: 0.00030; 12561/10345 tok/s;  27632 sec
[2020-08-18 05:32:03,196 INFO] Step 176000/350000; acc:  99.95; ppl:  1.00; xent: 0.00; lr: 0.00030; 12626/10411 tok/s;  27780 sec
[2020-08-18 05:32:52,049 INFO] Loading dataset from /home/dpk25/rds/hpc-work/toy_model/data_sear/.train.0.pt
[2020-08-18 05:32:54,367 INFO] number of examples: 146816
[2020-08-18 05:34:34,076 INFO] Step 177000/350000; acc:  99.96; ppl:  1.00; xent: 0.00; lr: 0.00030; 12378/10201 tok/s;  27931 sec
[2020-08-18 05:37:02,931 INFO] Step 178000/350000; acc:  99.96; ppl:  1.00; xent: 0.00; lr: 0.00030; 12555/10344 tok/s;  28080 sec
[2020-08-18 05:39:31,236 INFO] Step 179000/350000; acc:  99.96; ppl:  1.00; xent: 0.00; lr: 0.00030; 12604/10379 tok/s;  28228 sec
[2020-08-18 05:41:18,491 INFO] Loading dataset from /home/dpk25/rds/hpc-work/toy_model/data_sear/.train.0.pt
[2020-08-18 05:41:21,016 INFO] number of examples: 146816
[2020-08-18 05:42:02,126 INFO] Step 180000/350000; acc:  99.96; ppl:  1.00; xent: 0.00; lr: 0.00029; 12377/10211 tok/s;  28379 sec
[2020-08-18 05:42:02,127 INFO] Loading dataset from /home/dpk25/rds/hpc-work/toy_model/data_sear/.valid.0.pt
[2020-08-18 05:42:02,168 INFO] number of examples: 9176
[2020-08-18 05:42:17,149 INFO] Validation perplexity: 1.00003
[2020-08-18 05:42:17,248 INFO] Validation accuracy: 99.9994
[2020-08-18 05:42:17,250 INFO] Saving checkpoint /home/dpk25/rds/hpc-work/toy_model/sear_models/toy_model_step_180000.pt
[2020-08-18 05:44:44,738 INFO] Step 181000/350000; acc:  99.96; ppl:  1.00; xent: 0.00; lr: 0.00029; 11493/9472 tok/s;  28541 sec
[2020-08-18 05:47:13,456 INFO] Step 182000/350000; acc:  99.96; ppl:  1.00; xent: 0.00; lr: 0.00029; 12568/10354 tok/s;  28690 sec
[2020-08-18 05:49:36,603 INFO] Step 183000/350000; acc:  99.96; ppl:  1.00; xent: 0.00; lr: 0.00029; 13044/10757 tok/s;  28833 sec
[2020-08-18 05:49:52,523 INFO] Loading dataset from /home/dpk25/rds/hpc-work/toy_model/data_sear/.train.0.pt
[2020-08-18 05:49:54,274 INFO] number of examples: 146816
[2020-08-18 05:51:58,970 INFO] Step 184000/350000; acc:  99.96; ppl:  1.00; xent: 0.00; lr: 0.00029; 13124/10815 tok/s;  28976 sec
[2020-08-18 05:54:19,551 INFO] Step 185000/350000; acc:  99.96; ppl:  1.00; xent: 0.00; lr: 0.00029; 13298/10951 tok/s;  29116 sec
[2020-08-18 05:56:39,939 INFO] Step 186000/350000; acc:  99.96; ppl:  1.00; xent: 0.00; lr: 0.00029; 13308/10966 tok/s;  29257 sec
[2020-08-18 05:57:50,861 INFO] Loading dataset from /home/dpk25/rds/hpc-work/toy_model/data_sear/.train.0.pt
[2020-08-18 05:57:52,995 INFO] number of examples: 146816
[2020-08-18 05:59:02,898 INFO] Step 187000/350000; acc:  99.96; ppl:  1.00; xent: 0.00; lr: 0.00029; 13064/10772 tok/s;  29400 sec
[2020-08-18 06:01:23,238 INFO] Step 188000/350000; acc:  99.96; ppl:  1.00; xent: 0.00; lr: 0.00029; 13315/10973 tok/s;  29540 sec
[2020-08-18 06:03:43,980 INFO] Step 189000/350000; acc:  99.96; ppl:  1.00; xent: 0.00; lr: 0.00029; 13282/10939 tok/s;  29681 sec
[2020-08-18 06:05:49,733 INFO] Loading dataset from /home/dpk25/rds/hpc-work/toy_model/data_sear/.train.0.pt
[2020-08-18 06:05:51,849 INFO] number of examples: 146816
[2020-08-18 06:06:07,836 INFO] Step 190000/350000; acc:  99.96; ppl:  1.00; xent: 0.00; lr: 0.00029; 12979/10704 tok/s;  29825 sec
[2020-08-18 06:06:07,837 INFO] Loading dataset from /home/dpk25/rds/hpc-work/toy_model/data_sear/.valid.0.pt
[2020-08-18 06:06:07,882 INFO] number of examples: 9176
[2020-08-18 06:06:22,203 INFO] Validation perplexity: 1.00004
[2020-08-18 06:06:22,204 INFO] Validation accuracy: 99.9979
[2020-08-18 06:06:22,205 INFO] Saving checkpoint /home/dpk25/rds/hpc-work/toy_model/sear_models/toy_model_step_190000.pt
[2020-08-18 06:08:42,717 INFO] Step 191000/350000; acc:  99.96; ppl:  1.00; xent: 0.00; lr: 0.00029; 12070/9950 tok/s;  29979 sec
[2020-08-18 06:11:03,212 INFO] Step 192000/350000; acc:  99.96; ppl:  1.00; xent: 0.00; lr: 0.00029; 13301/10954 tok/s;  30120 sec
[2020-08-18 06:13:23,487 INFO] Step 193000/350000; acc:  99.96; ppl:  1.00; xent: 0.00; lr: 0.00028; 13315/10980 tok/s;  30260 sec
[2020-08-18 06:14:03,839 INFO] Loading dataset from /home/dpk25/rds/hpc-work/toy_model/data_sear/.train.0.pt
[2020-08-18 06:14:05,932 INFO] number of examples: 146816
[2020-08-18 06:15:46,466 INFO] Step 194000/350000; acc:  99.96; ppl:  1.00; xent: 0.00; lr: 0.00028; 13065/10766 tok/s;  30403 sec
[2020-08-18 06:18:06,950 INFO] Step 195000/350000; acc:  99.96; ppl:  1.00; xent: 0.00; lr: 0.00028; 13303/10957 tok/s;  30544 sec
[2020-08-18 06:20:27,238 INFO] Step 196000/350000; acc:  99.96; ppl:  1.00; xent: 0.00; lr: 0.00028; 13323/10976 tok/s;  30684 sec
[2020-08-18 06:22:02,400 INFO] Loading dataset from /home/dpk25/rds/hpc-work/toy_model/data_sear/.train.0.pt
[2020-08-18 06:22:04,648 INFO] number of examples: 146816
[2020-08-18 06:22:50,428 INFO] Step 197000/350000; acc:  99.96; ppl:  1.00; xent: 0.00; lr: 0.00028; 13041/10756 tok/s;  30827 sec
[2020-08-18 06:25:10,620 INFO] Step 198000/350000; acc:  99.97; ppl:  1.00; xent: 0.00; lr: 0.00028; 13331/10983 tok/s;  30967 sec
[2020-08-18 06:27:31,282 INFO] Step 199000/350000; acc:  99.97; ppl:  1.00; xent: 0.00; lr: 0.00028; 13288/10950 tok/s;  31108 sec
[2020-08-18 06:29:51,616 INFO] Step 200000/350000; acc:  99.96; ppl:  1.00; xent: 0.00; lr: 0.00028; 13305/10973 tok/s;  31248 sec
[2020-08-18 06:29:51,617 INFO] Loading dataset from /home/dpk25/rds/hpc-work/toy_model/data_sear/.valid.0.pt
[2020-08-18 06:29:51,684 INFO] number of examples: 9176
[2020-08-18 06:30:06,065 INFO] Validation perplexity: 1
[2020-08-18 06:30:06,065 INFO] Validation accuracy: 100
[2020-08-18 06:30:06,066 INFO] Saving checkpoint /home/dpk25/rds/hpc-work/toy_model/sear_models/toy_model_step_200000.pt
[2020-08-18 06:30:16,138 INFO] Loading dataset from /home/dpk25/rds/hpc-work/toy_model/data_sear/.train.0.pt
[2020-08-18 06:30:18,752 INFO] number of examples: 146816
[2020-08-18 06:32:29,937 INFO] Step 201000/350000; acc:  99.96; ppl:  1.00; xent: 0.00; lr: 0.00028; 11804/9728 tok/s;  31407 sec
[2020-08-18 06:34:50,391 INFO] Step 202000/350000; acc:  99.97; ppl:  1.00; xent: 0.00; lr: 0.00028; 13308/10959 tok/s;  31547 sec
[2020-08-18 06:37:10,786 INFO] Step 203000/350000; acc:  99.96; ppl:  1.00; xent: 0.00; lr: 0.00028; 13306/10966 tok/s;  31688 sec
[2020-08-18 06:38:15,313 INFO] Loading dataset from /home/dpk25/rds/hpc-work/toy_model/data_sear/.train.0.pt
[2020-08-18 06:38:17,017 INFO] number of examples: 146816
[2020-08-18 06:39:33,350 INFO] Step 204000/350000; acc:  99.96; ppl:  1.00; xent: 0.00; lr: 0.00028; 13105/10806 tok/s;  31830 sec
[2020-08-18 06:41:53,527 INFO] Step 205000/350000; acc:  99.97; ppl:  1.00; xent: 0.00; lr: 0.00028; 13327/10981 tok/s;  31970 sec
[2020-08-18 06:44:14,574 INFO] Step 206000/350000; acc:  99.97; ppl:  1.00; xent: 0.00; lr: 0.00028; 13254/10916 tok/s;  32111 sec
[2020-08-18 06:46:15,945 INFO] Loading dataset from /home/dpk25/rds/hpc-work/toy_model/data_sear/.train.0.pt
[2020-08-18 06:46:18,955 INFO] number of examples: 146816
[2020-08-18 06:46:41,763 INFO] Step 207000/350000; acc:  99.97; ppl:  1.00; xent: 0.00; lr: 0.00027; 12685/10461 tok/s;  32259 sec
[2020-08-18 06:49:10,309 INFO] Step 208000/350000; acc:  99.97; ppl:  1.00; xent: 0.00; lr: 0.00027; 12584/10373 tok/s;  32407 sec
[2020-08-18 06:51:40,958 INFO] Step 209000/350000; acc:  99.96; ppl:  1.00; xent: 0.00; lr: 0.00027; 12406/10221 tok/s;  32558 sec
[2020-08-18 06:54:17,760 INFO] Step 210000/350000; acc:  99.97; ppl:  1.00; xent: 0.00; lr: 0.00027; 11909/9820 tok/s;  32714 sec
[2020-08-18 06:54:17,761 INFO] Loading dataset from /home/dpk25/rds/hpc-work/toy_model/data_sear/.valid.0.pt
[2020-08-18 06:54:17,843 INFO] number of examples: 9176
[2020-08-18 06:54:33,835 INFO] Validation perplexity: 1.00001
[2020-08-18 06:54:33,835 INFO] Validation accuracy: 99.9994
[2020-08-18 06:54:33,836 INFO] Saving checkpoint /home/dpk25/rds/hpc-work/toy_model/sear_models/toy_model_step_210000.pt
[2020-08-18 06:55:43,366 INFO] Loading dataset from /home/dpk25/rds/hpc-work/toy_model/data_sear/.train.0.pt
[2020-08-18 06:55:45,262 INFO] number of examples: 146816
[2020-08-18 06:57:43,762 INFO] Step 211000/350000; acc:  99.96; ppl:  1.00; xent: 0.00; lr: 0.00027; 9070/7470 tok/s;  32920 sec
[2020-08-18 07:00:20,447 INFO] Step 212000/350000; acc:  99.97; ppl:  1.00; xent: 0.00; lr: 0.00027; 11928/9830 tok/s;  33077 sec
[2020-08-18 07:02:57,178 INFO] Step 213000/350000; acc:  99.97; ppl:  1.00; xent: 0.00; lr: 0.00027; 11923/9821 tok/s;  33234 sec
[2020-08-18 07:04:35,191 INFO] Loading dataset from /home/dpk25/rds/hpc-work/toy_model/data_sear/.train.0.pt
[2020-08-18 07:04:37,501 INFO] number of examples: 146816
[2020-08-18 07:05:34,981 INFO] Step 214000/350000; acc:  99.97; ppl:  1.00; xent: 0.00; lr: 0.00027; 11835/9763 tok/s;  33392 sec
[2020-08-18 07:08:09,687 INFO] Step 215000/350000; acc:  99.96; ppl:  1.00; xent: 0.00; lr: 0.00027; 12079/9951 tok/s;  33546 sec
[2020-08-18 07:10:46,630 INFO] Step 216000/350000; acc:  99.97; ppl:  1.00; xent: 0.00; lr: 0.00027; 11909/9813 tok/s;  33703 sec
[2020-08-18 07:13:22,548 INFO] Step 217000/350000; acc:  99.97; ppl:  1.00; xent: 0.00; lr: 0.00027; 11975/9877 tok/s;  33859 sec
[2020-08-18 07:13:26,300 INFO] Loading dataset from /home/dpk25/rds/hpc-work/toy_model/data_sear/.train.0.pt
[2020-08-18 07:13:28,700 INFO] number of examples: 146816
[2020-08-18 07:16:00,943 INFO] Step 218000/350000; acc:  99.97; ppl:  1.00; xent: 0.00; lr: 0.00027; 11798/9726 tok/s;  34018 sec
[2020-08-18 07:18:34,782 INFO] Step 219000/350000; acc:  99.97; ppl:  1.00; xent: 0.00; lr: 0.00027; 12151/10001 tok/s;  34172 sec
[2020-08-18 07:21:09,135 INFO] Step 220000/350000; acc:  99.97; ppl:  1.00; xent: 0.00; lr: 0.00027; 12103/9980 tok/s;  34326 sec
[2020-08-18 07:21:09,137 INFO] Loading dataset from /home/dpk25/rds/hpc-work/toy_model/data_sear/.valid.0.pt
[2020-08-18 07:21:09,207 INFO] number of examples: 9176
[2020-08-18 07:21:24,929 INFO] Validation perplexity: 1.00001
[2020-08-18 07:21:24,929 INFO] Validation accuracy: 99.9994
[2020-08-18 07:21:24,930 INFO] Saving checkpoint /home/dpk25/rds/hpc-work/toy_model/sear_models/toy_model_step_220000.pt
[2020-08-18 07:22:29,629 INFO] Loading dataset from /home/dpk25/rds/hpc-work/toy_model/data_sear/.train.0.pt
[2020-08-18 07:22:31,921 INFO] number of examples: 146816
[2020-08-18 07:24:03,066 INFO] Step 221000/350000; acc:  99.97; ppl:  1.00; xent: 0.00; lr: 0.00027; 10740/8852 tok/s;  34500 sec
[2020-08-18 07:26:38,958 INFO] Step 222000/350000; acc:  99.97; ppl:  1.00; xent: 0.00; lr: 0.00027; 11986/9877 tok/s;  34656 sec
[2020-08-18 07:29:15,359 INFO] Step 223000/350000; acc:  99.97; ppl:  1.00; xent: 0.00; lr: 0.00026; 11952/9839 tok/s;  34812 sec
[2020-08-18 07:31:21,167 INFO] Loading dataset from /home/dpk25/rds/hpc-work/toy_model/data_sear/.train.0.pt
[2020-08-18 07:31:23,544 INFO] number of examples: 146816
[2020-08-18 07:31:54,591 INFO] Step 224000/350000; acc:  99.97; ppl:  1.00; xent: 0.00; lr: 0.00026; 11725/9671 tok/s;  34971 sec
[2020-08-18 07:34:31,083 INFO] Step 225000/350000; acc:  99.97; ppl:  1.00; xent: 0.00; lr: 0.00026; 11943/9844 tok/s;  35128 sec
[2020-08-18 07:37:08,072 INFO] Step 226000/350000; acc:  99.97; ppl:  1.00; xent: 0.00; lr: 0.00026; 11909/9814 tok/s;  35285 sec
[2020-08-18 07:39:42,945 INFO] Step 227000/350000; acc:  99.97; ppl:  1.00; xent: 0.00; lr: 0.00026; 12060/9945 tok/s;  35440 sec
[2020-08-18 07:40:13,395 INFO] Loading dataset from /home/dpk25/rds/hpc-work/toy_model/data_sear/.train.0.pt
[2020-08-18 07:40:15,815 INFO] number of examples: 146816
[2020-08-18 07:42:19,832 INFO] Step 228000/350000; acc:  99.97; ppl:  1.00; xent: 0.00; lr: 0.00026; 11907/9808 tok/s;  35597 sec
[2020-08-18 07:44:55,015 INFO] Step 229000/350000; acc:  99.97; ppl:  1.00; xent: 0.00; lr: 0.00026; 12045/9922 tok/s;  35752 sec
[2020-08-18 07:47:28,496 INFO] Step 230000/350000; acc:  99.97; ppl:  1.00; xent: 0.00; lr: 0.00026; 12174/10027 tok/s;  35905 sec
[2020-08-18 07:47:28,497 INFO] Loading dataset from /home/dpk25/rds/hpc-work/toy_model/data_sear/.valid.0.pt
[2020-08-18 07:47:28,565 INFO] number of examples: 9176
[2020-08-18 07:47:44,353 INFO] Validation perplexity: 1.00001
[2020-08-18 07:47:44,353 INFO] Validation accuracy: 100
[2020-08-18 07:47:44,354 INFO] Saving checkpoint /home/dpk25/rds/hpc-work/toy_model/sear_models/toy_model_step_230000.pt
[2020-08-18 07:49:15,241 INFO] Loading dataset from /home/dpk25/rds/hpc-work/toy_model/data_sear/.train.0.pt
[2020-08-18 07:49:17,613 INFO] number of examples: 146816
[2020-08-18 07:50:21,507 INFO] Step 231000/350000; acc:  99.97; ppl:  1.00; xent: 0.00; lr: 0.00026; 10796/8907 tok/s;  36078 sec
[2020-08-18 07:52:57,066 INFO] Step 232000/350000; acc:  99.97; ppl:  1.00; xent: 0.00; lr: 0.00026; 12010/9893 tok/s;  36234 sec
[2020-08-18 07:55:33,587 INFO] Step 233000/350000; acc:  99.97; ppl:  1.00; xent: 0.00; lr: 0.00026; 11942/9838 tok/s;  36390 sec
[2020-08-18 07:58:05,442 INFO] Loading dataset from /home/dpk25/rds/hpc-work/toy_model/data_sear/.train.0.pt
[2020-08-18 07:58:08,208 INFO] number of examples: 146816
[2020-08-18 07:58:12,199 INFO] Step 234000/350000; acc:  99.98; ppl:  1.00; xent: 0.00; lr: 0.00026; 11773/9714 tok/s;  36549 sec
[2020-08-18 08:00:49,249 INFO] Step 235000/350000; acc:  99.97; ppl:  1.00; xent: 0.00; lr: 0.00026; 11900/9805 tok/s;  36706 sec
[2020-08-18 08:03:25,045 INFO] Step 236000/350000; acc:  99.97; ppl:  1.00; xent: 0.00; lr: 0.00026; 11998/9881 tok/s;  36862 sec
[2020-08-18 08:05:59,441 INFO] Step 237000/350000; acc:  99.97; ppl:  1.00; xent: 0.00; lr: 0.00026; 12098/9975 tok/s;  37016 sec
[2020-08-18 08:06:56,564 INFO] Loading dataset from /home/dpk25/rds/hpc-work/toy_model/data_sear/.train.0.pt
[2020-08-18 08:06:58,430 INFO] number of examples: 146816
[2020-08-18 08:08:36,706 INFO] Step 238000/350000; acc:  99.97; ppl:  1.00; xent: 0.00; lr: 0.00026; 11879/9790 tok/s;  37173 sec
[2020-08-18 08:11:13,291 INFO] Step 239000/350000; acc:  99.97; ppl:  1.00; xent: 0.00; lr: 0.00026; 11934/9833 tok/s;  37330 sec
[2020-08-18 08:13:49,791 INFO] Step 240000/350000; acc:  99.97; ppl:  1.00; xent: 0.00; lr: 0.00026; 11943/9833 tok/s;  37487 sec
[2020-08-18 08:13:49,792 INFO] Loading dataset from /home/dpk25/rds/hpc-work/toy_model/data_sear/.valid.0.pt
[2020-08-18 08:13:50,460 INFO] number of examples: 9176
[2020-08-18 08:14:06,500 INFO] Validation perplexity: 1.00001
[2020-08-18 08:14:06,500 INFO] Validation accuracy: 99.9997
[2020-08-18 08:14:06,501 INFO] Saving checkpoint /home/dpk25/rds/hpc-work/toy_model/sear_models/toy_model_step_240000.pt
[2020-08-18 08:16:06,572 INFO] Loading dataset from /home/dpk25/rds/hpc-work/toy_model/data_sear/.train.0.pt
[2020-08-18 08:16:09,778 INFO] number of examples: 146816
[2020-08-18 08:16:47,092 INFO] Step 241000/350000; acc:  99.97; ppl:  1.00; xent: 0.00; lr: 0.00025; 10534/8688 tok/s;  37664 sec
[2020-08-18 08:19:19,568 INFO] Step 242000/350000; acc:  99.97; ppl:  1.00; xent: 0.00; lr: 0.00025; 12256/10103 tok/s;  37816 sec
[2020-08-18 08:21:52,224 INFO] Step 243000/350000; acc:  99.97; ppl:  1.00; xent: 0.00; lr: 0.00025; 12243/10090 tok/s;  37969 sec
[2020-08-18 08:24:25,925 INFO] Step 244000/350000; acc:  99.97; ppl:  1.00; xent: 0.00; lr: 0.00025; 12150/10018 tok/s;  38123 sec
[2020-08-18 08:24:49,495 INFO] Loading dataset from /home/dpk25/rds/hpc-work/toy_model/data_sear/.train.0.pt
[2020-08-18 08:24:51,408 INFO] number of examples: 146816
[2020-08-18 08:27:04,093 INFO] Step 245000/350000; acc:  99.97; ppl:  1.00; xent: 0.00; lr: 0.00025; 11812/9731 tok/s;  38281 sec
[2020-08-18 08:29:41,137 INFO] Step 246000/350000; acc:  99.97; ppl:  1.00; xent: 0.00; lr: 0.00025; 11903/9802 tok/s;  38438 sec
[2020-08-18 08:32:17,512 INFO] Step 247000/350000; acc:  99.97; ppl:  1.00; xent: 0.00; lr: 0.00025; 11948/9845 tok/s;  38594 sec
[2020-08-18 08:33:42,194 INFO] Loading dataset from /home/dpk25/rds/hpc-work/toy_model/data_sear/.train.0.pt
[2020-08-18 08:33:44,579 INFO] number of examples: 146816
[2020-08-18 08:34:56,854 INFO] Step 248000/350000; acc:  99.97; ppl:  1.00; xent: 0.00; lr: 0.00025; 11722/9665 tok/s;  38754 sec
[2020-08-18 08:37:34,663 INFO] Step 249000/350000; acc:  99.97; ppl:  1.00; xent: 0.00; lr: 0.00025; 11840/9759 tok/s;  38911 sec
[2020-08-18 08:40:12,911 INFO] Step 250000/350000; acc:  99.97; ppl:  1.00; xent: 0.00; lr: 0.00025; 11811/9728 tok/s;  39070 sec
[2020-08-18 08:40:12,912 INFO] Loading dataset from /home/dpk25/rds/hpc-work/toy_model/data_sear/.valid.0.pt
[2020-08-18 08:40:12,989 INFO] number of examples: 9176
[2020-08-18 08:40:29,183 INFO] Validation perplexity: 1
[2020-08-18 08:40:29,183 INFO] Validation accuracy: 100
[2020-08-18 08:40:29,185 INFO] Saving checkpoint /home/dpk25/rds/hpc-work/toy_model/sear_models/toy_model_step_250000.pt
[2020-08-18 08:43:39,847 INFO] Loading dataset from /home/dpk25/rds/hpc-work/toy_model/data_sear/.train.0.pt
[2020-08-18 08:43:42,181 INFO] number of examples: 146816
[2020-08-18 08:43:53,313 INFO] Step 251000/350000; acc:  99.97; ppl:  1.00; xent: 0.00; lr: 0.00025; 8471/6987 tok/s;  39290 sec
[2020-08-18 08:46:30,941 INFO] Step 252000/350000; acc:  99.98; ppl:  1.00; xent: 0.00; lr: 0.00025; 11860/9774 tok/s;  39448 sec
[2020-08-18 08:49:09,025 INFO] Step 253000/350000; acc:  99.97; ppl:  1.00; xent: 0.00; lr: 0.00025; 11822/9737 tok/s;  39606 sec
[2020-08-18 08:51:46,201 INFO] Step 254000/350000; acc:  99.98; ppl:  1.00; xent: 0.00; lr: 0.00025; 11885/9800 tok/s;  39763 sec
[2020-08-18 08:52:37,613 INFO] Loading dataset from /home/dpk25/rds/hpc-work/toy_model/data_sear/.train.0.pt
[2020-08-18 08:52:39,954 INFO] number of examples: 146816
[2020-08-18 08:54:27,443 INFO] Step 255000/350000; acc:  99.97; ppl:  1.00; xent: 0.00; lr: 0.00025; 11584/9547 tok/s;  39924 sec
[2020-08-18 08:57:05,834 INFO] Step 256000/350000; acc:  99.97; ppl:  1.00; xent: 0.00; lr: 0.00025; 11799/9719 tok/s;  40083 sec
[2020-08-18 08:59:43,823 INFO] Step 257000/350000; acc:  99.97; ppl:  1.00; xent: 0.00; lr: 0.00025; 11832/9742 tok/s;  40241 sec
[2020-08-18 09:01:37,211 INFO] Loading dataset from /home/dpk25/rds/hpc-work/toy_model/data_sear/.train.0.pt
[2020-08-18 09:01:39,546 INFO] number of examples: 146816
[2020-08-18 09:02:25,183 INFO] Step 258000/350000; acc:  99.98; ppl:  1.00; xent: 0.00; lr: 0.00025; 11572/9548 tok/s;  40402 sec
[2020-08-18 09:05:03,274 INFO] Step 259000/350000; acc:  99.97; ppl:  1.00; xent: 0.00; lr: 0.00025; 11822/9742 tok/s;  40560 sec
[2020-08-18 09:07:41,744 INFO] Step 260000/350000; acc:  99.97; ppl:  1.00; xent: 0.00; lr: 0.00025; 11795/9719 tok/s;  40718 sec
[2020-08-18 09:07:41,745 INFO] Loading dataset from /home/dpk25/rds/hpc-work/toy_model/data_sear/.valid.0.pt
[2020-08-18 09:07:42,424 INFO] number of examples: 9176
[2020-08-18 09:07:58,663 INFO] Validation perplexity: 1
[2020-08-18 09:07:58,663 INFO] Validation accuracy: 100
[2020-08-18 09:07:58,665 INFO] Saving checkpoint /home/dpk25/rds/hpc-work/toy_model/sear_models/toy_model_step_260000.pt
[2020-08-18 09:10:37,110 INFO] Step 261000/350000; acc:  99.98; ppl:  1.00; xent: 0.00; lr: 0.00024; 10647/8780 tok/s;  40894 sec
[2020-08-18 09:10:53,951 INFO] Loading dataset from /home/dpk25/rds/hpc-work/toy_model/data_sear/.train.0.pt
[2020-08-18 09:10:57,141 INFO] number of examples: 146816
[2020-08-18 09:13:18,707 INFO] Step 262000/350000; acc:  99.98; ppl:  1.00; xent: 0.00; lr: 0.00024; 11562/9527 tok/s;  41055 sec
[2020-08-18 09:15:57,004 INFO] Step 263000/350000; acc:  99.98; ppl:  1.00; xent: 0.00; lr: 0.00024; 11810/9726 tok/s;  41214 sec
[2020-08-18 09:18:35,043 INFO] Step 264000/350000; acc:  99.97; ppl:  1.00; xent: 0.00; lr: 0.00024; 11821/9741 tok/s;  41372 sec
[2020-08-18 09:19:53,858 INFO] Loading dataset from /home/dpk25/rds/hpc-work/toy_model/data_sear/.train.0.pt
[2020-08-18 09:19:55,777 INFO] number of examples: 146816
[2020-08-18 09:21:15,774 INFO] Step 265000/350000; acc:  99.98; ppl:  1.00; xent: 0.00; lr: 0.00024; 11621/9581 tok/s;  41533 sec
[2020-08-18 09:23:53,678 INFO] Step 266000/350000; acc:  99.98; ppl:  1.00; xent: 0.00; lr: 0.00024; 11833/9751 tok/s;  41690 sec
[2020-08-18 09:26:31,919 INFO] Step 267000/350000; acc:  99.98; ppl:  1.00; xent: 0.00; lr: 0.00024; 11813/9729 tok/s;  41849 sec
[2020-08-18 09:28:52,494 INFO] Loading dataset from /home/dpk25/rds/hpc-work/toy_model/data_sear/.train.0.pt
[2020-08-18 09:28:54,935 INFO] number of examples: 146816
[2020-08-18 09:29:13,150 INFO] Step 268000/350000; acc:  99.98; ppl:  1.00; xent: 0.00; lr: 0.00024; 11580/9550 tok/s;  42010 sec
[2020-08-18 09:31:51,092 INFO] Step 269000/350000; acc:  99.97; ppl:  1.00; xent: 0.00; lr: 0.00024; 11837/9759 tok/s;  42168 sec
[2020-08-18 09:34:29,097 INFO] Step 270000/350000; acc:  99.97; ppl:  1.00; xent: 0.00; lr: 0.00024; 11827/9740 tok/s;  42326 sec
[2020-08-18 09:34:29,098 INFO] Loading dataset from /home/dpk25/rds/hpc-work/toy_model/data_sear/.valid.0.pt
[2020-08-18 09:34:29,177 INFO] number of examples: 9176
[2020-08-18 09:34:45,395 INFO] Validation perplexity: 1.00001
[2020-08-18 09:34:45,404 INFO] Validation accuracy: 99.9997
[2020-08-18 09:34:45,406 INFO] Saving checkpoint /home/dpk25/rds/hpc-work/toy_model/sear_models/toy_model_step_270000.pt
[2020-08-18 09:37:24,191 INFO] Step 271000/350000; acc:  99.98; ppl:  1.00; xent: 0.00; lr: 0.00024; 10667/8797 tok/s;  42501 sec
[2020-08-18 09:38:08,586 INFO] Loading dataset from /home/dpk25/rds/hpc-work/toy_model/data_sear/.train.0.pt
[2020-08-18 09:38:11,190 INFO] number of examples: 146816
[2020-08-18 09:40:05,726 INFO] Step 272000/350000; acc:  99.97; ppl:  1.00; xent: 0.00; lr: 0.00024; 11565/9529 tok/s;  42662 sec
[2020-08-18 09:42:44,290 INFO] Step 273000/350000; acc:  99.98; ppl:  1.00; xent: 0.00; lr: 0.00024; 11786/9707 tok/s;  42821 sec
[2020-08-18 09:45:22,586 INFO] Step 274000/350000; acc:  99.97; ppl:  1.00; xent: 0.00; lr: 0.00024; 11807/9728 tok/s;  42979 sec
[2020-08-18 09:47:08,501 INFO] Loading dataset from /home/dpk25/rds/hpc-work/toy_model/data_sear/.train.0.pt
[2020-08-18 09:47:11,000 INFO] number of examples: 146816
[2020-08-18 09:48:03,561 INFO] Step 275000/350000; acc:  99.98; ppl:  1.00; xent: 0.00; lr: 0.00024; 11599/9566 tok/s;  43140 sec
[2020-08-18 09:50:41,259 INFO] Step 276000/350000; acc:  99.98; ppl:  1.00; xent: 0.00; lr: 0.00024; 11851/9765 tok/s;  43298 sec
[2020-08-18 09:53:21,913 INFO] Step 277000/350000; acc:  99.98; ppl:  1.00; xent: 0.00; lr: 0.00024; 11777/9705 tok/s;  43459 sec
[2020-08-18 09:56:00,404 INFO] Step 278000/350000; acc:  99.98; ppl:  1.00; xent: 0.00; lr: 0.00024; 11781/9716 tok/s;  43617 sec
[2020-08-18 09:56:10,234 INFO] Loading dataset from /home/dpk25/rds/hpc-work/toy_model/data_sear/.train.0.pt
[2020-08-18 09:56:12,111 INFO] number of examples: 146816
[2020-08-18 09:58:40,462 INFO] Step 279000/350000; acc:  99.98; ppl:  1.00; xent: 0.00; lr: 0.00024; 11675/9623 tok/s;  43777 sec
[2020-08-18 10:01:17,491 INFO] Step 280000/350000; acc:  99.98; ppl:  1.00; xent: 0.00; lr: 0.00024; 11903/9801 tok/s;  43934 sec
[2020-08-18 10:01:17,492 INFO] Loading dataset from /home/dpk25/rds/hpc-work/toy_model/data_sear/.valid.0.pt
[2020-08-18 10:01:18,136 INFO] number of examples: 9176
[2020-08-18 10:01:34,292 INFO] Validation perplexity: 1.00001
[2020-08-18 10:01:34,293 INFO] Validation accuracy: 99.9997
[2020-08-18 10:01:34,294 INFO] Saving checkpoint /home/dpk25/rds/hpc-work/toy_model/sear_models/toy_model_step_280000.pt
[2020-08-18 10:04:13,180 INFO] Step 281000/350000; acc:  99.98; ppl:  1.00; xent: 0.00; lr: 0.00024; 10633/8764 tok/s;  44110 sec
[2020-08-18 10:05:24,889 INFO] Loading dataset from /home/dpk25/rds/hpc-work/toy_model/data_sear/.train.0.pt
[2020-08-18 10:05:28,075 INFO] number of examples: 146816
[2020-08-18 10:06:55,293 INFO] Step 282000/350000; acc:  99.98; ppl:  1.00; xent: 0.00; lr: 0.00024; 11524/9501 tok/s;  44272 sec
[2020-08-18 10:09:33,246 INFO] Step 283000/350000; acc:  99.98; ppl:  1.00; xent: 0.00; lr: 0.00023; 11828/9746 tok/s;  44430 sec
[2020-08-18 10:12:11,960 INFO] Step 284000/350000; acc:  99.98; ppl:  1.00; xent: 0.00; lr: 0.00023; 11778/9699 tok/s;  44589 sec
[2020-08-18 10:14:25,398 INFO] Loading dataset from /home/dpk25/rds/hpc-work/toy_model/data_sear/.train.0.pt
[2020-08-18 10:14:27,300 INFO] number of examples: 146816
[2020-08-18 10:14:52,640 INFO] Step 285000/350000; acc:  99.98; ppl:  1.00; xent: 0.00; lr: 0.00023; 11619/9583 tok/s;  44749 sec
[2020-08-18 10:17:31,019 INFO] Step 286000/350000; acc:  99.98; ppl:  1.00; xent: 0.00; lr: 0.00023; 11804/9730 tok/s;  44908 sec
[2020-08-18 10:20:09,558 INFO] Step 287000/350000; acc:  99.98; ppl:  1.00; xent: 0.00; lr: 0.00023; 11789/9713 tok/s;  45066 sec
[2020-08-18 10:22:48,079 INFO] Step 288000/350000; acc:  99.98; ppl:  1.00; xent: 0.00; lr: 0.00023; 11779/9713 tok/s;  45225 sec
[2020-08-18 10:23:25,308 INFO] Loading dataset from /home/dpk25/rds/hpc-work/toy_model/data_sear/.train.0.pt
[2020-08-18 10:23:27,641 INFO] number of examples: 146816
[2020-08-18 10:25:29,303 INFO] Step 289000/350000; acc:  99.98; ppl:  1.00; xent: 0.00; lr: 0.00023; 11590/9544 tok/s;  45386 sec
[2020-08-18 10:28:07,521 INFO] Step 290000/350000; acc:  99.98; ppl:  1.00; xent: 0.00; lr: 0.00023; 11812/9733 tok/s;  45544 sec
[2020-08-18 10:28:07,522 INFO] Loading dataset from /home/dpk25/rds/hpc-work/toy_model/data_sear/.valid.0.pt
[2020-08-18 10:28:08,181 INFO] number of examples: 9176
[2020-08-18 10:28:23,985 INFO] Validation perplexity: 1
[2020-08-18 10:28:23,985 INFO] Validation accuracy: 100
[2020-08-18 10:28:23,987 INFO] Saving checkpoint /home/dpk25/rds/hpc-work/toy_model/sear_models/toy_model_step_290000.pt
[2020-08-18 10:30:59,884 INFO] Step 291000/350000; acc:  99.98; ppl:  1.00; xent: 0.00; lr: 0.00023; 10841/8931 tok/s;  45717 sec
[2020-08-18 10:32:34,221 INFO] Loading dataset from /home/dpk25/rds/hpc-work/toy_model/data_sear/.train.0.pt
[2020-08-18 10:32:37,263 INFO] number of examples: 146816
[2020-08-18 10:33:31,723 INFO] Step 292000/350000; acc:  99.98; ppl:  1.00; xent: 0.00; lr: 0.00023; 12299/10147 tok/s;  45868 sec
[2020-08-18 10:35:58,787 INFO] Step 293000/350000; acc:  99.98; ppl:  1.00; xent: 0.00; lr: 0.00023; 12707/10468 tok/s;  46016 sec
[2020-08-18 10:38:27,202 INFO] Step 294000/350000; acc:  99.98; ppl:  1.00; xent: 0.00; lr: 0.00023; 12593/10375 tok/s;  46164 sec
[2020-08-18 10:40:52,590 INFO] Step 295000/350000; acc:  99.98; ppl:  1.00; xent: 0.00; lr: 0.00023; 12843/10594 tok/s;  46309 sec
[2020-08-18 10:40:55,054 INFO] Loading dataset from /home/dpk25/rds/hpc-work/toy_model/data_sear/.train.0.pt
[2020-08-18 10:40:56,897 INFO] number of examples: 146816
[2020-08-18 10:43:20,702 INFO] Step 296000/350000; acc:  99.97; ppl:  1.00; xent: 0.00; lr: 0.00023; 12618/10399 tok/s;  46457 sec
[2020-08-18 10:46:00,520 INFO] Step 297000/350000; acc:  99.98; ppl:  1.00; xent: 0.00; lr: 0.00023; 11696/9628 tok/s;  46617 sec
[2020-08-18 10:48:39,950 INFO] Step 298000/350000; acc:  99.98; ppl:  1.00; xent: 0.00; lr: 0.00023; 11718/9663 tok/s;  46777 sec
[2020-08-18 10:49:45,129 INFO] Loading dataset from /home/dpk25/rds/hpc-work/toy_model/data_sear/.train.0.pt
[2020-08-18 10:49:47,646 INFO] number of examples: 146816
slurmstepd: error: *** JOB 27551330 ON gpu-e-16 CANCELLED AT 2020-08-18T10:51:01 ***
slurmstepd: error: task_p_post_term: rmdir(/sys/fs/cgroup/cpuset/slurm27551330/slurm27551330.4294967294_0) failed Device or resource busy
