Changed directory to /home/dpk25/MolecularTransformer2/scripts/toy_model/sear.

JobID: 27568002
======
Time: Tue 18 Aug 13:59:20 BST 2020
Running on master node: gpu-e-66
Current directory: /home/dpk25/MolecularTransformer2/scripts/toy_model/sear

Nodes allocated:
================
gpu-e-66

numtasks=1, numnodes=1, mpi_tasks_per_node=1 (OMP_NUM_THREADS=1)

Executing command:
==================
./test_preds.sh 

[2020-08-18 13:59:39,587 INFO] Translating shard 0.
PRED AVG SCORE: -0.0079, PRED PPL: 1.0079
[14:17:50] SMILES Parse Error: extra open parentheses for input: 'CCOc1ccc(C(=O)C(C(C)C)cc1'
[14:17:50] SMILES Parse Error: extra open parentheses for input: 'CCC(=O)Nc1ccc(C(=O)C(CC(C)(C)C)cc1'
[14:17:50] SMILES Parse Error: extra close parentheses while parsing: CC(=O)c1ccc(O)cc1)C(C)C
[14:17:50] 

****
Pre-condition Violation
no atoms
Violation occurred on line 173 in file /opt/conda/conda-bld/rdkit_1578630403331/work/Code/GraphMol/ROMol.cpp
Failed Expression: getNumAtoms() > 0
****

[14:17:50] Explicit valence for atom # 9 C, 5, is greater than permitted
[14:17:50] SMILES Parse Error: extra open parentheses for input: 'CCC(CCCCC(=O)c1ccc(NC(C)=O)cc1'
[14:17:50] Explicit valence for atom # 10 C, 5, is greater than permitted
[14:17:50] SMILES Parse Error: unclosed ring for input: 'CCC(=O)Nc1ccc(C(=O)C(C(C)C)CCCC2)cc1'
[14:17:50] SMILES Parse Error: extra open parentheses for input: 'CCOc1ccc(C(=O)C(CC(C)(C)CC)cc1'
[14:17:51] SMILES Parse Error: extra open parentheses for input: 'CCC(CCCCC(=O)c1ccc(C(C)C)cc1'
[14:17:51] SMILES Parse Error: extra open parentheses for input: 'C=C(C(=C)C(C)(C)C(=O)c1ccc(NC(C)=O)cc1'
[14:17:51] SMILES Parse Error: extra open parentheses for input: 'CC(=O)Nc1ccc(C(=O)CCC(C(C)(C)C)cc1'
[14:17:51] SMILES Parse Error: extra open parentheses for input: 'CCOS(=O)(=O)c1cccc(C(=O)C(C)(CC(C)CC)c1'
[14:17:52] SMILES Parse Error: unclosed ring for input: 'CCOC(=O)c1cccc(C(=O)C(C)(CC)CCCC2)c1'
[14:17:52] SMILES Parse Error: extra open parentheses for input: 'CC(=O)c1cccc(C(=O)CC(C(C)(C)C)c1'
[14:17:52] Explicit valence for atom # 8 S, 8, is greater than permitted
