
Embedding source and baseline...

Generating Integrated Gradients...


Number of IG steps: 250
Difference in target probabilities: 0.999
Sum of attributions: 1.006 



C 0.017013
C 0.046065
( 0.19742
= 0.10952
O 0.040726
) 0.032903
N 0.049516
1 0.032561
C 0.023948
C 0.029695
C 0.030869
( 0.070869
C 0.032823
C 0.047289
( 0.046772
= 0.021201
O 0.014003
) 0.011853
Cl 0.021473
) 0.010574
C 0.00023626
C 0.01143
1 0.0088085
. 0.00022468
Cl 0.0085693
. 0.0084666
Cl 0.009227
[Al] 0.013027
( 0.0075955
Cl 0.0057766
) 0.0017274
Cl 0.0042958
. 0.0032812
F 0.0050054
c 0.0028337
1 0.0011167
c 0.0029494
c 0.0031554
c 0.0037987
c 0.0042508
c 0.005619
1 0.0070721
