Changed directory to /home/dpk25/MolecularTransformer2/scripts/toy_model/sear_convergence.

JobID: 27639415
======
Time: Thu 20 Aug 08:52:51 BST 2020
Running on master node: gpu-e-40
Current directory: /home/dpk25/MolecularTransformer2/scripts/toy_model/sear_convergence

Nodes allocated:
================
gpu-e-40

numtasks=1, numnodes=1, mpi_tasks_per_node=1 (OMP_NUM_THREADS=1)

Executing command:
==================
./test_supBiased.sh 

[2020-08-20 08:52:53,150 INFO] Translating shard 0.
PRED AVG SCORE: -0.3819, PRED PPL: 1.4650
[2020-08-20 08:53:23,887 INFO] Translating shard 0.
PRED AVG SCORE: -0.2656, PRED PPL: 1.3043
[2020-08-20 08:53:56,595 INFO] Translating shard 0.
PRED AVG SCORE: -0.2497, PRED PPL: 1.2837
[2020-08-20 08:54:31,347 INFO] Translating shard 0.
PRED AVG SCORE: -0.2345, PRED PPL: 1.2643
[2020-08-20 08:55:07,305 INFO] Translating shard 0.
PRED AVG SCORE: -0.5752, PRED PPL: 1.7775
[2020-08-20 08:55:38,994 INFO] Translating shard 0.
PRED AVG SCORE: -0.2324, PRED PPL: 1.2617
[2020-08-20 08:56:15,632 INFO] Translating shard 0.
PRED AVG SCORE: -0.2846, PRED PPL: 1.3292
[2020-08-20 08:56:50,858 INFO] Translating shard 0.
PRED AVG SCORE: -0.3041, PRED PPL: 1.3554
[2020-08-20 08:57:25,204 INFO] Translating shard 0.
PRED AVG SCORE: -0.2325, PRED PPL: 1.2618
[2020-08-20 08:57:54,949 INFO] Translating shard 0.
PRED AVG SCORE: -0.2340, PRED PPL: 1.2637
[2020-08-20 08:58:27,805 INFO] Translating shard 0.
PRED AVG SCORE: -0.2047, PRED PPL: 1.2272
[2020-08-20 08:59:00,130 INFO] Translating shard 0.
PRED AVG SCORE: -0.2321, PRED PPL: 1.2612
[2020-08-20 08:59:34,280 INFO] Translating shard 0.
PRED AVG SCORE: -0.3456, PRED PPL: 1.4129
[2020-08-20 09:00:10,357 INFO] Translating shard 0.
PRED AVG SCORE: -0.1940, PRED PPL: 1.2141
[2020-08-20 09:00:47,558 INFO] Translating shard 0.
PRED AVG SCORE: -0.3947, PRED PPL: 1.4839
[2020-08-20 09:01:19,022 INFO] Translating shard 0.
PRED AVG SCORE: -0.2584, PRED PPL: 1.2948
[2020-08-20 09:01:53,405 INFO] Translating shard 0.
PRED AVG SCORE: -0.2220, PRED PPL: 1.2486
[2020-08-20 09:02:29,163 INFO] Translating shard 0.
PRED AVG SCORE: -0.1984, PRED PPL: 1.2194
[2020-08-20 09:03:01,218 INFO] Translating shard 0.
PRED AVG SCORE: -0.2227, PRED PPL: 1.2494
[2020-08-20 09:03:35,361 INFO] Translating shard 0.
PRED AVG SCORE: -0.3031, PRED PPL: 1.3541
[2020-08-20 09:04:09,643 INFO] Translating shard 0.
PRED AVG SCORE: -0.1968, PRED PPL: 1.2175
[2020-08-20 09:04:45,614 INFO] Translating shard 0.
PRED AVG SCORE: -0.4332, PRED PPL: 1.5422
[2020-08-20 09:05:16,945 INFO] Translating shard 0.
PRED AVG SCORE: -0.2542, PRED PPL: 1.2895
[2020-08-20 09:05:48,736 INFO] Translating shard 0.
PRED AVG SCORE: -0.2433, PRED PPL: 1.2754
[2020-08-20 09:06:20,663 INFO] Translating shard 0.
PRED AVG SCORE: -0.2162, PRED PPL: 1.2413
[2020-08-20 09:07:20,072 INFO] Translating shard 0.
PRED AVG SCORE: -0.6676, PRED PPL: 1.9496
[2020-08-20 09:07:50,577 INFO] Translating shard 0.
PRED AVG SCORE: -0.2048, PRED PPL: 1.2273
[2020-08-20 09:08:26,567 INFO] Translating shard 0.
PRED AVG SCORE: -0.1918, PRED PPL: 1.2115
[2020-08-20 09:09:01,713 INFO] Translating shard 0.
PRED AVG SCORE: -0.3315, PRED PPL: 1.3930
[2020-08-20 09:09:32,895 INFO] Translating shard 0.
PRED AVG SCORE: -0.2698, PRED PPL: 1.3098
[2020-08-20 09:10:06,833 INFO] Translating shard 0.
PRED AVG SCORE: -0.2308, PRED PPL: 1.2596
[2020-08-20 09:10:40,640 INFO] Translating shard 0.
PRED AVG SCORE: -0.4950, PRED PPL: 1.6404
[2020-08-20 09:11:14,316 INFO] Translating shard 0.
PRED AVG SCORE: -0.4204, PRED PPL: 1.5225
[2020-08-20 09:11:47,139 INFO] Translating shard 0.
PRED AVG SCORE: -0.2213, PRED PPL: 1.2477
[2020-08-20 09:12:23,268 INFO] Translating shard 0.
PRED AVG SCORE: -0.2647, PRED PPL: 1.3030
[2020-08-20 09:12:57,899 INFO] Translating shard 0.
PRED AVG SCORE: -0.3532, PRED PPL: 1.4236
[2020-08-20 09:13:30,101 INFO] Translating shard 0.
PRED AVG SCORE: -0.2382, PRED PPL: 1.2689
[2020-08-20 09:14:04,323 INFO] Translating shard 0.
PRED AVG SCORE: -0.2101, PRED PPL: 1.2338
[2020-08-20 09:14:37,773 INFO] Translating shard 0.
PRED AVG SCORE: -0.4422, PRED PPL: 1.5561
[2020-08-20 09:15:11,765 INFO] Translating shard 0.
PRED AVG SCORE: -0.2359, PRED PPL: 1.2661
[2020-08-20 09:15:46,026 INFO] Translating shard 0.
PRED AVG SCORE: -0.3220, PRED PPL: 1.3799
[2020-08-20 09:16:20,889 INFO] Translating shard 0.
PRED AVG SCORE: -0.2828, PRED PPL: 1.3269
[2020-08-20 09:16:58,828 INFO] Translating shard 0.
PRED AVG SCORE: -0.3499, PRED PPL: 1.4189
[2020-08-20 09:17:29,747 INFO] Translating shard 0.
PRED AVG SCORE: -0.5164, PRED PPL: 1.6760
[2020-08-20 09:18:02,415 INFO] Translating shard 0.
PRED AVG SCORE: -0.2600, PRED PPL: 1.2970
[2020-08-20 09:18:34,045 INFO] Translating shard 0.
PRED AVG SCORE: -0.2414, PRED PPL: 1.2730
[2020-08-20 09:19:06,646 INFO] Translating shard 0.
PRED AVG SCORE: -0.2200, PRED PPL: 1.2460
[2020-08-20 09:19:42,137 INFO] Translating shard 0.
PRED AVG SCORE: -0.2071, PRED PPL: 1.2302
[2020-08-20 09:20:17,683 INFO] Translating shard 0.
PRED AVG SCORE: -0.2046, PRED PPL: 1.2271
[2020-08-20 09:20:52,411 INFO] Translating shard 0.
PRED AVG SCORE: -0.3420, PRED PPL: 1.4078
[2020-08-20 09:21:26,517 INFO] Translating shard 0.
PRED AVG SCORE: -0.2697, PRED PPL: 1.3096
[2020-08-20 09:21:59,179 INFO] Translating shard 0.
PRED AVG SCORE: -0.2408, PRED PPL: 1.2723
[2020-08-20 09:22:36,248 INFO] Translating shard 0.
PRED AVG SCORE: -0.2648, PRED PPL: 1.3032
[2020-08-20 09:23:09,284 INFO] Translating shard 0.
PRED AVG SCORE: -0.2342, PRED PPL: 1.2639
[2020-08-20 09:23:41,283 INFO] Translating shard 0.
PRED AVG SCORE: -0.2242, PRED PPL: 1.2513
[2020-08-20 09:24:14,948 INFO] Translating shard 0.
PRED AVG SCORE: -0.1806, PRED PPL: 1.1980
[2020-08-20 09:24:54,195 INFO] Translating shard 0.
PRED AVG SCORE: -0.3250, PRED PPL: 1.3840
[2020-08-20 09:25:28,999 INFO] Translating shard 0.
PRED AVG SCORE: -0.3704, PRED PPL: 1.4483
[2020-08-20 09:26:01,785 INFO] Translating shard 0.
PRED AVG SCORE: -0.2755, PRED PPL: 1.3171
[2020-08-20 09:26:35,804 INFO] Translating shard 0.
PRED AVG SCORE: -0.3811, PRED PPL: 1.4639
[2020-08-20 09:27:07,324 INFO] Translating shard 0.
PRED AVG SCORE: -0.4909, PRED PPL: 1.6338
[2020-08-20 09:27:41,865 INFO] Translating shard 0.
PRED AVG SCORE: -0.1981, PRED PPL: 1.2191
[2020-08-20 09:28:16,967 INFO] Translating shard 0.
PRED AVG SCORE: -0.1955, PRED PPL: 1.2159
[2020-08-20 09:28:51,527 INFO] Translating shard 0.
PRED AVG SCORE: -0.3410, PRED PPL: 1.4063
[2020-08-20 09:29:25,340 INFO] Translating shard 0.
PRED AVG SCORE: -0.2541, PRED PPL: 1.2893
[2020-08-20 09:29:57,690 INFO] Translating shard 0.
PRED AVG SCORE: -0.3150, PRED PPL: 1.3702
[2020-08-20 09:30:29,027 INFO] Translating shard 0.
PRED AVG SCORE: -0.2932, PRED PPL: 1.3407
[2020-08-20 09:31:04,666 INFO] Translating shard 0.
PRED AVG SCORE: -0.2381, PRED PPL: 1.2689
[2020-08-20 09:31:39,391 INFO] Translating shard 0.
PRED AVG SCORE: -0.2400, PRED PPL: 1.2712
[2020-08-20 09:32:15,692 INFO] Translating shard 0.
PRED AVG SCORE: -0.2551, PRED PPL: 1.2906
