Changed directory to /home/dpk25/MolecularTransformer2/scripts/toy_model/sear_convergence.

JobID: 27639410
======
Time: Thu 20 Aug 08:52:43 BST 2020
Running on master node: gpu-e-40
Current directory: /home/dpk25/MolecularTransformer2/scripts/toy_model/sear_convergence

Nodes allocated:
================
gpu-e-40

numtasks=1, numnodes=1, mpi_tasks_per_node=1 (OMP_NUM_THREADS=1)

Executing command:
==================
./test_biased.sh 

[2020-08-20 08:52:45,715 INFO] Translating shard 0.
PRED AVG SCORE: -0.3793, PRED PPL: 1.4612
[2020-08-20 08:53:17,501 INFO] Translating shard 0.
PRED AVG SCORE: -0.3074, PRED PPL: 1.3599
[2020-08-20 08:53:49,699 INFO] Translating shard 0.
PRED AVG SCORE: -0.2453, PRED PPL: 1.2781
[2020-08-20 08:54:24,944 INFO] Translating shard 0.
PRED AVG SCORE: -0.2306, PRED PPL: 1.2594
[2020-08-20 08:55:00,248 INFO] Translating shard 0.
PRED AVG SCORE: -0.2783, PRED PPL: 1.3209
[2020-08-20 08:55:34,221 INFO] Translating shard 0.
PRED AVG SCORE: -0.2128, PRED PPL: 1.2372
[2020-08-20 08:56:10,947 INFO] Translating shard 0.
PRED AVG SCORE: -0.1989, PRED PPL: 1.2201
[2020-08-20 08:56:48,525 INFO] Translating shard 0.
PRED AVG SCORE: -0.3508, PRED PPL: 1.4202
[2020-08-20 08:57:18,823 INFO] Translating shard 0.
PRED AVG SCORE: -0.2673, PRED PPL: 1.3064
[2020-08-20 08:57:52,530 INFO] Translating shard 0.
PRED AVG SCORE: -0.2069, PRED PPL: 1.2298
[2020-08-20 08:58:27,905 INFO] Translating shard 0.
PRED AVG SCORE: -0.1912, PRED PPL: 1.2107
[2020-08-20 08:59:04,759 INFO] Translating shard 0.
PRED AVG SCORE: -0.3246, PRED PPL: 1.3835
[2020-08-20 08:59:37,850 INFO] Translating shard 0.
PRED AVG SCORE: -0.2120, PRED PPL: 1.2362
[2020-08-20 09:00:13,771 INFO] Translating shard 0.
PRED AVG SCORE: -0.2087, PRED PPL: 1.2321
[2020-08-20 09:00:50,579 INFO] Translating shard 0.
PRED AVG SCORE: -0.3424, PRED PPL: 1.4083
[2020-08-20 09:01:22,556 INFO] Translating shard 0.
PRED AVG SCORE: -0.3014, PRED PPL: 1.3517
[2020-08-20 09:01:54,946 INFO] Translating shard 0.
PRED AVG SCORE: -0.1957, PRED PPL: 1.2162
[2020-08-20 09:02:28,552 INFO] Translating shard 0.
PRED AVG SCORE: -0.2691, PRED PPL: 1.3088
[2020-08-20 09:03:01,797 INFO] Translating shard 0.
PRED AVG SCORE: -0.2603, PRED PPL: 1.2973
[2020-08-20 09:03:37,053 INFO] Translating shard 0.
PRED AVG SCORE: -0.2430, PRED PPL: 1.2750
[2020-08-20 09:04:14,616 INFO] Translating shard 0.
PRED AVG SCORE: -0.3241, PRED PPL: 1.3828
[2020-08-20 09:04:50,123 INFO] Translating shard 0.
PRED AVG SCORE: -0.3596, PRED PPL: 1.4327
[2020-08-20 09:05:21,784 INFO] Translating shard 0.
PRED AVG SCORE: -0.2797, PRED PPL: 1.3227
[2020-08-20 09:05:51,276 INFO] Translating shard 0.
PRED AVG SCORE: -0.2556, PRED PPL: 1.2913
[2020-08-20 09:06:23,653 INFO] Translating shard 0.
PRED AVG SCORE: -0.2318, PRED PPL: 1.2608
[2020-08-20 09:06:59,170 INFO] Translating shard 0.
PRED AVG SCORE: -0.2484, PRED PPL: 1.2820
[2020-08-20 09:07:58,896 INFO] Translating shard 0.
PRED AVG SCORE: -0.2384, PRED PPL: 1.2692
[2020-08-20 09:08:35,054 INFO] Translating shard 0.
PRED AVG SCORE: -0.3664, PRED PPL: 1.4425
[2020-08-20 09:09:11,444 INFO] Translating shard 0.
PRED AVG SCORE: -0.3748, PRED PPL: 1.4546
[2020-08-20 09:09:45,986 INFO] Translating shard 0.
PRED AVG SCORE: -0.2642, PRED PPL: 1.3024
[2020-08-20 09:10:16,057 INFO] Translating shard 0.
PRED AVG SCORE: -0.2311, PRED PPL: 1.2600
[2020-08-20 09:10:49,028 INFO] Translating shard 0.
PRED AVG SCORE: -0.2100, PRED PPL: 1.2337
[2020-08-20 09:11:21,313 INFO] Translating shard 0.
PRED AVG SCORE: -0.2367, PRED PPL: 1.2670
[2020-08-20 09:11:53,696 INFO] Translating shard 0.
PRED AVG SCORE: -0.2979, PRED PPL: 1.3470
[2020-08-20 09:12:28,010 INFO] Translating shard 0.
PRED AVG SCORE: -0.2122, PRED PPL: 1.2364
[2020-08-20 09:13:03,655 INFO] Translating shard 0.
PRED AVG SCORE: -0.3183, PRED PPL: 1.3747
[2020-08-20 09:13:33,971 INFO] Translating shard 0.
PRED AVG SCORE: -0.2520, PRED PPL: 1.2866
[2020-08-20 09:14:07,067 INFO] Translating shard 0.
PRED AVG SCORE: -0.2347, PRED PPL: 1.2645
[2020-08-20 09:14:42,455 INFO] Translating shard 0.
PRED AVG SCORE: -0.2202, PRED PPL: 1.2464
[2020-08-20 09:15:18,225 INFO] Translating shard 0.
PRED AVG SCORE: -0.2171, PRED PPL: 1.2425
[2020-08-20 09:15:52,365 INFO] Translating shard 0.
PRED AVG SCORE: -0.2451, PRED PPL: 1.2777
[2020-08-20 09:16:26,695 INFO] Translating shard 0.
PRED AVG SCORE: -0.1986, PRED PPL: 1.2197
[2020-08-20 09:17:03,886 INFO] Translating shard 0.
PRED AVG SCORE: -0.3317, PRED PPL: 1.3933
[2020-08-20 09:17:37,657 INFO] Translating shard 0.
PRED AVG SCORE: -0.2753, PRED PPL: 1.3169
[2020-08-20 09:18:09,746 INFO] Translating shard 0.
PRED AVG SCORE: -0.2270, PRED PPL: 1.2549
[2020-08-20 09:18:43,191 INFO] Translating shard 0.
PRED AVG SCORE: -0.2489, PRED PPL: 1.2826
[2020-08-20 09:19:16,801 INFO] Translating shard 0.
PRED AVG SCORE: -0.2425, PRED PPL: 1.2744
[2020-08-20 09:19:50,250 INFO] Translating shard 0.
PRED AVG SCORE: -0.2148, PRED PPL: 1.2396
[2020-08-20 09:20:27,054 INFO] Translating shard 0.
PRED AVG SCORE: -0.1977, PRED PPL: 1.2186
[2020-08-20 09:21:03,922 INFO] Translating shard 0.
PRED AVG SCORE: -0.3466, PRED PPL: 1.4143
[2020-08-20 09:21:36,003 INFO] Translating shard 0.
PRED AVG SCORE: -0.4213, PRED PPL: 1.5240
[2020-08-20 09:22:18,782 INFO] Translating shard 0.
PRED AVG SCORE: -0.3024, PRED PPL: 1.3530
[2020-08-20 09:22:57,435 INFO] Translating shard 0.
PRED AVG SCORE: -0.2385, PRED PPL: 1.2694
[2020-08-20 09:23:32,335 INFO] Translating shard 0.
PRED AVG SCORE: -0.2478, PRED PPL: 1.2812
[2020-08-20 09:24:05,080 INFO] Translating shard 0.
PRED AVG SCORE: -0.2462, PRED PPL: 1.2792
[2020-08-20 09:24:40,330 INFO] Translating shard 0.
PRED AVG SCORE: -0.2014, PRED PPL: 1.2231
[2020-08-20 09:25:16,306 INFO] Translating shard 0.
PRED AVG SCORE: -0.3532, PRED PPL: 1.4236
[2020-08-20 09:25:47,700 INFO] Translating shard 0.
PRED AVG SCORE: -0.2785, PRED PPL: 1.3211
[2020-08-20 09:26:19,122 INFO] Translating shard 0.
PRED AVG SCORE: -0.2463, PRED PPL: 1.2793
[2020-08-20 09:26:52,953 INFO] Translating shard 0.
PRED AVG SCORE: -0.1904, PRED PPL: 1.2097
[2020-08-20 09:27:24,921 INFO] Translating shard 0.
PRED AVG SCORE: -0.2309, PRED PPL: 1.2598
[2020-08-20 09:27:59,280 INFO] Translating shard 0.
PRED AVG SCORE: -0.2056, PRED PPL: 1.2283
[2020-08-20 09:28:35,379 INFO] Translating shard 0.
PRED AVG SCORE: -0.2314, PRED PPL: 1.2603
[2020-08-20 09:29:08,187 INFO] Translating shard 0.
PRED AVG SCORE: -0.3456, PRED PPL: 1.4128
[2020-08-20 09:29:40,616 INFO] Translating shard 0.
PRED AVG SCORE: -0.2834, PRED PPL: 1.3277
[2020-08-20 09:30:14,032 INFO] Translating shard 0.
PRED AVG SCORE: -0.3035, PRED PPL: 1.3546
[2020-08-20 09:30:44,480 INFO] Translating shard 0.
PRED AVG SCORE: -0.2017, PRED PPL: 1.2235
[2020-08-20 09:31:17,334 INFO] Translating shard 0.
PRED AVG SCORE: -0.2575, PRED PPL: 1.2937
[2020-08-20 09:31:51,343 INFO] Translating shard 0.
PRED AVG SCORE: -0.3418, PRED PPL: 1.4075
[2020-08-20 09:32:27,672 INFO] Translating shard 0.
PRED AVG SCORE: -0.3122, PRED PPL: 1.3665
