Changed directory to /home/dpk25/MolecularTransformer2/scripts/toy_model/sear_convergence.

JobID: 27639401
======
Time: Thu 20 Aug 08:52:33 BST 2020
Running on master node: gpu-e-46
Current directory: /home/dpk25/MolecularTransformer2/scripts/toy_model/sear_convergence

Nodes allocated:
================
gpu-e-46

numtasks=1, numnodes=1, mpi_tasks_per_node=1 (OMP_NUM_THREADS=1)

Executing command:
==================
./test_small.sh 

[2020-08-20 08:52:35,487 INFO] Translating shard 0.
PRED AVG SCORE: -0.2606, PRED PPL: 1.2977
[2020-08-20 08:53:11,251 INFO] Translating shard 0.
PRED AVG SCORE: -0.2863, PRED PPL: 1.3315
[2020-08-20 08:53:45,249 INFO] Translating shard 0.
PRED AVG SCORE: -0.1992, PRED PPL: 1.2204
[2020-08-20 08:54:20,653 INFO] Translating shard 0.
PRED AVG SCORE: -0.2448, PRED PPL: 1.2773
[2020-08-20 08:54:54,296 INFO] Translating shard 0.
PRED AVG SCORE: -0.2873, PRED PPL: 1.3329
[2020-08-20 08:55:27,189 INFO] Translating shard 0.
PRED AVG SCORE: -1.0279, PRED PPL: 2.7952
[2020-08-20 08:56:03,732 INFO] Translating shard 0.
PRED AVG SCORE: -0.1436, PRED PPL: 1.1544
[2020-08-20 08:56:39,645 INFO] Translating shard 0.
PRED AVG SCORE: -0.2947, PRED PPL: 1.3427
[2020-08-20 08:57:13,346 INFO] Translating shard 0.
PRED AVG SCORE: -0.2128, PRED PPL: 1.2371
[2020-08-20 08:57:46,647 INFO] Translating shard 0.
PRED AVG SCORE: -0.2338, PRED PPL: 1.2634
[2020-08-20 08:58:20,966 INFO] Translating shard 0.
PRED AVG SCORE: -0.2414, PRED PPL: 1.2730
[2020-08-20 08:58:52,905 INFO] Translating shard 0.
PRED AVG SCORE: -0.2020, PRED PPL: 1.2238
[2020-08-20 08:59:26,518 INFO] Translating shard 0.
PRED AVG SCORE: -0.2415, PRED PPL: 1.2731
[2020-08-20 09:00:01,425 INFO] Translating shard 0.
PRED AVG SCORE: -0.1907, PRED PPL: 1.2101
[2020-08-20 09:00:36,941 INFO] Translating shard 0.
PRED AVG SCORE: -0.2744, PRED PPL: 1.3157
[2020-08-20 09:01:11,987 INFO] Translating shard 0.
PRED AVG SCORE: -0.2102, PRED PPL: 1.2339
[2020-08-20 09:01:45,439 INFO] Translating shard 0.
PRED AVG SCORE: -0.2068, PRED PPL: 1.2297
[2020-08-20 09:02:19,123 INFO] Translating shard 0.
PRED AVG SCORE: -1.0447, PRED PPL: 2.8427
[2020-08-20 09:02:53,143 INFO] Translating shard 0.
PRED AVG SCORE: -0.2514, PRED PPL: 1.2859
[2020-08-20 09:03:26,993 INFO] Translating shard 0.
PRED AVG SCORE: -0.2163, PRED PPL: 1.2415
[2020-08-20 09:04:04,815 INFO] Translating shard 0.
PRED AVG SCORE: -0.2507, PRED PPL: 1.2849
[2020-08-20 09:04:40,742 INFO] Translating shard 0.
PRED AVG SCORE: -0.6309, PRED PPL: 1.8794
[2020-08-20 09:05:12,525 INFO] Translating shard 0.
PRED AVG SCORE: -0.2364, PRED PPL: 1.2667
[2020-08-20 09:05:45,991 INFO] Translating shard 0.
PRED AVG SCORE: -0.2056, PRED PPL: 1.2282
[2020-08-20 09:06:19,217 INFO] Translating shard 0.
PRED AVG SCORE: -0.4091, PRED PPL: 1.5054
[2020-08-20 09:06:53,406 INFO] Translating shard 0.
PRED AVG SCORE: -0.2129, PRED PPL: 1.2373
[2020-08-20 09:07:28,960 INFO] Translating shard 0.
PRED AVG SCORE: -0.2157, PRED PPL: 1.2407
[2020-08-20 09:08:03,021 INFO] Translating shard 0.
PRED AVG SCORE: -0.2105, PRED PPL: 1.2343
[2020-08-20 09:08:37,659 INFO] Translating shard 0.
PRED AVG SCORE: -0.2841, PRED PPL: 1.3286
[2020-08-20 09:09:08,581 INFO] Translating shard 0.
PRED AVG SCORE: -0.2028, PRED PPL: 1.2248
[2020-08-20 09:09:42,765 INFO] Translating shard 0.
PRED AVG SCORE: -0.2358, PRED PPL: 1.2660
[2020-08-20 09:10:15,666 INFO] Translating shard 0.
PRED AVG SCORE: -0.2368, PRED PPL: 1.2672
[2020-08-20 09:10:48,888 INFO] Translating shard 0.
PRED AVG SCORE: -0.5748, PRED PPL: 1.7767
[2020-08-20 09:11:22,064 INFO] Translating shard 0.
PRED AVG SCORE: -0.2028, PRED PPL: 1.2249
[2020-08-20 09:11:58,395 INFO] Translating shard 0.
PRED AVG SCORE: -0.2765, PRED PPL: 1.3184
[2020-08-20 09:12:33,689 INFO] Translating shard 0.
PRED AVG SCORE: -0.2622, PRED PPL: 1.2998
[2020-08-20 09:13:06,374 INFO] Translating shard 0.
PRED AVG SCORE: -0.2232, PRED PPL: 1.2501
[2020-08-20 09:13:40,706 INFO] Translating shard 0.
PRED AVG SCORE: -0.2505, PRED PPL: 1.2847
[2020-08-20 09:14:14,033 INFO] Translating shard 0.
PRED AVG SCORE: -0.5944, PRED PPL: 1.8120
[2020-08-20 09:14:48,210 INFO] Translating shard 0.
PRED AVG SCORE: -0.2747, PRED PPL: 1.3162
[2020-08-20 09:15:23,089 INFO] Translating shard 0.
PRED AVG SCORE: -0.3368, PRED PPL: 1.4005
[2020-08-20 09:15:58,737 INFO] Translating shard 0.
PRED AVG SCORE: -0.5229, PRED PPL: 1.6869
[2020-08-20 09:16:34,856 INFO] Translating shard 0.
PRED AVG SCORE: -0.3098, PRED PPL: 1.3631
[2020-08-20 09:17:06,698 INFO] Translating shard 0.
PRED AVG SCORE: -0.1746, PRED PPL: 1.1908
[2020-08-20 09:17:40,509 INFO] Translating shard 0.
PRED AVG SCORE: -0.4028, PRED PPL: 1.4960
[2020-08-20 09:18:12,638 INFO] Translating shard 0.
PRED AVG SCORE: -0.2858, PRED PPL: 1.3309
[2020-08-20 09:18:41,597 INFO] Translating shard 0.
PRED AVG SCORE: -1.3852, PRED PPL: 3.9958
[2020-08-20 09:19:16,992 INFO] Translating shard 0.
PRED AVG SCORE: -0.1999, PRED PPL: 1.2213
[2020-08-20 09:19:52,492 INFO] Translating shard 0.
PRED AVG SCORE: -0.3097, PRED PPL: 1.3630
[2020-08-20 09:20:27,320 INFO] Translating shard 0.
PRED AVG SCORE: -0.2747, PRED PPL: 1.3161
[2020-08-20 09:20:58,802 INFO] Translating shard 0.
PRED AVG SCORE: -0.2245, PRED PPL: 1.2517
[2020-08-20 09:21:32,277 INFO] Translating shard 0.
PRED AVG SCORE: -0.2557, PRED PPL: 1.2914
[2020-08-20 09:22:04,898 INFO] Translating shard 0.
PRED AVG SCORE: -0.2524, PRED PPL: 1.2871
[2020-08-20 09:22:38,857 INFO] Translating shard 0.
PRED AVG SCORE: -0.2198, PRED PPL: 1.2459
[2020-08-20 09:23:13,713 INFO] Translating shard 0.
PRED AVG SCORE: -0.2973, PRED PPL: 1.3463
[2020-08-20 09:23:48,484 INFO] Translating shard 0.
PRED AVG SCORE: -0.1976, PRED PPL: 1.2184
[2020-08-20 09:24:23,511 INFO] Translating shard 0.
PRED AVG SCORE: -0.6299, PRED PPL: 1.8774
[2020-08-20 09:24:54,578 INFO] Translating shard 0.
PRED AVG SCORE: -0.2547, PRED PPL: 1.2901
[2020-08-20 09:25:29,204 INFO] Translating shard 0.
PRED AVG SCORE: -0.3609, PRED PPL: 1.4346
[2020-08-20 09:26:03,818 INFO] Translating shard 0.
PRED AVG SCORE: -0.3278, PRED PPL: 1.3879
[2020-08-20 09:26:37,112 INFO] Translating shard 0.
PRED AVG SCORE: -0.2911, PRED PPL: 1.3379
[2020-08-20 09:27:10,447 INFO] Translating shard 0.
PRED AVG SCORE: -0.2711, PRED PPL: 1.3114
[2020-08-20 09:27:43,963 INFO] Translating shard 0.
PRED AVG SCORE: -0.1582, PRED PPL: 1.1714
[2020-08-20 09:28:18,508 INFO] Translating shard 0.
PRED AVG SCORE: -0.2455, PRED PPL: 1.2782
[2020-08-20 09:28:54,571 INFO] Translating shard 0.
PRED AVG SCORE: -0.2424, PRED PPL: 1.2743
[2020-08-20 09:29:28,683 INFO] Translating shard 0.
PRED AVG SCORE: -0.2094, PRED PPL: 1.2329
[2020-08-20 09:30:01,943 INFO] Translating shard 0.
PRED AVG SCORE: -0.2868, PRED PPL: 1.3322
[2020-08-20 09:30:33,295 INFO] Translating shard 0.
PRED AVG SCORE: -4.2179, PRED PPL: 67.8921
[2020-08-20 09:31:04,735 INFO] Translating shard 0.
PRED AVG SCORE: -0.2628, PRED PPL: 1.3005
[2020-08-20 09:31:38,675 INFO] Translating shard 0.
PRED AVG SCORE: -0.6499, PRED PPL: 1.9153
