Changed directory to /home/dpk25/MolecularTransformer2/scripts/toy_model/sear_convergence.

JobID: 27628844
======
Time: Wed 19 Aug 21:45:09 BST 2020
Running on master node: gpu-e-50
Current directory: /home/dpk25/MolecularTransformer2/scripts/toy_model/sear_convergence

Nodes allocated:
================
gpu-e-50

numtasks=1, numnodes=1, mpi_tasks_per_node=1 (OMP_NUM_THREADS=1)

Executing command:
==================
./test_biased.sh 

[2020-08-19 21:45:11,520 INFO] Translating shard 0.
PRED AVG SCORE: -0.3516, PRED PPL: 1.4213
[2020-08-19 21:45:42,849 INFO] Translating shard 0.
PRED AVG SCORE: -0.2518, PRED PPL: 1.2863
[2020-08-19 21:46:14,538 INFO] Translating shard 0.
PRED AVG SCORE: -0.2819, PRED PPL: 1.3257
[2020-08-19 21:46:49,267 INFO] Translating shard 0.
PRED AVG SCORE: -1.1644, PRED PPL: 3.2040
[2020-08-19 21:47:24,214 INFO] Translating shard 0.
PRED AVG SCORE: -0.2188, PRED PPL: 1.2445
[2020-08-19 21:47:57,632 INFO] Translating shard 0.
PRED No words predicted
[2020-08-19 21:48:30,374 INFO] Translating shard 0.
PRED AVG SCORE: -0.3516, PRED PPL: 1.4213
[2020-08-19 21:49:01,708 INFO] Translating shard 0.
PRED AVG SCORE: -0.2518, PRED PPL: 1.2863
[2020-08-19 21:49:33,521 INFO] Translating shard 0.
PRED AVG SCORE: -0.2819, PRED PPL: 1.3257
[2020-08-19 21:50:08,018 INFO] Translating shard 0.
PRED AVG SCORE: -1.1644, PRED PPL: 3.2040
[2020-08-19 21:50:42,604 INFO] Translating shard 0.
PRED AVG SCORE: -0.2188, PRED PPL: 1.2445
[2020-08-19 21:51:16,287 INFO] Translating shard 0.
PRED No words predicted
[2020-08-19 21:51:49,042 INFO] Translating shard 0.
PRED AVG SCORE: -0.3516, PRED PPL: 1.4213
[2020-08-19 21:52:20,571 INFO] Translating shard 0.
PRED AVG SCORE: -0.2518, PRED PPL: 1.2863
[2020-08-19 21:52:52,550 INFO] Translating shard 0.
PRED AVG SCORE: -0.2819, PRED PPL: 1.3257
[2020-08-19 21:53:27,136 INFO] Translating shard 0.
PRED AVG SCORE: -1.1644, PRED PPL: 3.2040
[2020-08-19 21:54:01,971 INFO] Translating shard 0.
PRED AVG SCORE: -0.2188, PRED PPL: 1.2445
[2020-08-19 21:54:35,525 INFO] Translating shard 0.
PRED No words predicted
[2020-08-19 21:55:08,255 INFO] Translating shard 0.
PRED AVG SCORE: -0.3516, PRED PPL: 1.4213
[2020-08-19 21:55:39,510 INFO] Translating shard 0.
PRED AVG SCORE: -0.2518, PRED PPL: 1.2863
[2020-08-19 21:56:11,313 INFO] Translating shard 0.
PRED AVG SCORE: -0.2819, PRED PPL: 1.3257
[2020-08-19 21:56:45,584 INFO] Translating shard 0.
PRED AVG SCORE: -1.1644, PRED PPL: 3.2040
[2020-08-19 21:57:20,252 INFO] Translating shard 0.
PRED AVG SCORE: -0.2188, PRED PPL: 1.2445
[2020-08-19 21:57:53,925 INFO] Translating shard 0.
PRED No words predicted
[2020-08-19 21:58:26,468 INFO] Translating shard 0.
PRED AVG SCORE: -0.3516, PRED PPL: 1.4213
[2020-08-19 21:58:57,572 INFO] Translating shard 0.
PRED AVG SCORE: -0.2518, PRED PPL: 1.2863
[2020-08-19 21:59:29,278 INFO] Translating shard 0.
PRED AVG SCORE: -0.2819, PRED PPL: 1.3257
[2020-08-19 22:00:03,871 INFO] Translating shard 0.
PRED AVG SCORE: -1.1644, PRED PPL: 3.2040
[2020-08-19 22:00:38,208 INFO] Translating shard 0.
PRED AVG SCORE: -0.2188, PRED PPL: 1.2445
[2020-08-19 22:01:11,628 INFO] Translating shard 0.
PRED No words predicted
