
Embedding source and baseline...

Generating Integrated Gradients...


Number of IG steps: 25
Difference in target probabilities: 0.000
Sum of attributions: -0.000 



C -2.8218e-41
C -2.2369e-41
= -3.8845e-41
C -1.5448e-41
c -1.8755e-41
1 -5.6589e-42
c -3.8062e-41
c -4.7984e-41
c -4.7483e-41
c -5.4545e-41
c -4.8819e-41
1 -5.5345e-41
. -2.5377e-41
C 1.9267e-41
S 1.4601e-41
C 4.0351e-41
. 1.5415e-43
Cl -1.8914e-41
C 5.204e-42
Cl -2.9584e-41
. -1.1694e-41
O 2.8532e-41
= 4.3415e-41
[O+] -1.1174e-41
[O-] 1.9468e-41
