
Embedding source and baseline...

Generating Integrated Gradients...


Number of IG steps: 750
Difference in target probabilities: 0.025
Sum of attributions: 0.024 



C -0.007905
C 0.03499
1 0.032442
= -0.03211
C -0.016071
( -0.012197
C 0.0055219
) 0.094859
C 0.056646
C 0.11393
= 0.13116
C 0.068952
C 0.058402
1 0.028434
. 0.03425
O -0.0045939
= -0.03792
C -0.015206
( -0.042823
O -0.023365
O -0.041659
) -0.050044
c -0.040072
1 -0.058537
c -0.027847
c -0.030578
c -0.028703
c -0.028999
( -0.045782
Cl -0.02693
) -0.018372
c -0.017662
1 -0.028359
