Changed directory to /home/dpk25/MolecularTransformer2/scripts.

JobID: 19452169
======
Time: Mon 10 Feb 18:02:48 GMT 2020
Running on master node: gpu-e-51
Current directory: /home/dpk25/MolecularTransformer2/scripts

Nodes allocated:
================
gpu-e-51

numtasks=1, numnodes=1, mpi_tasks_per_node=1 (OMP_NUM_THREADS=1)

Executing command:
==================
./train.sh 

[2020-02-10 18:04:27,059 INFO]  * src vocab size = 298
[2020-02-10 18:04:27,059 INFO]  * tgt vocab size = 298
[2020-02-10 18:04:27,059 INFO] Building model...
[2020-02-10 18:04:39,856 INFO] NMTModel(
  (encoder): TransformerEncoder(
    (embeddings): Embeddings(
      (make_embedding): Sequential(
        (emb_luts): Elementwise(
          (0): Embedding(298, 256, padding_idx=1)
        )
        (pe): PositionalEncoding(
          (dropout): Dropout(p=0.1, inplace=False)
        )
      )
    )
    (transformer): ModuleList(
      (0): TransformerEncoderLayer(
        (self_attn): MultiHeadedAttention(
          (linear_keys): Linear(in_features=256, out_features=256, bias=True)
          (linear_values): Linear(in_features=256, out_features=256, bias=True)
          (linear_query): Linear(in_features=256, out_features=256, bias=True)
          (softmax): Softmax(dim=-1)
          (dropout): Dropout(p=0.1, inplace=False)
          (final_linear): Linear(in_features=256, out_features=256, bias=True)
        )
        (feed_forward): PositionwiseFeedForward(
          (w_1): Linear(in_features=256, out_features=2048, bias=True)
          (w_2): Linear(in_features=2048, out_features=256, bias=True)
          (layer_norm): LayerNorm((256,), eps=1e-06, elementwise_affine=True)
          (dropout_1): Dropout(p=0.1, inplace=False)
          (relu): ReLU()
          (dropout_2): Dropout(p=0.1, inplace=False)
        )
        (layer_norm): LayerNorm((256,), eps=1e-06, elementwise_affine=True)
        (dropout): Dropout(p=0.1, inplace=False)
      )
      (1): TransformerEncoderLayer(
        (self_attn): MultiHeadedAttention(
          (linear_keys): Linear(in_features=256, out_features=256, bias=True)
          (linear_values): Linear(in_features=256, out_features=256, bias=True)
          (linear_query): Linear(in_features=256, out_features=256, bias=True)
          (softmax): Softmax(dim=-1)
          (dropout): Dropout(p=0.1, inplace=False)
          (final_linear): Linear(in_features=256, out_features=256, bias=True)
        )
        (feed_forward): PositionwiseFeedForward(
          (w_1): Linear(in_features=256, out_features=2048, bias=True)
          (w_2): Linear(in_features=2048, out_features=256, bias=True)
          (layer_norm): LayerNorm((256,), eps=1e-06, elementwise_affine=True)
          (dropout_1): Dropout(p=0.1, inplace=False)
          (relu): ReLU()
          (dropout_2): Dropout(p=0.1, inplace=False)
        )
        (layer_norm): LayerNorm((256,), eps=1e-06, elementwise_affine=True)
        (dropout): Dropout(p=0.1, inplace=False)
      )
      (2): TransformerEncoderLayer(
        (self_attn): MultiHeadedAttention(
          (linear_keys): Linear(in_features=256, out_features=256, bias=True)
          (linear_values): Linear(in_features=256, out_features=256, bias=True)
          (linear_query): Linear(in_features=256, out_features=256, bias=True)
          (softmax): Softmax(dim=-1)
          (dropout): Dropout(p=0.1, inplace=False)
          (final_linear): Linear(in_features=256, out_features=256, bias=True)
        )
        (feed_forward): PositionwiseFeedForward(
          (w_1): Linear(in_features=256, out_features=2048, bias=True)
          (w_2): Linear(in_features=2048, out_features=256, bias=True)
          (layer_norm): LayerNorm((256,), eps=1e-06, elementwise_affine=True)
          (dropout_1): Dropout(p=0.1, inplace=False)
          (relu): ReLU()
          (dropout_2): Dropout(p=0.1, inplace=False)
        )
        (layer_norm): LayerNorm((256,), eps=1e-06, elementwise_affine=True)
        (dropout): Dropout(p=0.1, inplace=False)
      )
      (3): TransformerEncoderLayer(
        (self_attn): MultiHeadedAttention(
          (linear_keys): Linear(in_features=256, out_features=256, bias=True)
          (linear_values): Linear(in_features=256, out_features=256, bias=True)
          (linear_query): Linear(in_features=256, out_features=256, bias=True)
          (softmax): Softmax(dim=-1)
          (dropout): Dropout(p=0.1, inplace=False)
          (final_linear): Linear(in_features=256, out_features=256, bias=True)
        )
        (feed_forward): PositionwiseFeedForward(
          (w_1): Linear(in_features=256, out_features=2048, bias=True)
          (w_2): Linear(in_features=2048, out_features=256, bias=True)
          (layer_norm): LayerNorm((256,), eps=1e-06, elementwise_affine=True)
          (dropout_1): Dropout(p=0.1, inplace=False)
          (relu): ReLU()
          (dropout_2): Dropout(p=0.1, inplace=False)
        )
        (layer_norm): LayerNorm((256,), eps=1e-06, elementwise_affine=True)
        (dropout): Dropout(p=0.1, inplace=False)
      )
    )
    (layer_norm): LayerNorm((256,), eps=1e-06, elementwise_affine=True)
  )
  (decoder): TransformerDecoder(
    (embeddings): Embeddings(
      (make_embedding): Sequential(
        (emb_luts): Elementwise(
          (0): Embedding(298, 256, padding_idx=1)
        )
        (pe): PositionalEncoding(
          (dropout): Dropout(p=0.1, inplace=False)
        )
      )
    )
    (transformer_layers): ModuleList(
      (0): TransformerDecoderLayer(
        (self_attn): MultiHeadedAttention(
          (linear_keys): Linear(in_features=256, out_features=256, bias=True)
          (linear_values): Linear(in_features=256, out_features=256, bias=True)
          (linear_query): Linear(in_features=256, out_features=256, bias=True)
          (softmax): Softmax(dim=-1)
          (dropout): Dropout(p=0.1, inplace=False)
          (final_linear): Linear(in_features=256, out_features=256, bias=True)
        )
        (context_attn): MultiHeadedAttention(
          (linear_keys): Linear(in_features=256, out_features=256, bias=True)
          (linear_values): Linear(in_features=256, out_features=256, bias=True)
          (linear_query): Linear(in_features=256, out_features=256, bias=True)
          (softmax): Softmax(dim=-1)
          (dropout): Dropout(p=0.1, inplace=False)
          (final_linear): Linear(in_features=256, out_features=256, bias=True)
        )
        (feed_forward): PositionwiseFeedForward(
          (w_1): Linear(in_features=256, out_features=2048, bias=True)
          (w_2): Linear(in_features=2048, out_features=256, bias=True)
          (layer_norm): LayerNorm((256,), eps=1e-06, elementwise_affine=True)
          (dropout_1): Dropout(p=0.1, inplace=False)
          (relu): ReLU()
          (dropout_2): Dropout(p=0.1, inplace=False)
        )
        (layer_norm_1): LayerNorm((256,), eps=1e-06, elementwise_affine=True)
        (layer_norm_2): LayerNorm((256,), eps=1e-06, elementwise_affine=True)
        (drop): Dropout(p=0.1, inplace=False)
      )
      (1): TransformerDecoderLayer(
        (self_attn): MultiHeadedAttention(
          (linear_keys): Linear(in_features=256, out_features=256, bias=True)
          (linear_values): Linear(in_features=256, out_features=256, bias=True)
          (linear_query): Linear(in_features=256, out_features=256, bias=True)
          (softmax): Softmax(dim=-1)
          (dropout): Dropout(p=0.1, inplace=False)
          (final_linear): Linear(in_features=256, out_features=256, bias=True)
        )
        (context_attn): MultiHeadedAttention(
          (linear_keys): Linear(in_features=256, out_features=256, bias=True)
          (linear_values): Linear(in_features=256, out_features=256, bias=True)
          (linear_query): Linear(in_features=256, out_features=256, bias=True)
          (softmax): Softmax(dim=-1)
          (dropout): Dropout(p=0.1, inplace=False)
          (final_linear): Linear(in_features=256, out_features=256, bias=True)
        )
        (feed_forward): PositionwiseFeedForward(
          (w_1): Linear(in_features=256, out_features=2048, bias=True)
          (w_2): Linear(in_features=2048, out_features=256, bias=True)
          (layer_norm): LayerNorm((256,), eps=1e-06, elementwise_affine=True)
          (dropout_1): Dropout(p=0.1, inplace=False)
          (relu): ReLU()
          (dropout_2): Dropout(p=0.1, inplace=False)
        )
        (layer_norm_1): LayerNorm((256,), eps=1e-06, elementwise_affine=True)
        (layer_norm_2): LayerNorm((256,), eps=1e-06, elementwise_affine=True)
        (drop): Dropout(p=0.1, inplace=False)
      )
      (2): TransformerDecoderLayer(
        (self_attn): MultiHeadedAttention(
          (linear_keys): Linear(in_features=256, out_features=256, bias=True)
          (linear_values): Linear(in_features=256, out_features=256, bias=True)
          (linear_query): Linear(in_features=256, out_features=256, bias=True)
          (softmax): Softmax(dim=-1)
          (dropout): Dropout(p=0.1, inplace=False)
          (final_linear): Linear(in_features=256, out_features=256, bias=True)
        )
        (context_attn): MultiHeadedAttention(
          (linear_keys): Linear(in_features=256, out_features=256, bias=True)
          (linear_values): Linear(in_features=256, out_features=256, bias=True)
          (linear_query): Linear(in_features=256, out_features=256, bias=True)
          (softmax): Softmax(dim=-1)
          (dropout): Dropout(p=0.1, inplace=False)
          (final_linear): Linear(in_features=256, out_features=256, bias=True)
        )
        (feed_forward): PositionwiseFeedForward(
          (w_1): Linear(in_features=256, out_features=2048, bias=True)
          (w_2): Linear(in_features=2048, out_features=256, bias=True)
          (layer_norm): LayerNorm((256,), eps=1e-06, elementwise_affine=True)
          (dropout_1): Dropout(p=0.1, inplace=False)
          (relu): ReLU()
          (dropout_2): Dropout(p=0.1, inplace=False)
        )
        (layer_norm_1): LayerNorm((256,), eps=1e-06, elementwise_affine=True)
        (layer_norm_2): LayerNorm((256,), eps=1e-06, elementwise_affine=True)
        (drop): Dropout(p=0.1, inplace=False)
      )
      (3): TransformerDecoderLayer(
        (self_attn): MultiHeadedAttention(
          (linear_keys): Linear(in_features=256, out_features=256, bias=True)
          (linear_values): Linear(in_features=256, out_features=256, bias=True)
          (linear_query): Linear(in_features=256, out_features=256, bias=True)
          (softmax): Softmax(dim=-1)
          (dropout): Dropout(p=0.1, inplace=False)
          (final_linear): Linear(in_features=256, out_features=256, bias=True)
        )
        (context_attn): MultiHeadedAttention(
          (linear_keys): Linear(in_features=256, out_features=256, bias=True)
          (linear_values): Linear(in_features=256, out_features=256, bias=True)
          (linear_query): Linear(in_features=256, out_features=256, bias=True)
          (softmax): Softmax(dim=-1)
          (dropout): Dropout(p=0.1, inplace=False)
          (final_linear): Linear(in_features=256, out_features=256, bias=True)
        )
        (feed_forward): PositionwiseFeedForward(
          (w_1): Linear(in_features=256, out_features=2048, bias=True)
          (w_2): Linear(in_features=2048, out_features=256, bias=True)
          (layer_norm): LayerNorm((256,), eps=1e-06, elementwise_affine=True)
          (dropout_1): Dropout(p=0.1, inplace=False)
          (relu): ReLU()
          (dropout_2): Dropout(p=0.1, inplace=False)
        )
        (layer_norm_1): LayerNorm((256,), eps=1e-06, elementwise_affine=True)
        (layer_norm_2): LayerNorm((256,), eps=1e-06, elementwise_affine=True)
        (drop): Dropout(p=0.1, inplace=False)
      )
    )
    (layer_norm): LayerNorm((256,), eps=1e-06, elementwise_affine=True)
  )
  (generator): Sequential(
    (0): Linear(in_features=256, out_features=298, bias=True)
    (1): Cast()
    (2): LogSoftmax()
  )
)
[2020-02-10 18:04:39,858 INFO] encoder: 5337088
[2020-02-10 18:04:39,858 INFO] decoder: 6392106
[2020-02-10 18:04:39,859 INFO] * number of parameters: 11729194
[2020-02-10 18:04:39,893 INFO] Starting training on GPU: [0]
[2020-02-10 18:04:39,893 INFO] Start training loop and validate every 10000 steps...
[2020-02-10 18:04:39,894 INFO] Loading dataset from /home/dpk25/MolecularTransformer2/data/data/MIT_separated_augm/MIT_separated_augm.train.0.pt
[2020-02-10 18:04:52,175 INFO] number of examples: 818070
[2020-02-10 18:10:11,469 INFO] Step 1000/500000; acc:  51.45; ppl:  5.28; xent: 1.66; lr: 0.00017; 47523/28938 tok/s;    332 sec
[2020-02-10 18:15:27,325 INFO] Step 2000/500000; acc:  69.40; ppl:  2.34; xent: 0.85; lr: 0.00035; 49895/30355 tok/s;    647 sec
[2020-02-10 18:20:45,380 INFO] Step 3000/500000; acc:  76.20; ppl:  1.92; xent: 0.65; lr: 0.00052; 49537/30185 tok/s;    965 sec
[2020-02-10 18:23:40,968 INFO] Loading dataset from /home/dpk25/MolecularTransformer2/data/data/MIT_separated_augm/MIT_separated_augm.train.0.pt
[2020-02-10 18:24:02,554 INFO] number of examples: 818070
[2020-02-10 18:26:26,216 INFO] Step 4000/500000; acc:  82.69; ppl:  1.61; xent: 0.48; lr: 0.00070; 46220/28136 tok/s;   1306 sec
[2020-02-10 18:31:43,567 INFO] Step 5000/500000; acc:  87.80; ppl:  1.41; xent: 0.34; lr: 0.00087; 49653/30195 tok/s;   1624 sec
[2020-02-10 18:37:01,274 INFO] Step 6000/500000; acc:  91.12; ppl:  1.29; xent: 0.25; lr: 0.00105; 49609/30246 tok/s;   1941 sec
[2020-02-10 18:42:18,678 INFO] Step 7000/500000; acc:  93.27; ppl:  1.22; xent: 0.20; lr: 0.00122; 49644/30270 tok/s;   2259 sec
[2020-02-10 18:42:53,523 INFO] Loading dataset from /home/dpk25/MolecularTransformer2/data/data/MIT_separated_augm/MIT_separated_augm.train.0.pt
[2020-02-10 18:43:04,481 INFO] number of examples: 818070
[2020-02-10 18:47:48,447 INFO] Step 8000/500000; acc:  94.64; ppl:  1.17; xent: 0.16; lr: 0.00140; 47785/29107 tok/s;   2589 sec
[2020-02-10 18:53:03,957 INFO] Step 9000/500000; acc:  95.64; ppl:  1.14; xent: 0.13; lr: 0.00132; 49954/30345 tok/s;   2904 sec
[2020-02-10 18:58:19,541 INFO] Step 10000/500000; acc:  96.44; ppl:  1.11; xent: 0.11; lr: 0.00125; 49923/30424 tok/s;   3220 sec
[2020-02-10 18:58:19,542 INFO] Loading dataset from /home/dpk25/MolecularTransformer2/data/data/MIT_separated_augm/MIT_separated_augm.valid.0.pt
[2020-02-10 18:58:21,430 INFO] number of examples: 30000
[2020-02-10 18:58:51,363 INFO] Validation perplexity: 1.05999
[2020-02-10 18:58:51,364 INFO] Validation accuracy: 98.1728
[2020-02-10 18:58:51,366 INFO] Saving checkpoint /home/dpk25/rds/hpc-work/MolecularTransformer2_models/checkpoints/MIT_separated_augm/MIT_separated_augm_model_step_10000.pt
[2020-02-10 19:02:20,662 INFO] Loading dataset from /home/dpk25/MolecularTransformer2/data/data/MIT_separated_augm/MIT_separated_augm.train.0.pt
[2020-02-10 19:02:33,422 INFO] number of examples: 818070
[2020-02-10 19:04:21,470 INFO] Step 11000/500000; acc:  96.95; ppl:  1.10; xent: 0.09; lr: 0.00119; 43526/26423 tok/s;   3582 sec
[2020-02-10 19:09:36,333 INFO] Step 12000/500000; acc:  97.29; ppl:  1.09; xent: 0.08; lr: 0.00114; 50043/30466 tok/s;   3896 sec
[2020-02-10 19:14:51,258 INFO] Step 13000/500000; acc:  97.59; ppl:  1.08; xent: 0.07; lr: 0.00110; 50099/30574 tok/s;   4211 sec
[2020-02-10 19:20:06,534 INFO] Step 14000/500000; acc:  97.80; ppl:  1.07; xent: 0.07; lr: 0.00106; 49994/30514 tok/s;   4527 sec
[2020-02-10 19:21:15,771 INFO] Loading dataset from /home/dpk25/MolecularTransformer2/data/data/MIT_separated_augm/MIT_separated_augm.train.0.pt
[2020-02-10 19:21:31,718 INFO] number of examples: 818070
[2020-02-10 19:25:39,136 INFO] Step 15000/500000; acc:  97.95; ppl:  1.07; xent: 0.06; lr: 0.00102; 47358/28825 tok/s;   4859 sec
[2020-02-10 19:30:52,730 INFO] Step 16000/500000; acc:  98.10; ppl:  1.06; xent: 0.06; lr: 0.00099; 50261/30534 tok/s;   5173 sec
[2020-02-10 19:36:06,897 INFO] Step 17000/500000; acc:  98.23; ppl:  1.06; xent: 0.06; lr: 0.00096; 50145/30533 tok/s;   5487 sec
[2020-02-10 19:40:10,781 INFO] Loading dataset from /home/dpk25/MolecularTransformer2/data/data/MIT_separated_augm/MIT_separated_augm.train.0.pt
[2020-02-10 19:40:21,660 INFO] number of examples: 818070
[2020-02-10 19:41:34,265 INFO] Step 18000/500000; acc:  98.33; ppl:  1.05; xent: 0.05; lr: 0.00093; 48123/29194 tok/s;   5814 sec
[2020-02-10 19:46:47,724 INFO] Step 19000/500000; acc:  98.41; ppl:  1.05; xent: 0.05; lr: 0.00091; 50317/30698 tok/s;   6128 sec
[2020-02-10 19:52:03,809 INFO] Step 20000/500000; acc:  98.50; ppl:  1.05; xent: 0.05; lr: 0.00088; 49866/30361 tok/s;   6444 sec
[2020-02-10 19:52:03,811 INFO] Loading dataset from /home/dpk25/MolecularTransformer2/data/data/MIT_separated_augm/MIT_separated_augm.valid.0.pt
[2020-02-10 19:52:04,027 INFO] number of examples: 30000
[2020-02-10 19:52:34,025 INFO] Validation perplexity: 1.03074
[2020-02-10 19:52:34,026 INFO] Validation accuracy: 99.0755
[2020-02-10 19:52:34,028 INFO] Saving checkpoint /home/dpk25/rds/hpc-work/MolecularTransformer2_models/checkpoints/MIT_separated_augm/MIT_separated_augm_model_step_20000.pt
[2020-02-10 19:57:49,590 INFO] Step 21000/500000; acc:  98.56; ppl:  1.05; xent: 0.04; lr: 0.00086; 45567/27827 tok/s;   6790 sec
[2020-02-10 19:59:33,466 INFO] Loading dataset from /home/dpk25/MolecularTransformer2/data/data/MIT_separated_augm/MIT_separated_augm.train.0.pt
[2020-02-10 19:59:46,121 INFO] number of examples: 818070
[2020-02-10 20:03:18,195 INFO] Step 22000/500000; acc:  98.62; ppl:  1.04; xent: 0.04; lr: 0.00084; 47936/29164 tok/s;   7118 sec
[2020-02-10 20:08:32,651 INFO] Step 23000/500000; acc:  98.67; ppl:  1.04; xent: 0.04; lr: 0.00082; 50235/30537 tok/s;   7433 sec
[2020-02-10 20:13:47,035 INFO] Step 24000/500000; acc:  98.73; ppl:  1.04; xent: 0.04; lr: 0.00081; 50119/30600 tok/s;   7747 sec
[2020-02-10 20:18:25,187 INFO] Loading dataset from /home/dpk25/MolecularTransformer2/data/data/MIT_separated_augm/MIT_separated_augm.train.0.pt
[2020-02-10 20:18:42,135 INFO] number of examples: 818070
[2020-02-10 20:19:20,979 INFO] Step 25000/500000; acc:  98.77; ppl:  1.04; xent: 0.04; lr: 0.00079; 47181/28649 tok/s;   8081 sec
[2020-02-10 20:24:35,137 INFO] Step 26000/500000; acc:  98.81; ppl:  1.04; xent: 0.04; lr: 0.00078; 50155/30507 tok/s;   8395 sec
[2020-02-10 20:29:48,712 INFO] Step 27000/500000; acc:  98.85; ppl:  1.04; xent: 0.04; lr: 0.00076; 50258/30599 tok/s;   8709 sec
[2020-02-10 20:35:03,361 INFO] Step 28000/500000; acc:  98.89; ppl:  1.04; xent: 0.03; lr: 0.00075; 50076/30548 tok/s;   9023 sec
[2020-02-10 20:37:22,916 INFO] Loading dataset from /home/dpk25/MolecularTransformer2/data/data/MIT_separated_augm/MIT_separated_augm.train.0.pt
[2020-02-10 20:37:33,677 INFO] number of examples: 818070
[2020-02-10 20:40:31,731 INFO] Step 29000/500000; acc:  98.91; ppl:  1.03; xent: 0.03; lr: 0.00073; 47972/29161 tok/s;   9352 sec
[2020-02-10 20:45:44,667 INFO] Step 30000/500000; acc:  98.95; ppl:  1.03; xent: 0.03; lr: 0.00072; 50361/30644 tok/s;   9665 sec
[2020-02-10 20:45:44,789 INFO] Loading dataset from /home/dpk25/MolecularTransformer2/data/data/MIT_separated_augm/MIT_separated_augm.valid.0.pt
[2020-02-10 20:45:44,982 INFO] number of examples: 30000
[2020-02-10 20:46:14,968 INFO] Validation perplexity: 1.02395
[2020-02-10 20:46:14,968 INFO] Validation accuracy: 99.2973
[2020-02-10 20:46:14,971 INFO] Saving checkpoint /home/dpk25/rds/hpc-work/MolecularTransformer2_models/checkpoints/MIT_separated_augm/MIT_separated_augm_model_step_30000.pt
[2020-02-10 20:51:30,273 INFO] Step 31000/500000; acc:  98.97; ppl:  1.03; xent: 0.03; lr: 0.00071; 45612/27853 tok/s;  10010 sec
[2020-02-10 20:56:44,212 INFO] Loading dataset from /home/dpk25/MolecularTransformer2/data/data/MIT_separated_augm/MIT_separated_augm.train.0.pt
[2020-02-10 20:57:02,806 INFO] number of examples: 818070
[2020-02-10 20:57:06,919 INFO] Step 32000/500000; acc:  99.00; ppl:  1.03; xent: 0.03; lr: 0.00070; 46826/28452 tok/s;  10347 sec
[2020-02-10 21:02:18,779 INFO] Step 33000/500000; acc:  99.02; ppl:  1.03; xent: 0.03; lr: 0.00069; 50528/30761 tok/s;  10659 sec
[2020-02-10 21:07:34,223 INFO] Step 34000/500000; acc:  99.04; ppl:  1.03; xent: 0.03; lr: 0.00068; 49960/30402 tok/s;  10974 sec
[2020-02-10 21:12:49,025 INFO] Step 35000/500000; acc:  99.08; ppl:  1.03; xent: 0.03; lr: 0.00067; 50048/30507 tok/s;  11289 sec
[2020-02-10 21:15:43,019 INFO] Loading dataset from /home/dpk25/MolecularTransformer2/data/data/MIT_separated_augm/MIT_separated_augm.train.0.pt
[2020-02-10 21:15:54,222 INFO] number of examples: 818070
[2020-02-10 21:18:17,164 INFO] Step 36000/500000; acc:  99.09; ppl:  1.03; xent: 0.03; lr: 0.00066; 48021/29236 tok/s;  11617 sec
[2020-02-10 21:23:30,915 INFO] Step 37000/500000; acc:  99.11; ppl:  1.03; xent: 0.03; lr: 0.00065; 50226/30535 tok/s;  11931 sec
[2020-02-10 21:28:45,984 INFO] Step 38000/500000; acc:  99.13; ppl:  1.03; xent: 0.03; lr: 0.00064; 50067/30519 tok/s;  12246 sec
[2020-02-10 21:34:00,780 INFO] Step 39000/500000; acc:  99.15; ppl:  1.03; xent: 0.03; lr: 0.00063; 50054/30519 tok/s;  12561 sec
[2020-02-10 21:34:34,258 INFO] Loading dataset from /home/dpk25/MolecularTransformer2/data/data/MIT_separated_augm/MIT_separated_augm.train.0.pt
[2020-02-10 21:34:48,034 INFO] number of examples: 818070
[2020-02-10 21:39:31,366 INFO] Step 40000/500000; acc:  99.17; ppl:  1.03; xent: 0.03; lr: 0.00062; 47652/29023 tok/s;  12891 sec
[2020-02-10 21:39:31,368 INFO] Loading dataset from /home/dpk25/MolecularTransformer2/data/data/MIT_separated_augm/MIT_separated_augm.valid.0.pt
[2020-02-10 21:39:31,528 INFO] number of examples: 30000
[2020-02-10 21:40:01,508 INFO] Validation perplexity: 1.02199
[2020-02-10 21:40:09,823 INFO] Validation accuracy: 99.3824
[2020-02-10 21:40:09,826 INFO] Saving checkpoint /home/dpk25/rds/hpc-work/MolecularTransformer2_models/checkpoints/MIT_separated_augm/MIT_separated_augm_model_step_40000.pt
[2020-02-10 21:45:24,261 INFO] Step 41000/500000; acc:  99.17; ppl:  1.03; xent: 0.03; lr: 0.00062; 44662/27133 tok/s;  13244 sec
[2020-02-10 21:50:39,129 INFO] Step 42000/500000; acc:  99.20; ppl:  1.03; xent: 0.02; lr: 0.00061; 50037/30488 tok/s;  13559 sec
[2020-02-10 21:54:07,989 INFO] Loading dataset from /home/dpk25/MolecularTransformer2/data/data/MIT_separated_augm/MIT_separated_augm.train.0.pt
[2020-02-10 21:54:25,030 INFO] number of examples: 818070
[2020-02-10 21:56:12,753 INFO] Step 43000/500000; acc:  99.21; ppl:  1.02; xent: 0.02; lr: 0.00060; 47233/28683 tok/s;  13893 sec
[2020-02-10 22:01:26,074 INFO] Step 44000/500000; acc:  99.22; ppl:  1.02; xent: 0.02; lr: 0.00060; 50289/30624 tok/s;  14206 sec
[2020-02-10 22:06:41,970 INFO] Step 45000/500000; acc:  99.24; ppl:  1.02; xent: 0.02; lr: 0.00059; 49900/30452 tok/s;  14522 sec
[2020-02-10 22:11:56,964 INFO] Step 46000/500000; acc:  99.25; ppl:  1.02; xent: 0.02; lr: 0.00058; 50025/30535 tok/s;  14837 sec
[2020-02-10 22:13:05,199 INFO] Loading dataset from /home/dpk25/MolecularTransformer2/data/data/MIT_separated_augm/MIT_separated_augm.train.0.pt
[2020-02-10 22:13:16,515 INFO] number of examples: 818070
[2020-02-10 22:17:25,227 INFO] Step 47000/500000; acc:  99.26; ppl:  1.02; xent: 0.02; lr: 0.00058; 47984/29207 tok/s;  15165 sec
[2020-02-10 22:22:38,940 INFO] Step 48000/500000; acc:  99.27; ppl:  1.02; xent: 0.02; lr: 0.00057; 50243/30522 tok/s;  15479 sec
[2020-02-10 22:27:53,123 INFO] Step 49000/500000; acc:  99.29; ppl:  1.02; xent: 0.02; lr: 0.00056; 50142/30523 tok/s;  15793 sec
[2020-02-10 22:31:56,296 INFO] Loading dataset from /home/dpk25/MolecularTransformer2/data/data/MIT_separated_augm/MIT_separated_augm.train.0.pt
[2020-02-10 22:32:10,060 INFO] number of examples: 818070
[2020-02-10 22:33:23,692 INFO] Step 50000/500000; acc:  99.30; ppl:  1.02; xent: 0.02; lr: 0.00056; 47657/28935 tok/s;  16124 sec
[2020-02-10 22:33:23,693 INFO] Loading dataset from /home/dpk25/MolecularTransformer2/data/data/MIT_separated_augm/MIT_separated_augm.valid.0.pt
[2020-02-10 22:33:23,858 INFO] number of examples: 30000
[2020-02-10 22:33:53,820 INFO] Validation perplexity: 1.02108
[2020-02-10 22:33:53,821 INFO] Validation accuracy: 99.4252
[2020-02-10 22:33:53,823 INFO] Saving checkpoint /home/dpk25/rds/hpc-work/MolecularTransformer2_models/checkpoints/MIT_separated_augm/MIT_separated_augm_model_step_50000.pt
[2020-02-10 22:39:08,476 INFO] Step 51000/500000; acc:  99.30; ppl:  1.02; xent: 0.02; lr: 0.00055; 45711/27865 tok/s;  16469 sec
[2020-02-10 22:44:22,457 INFO] Step 52000/500000; acc:  99.32; ppl:  1.02; xent: 0.02; lr: 0.00055; 50194/30579 tok/s;  16783 sec
[2020-02-10 22:49:36,729 INFO] Step 53000/500000; acc:  99.33; ppl:  1.02; xent: 0.02; lr: 0.00054; 50135/30615 tok/s;  17097 sec
[2020-02-10 22:51:19,896 INFO] Loading dataset from /home/dpk25/MolecularTransformer2/data/data/MIT_separated_augm/MIT_separated_augm.train.0.pt
[2020-02-10 22:51:33,461 INFO] number of examples: 818070
[2020-02-10 22:55:07,609 INFO] Step 54000/500000; acc:  99.34; ppl:  1.02; xent: 0.02; lr: 0.00054; 47607/28970 tok/s;  17428 sec
[2020-02-10 23:00:21,642 INFO] Step 55000/500000; acc:  99.35; ppl:  1.02; xent: 0.02; lr: 0.00053; 50189/30473 tok/s;  17742 sec
[2020-02-10 23:05:36,471 INFO] Step 56000/500000; acc:  99.36; ppl:  1.02; xent: 0.02; lr: 0.00053; 50043/30571 tok/s;  18057 sec
[2020-02-10 23:10:14,263 INFO] Loading dataset from /home/dpk25/MolecularTransformer2/data/data/MIT_separated_augm/MIT_separated_augm.train.0.pt
[2020-02-10 23:10:31,979 INFO] number of examples: 818070
[2020-02-10 23:11:11,144 INFO] Step 57000/500000; acc:  99.37; ppl:  1.02; xent: 0.02; lr: 0.00052; 47083/28582 tok/s;  18391 sec
[2020-02-10 23:16:25,184 INFO] Step 58000/500000; acc:  99.37; ppl:  1.02; xent: 0.02; lr: 0.00052; 50174/30532 tok/s;  18705 sec
[2020-02-10 23:21:37,692 INFO] Step 59000/500000; acc:  99.38; ppl:  1.02; xent: 0.02; lr: 0.00051; 50429/30704 tok/s;  19018 sec
[2020-02-10 23:26:52,986 INFO] Step 60000/500000; acc:  99.39; ppl:  1.02; xent: 0.02; lr: 0.00051; 49974/30473 tok/s;  19333 sec
[2020-02-10 23:26:52,987 INFO] Loading dataset from /home/dpk25/MolecularTransformer2/data/data/MIT_separated_augm/MIT_separated_augm.valid.0.pt
[2020-02-10 23:26:53,146 INFO] number of examples: 30000
[2020-02-10 23:27:23,219 INFO] Validation perplexity: 1.01954
[2020-02-10 23:27:23,219 INFO] Validation accuracy: 99.4682
[2020-02-10 23:27:23,222 INFO] Saving checkpoint /home/dpk25/rds/hpc-work/MolecularTransformer2_models/checkpoints/MIT_separated_augm/MIT_separated_augm_model_step_60000.pt
[2020-02-10 23:29:42,786 INFO] Loading dataset from /home/dpk25/MolecularTransformer2/data/data/MIT_separated_augm/MIT_separated_augm.train.0.pt
[2020-02-10 23:29:53,767 INFO] number of examples: 818070
[2020-02-10 23:32:53,046 INFO] Step 61000/500000; acc:  99.40; ppl:  1.02; xent: 0.02; lr: 0.00051; 43751/26601 tok/s;  19693 sec
[2020-02-10 23:38:06,247 INFO] Step 62000/500000; acc:  99.40; ppl:  1.02; xent: 0.02; lr: 0.00050; 50318/30614 tok/s;  20006 sec
[2020-02-10 23:43:21,185 INFO] Step 63000/500000; acc:  99.41; ppl:  1.02; xent: 0.02; lr: 0.00050; 50036/30563 tok/s;  20321 sec
[2020-02-10 23:48:33,481 INFO] Loading dataset from /home/dpk25/MolecularTransformer2/data/data/MIT_separated_augm/MIT_separated_augm.train.0.pt
[2020-02-10 23:48:50,475 INFO] number of examples: 818070
[2020-02-10 23:48:55,478 INFO] Step 64000/500000; acc:  99.42; ppl:  1.02; xent: 0.02; lr: 0.00049; 47130/28631 tok/s;  20656 sec
[2020-02-10 23:54:08,924 INFO] Step 65000/500000; acc:  99.43; ppl:  1.02; xent: 0.02; lr: 0.00049; 50273/30600 tok/s;  20969 sec
[2020-02-10 23:59:23,225 INFO] Step 66000/500000; acc:  99.43; ppl:  1.02; xent: 0.02; lr: 0.00049; 50143/30517 tok/s;  21283 sec
[2020-02-11 00:04:38,198 INFO] Step 67000/500000; acc:  99.44; ppl:  1.02; xent: 0.02; lr: 0.00048; 50020/30494 tok/s;  21598 sec
[2020-02-11 00:07:31,395 INFO] Loading dataset from /home/dpk25/MolecularTransformer2/data/data/MIT_separated_augm/MIT_separated_augm.train.0.pt
[2020-02-11 00:07:46,627 INFO] number of examples: 818070
[2020-02-11 00:10:10,744 INFO] Step 68000/500000; acc:  99.44; ppl:  1.02; xent: 0.02; lr: 0.00048; 47372/28828 tok/s;  21931 sec
[2020-02-11 00:15:24,760 INFO] Step 69000/500000; acc:  99.45; ppl:  1.02; xent: 0.02; lr: 0.00048; 50181/30518 tok/s;  22245 sec
[2020-02-11 00:20:39,705 INFO] Step 70000/500000; acc:  99.47; ppl:  1.02; xent: 0.02; lr: 0.00047; 50044/30514 tok/s;  22560 sec
[2020-02-11 00:20:39,713 INFO] Loading dataset from /home/dpk25/MolecularTransformer2/data/data/MIT_separated_augm/MIT_separated_augm.valid.0.pt
[2020-02-11 00:20:39,922 INFO] number of examples: 30000
[2020-02-11 00:21:09,968 INFO] Validation perplexity: 1.01926
[2020-02-11 00:21:09,969 INFO] Validation accuracy: 99.491
[2020-02-11 00:21:09,971 INFO] Saving checkpoint /home/dpk25/rds/hpc-work/MolecularTransformer2_models/checkpoints/MIT_separated_augm/MIT_separated_augm_model_step_70000.pt
[2020-02-11 00:26:25,337 INFO] Step 71000/500000; acc:  99.46; ppl:  1.02; xent: 0.02; lr: 0.00047; 45588/27799 tok/s;  22905 sec
[2020-02-11 00:26:58,194 INFO] Loading dataset from /home/dpk25/MolecularTransformer2/data/data/MIT_separated_augm/MIT_separated_augm.train.0.pt
[2020-02-11 00:27:09,616 INFO] number of examples: 818070
[2020-02-11 00:31:53,611 INFO] Step 72000/500000; acc:  99.47; ppl:  1.02; xent: 0.02; lr: 0.00047; 47988/29214 tok/s;  23234 sec
[2020-02-11 00:37:07,721 INFO] Step 73000/500000; acc:  99.47; ppl:  1.02; xent: 0.02; lr: 0.00046; 50177/30483 tok/s;  23548 sec
[2020-02-11 00:42:22,544 INFO] Step 74000/500000; acc:  99.48; ppl:  1.02; xent: 0.02; lr: 0.00046; 50045/30507 tok/s;  23863 sec
[2020-02-11 00:45:50,253 INFO] Loading dataset from /home/dpk25/MolecularTransformer2/data/data/MIT_separated_augm/MIT_separated_augm.train.0.pt
[2020-02-11 00:46:04,397 INFO] number of examples: 818070
[2020-02-11 00:47:53,494 INFO] Step 75000/500000; acc:  99.49; ppl:  1.02; xent: 0.02; lr: 0.00046; 47599/28890 tok/s;  24194 sec
[2020-02-11 00:53:07,939 INFO] Step 76000/500000; acc:  99.49; ppl:  1.02; xent: 0.02; lr: 0.00045; 50109/30523 tok/s;  24508 sec
[2020-02-11 00:58:22,486 INFO] Step 77000/500000; acc:  99.50; ppl:  1.02; xent: 0.02; lr: 0.00045; 50115/30572 tok/s;  24823 sec
[2020-02-11 01:03:36,410 INFO] Step 78000/500000; acc:  99.51; ppl:  1.02; xent: 0.01; lr: 0.00045; 50196/30645 tok/s;  25137 sec
[2020-02-11 01:04:43,393 INFO] Loading dataset from /home/dpk25/MolecularTransformer2/data/data/MIT_separated_augm/MIT_separated_augm.train.0.pt
[2020-02-11 01:04:57,470 INFO] number of examples: 818070
[2020-02-11 01:09:08,876 INFO] Step 79000/500000; acc:  99.50; ppl:  1.02; xent: 0.01; lr: 0.00044; 47378/28844 tok/s;  25469 sec
[2020-02-11 01:14:23,011 INFO] Step 80000/500000; acc:  99.51; ppl:  1.01; xent: 0.01; lr: 0.00044; 50174/30487 tok/s;  25783 sec
[2020-02-11 01:14:23,123 INFO] Loading dataset from /home/dpk25/MolecularTransformer2/data/data/MIT_separated_augm/MIT_separated_augm.valid.0.pt
[2020-02-11 01:14:24,792 INFO] number of examples: 30000
[2020-02-11 01:14:54,789 INFO] Validation perplexity: 1.01875
[2020-02-11 01:14:55,234 INFO] Validation accuracy: 99.5103
[2020-02-11 01:14:55,237 INFO] Saving checkpoint /home/dpk25/rds/hpc-work/MolecularTransformer2_models/checkpoints/MIT_separated_augm/MIT_separated_augm_model_step_80000.pt
[2020-02-11 01:20:10,336 INFO] Step 81000/500000; acc:  99.51; ppl:  1.01; xent: 0.01; lr: 0.00044; 45372/27605 tok/s;  26130 sec
[2020-02-11 01:24:12,801 INFO] Loading dataset from /home/dpk25/MolecularTransformer2/data/data/MIT_separated_augm/MIT_separated_augm.train.0.pt
[2020-02-11 01:24:27,227 INFO] number of examples: 818070
[2020-02-11 01:25:41,697 INFO] Step 82000/500000; acc:  99.52; ppl:  1.01; xent: 0.01; lr: 0.00044; 47542/28871 tok/s;  26462 sec
[2020-02-11 01:30:56,304 INFO] Step 83000/500000; acc:  99.52; ppl:  1.01; xent: 0.01; lr: 0.00043; 50096/30523 tok/s;  26776 sec
[2020-02-11 01:36:10,912 INFO] Step 84000/500000; acc:  99.53; ppl:  1.01; xent: 0.01; lr: 0.00043; 50109/30555 tok/s;  27091 sec
[2020-02-11 01:41:25,354 INFO] Step 85000/500000; acc:  99.54; ppl:  1.01; xent: 0.01; lr: 0.00043; 50107/30593 tok/s;  27405 sec
[2020-02-11 01:43:07,959 INFO] Loading dataset from /home/dpk25/MolecularTransformer2/data/data/MIT_separated_augm/MIT_separated_augm.train.0.pt
[2020-02-11 01:43:22,779 INFO] number of examples: 818070
[2020-02-11 01:46:57,554 INFO] Step 86000/500000; acc:  99.54; ppl:  1.01; xent: 0.01; lr: 0.00043; 47418/28851 tok/s;  27738 sec
[2020-02-11 01:52:11,566 INFO] Step 87000/500000; acc:  99.54; ppl:  1.01; xent: 0.01; lr: 0.00042; 50192/30477 tok/s;  28052 sec
[2020-02-11 01:57:26,348 INFO] Step 88000/500000; acc:  99.55; ppl:  1.01; xent: 0.01; lr: 0.00042; 50051/30577 tok/s;  28366 sec
[2020-02-11 02:02:03,276 INFO] Loading dataset from /home/dpk25/MolecularTransformer2/data/data/MIT_separated_augm/MIT_separated_augm.train.0.pt
[2020-02-11 02:02:14,408 INFO] number of examples: 818070
[2020-02-11 02:02:54,350 INFO] Step 89000/500000; acc:  99.55; ppl:  1.01; xent: 0.01; lr: 0.00042; 48032/29137 tok/s;  28694 sec
[2020-02-11 02:08:07,957 INFO] Step 90000/500000; acc:  99.55; ppl:  1.01; xent: 0.01; lr: 0.00042; 50256/30588 tok/s;  29008 sec
[2020-02-11 02:08:07,958 INFO] Loading dataset from /home/dpk25/MolecularTransformer2/data/data/MIT_separated_augm/MIT_separated_augm.valid.0.pt
[2020-02-11 02:08:08,123 INFO] number of examples: 30000
[2020-02-11 02:08:38,117 INFO] Validation perplexity: 1.01852
[2020-02-11 02:08:38,120 INFO] Validation accuracy: 99.5316
[2020-02-11 02:08:38,123 INFO] Saving checkpoint /home/dpk25/rds/hpc-work/MolecularTransformer2_models/checkpoints/MIT_separated_augm/MIT_separated_augm_model_step_90000.pt
[2020-02-11 02:13:53,277 INFO] Step 91000/500000; acc:  99.56; ppl:  1.01; xent: 0.01; lr: 0.00041; 45636/27800 tok/s;  29353 sec
[2020-02-11 02:19:07,206 INFO] Step 92000/500000; acc:  99.57; ppl:  1.01; xent: 0.01; lr: 0.00041; 50195/30591 tok/s;  29667 sec
[2020-02-11 02:21:24,561 INFO] Loading dataset from /home/dpk25/MolecularTransformer2/data/data/MIT_separated_augm/MIT_separated_augm.train.0.pt
[2020-02-11 02:21:41,920 INFO] number of examples: 818070
[2020-02-11 02:24:41,628 INFO] Step 93000/500000; acc:  99.56; ppl:  1.01; xent: 0.01; lr: 0.00041; 47105/28644 tok/s;  30002 sec
[2020-02-11 02:29:54,146 INFO] Step 94000/500000; acc:  99.57; ppl:  1.01; xent: 0.01; lr: 0.00041; 50428/30687 tok/s;  30314 sec
[2020-02-11 02:35:08,032 INFO] Step 95000/500000; acc:  99.58; ppl:  1.01; xent: 0.01; lr: 0.00041; 50205/30672 tok/s;  30628 sec
[2020-02-11 02:40:21,420 INFO] Loading dataset from /home/dpk25/MolecularTransformer2/data/data/MIT_separated_augm/MIT_separated_augm.train.0.pt
[2020-02-11 02:40:32,805 INFO] number of examples: 818070
[2020-02-11 02:40:38,729 INFO] Step 96000/500000; acc:  99.58; ppl:  1.01; xent: 0.01; lr: 0.00040; 47642/28930 tok/s;  30959 sec
[2020-02-11 02:45:51,689 INFO] Step 97000/500000; acc:  99.58; ppl:  1.01; xent: 0.01; lr: 0.00040; 50352/30639 tok/s;  31272 sec
[2020-02-11 02:51:05,979 INFO] Step 98000/500000; acc:  99.58; ppl:  1.01; xent: 0.01; lr: 0.00040; 50145/30531 tok/s;  31586 sec
[2020-02-11 02:56:20,836 INFO] Step 99000/500000; acc:  99.59; ppl:  1.01; xent: 0.01; lr: 0.00040; 50039/30501 tok/s;  31901 sec
[2020-02-11 02:59:13,222 INFO] Loading dataset from /home/dpk25/MolecularTransformer2/data/data/MIT_separated_augm/MIT_separated_augm.train.0.pt
[2020-02-11 02:59:27,198 INFO] number of examples: 818070
[2020-02-11 03:01:52,002 INFO] Step 100000/500000; acc:  99.59; ppl:  1.01; xent: 0.01; lr: 0.00040; 47568/28963 tok/s;  32232 sec
[2020-02-11 03:01:52,004 INFO] Loading dataset from /home/dpk25/MolecularTransformer2/data/data/MIT_separated_augm/MIT_separated_augm.valid.0.pt
[2020-02-11 03:01:52,165 INFO] number of examples: 30000
[2020-02-11 03:02:22,160 INFO] Validation perplexity: 1.01886
[2020-02-11 03:02:22,163 INFO] Validation accuracy: 99.5309
[2020-02-11 03:02:22,166 INFO] Saving checkpoint /home/dpk25/rds/hpc-work/MolecularTransformer2_models/checkpoints/MIT_separated_augm/MIT_separated_augm_model_step_100000.pt
[2020-02-11 03:07:36,353 INFO] Step 101000/500000; acc:  99.59; ppl:  1.01; xent: 0.01; lr: 0.00039; 45761/27811 tok/s;  32576 sec
[2020-02-11 03:12:51,166 INFO] Step 102000/500000; acc:  99.60; ppl:  1.01; xent: 0.01; lr: 0.00039; 50066/30540 tok/s;  32891 sec
[2020-02-11 03:18:05,826 INFO] Step 103000/500000; acc:  99.60; ppl:  1.01; xent: 0.01; lr: 0.00039; 50074/30535 tok/s;  33206 sec
[2020-02-11 03:18:37,691 INFO] Loading dataset from /home/dpk25/MolecularTransformer2/data/data/MIT_separated_augm/MIT_separated_augm.train.0.pt
[2020-02-11 03:18:51,374 INFO] number of examples: 818070
[2020-02-11 03:23:36,196 INFO] Step 104000/500000; acc:  99.60; ppl:  1.01; xent: 0.01; lr: 0.00039; 47684/29019 tok/s;  33536 sec
[2020-02-11 03:28:50,224 INFO] Step 105000/500000; acc:  99.61; ppl:  1.01; xent: 0.01; lr: 0.00039; 50191/30484 tok/s;  33850 sec
[2020-02-11 03:34:05,068 INFO] Step 106000/500000; acc:  99.61; ppl:  1.01; xent: 0.01; lr: 0.00038; 50041/30510 tok/s;  34165 sec
[2020-02-11 03:37:31,783 INFO] Loading dataset from /home/dpk25/MolecularTransformer2/data/data/MIT_separated_augm/MIT_separated_augm.train.0.pt
[2020-02-11 03:37:49,382 INFO] number of examples: 818070
[2020-02-11 03:39:39,276 INFO] Step 107000/500000; acc:  99.61; ppl:  1.01; xent: 0.01; lr: 0.00038; 47136/28609 tok/s;  34499 sec
[2020-02-11 03:44:53,595 INFO] Step 108000/500000; acc:  99.61; ppl:  1.01; xent: 0.01; lr: 0.00038; 50128/30548 tok/s;  34814 sec
[2020-02-11 03:50:07,202 INFO] Step 109000/500000; acc:  99.62; ppl:  1.01; xent: 0.01; lr: 0.00038; 50265/30653 tok/s;  35127 sec
[2020-02-11 03:55:21,721 INFO] Step 110000/500000; acc:  99.63; ppl:  1.01; xent: 0.01; lr: 0.00038; 50112/30593 tok/s;  35442 sec
[2020-02-11 03:55:21,722 INFO] Loading dataset from /home/dpk25/MolecularTransformer2/data/data/MIT_separated_augm/MIT_separated_augm.valid.0.pt
[2020-02-11 03:55:21,876 INFO] number of examples: 30000
[2020-02-11 03:55:51,761 INFO] Validation perplexity: 1.01923
[2020-02-11 03:55:51,761 INFO] Validation accuracy: 99.5407
[2020-02-11 03:55:51,763 INFO] Saving checkpoint /home/dpk25/rds/hpc-work/MolecularTransformer2_models/checkpoints/MIT_separated_augm/MIT_separated_augm_model_step_110000.pt
[2020-02-11 03:56:58,275 INFO] Loading dataset from /home/dpk25/MolecularTransformer2/data/data/MIT_separated_augm/MIT_separated_augm.train.0.pt
[2020-02-11 03:57:09,417 INFO] number of examples: 818070
[2020-02-11 04:01:18,712 INFO] Step 111000/500000; acc:  99.62; ppl:  1.01; xent: 0.01; lr: 0.00038; 44123/26861 tok/s;  35799 sec
[2020-02-11 04:06:32,370 INFO] Step 112000/500000; acc:  99.62; ppl:  1.01; xent: 0.01; lr: 0.00037; 50449/30660 tok/s;  36112 sec
[2020-02-11 04:11:48,213 INFO] Step 113000/500000; acc:  99.63; ppl:  1.01; xent: 0.01; lr: 0.00037; 49927/30387 tok/s;  36428 sec
[2020-02-11 04:15:49,898 INFO] Loading dataset from /home/dpk25/MolecularTransformer2/data/data/MIT_separated_augm/MIT_separated_augm.train.0.pt
[2020-02-11 04:16:03,905 INFO] number of examples: 818070
[2020-02-11 04:17:18,974 INFO] Step 114000/500000; acc:  99.63; ppl:  1.01; xent: 0.01; lr: 0.00037; 47628/28897 tok/s;  36759 sec
[2020-02-11 04:22:33,499 INFO] Step 115000/500000; acc:  99.63; ppl:  1.01; xent: 0.01; lr: 0.00037; 50109/30539 tok/s;  37074 sec
[2020-02-11 04:27:47,964 INFO] Step 116000/500000; acc:  99.64; ppl:  1.01; xent: 0.01; lr: 0.00037; 50116/30565 tok/s;  37388 sec
[2020-02-11 04:33:02,405 INFO] Step 117000/500000; acc:  99.64; ppl:  1.01; xent: 0.01; lr: 0.00037; 50108/30597 tok/s;  37703 sec
[2020-02-11 04:34:44,154 INFO] Loading dataset from /home/dpk25/MolecularTransformer2/data/data/MIT_separated_augm/MIT_separated_augm.train.0.pt
[2020-02-11 04:34:58,173 INFO] number of examples: 818070
[2020-02-11 04:38:33,894 INFO] Step 118000/500000; acc:  99.64; ppl:  1.01; xent: 0.01; lr: 0.00036; 47520/28925 tok/s;  38034 sec
[2020-02-11 04:43:47,890 INFO] Step 119000/500000; acc:  99.64; ppl:  1.01; xent: 0.01; lr: 0.00036; 50196/30463 tok/s;  38348 sec
[2020-02-11 04:49:02,626 INFO] Step 120000/500000; acc:  99.65; ppl:  1.01; xent: 0.01; lr: 0.00036; 50058/30583 tok/s;  38663 sec
[2020-02-11 04:49:02,628 INFO] Loading dataset from /home/dpk25/MolecularTransformer2/data/data/MIT_separated_augm/MIT_separated_augm.valid.0.pt
[2020-02-11 04:49:02,799 INFO] number of examples: 30000
[2020-02-11 04:49:32,843 INFO] Validation perplexity: 1.019
[2020-02-11 04:49:32,843 INFO] Validation accuracy: 99.5605
[2020-02-11 04:49:32,846 INFO] Saving checkpoint /home/dpk25/rds/hpc-work/MolecularTransformer2_models/checkpoints/MIT_separated_augm/MIT_separated_augm_model_step_120000.pt
[2020-02-11 04:54:09,114 INFO] Loading dataset from /home/dpk25/MolecularTransformer2/data/data/MIT_separated_augm/MIT_separated_augm.train.0.pt
[2020-02-11 04:54:22,810 INFO] number of examples: 818070
[2020-02-11 04:55:03,797 INFO] Step 121000/500000; acc:  99.65; ppl:  1.01; xent: 0.01; lr: 0.00036; 43621/26450 tok/s;  39024 sec
[2020-02-11 05:00:17,395 INFO] Step 122000/500000; acc:  99.65; ppl:  1.01; xent: 0.01; lr: 0.00036; 50253/30607 tok/s;  39338 sec
slurmstepd: error: *** JOB 19452169 ON gpu-e-51 CANCELLED AT 2020-02-11T05:01:41 DUE TO TIME LIMIT ***
slurmstepd: error: task_p_post_term: rmdir(/sys/fs/cgroup/cpuset/slurm19452169/slurm19452169.4294967294_0) failed Device or resource busy
