Changed directory to /home/dpk25/MolecularTransformer2/scripts/toy_model/sear_small.

JobID: 27582888
======
Time: Tue 18 Aug 20:59:16 BST 2020
Running on master node: gpu-e-11
Current directory: /home/dpk25/MolecularTransformer2/scripts/toy_model/sear_small

Nodes allocated:
================
gpu-e-11

numtasks=1, numnodes=1, mpi_tasks_per_node=1 (OMP_NUM_THREADS=1)

Executing command:
==================
./train.sh 

[2020-08-18 20:59:17,621 INFO] Loading checkpoint from /home/dpk25/rds/hpc-work/toy_model/sear_models_small/toy_model_step_50000.pt
[2020-08-18 20:59:17,722 INFO] Loading vocab from checkpoint at /home/dpk25/rds/hpc-work/toy_model/sear_models_small/toy_model_step_50000.pt.
[2020-08-18 20:59:17,722 INFO]  * src vocab size = 20
[2020-08-18 20:59:17,722 INFO]  * tgt vocab size = 20
[2020-08-18 20:59:17,722 INFO] Building model...
[2020-08-18 20:59:24,503 INFO] NMTModel(
  (encoder): TransformerEncoder(
    (embeddings): Embeddings(
      (make_embedding): Sequential(
        (emb_luts): Elementwise(
          (0): Embedding(20, 256, padding_idx=1)
        )
        (pe): PositionalEncoding(
          (dropout): Dropout(p=0.1, inplace=False)
        )
      )
    )
    (transformer): ModuleList(
      (0): TransformerEncoderLayer(
        (self_attn): MultiHeadedAttention(
          (linear_keys): Linear(in_features=256, out_features=256, bias=True)
          (linear_values): Linear(in_features=256, out_features=256, bias=True)
          (linear_query): Linear(in_features=256, out_features=256, bias=True)
          (softmax): Softmax(dim=-1)
          (dropout): Dropout(p=0.1, inplace=False)
          (final_linear): Linear(in_features=256, out_features=256, bias=True)
        )
        (feed_forward): PositionwiseFeedForward(
          (w_1): Linear(in_features=256, out_features=2048, bias=True)
          (w_2): Linear(in_features=2048, out_features=256, bias=True)
          (layer_norm): LayerNorm((256,), eps=1e-06, elementwise_affine=True)
          (dropout_1): Dropout(p=0.1, inplace=False)
          (relu): ReLU()
          (dropout_2): Dropout(p=0.1, inplace=False)
        )
        (layer_norm): LayerNorm((256,), eps=1e-06, elementwise_affine=True)
        (dropout): Dropout(p=0.1, inplace=False)
      )
      (1): TransformerEncoderLayer(
        (self_attn): MultiHeadedAttention(
          (linear_keys): Linear(in_features=256, out_features=256, bias=True)
          (linear_values): Linear(in_features=256, out_features=256, bias=True)
          (linear_query): Linear(in_features=256, out_features=256, bias=True)
          (softmax): Softmax(dim=-1)
          (dropout): Dropout(p=0.1, inplace=False)
          (final_linear): Linear(in_features=256, out_features=256, bias=True)
        )
        (feed_forward): PositionwiseFeedForward(
          (w_1): Linear(in_features=256, out_features=2048, bias=True)
          (w_2): Linear(in_features=2048, out_features=256, bias=True)
          (layer_norm): LayerNorm((256,), eps=1e-06, elementwise_affine=True)
          (dropout_1): Dropout(p=0.1, inplace=False)
          (relu): ReLU()
          (dropout_2): Dropout(p=0.1, inplace=False)
        )
        (layer_norm): LayerNorm((256,), eps=1e-06, elementwise_affine=True)
        (dropout): Dropout(p=0.1, inplace=False)
      )
      (2): TransformerEncoderLayer(
        (self_attn): MultiHeadedAttention(
          (linear_keys): Linear(in_features=256, out_features=256, bias=True)
          (linear_values): Linear(in_features=256, out_features=256, bias=True)
          (linear_query): Linear(in_features=256, out_features=256, bias=True)
          (softmax): Softmax(dim=-1)
          (dropout): Dropout(p=0.1, inplace=False)
          (final_linear): Linear(in_features=256, out_features=256, bias=True)
        )
        (feed_forward): PositionwiseFeedForward(
          (w_1): Linear(in_features=256, out_features=2048, bias=True)
          (w_2): Linear(in_features=2048, out_features=256, bias=True)
          (layer_norm): LayerNorm((256,), eps=1e-06, elementwise_affine=True)
          (dropout_1): Dropout(p=0.1, inplace=False)
          (relu): ReLU()
          (dropout_2): Dropout(p=0.1, inplace=False)
        )
        (layer_norm): LayerNorm((256,), eps=1e-06, elementwise_affine=True)
        (dropout): Dropout(p=0.1, inplace=False)
      )
      (3): TransformerEncoderLayer(
        (self_attn): MultiHeadedAttention(
          (linear_keys): Linear(in_features=256, out_features=256, bias=True)
          (linear_values): Linear(in_features=256, out_features=256, bias=True)
          (linear_query): Linear(in_features=256, out_features=256, bias=True)
          (softmax): Softmax(dim=-1)
          (dropout): Dropout(p=0.1, inplace=False)
          (final_linear): Linear(in_features=256, out_features=256, bias=True)
        )
        (feed_forward): PositionwiseFeedForward(
          (w_1): Linear(in_features=256, out_features=2048, bias=True)
          (w_2): Linear(in_features=2048, out_features=256, bias=True)
          (layer_norm): LayerNorm((256,), eps=1e-06, elementwise_affine=True)
          (dropout_1): Dropout(p=0.1, inplace=False)
          (relu): ReLU()
          (dropout_2): Dropout(p=0.1, inplace=False)
        )
        (layer_norm): LayerNorm((256,), eps=1e-06, elementwise_affine=True)
        (dropout): Dropout(p=0.1, inplace=False)
      )
    )
    (layer_norm): LayerNorm((256,), eps=1e-06, elementwise_affine=True)
  )
  (decoder): TransformerDecoder(
    (embeddings): Embeddings(
      (make_embedding): Sequential(
        (emb_luts): Elementwise(
          (0): Embedding(20, 256, padding_idx=1)
        )
        (pe): PositionalEncoding(
          (dropout): Dropout(p=0.1, inplace=False)
        )
      )
    )
    (transformer_layers): ModuleList(
      (0): TransformerDecoderLayer(
        (self_attn): MultiHeadedAttention(
          (linear_keys): Linear(in_features=256, out_features=256, bias=True)
          (linear_values): Linear(in_features=256, out_features=256, bias=True)
          (linear_query): Linear(in_features=256, out_features=256, bias=True)
          (softmax): Softmax(dim=-1)
          (dropout): Dropout(p=0.1, inplace=False)
          (final_linear): Linear(in_features=256, out_features=256, bias=True)
        )
        (context_attn): MultiHeadedAttention(
          (linear_keys): Linear(in_features=256, out_features=256, bias=True)
          (linear_values): Linear(in_features=256, out_features=256, bias=True)
          (linear_query): Linear(in_features=256, out_features=256, bias=True)
          (softmax): Softmax(dim=-1)
          (dropout): Dropout(p=0.1, inplace=False)
          (final_linear): Linear(in_features=256, out_features=256, bias=True)
        )
        (feed_forward): PositionwiseFeedForward(
          (w_1): Linear(in_features=256, out_features=2048, bias=True)
          (w_2): Linear(in_features=2048, out_features=256, bias=True)
          (layer_norm): LayerNorm((256,), eps=1e-06, elementwise_affine=True)
          (dropout_1): Dropout(p=0.1, inplace=False)
          (relu): ReLU()
          (dropout_2): Dropout(p=0.1, inplace=False)
        )
        (layer_norm_1): LayerNorm((256,), eps=1e-06, elementwise_affine=True)
        (layer_norm_2): LayerNorm((256,), eps=1e-06, elementwise_affine=True)
        (drop): Dropout(p=0.1, inplace=False)
      )
      (1): TransformerDecoderLayer(
        (self_attn): MultiHeadedAttention(
          (linear_keys): Linear(in_features=256, out_features=256, bias=True)
          (linear_values): Linear(in_features=256, out_features=256, bias=True)
          (linear_query): Linear(in_features=256, out_features=256, bias=True)
          (softmax): Softmax(dim=-1)
          (dropout): Dropout(p=0.1, inplace=False)
          (final_linear): Linear(in_features=256, out_features=256, bias=True)
        )
        (context_attn): MultiHeadedAttention(
          (linear_keys): Linear(in_features=256, out_features=256, bias=True)
          (linear_values): Linear(in_features=256, out_features=256, bias=True)
          (linear_query): Linear(in_features=256, out_features=256, bias=True)
          (softmax): Softmax(dim=-1)
          (dropout): Dropout(p=0.1, inplace=False)
          (final_linear): Linear(in_features=256, out_features=256, bias=True)
        )
        (feed_forward): PositionwiseFeedForward(
          (w_1): Linear(in_features=256, out_features=2048, bias=True)
          (w_2): Linear(in_features=2048, out_features=256, bias=True)
          (layer_norm): LayerNorm((256,), eps=1e-06, elementwise_affine=True)
          (dropout_1): Dropout(p=0.1, inplace=False)
          (relu): ReLU()
          (dropout_2): Dropout(p=0.1, inplace=False)
        )
        (layer_norm_1): LayerNorm((256,), eps=1e-06, elementwise_affine=True)
        (layer_norm_2): LayerNorm((256,), eps=1e-06, elementwise_affine=True)
        (drop): Dropout(p=0.1, inplace=False)
      )
      (2): TransformerDecoderLayer(
        (self_attn): MultiHeadedAttention(
          (linear_keys): Linear(in_features=256, out_features=256, bias=True)
          (linear_values): Linear(in_features=256, out_features=256, bias=True)
          (linear_query): Linear(in_features=256, out_features=256, bias=True)
          (softmax): Softmax(dim=-1)
          (dropout): Dropout(p=0.1, inplace=False)
          (final_linear): Linear(in_features=256, out_features=256, bias=True)
        )
        (context_attn): MultiHeadedAttention(
          (linear_keys): Linear(in_features=256, out_features=256, bias=True)
          (linear_values): Linear(in_features=256, out_features=256, bias=True)
          (linear_query): Linear(in_features=256, out_features=256, bias=True)
          (softmax): Softmax(dim=-1)
          (dropout): Dropout(p=0.1, inplace=False)
          (final_linear): Linear(in_features=256, out_features=256, bias=True)
        )
        (feed_forward): PositionwiseFeedForward(
          (w_1): Linear(in_features=256, out_features=2048, bias=True)
          (w_2): Linear(in_features=2048, out_features=256, bias=True)
          (layer_norm): LayerNorm((256,), eps=1e-06, elementwise_affine=True)
          (dropout_1): Dropout(p=0.1, inplace=False)
          (relu): ReLU()
          (dropout_2): Dropout(p=0.1, inplace=False)
        )
        (layer_norm_1): LayerNorm((256,), eps=1e-06, elementwise_affine=True)
        (layer_norm_2): LayerNorm((256,), eps=1e-06, elementwise_affine=True)
        (drop): Dropout(p=0.1, inplace=False)
      )
      (3): TransformerDecoderLayer(
        (self_attn): MultiHeadedAttention(
          (linear_keys): Linear(in_features=256, out_features=256, bias=True)
          (linear_values): Linear(in_features=256, out_features=256, bias=True)
          (linear_query): Linear(in_features=256, out_features=256, bias=True)
          (softmax): Softmax(dim=-1)
          (dropout): Dropout(p=0.1, inplace=False)
          (final_linear): Linear(in_features=256, out_features=256, bias=True)
        )
        (context_attn): MultiHeadedAttention(
          (linear_keys): Linear(in_features=256, out_features=256, bias=True)
          (linear_values): Linear(in_features=256, out_features=256, bias=True)
          (linear_query): Linear(in_features=256, out_features=256, bias=True)
          (softmax): Softmax(dim=-1)
          (dropout): Dropout(p=0.1, inplace=False)
          (final_linear): Linear(in_features=256, out_features=256, bias=True)
        )
        (feed_forward): PositionwiseFeedForward(
          (w_1): Linear(in_features=256, out_features=2048, bias=True)
          (w_2): Linear(in_features=2048, out_features=256, bias=True)
          (layer_norm): LayerNorm((256,), eps=1e-06, elementwise_affine=True)
          (dropout_1): Dropout(p=0.1, inplace=False)
          (relu): ReLU()
          (dropout_2): Dropout(p=0.1, inplace=False)
        )
        (layer_norm_1): LayerNorm((256,), eps=1e-06, elementwise_affine=True)
        (layer_norm_2): LayerNorm((256,), eps=1e-06, elementwise_affine=True)
        (drop): Dropout(p=0.1, inplace=False)
      )
    )
    (layer_norm): LayerNorm((256,), eps=1e-06, elementwise_affine=True)
  )
  (generator): Sequential(
    (0): Linear(in_features=256, out_features=20, bias=True)
    (1): Cast()
    (2): LogSoftmax()
  )
)
[2020-08-18 20:59:24,505 INFO] encoder: 5265920
[2020-08-18 20:59:24,505 INFO] decoder: 6320660
[2020-08-18 20:59:24,505 INFO] * number of parameters: 11586580
[2020-08-18 20:59:24,591 INFO] Starting training on GPU: [0]
[2020-08-18 20:59:24,591 INFO] Start training loop and validate every 10000 steps...
[2020-08-18 20:59:24,591 INFO] Loading dataset from /home/dpk25/rds/hpc-work/toy_model/data_sear_small/.train.0.pt
[2020-08-18 20:59:24,708 INFO] number of examples: 9920
[2020-08-18 21:02:03,269 INFO] Step 51000/150000; acc:  92.40; ppl:  1.16; xent: 0.15; lr: 0.00055; 2476/2010 tok/s;    159 sec
[2020-08-18 21:02:03,426 INFO] Loading dataset from /home/dpk25/rds/hpc-work/toy_model/data_sear_small/.train.0.pt
[2020-08-18 21:02:03,532 INFO] number of examples: 9920
[2020-08-18 21:04:41,032 INFO] Step 52000/150000; acc:  92.53; ppl:  1.15; xent: 0.14; lr: 0.00055; 2490/2022 tok/s;    316 sec
[2020-08-18 21:04:41,346 INFO] Loading dataset from /home/dpk25/rds/hpc-work/toy_model/data_sear_small/.train.0.pt
[2020-08-18 21:04:41,389 INFO] number of examples: 9920
[2020-08-18 21:07:18,591 INFO] Step 53000/150000; acc:  92.48; ppl:  1.16; xent: 0.14; lr: 0.00054; 2494/2024 tok/s;    474 sec
[2020-08-18 21:07:19,060 INFO] Loading dataset from /home/dpk25/rds/hpc-work/toy_model/data_sear_small/.train.0.pt
[2020-08-18 21:07:19,104 INFO] number of examples: 9920
[2020-08-18 21:09:54,607 INFO] Step 54000/150000; acc:  92.66; ppl:  1.15; xent: 0.14; lr: 0.00054; 2518/2044 tok/s;    630 sec
[2020-08-18 21:09:55,230 INFO] Loading dataset from /home/dpk25/rds/hpc-work/toy_model/data_sear_small/.train.0.pt
[2020-08-18 21:09:55,317 INFO] number of examples: 9920
[2020-08-18 21:12:29,867 INFO] Step 55000/150000; acc:  92.85; ppl:  1.15; xent: 0.14; lr: 0.00053; 2530/2054 tok/s;    785 sec
[2020-08-18 21:12:29,869 INFO] Saving checkpoint /home/dpk25/rds/hpc-work/toy_model/sear_models_small/toy_model_step_55000.pt
[2020-08-18 21:12:32,601 INFO] Loading dataset from /home/dpk25/rds/hpc-work/toy_model/data_sear_small/.train.0.pt
[2020-08-18 21:12:32,693 INFO] number of examples: 9920
[2020-08-18 21:15:06,878 INFO] Step 56000/150000; acc:  92.93; ppl:  1.15; xent: 0.14; lr: 0.00053; 2502/2031 tok/s;    942 sec
[2020-08-18 21:15:07,811 INFO] Loading dataset from /home/dpk25/rds/hpc-work/toy_model/data_sear_small/.train.0.pt
[2020-08-18 21:15:07,907 INFO] number of examples: 9920
[2020-08-18 21:17:41,741 INFO] Step 57000/150000; acc:  92.91; ppl:  1.15; xent: 0.14; lr: 0.00052; 2537/2060 tok/s;   1097 sec
[2020-08-18 21:17:42,828 INFO] Loading dataset from /home/dpk25/rds/hpc-work/toy_model/data_sear_small/.train.0.pt
[2020-08-18 21:17:42,929 INFO] number of examples: 9920
[2020-08-18 21:20:16,619 INFO] Step 58000/150000; acc:  92.99; ppl:  1.15; xent: 0.14; lr: 0.00052; 2537/2059 tok/s;   1252 sec
[2020-08-18 21:20:17,860 INFO] Loading dataset from /home/dpk25/rds/hpc-work/toy_model/data_sear_small/.train.0.pt
[2020-08-18 21:20:17,969 INFO] number of examples: 9920
[2020-08-18 21:22:51,350 INFO] Step 59000/150000; acc:  93.12; ppl:  1.14; xent: 0.13; lr: 0.00051; 2539/2061 tok/s;   1407 sec
[2020-08-18 21:22:52,734 INFO] Loading dataset from /home/dpk25/rds/hpc-work/toy_model/data_sear_small/.train.0.pt
[2020-08-18 21:22:52,843 INFO] number of examples: 9920
[2020-08-18 21:25:24,645 INFO] Step 60000/150000; acc:  93.23; ppl:  1.14; xent: 0.13; lr: 0.00051; 2563/2081 tok/s;   1560 sec
[2020-08-18 21:25:24,646 INFO] Loading dataset from /home/dpk25/rds/hpc-work/toy_model/data_sear_small/.valid.0.pt
[2020-08-18 21:25:24,676 INFO] number of examples: 620
[2020-08-18 21:25:25,724 INFO] Validation perplexity: 1.12205
[2020-08-18 21:25:25,724 INFO] Validation accuracy: 96.3944
[2020-08-18 21:25:25,726 INFO] Saving checkpoint /home/dpk25/rds/hpc-work/toy_model/sear_models_small/toy_model_step_60000.pt
[2020-08-18 21:25:27,608 INFO] Loading dataset from /home/dpk25/rds/hpc-work/toy_model/data_sear_small/.train.0.pt
[2020-08-18 21:25:27,718 INFO] number of examples: 9920
[2020-08-18 21:27:59,550 INFO] Step 61000/150000; acc:  93.19; ppl:  1.14; xent: 0.13; lr: 0.00051; 2536/2059 tok/s;   1715 sec
[2020-08-18 21:28:01,227 INFO] Loading dataset from /home/dpk25/rds/hpc-work/toy_model/data_sear_small/.train.0.pt
[2020-08-18 21:28:01,273 INFO] number of examples: 9920
[2020-08-18 21:30:32,994 INFO] Step 62000/150000; acc:  93.16; ppl:  1.14; xent: 0.13; lr: 0.00050; 2560/2079 tok/s;   1868 sec
[2020-08-18 21:30:34,833 INFO] Loading dataset from /home/dpk25/rds/hpc-work/toy_model/data_sear_small/.train.0.pt
[2020-08-18 21:30:34,924 INFO] number of examples: 9920
[2020-08-18 21:33:06,385 INFO] Step 63000/150000; acc:  93.43; ppl:  1.14; xent: 0.13; lr: 0.00050; 2561/2079 tok/s;   2022 sec
[2020-08-18 21:33:08,376 INFO] Loading dataset from /home/dpk25/rds/hpc-work/toy_model/data_sear_small/.train.0.pt
[2020-08-18 21:33:08,470 INFO] number of examples: 9920
[2020-08-18 21:35:40,089 INFO] Step 64000/150000; acc:  93.48; ppl:  1.13; xent: 0.13; lr: 0.00049; 2556/2075 tok/s;   2175 sec
[2020-08-18 21:35:42,236 INFO] Loading dataset from /home/dpk25/rds/hpc-work/toy_model/data_sear_small/.train.0.pt
[2020-08-18 21:35:42,328 INFO] number of examples: 9920
[2020-08-18 21:38:13,388 INFO] Step 65000/150000; acc:  93.59; ppl:  1.13; xent: 0.12; lr: 0.00049; 2563/2080 tok/s;   2329 sec
[2020-08-18 21:38:13,390 INFO] Saving checkpoint /home/dpk25/rds/hpc-work/toy_model/sear_models_small/toy_model_step_65000.pt
[2020-08-18 21:38:15,934 INFO] Loading dataset from /home/dpk25/rds/hpc-work/toy_model/data_sear_small/.train.0.pt
[2020-08-18 21:38:16,035 INFO] number of examples: 9920
[2020-08-18 21:40:47,034 INFO] Step 66000/150000; acc:  93.52; ppl:  1.14; xent: 0.13; lr: 0.00049; 2557/2076 tok/s;   2482 sec
[2020-08-18 21:40:49,482 INFO] Loading dataset from /home/dpk25/rds/hpc-work/toy_model/data_sear_small/.train.0.pt
[2020-08-18 21:40:49,586 INFO] number of examples: 9920
[2020-08-18 21:43:20,466 INFO] Step 67000/150000; acc:  93.59; ppl:  1.13; xent: 0.12; lr: 0.00048; 2560/2079 tok/s;   2636 sec
[2020-08-18 21:43:23,071 INFO] Loading dataset from /home/dpk25/rds/hpc-work/toy_model/data_sear_small/.train.0.pt
[2020-08-18 21:43:23,179 INFO] number of examples: 9920
[2020-08-18 21:45:53,824 INFO] Step 68000/150000; acc:  93.75; ppl:  1.13; xent: 0.12; lr: 0.00048; 2562/2080 tok/s;   2789 sec
[2020-08-18 21:45:56,573 INFO] Loading dataset from /home/dpk25/rds/hpc-work/toy_model/data_sear_small/.train.0.pt
[2020-08-18 21:45:56,683 INFO] number of examples: 9920
[2020-08-18 21:48:27,197 INFO] Step 69000/150000; acc:  93.77; ppl:  1.13; xent: 0.12; lr: 0.00048; 2561/2079 tok/s;   2943 sec
[2020-08-18 21:48:30,106 INFO] Loading dataset from /home/dpk25/rds/hpc-work/toy_model/data_sear_small/.train.0.pt
[2020-08-18 21:48:30,151 INFO] number of examples: 9920
[2020-08-18 21:51:00,627 INFO] Step 70000/150000; acc:  93.78; ppl:  1.13; xent: 0.12; lr: 0.00047; 2560/2078 tok/s;   3096 sec
[2020-08-18 21:51:00,628 INFO] Loading dataset from /home/dpk25/rds/hpc-work/toy_model/data_sear_small/.valid.0.pt
[2020-08-18 21:51:00,634 INFO] number of examples: 620
[2020-08-18 21:51:01,687 INFO] Validation perplexity: 1.10544
[2020-08-18 21:51:01,687 INFO] Validation accuracy: 97.0398
[2020-08-18 21:51:01,689 INFO] Saving checkpoint /home/dpk25/rds/hpc-work/toy_model/sear_models_small/toy_model_step_70000.pt
[2020-08-18 21:51:05,133 INFO] Loading dataset from /home/dpk25/rds/hpc-work/toy_model/data_sear_small/.train.0.pt
[2020-08-18 21:51:05,179 INFO] number of examples: 9920
[2020-08-18 21:53:35,501 INFO] Step 71000/150000; acc:  93.85; ppl:  1.13; xent: 0.12; lr: 0.00047; 2537/2059 tok/s;   3251 sec
[2020-08-18 21:53:38,724 INFO] Loading dataset from /home/dpk25/rds/hpc-work/toy_model/data_sear_small/.train.0.pt
[2020-08-18 21:53:38,817 INFO] number of examples: 9920
[2020-08-18 21:56:09,004 INFO] Step 72000/150000; acc:  93.79; ppl:  1.13; xent: 0.12; lr: 0.00047; 2559/2078 tok/s;   3404 sec
[2020-08-18 21:56:12,384 INFO] Loading dataset from /home/dpk25/rds/hpc-work/toy_model/data_sear_small/.train.0.pt
[2020-08-18 21:56:12,479 INFO] number of examples: 9920
[2020-08-18 21:58:42,398 INFO] Step 73000/150000; acc:  93.89; ppl:  1.12; xent: 0.12; lr: 0.00046; 2561/2079 tok/s;   3558 sec
[2020-08-18 21:58:45,932 INFO] Loading dataset from /home/dpk25/rds/hpc-work/toy_model/data_sear_small/.train.0.pt
[2020-08-18 21:58:46,030 INFO] number of examples: 9920
[2020-08-18 22:01:15,861 INFO] Step 74000/150000; acc:  93.91; ppl:  1.13; xent: 0.12; lr: 0.00046; 2560/2078 tok/s;   3711 sec
[2020-08-18 22:01:19,559 INFO] Loading dataset from /home/dpk25/rds/hpc-work/toy_model/data_sear_small/.train.0.pt
[2020-08-18 22:01:19,677 INFO] number of examples: 9920
[2020-08-18 22:03:49,383 INFO] Step 75000/150000; acc:  93.92; ppl:  1.13; xent: 0.12; lr: 0.00046; 2559/2078 tok/s;   3865 sec
[2020-08-18 22:03:49,385 INFO] Saving checkpoint /home/dpk25/rds/hpc-work/toy_model/sear_models_small/toy_model_step_75000.pt
[2020-08-18 22:03:53,506 INFO] Loading dataset from /home/dpk25/rds/hpc-work/toy_model/data_sear_small/.train.0.pt
[2020-08-18 22:03:53,605 INFO] number of examples: 9920
[2020-08-18 22:06:23,021 INFO] Step 76000/150000; acc:  93.95; ppl:  1.12; xent: 0.12; lr: 0.00045; 2557/2076 tok/s;   4018 sec
[2020-08-18 22:06:27,013 INFO] Loading dataset from /home/dpk25/rds/hpc-work/toy_model/data_sear_small/.train.0.pt
[2020-08-18 22:06:27,122 INFO] number of examples: 9920
[2020-08-18 22:08:56,351 INFO] Step 77000/150000; acc:  94.12; ppl:  1.12; xent: 0.11; lr: 0.00045; 2563/2080 tok/s;   4172 sec
[2020-08-18 22:09:00,483 INFO] Loading dataset from /home/dpk25/rds/hpc-work/toy_model/data_sear_small/.train.0.pt
[2020-08-18 22:09:00,596 INFO] number of examples: 9920
[2020-08-18 22:11:29,771 INFO] Step 78000/150000; acc:  94.17; ppl:  1.12; xent: 0.11; lr: 0.00045; 2561/2079 tok/s;   4325 sec
[2020-08-18 22:11:34,067 INFO] Loading dataset from /home/dpk25/rds/hpc-work/toy_model/data_sear_small/.train.0.pt
[2020-08-18 22:11:34,113 INFO] number of examples: 9920
[2020-08-18 22:14:03,051 INFO] Step 79000/150000; acc:  94.21; ppl:  1.12; xent: 0.11; lr: 0.00044; 2563/2081 tok/s;   4478 sec
[2020-08-18 22:14:07,495 INFO] Loading dataset from /home/dpk25/rds/hpc-work/toy_model/data_sear_small/.train.0.pt
[2020-08-18 22:14:07,539 INFO] number of examples: 9920
[2020-08-18 22:16:36,302 INFO] Step 80000/150000; acc:  94.13; ppl:  1.12; xent: 0.11; lr: 0.00044; 2564/2081 tok/s;   4632 sec
[2020-08-18 22:16:36,303 INFO] Loading dataset from /home/dpk25/rds/hpc-work/toy_model/data_sear_small/.valid.0.pt
[2020-08-18 22:16:36,308 INFO] number of examples: 620
[2020-08-18 22:16:37,354 INFO] Validation perplexity: 1.09704
[2020-08-18 22:16:37,354 INFO] Validation accuracy: 97.4735
[2020-08-18 22:16:37,356 INFO] Saving checkpoint /home/dpk25/rds/hpc-work/toy_model/sear_models_small/toy_model_step_80000.pt
[2020-08-18 22:16:42,338 INFO] Loading dataset from /home/dpk25/rds/hpc-work/toy_model/data_sear_small/.train.0.pt
[2020-08-18 22:16:42,429 INFO] number of examples: 9920
[2020-08-18 22:19:11,089 INFO] Step 81000/150000; acc:  94.20; ppl:  1.12; xent: 0.11; lr: 0.00044; 2538/2060 tok/s;   4786 sec
[2020-08-18 22:19:15,834 INFO] Loading dataset from /home/dpk25/rds/hpc-work/toy_model/data_sear_small/.train.0.pt
[2020-08-18 22:19:15,931 INFO] number of examples: 9920
[2020-08-18 22:21:44,469 INFO] Step 82000/150000; acc:  94.32; ppl:  1.12; xent: 0.11; lr: 0.00044; 2561/2079 tok/s;   4940 sec
[2020-08-18 22:21:49,369 INFO] Loading dataset from /home/dpk25/rds/hpc-work/toy_model/data_sear_small/.train.0.pt
[2020-08-18 22:21:49,468 INFO] number of examples: 9920
[2020-08-18 22:24:17,840 INFO] Step 83000/150000; acc:  94.28; ppl:  1.12; xent: 0.11; lr: 0.00043; 2562/2080 tok/s;   5093 sec
[2020-08-18 22:24:22,896 INFO] Loading dataset from /home/dpk25/rds/hpc-work/toy_model/data_sear_small/.train.0.pt
[2020-08-18 22:24:23,000 INFO] number of examples: 9920
[2020-08-18 22:26:51,241 INFO] Step 84000/150000; acc:  94.29; ppl:  1.12; xent: 0.11; lr: 0.00043; 2561/2079 tok/s;   5247 sec
[2020-08-18 22:26:56,454 INFO] Loading dataset from /home/dpk25/rds/hpc-work/toy_model/data_sear_small/.train.0.pt
[2020-08-18 22:26:56,560 INFO] number of examples: 9920
[2020-08-18 22:29:24,593 INFO] Step 85000/150000; acc:  94.39; ppl:  1.11; xent: 0.11; lr: 0.00043; 2562/2080 tok/s;   5400 sec
[2020-08-18 22:29:24,595 INFO] Saving checkpoint /home/dpk25/rds/hpc-work/toy_model/sear_models_small/toy_model_step_85000.pt
[2020-08-18 22:29:30,217 INFO] Loading dataset from /home/dpk25/rds/hpc-work/toy_model/data_sear_small/.train.0.pt
[2020-08-18 22:29:30,328 INFO] number of examples: 9920
[2020-08-18 22:31:58,280 INFO] Step 86000/150000; acc:  94.36; ppl:  1.11; xent: 0.11; lr: 0.00043; 2556/2075 tok/s;   5554 sec
[2020-08-18 22:32:03,787 INFO] Loading dataset from /home/dpk25/rds/hpc-work/toy_model/data_sear_small/.train.0.pt
[2020-08-18 22:32:03,901 INFO] number of examples: 9920
[2020-08-18 22:34:31,641 INFO] Step 87000/150000; acc:  94.39; ppl:  1.11; xent: 0.11; lr: 0.00042; 2561/2079 tok/s;   5707 sec
[2020-08-18 22:34:37,303 INFO] Loading dataset from /home/dpk25/rds/hpc-work/toy_model/data_sear_small/.train.0.pt
[2020-08-18 22:34:37,348 INFO] number of examples: 9920
[2020-08-18 22:37:04,926 INFO] Step 88000/150000; acc:  94.44; ppl:  1.11; xent: 0.11; lr: 0.00042; 2563/2081 tok/s;   5860 sec
[2020-08-18 22:37:10,728 INFO] Loading dataset from /home/dpk25/rds/hpc-work/toy_model/data_sear_small/.train.0.pt
[2020-08-18 22:37:10,773 INFO] number of examples: 9920
[2020-08-18 22:39:38,118 INFO] Step 89000/150000; acc:  94.33; ppl:  1.12; xent: 0.11; lr: 0.00042; 2565/2082 tok/s;   6014 sec
[2020-08-18 22:39:44,103 INFO] Loading dataset from /home/dpk25/rds/hpc-work/toy_model/data_sear_small/.train.0.pt
[2020-08-18 22:39:44,199 INFO] number of examples: 9920
[2020-08-18 22:42:11,542 INFO] Step 90000/150000; acc:  94.52; ppl:  1.11; xent: 0.11; lr: 0.00042; 2561/2079 tok/s;   6167 sec
[2020-08-18 22:42:11,543 INFO] Loading dataset from /home/dpk25/rds/hpc-work/toy_model/data_sear_small/.valid.0.pt
[2020-08-18 22:42:11,549 INFO] number of examples: 620
[2020-08-18 22:42:12,605 INFO] Validation perplexity: 1.08942
[2020-08-18 22:42:12,605 INFO] Validation accuracy: 97.7711
[2020-08-18 22:42:12,606 INFO] Saving checkpoint /home/dpk25/rds/hpc-work/toy_model/sear_models_small/toy_model_step_90000.pt
[2020-08-18 22:42:19,083 INFO] Loading dataset from /home/dpk25/rds/hpc-work/toy_model/data_sear_small/.train.0.pt
[2020-08-18 22:42:19,177 INFO] number of examples: 9920
[2020-08-18 22:44:46,192 INFO] Step 91000/150000; acc:  94.53; ppl:  1.11; xent: 0.10; lr: 0.00041; 2540/2062 tok/s;   6322 sec
[2020-08-18 22:44:52,456 INFO] Loading dataset from /home/dpk25/rds/hpc-work/toy_model/data_sear_small/.train.0.pt
[2020-08-18 22:44:52,557 INFO] number of examples: 9920
[2020-08-18 22:47:19,603 INFO] Step 92000/150000; acc:  94.53; ppl:  1.11; xent: 0.10; lr: 0.00041; 2561/2079 tok/s;   6475 sec
[2020-08-18 22:47:26,032 INFO] Loading dataset from /home/dpk25/rds/hpc-work/toy_model/data_sear_small/.train.0.pt
[2020-08-18 22:47:26,136 INFO] number of examples: 9920
[2020-08-18 22:49:52,917 INFO] Step 93000/150000; acc:  94.47; ppl:  1.11; xent: 0.11; lr: 0.00041; 2563/2080 tok/s;   6628 sec
[2020-08-18 22:49:59,501 INFO] Loading dataset from /home/dpk25/rds/hpc-work/toy_model/data_sear_small/.train.0.pt
[2020-08-18 22:49:59,606 INFO] number of examples: 9920
[2020-08-18 22:52:26,336 INFO] Step 94000/150000; acc:  94.43; ppl:  1.11; xent: 0.11; lr: 0.00041; 2560/2078 tok/s;   6782 sec
[2020-08-18 22:52:33,080 INFO] Loading dataset from /home/dpk25/rds/hpc-work/toy_model/data_sear_small/.train.0.pt
[2020-08-18 22:52:33,193 INFO] number of examples: 9920
[2020-08-18 22:54:59,626 INFO] Step 95000/150000; acc:  94.58; ppl:  1.11; xent: 0.10; lr: 0.00041; 2563/2081 tok/s;   6935 sec
[2020-08-18 22:54:59,628 INFO] Saving checkpoint /home/dpk25/rds/hpc-work/toy_model/sear_models_small/toy_model_step_95000.pt
[2020-08-18 22:55:06,871 INFO] Loading dataset from /home/dpk25/rds/hpc-work/toy_model/data_sear_small/.train.0.pt
[2020-08-18 22:55:06,982 INFO] number of examples: 9920
[2020-08-18 22:57:33,236 INFO] Step 96000/150000; acc:  94.60; ppl:  1.11; xent: 0.10; lr: 0.00040; 2558/2076 tok/s;   7089 sec
[2020-08-18 22:57:40,295 INFO] Loading dataset from /home/dpk25/rds/hpc-work/toy_model/data_sear_small/.train.0.pt
[2020-08-18 22:57:40,339 INFO] number of examples: 9920
[2020-08-18 23:00:06,613 INFO] Step 97000/150000; acc:  94.55; ppl:  1.11; xent: 0.10; lr: 0.00040; 2561/2079 tok/s;   7242 sec
[2020-08-18 23:00:13,819 INFO] Loading dataset from /home/dpk25/rds/hpc-work/toy_model/data_sear_small/.train.0.pt
[2020-08-18 23:00:13,864 INFO] number of examples: 9920
[2020-08-18 23:02:40,059 INFO] Step 98000/150000; acc:  94.62; ppl:  1.11; xent: 0.10; lr: 0.00040; 2560/2078 tok/s;   7395 sec
[2020-08-18 23:02:47,415 INFO] Loading dataset from /home/dpk25/rds/hpc-work/toy_model/data_sear_small/.train.0.pt
[2020-08-18 23:02:47,511 INFO] number of examples: 9920
[2020-08-18 23:05:13,478 INFO] Step 99000/150000; acc:  94.67; ppl:  1.11; xent: 0.10; lr: 0.00040; 2561/2079 tok/s;   7549 sec
[2020-08-18 23:05:20,987 INFO] Loading dataset from /home/dpk25/rds/hpc-work/toy_model/data_sear_small/.train.0.pt
[2020-08-18 23:05:21,085 INFO] number of examples: 9920
[2020-08-18 23:07:46,814 INFO] Step 100000/150000; acc:  94.64; ppl:  1.11; xent: 0.10; lr: 0.00040; 2562/2080 tok/s;   7702 sec
[2020-08-18 23:07:46,816 INFO] Loading dataset from /home/dpk25/rds/hpc-work/toy_model/data_sear_small/.valid.0.pt
[2020-08-18 23:07:46,819 INFO] number of examples: 620
[2020-08-18 23:07:47,869 INFO] Validation perplexity: 1.09142
[2020-08-18 23:07:47,869 INFO] Validation accuracy: 97.6198
[2020-08-18 23:07:47,870 INFO] Saving checkpoint /home/dpk25/rds/hpc-work/toy_model/sear_models_small/toy_model_step_100000.pt
[2020-08-18 23:07:55,832 INFO] Loading dataset from /home/dpk25/rds/hpc-work/toy_model/data_sear_small/.train.0.pt
[2020-08-18 23:07:55,932 INFO] number of examples: 9920
[2020-08-18 23:10:21,651 INFO] Step 101000/150000; acc:  94.65; ppl:  1.11; xent: 0.10; lr: 0.00039; 2537/2060 tok/s;   7857 sec
[2020-08-18 23:10:29,464 INFO] Loading dataset from /home/dpk25/rds/hpc-work/toy_model/data_sear_small/.train.0.pt
[2020-08-18 23:10:29,568 INFO] number of examples: 9920
[2020-08-18 23:12:55,048 INFO] Step 102000/150000; acc:  94.71; ppl:  1.11; xent: 0.10; lr: 0.00039; 2561/2079 tok/s;   8010 sec
[2020-08-18 23:13:03,033 INFO] Loading dataset from /home/dpk25/rds/hpc-work/toy_model/data_sear_small/.train.0.pt
[2020-08-18 23:13:03,142 INFO] number of examples: 9920
[2020-08-18 23:15:28,406 INFO] Step 103000/150000; acc:  94.71; ppl:  1.11; xent: 0.10; lr: 0.00039; 2562/2080 tok/s;   8164 sec
[2020-08-18 23:15:36,513 INFO] Loading dataset from /home/dpk25/rds/hpc-work/toy_model/data_sear_small/.train.0.pt
[2020-08-18 23:15:36,627 INFO] number of examples: 9920
[2020-08-18 23:18:01,769 INFO] Step 104000/150000; acc:  94.70; ppl:  1.11; xent: 0.10; lr: 0.00039; 2562/2080 tok/s;   8317 sec
[2020-08-18 23:18:10,020 INFO] Loading dataset from /home/dpk25/rds/hpc-work/toy_model/data_sear_small/.train.0.pt
[2020-08-18 23:18:10,065 INFO] number of examples: 9920
[2020-08-18 23:20:35,131 INFO] Step 105000/150000; acc:  94.68; ppl:  1.11; xent: 0.10; lr: 0.00039; 2562/2080 tok/s;   8471 sec
[2020-08-18 23:20:35,133 INFO] Saving checkpoint /home/dpk25/rds/hpc-work/toy_model/sear_models_small/toy_model_step_105000.pt
[2020-08-18 23:20:43,921 INFO] Loading dataset from /home/dpk25/rds/hpc-work/toy_model/data_sear_small/.train.0.pt
[2020-08-18 23:20:43,965 INFO] number of examples: 9920
[2020-08-18 23:23:08,843 INFO] Step 106000/150000; acc:  94.71; ppl:  1.11; xent: 0.10; lr: 0.00038; 2556/2075 tok/s;   8624 sec
[2020-08-18 23:23:17,402 INFO] Loading dataset from /home/dpk25/rds/hpc-work/toy_model/data_sear_small/.train.0.pt
[2020-08-18 23:23:17,447 INFO] number of examples: 9920
[2020-08-18 23:25:42,063 INFO] Step 107000/150000; acc:  94.75; ppl:  1.11; xent: 0.10; lr: 0.00038; 2564/2082 tok/s;   8777 sec
[2020-08-18 23:25:50,797 INFO] Loading dataset from /home/dpk25/rds/hpc-work/toy_model/data_sear_small/.train.0.pt
[2020-08-18 23:25:50,886 INFO] number of examples: 9920
[2020-08-18 23:28:15,509 INFO] Step 108000/150000; acc:  94.81; ppl:  1.10; xent: 0.10; lr: 0.00038; 2560/2078 tok/s;   8931 sec
[2020-08-18 23:28:24,414 INFO] Loading dataset from /home/dpk25/rds/hpc-work/toy_model/data_sear_small/.train.0.pt
[2020-08-18 23:28:24,511 INFO] number of examples: 9920
[2020-08-18 23:30:48,977 INFO] Step 109000/150000; acc:  94.79; ppl:  1.10; xent: 0.10; lr: 0.00038; 2560/2078 tok/s;   9084 sec
[2020-08-18 23:30:58,013 INFO] Loading dataset from /home/dpk25/rds/hpc-work/toy_model/data_sear_small/.train.0.pt
[2020-08-18 23:30:58,117 INFO] number of examples: 9920
[2020-08-18 23:33:22,311 INFO] Step 110000/150000; acc:  94.78; ppl:  1.10; xent: 0.10; lr: 0.00038; 2562/2080 tok/s;   9238 sec
[2020-08-18 23:33:22,313 INFO] Loading dataset from /home/dpk25/rds/hpc-work/toy_model/data_sear_small/.valid.0.pt
[2020-08-18 23:33:22,318 INFO] number of examples: 620
[2020-08-18 23:33:23,371 INFO] Validation perplexity: 1.08377
[2020-08-18 23:33:23,371 INFO] Validation accuracy: 97.9223
[2020-08-18 23:33:23,372 INFO] Saving checkpoint /home/dpk25/rds/hpc-work/toy_model/sear_models_small/toy_model_step_110000.pt
[2020-08-18 23:33:32,976 INFO] Loading dataset from /home/dpk25/rds/hpc-work/toy_model/data_sear_small/.train.0.pt
[2020-08-18 23:33:33,080 INFO] number of examples: 9920
[2020-08-18 23:35:57,158 INFO] Step 111000/150000; acc:  94.80; ppl:  1.10; xent: 0.10; lr: 0.00038; 2537/2060 tok/s;   9393 sec
[2020-08-18 23:36:06,498 INFO] Loading dataset from /home/dpk25/rds/hpc-work/toy_model/data_sear_small/.train.0.pt
[2020-08-18 23:36:06,604 INFO] number of examples: 9920
[2020-08-18 23:38:30,523 INFO] Step 112000/150000; acc:  94.79; ppl:  1.10; xent: 0.10; lr: 0.00037; 2562/2080 tok/s;   9546 sec
[2020-08-18 23:38:40,022 INFO] Loading dataset from /home/dpk25/rds/hpc-work/toy_model/data_sear_small/.train.0.pt
[2020-08-18 23:38:40,135 INFO] number of examples: 9920
[2020-08-18 23:41:03,895 INFO] Step 113000/150000; acc:  94.90; ppl:  1.10; xent: 0.10; lr: 0.00037; 2562/2079 tok/s;   9699 sec
[2020-08-18 23:41:13,546 INFO] Loading dataset from /home/dpk25/rds/hpc-work/toy_model/data_sear_small/.train.0.pt
[2020-08-18 23:41:13,591 INFO] number of examples: 9920
[2020-08-18 23:43:37,265 INFO] Step 114000/150000; acc:  94.86; ppl:  1.10; xent: 0.10; lr: 0.00037; 2562/2080 tok/s;   9853 sec
[2020-08-18 23:43:47,067 INFO] Loading dataset from /home/dpk25/rds/hpc-work/toy_model/data_sear_small/.train.0.pt
[2020-08-18 23:43:47,113 INFO] number of examples: 9920
[2020-08-18 23:46:10,624 INFO] Step 115000/150000; acc:  94.87; ppl:  1.10; xent: 0.10; lr: 0.00037; 2562/2080 tok/s;  10006 sec
[2020-08-18 23:46:10,626 INFO] Saving checkpoint /home/dpk25/rds/hpc-work/toy_model/sear_models_small/toy_model_step_115000.pt
[2020-08-18 23:46:20,954 INFO] Loading dataset from /home/dpk25/rds/hpc-work/toy_model/data_sear_small/.train.0.pt
[2020-08-18 23:46:21,048 INFO] number of examples: 9920
[2020-08-18 23:48:44,461 INFO] Step 116000/150000; acc:  94.90; ppl:  1.10; xent: 0.10; lr: 0.00037; 2554/2073 tok/s;  10160 sec
[2020-08-18 23:48:54,560 INFO] Loading dataset from /home/dpk25/rds/hpc-work/toy_model/data_sear_small/.train.0.pt
[2020-08-18 23:48:54,651 INFO] number of examples: 9920
[2020-08-18 23:51:17,795 INFO] Step 117000/150000; acc:  94.98; ppl:  1.10; xent: 0.10; lr: 0.00037; 2562/2080 tok/s;  10313 sec
[2020-08-18 23:51:28,070 INFO] Loading dataset from /home/dpk25/rds/hpc-work/toy_model/data_sear_small/.train.0.pt
[2020-08-18 23:51:28,171 INFO] number of examples: 9920
[2020-08-18 23:53:51,150 INFO] Step 118000/150000; acc:  94.98; ppl:  1.10; xent: 0.09; lr: 0.00036; 2562/2080 tok/s;  10467 sec
[2020-08-18 23:54:01,565 INFO] Loading dataset from /home/dpk25/rds/hpc-work/toy_model/data_sear_small/.train.0.pt
[2020-08-18 23:54:01,667 INFO] number of examples: 9920
[2020-08-18 23:56:24,644 INFO] Step 119000/150000; acc:  94.99; ppl:  1.10; xent: 0.09; lr: 0.00036; 2559/2077 tok/s;  10620 sec
[2020-08-18 23:56:35,213 INFO] Loading dataset from /home/dpk25/rds/hpc-work/toy_model/data_sear_small/.train.0.pt
[2020-08-18 23:56:35,317 INFO] number of examples: 9920
[2020-08-18 23:58:57,842 INFO] Step 120000/150000; acc:  95.01; ppl:  1.10; xent: 0.09; lr: 0.00036; 2565/2082 tok/s;  10773 sec
[2020-08-18 23:58:57,843 INFO] Loading dataset from /home/dpk25/rds/hpc-work/toy_model/data_sear_small/.valid.0.pt
[2020-08-18 23:58:57,848 INFO] number of examples: 620
[2020-08-18 23:58:58,891 INFO] Validation perplexity: 1.08064
[2020-08-18 23:58:58,891 INFO] Validation accuracy: 98.0484
[2020-08-18 23:58:58,893 INFO] Saving checkpoint /home/dpk25/rds/hpc-work/toy_model/sear_models_small/toy_model_step_120000.pt
[2020-08-18 23:59:10,091 INFO] Loading dataset from /home/dpk25/rds/hpc-work/toy_model/data_sear_small/.train.0.pt
[2020-08-18 23:59:10,199 INFO] number of examples: 9920
[2020-08-19 00:01:32,662 INFO] Step 121000/150000; acc:  94.99; ppl:  1.10; xent: 0.09; lr: 0.00036; 2538/2060 tok/s;  10928 sec
[2020-08-19 00:01:43,543 INFO] Loading dataset from /home/dpk25/rds/hpc-work/toy_model/data_sear_small/.train.0.pt
[2020-08-19 00:01:43,656 INFO] number of examples: 9920
[2020-08-19 00:04:06,121 INFO] Step 122000/150000; acc:  95.04; ppl:  1.10; xent: 0.09; lr: 0.00036; 2560/2078 tok/s;  11082 sec
[2020-08-19 00:04:17,155 INFO] Loading dataset from /home/dpk25/rds/hpc-work/toy_model/data_sear_small/.train.0.pt
[2020-08-19 00:04:17,200 INFO] number of examples: 9920
[2020-08-19 00:06:39,802 INFO] Step 123000/150000; acc:  95.03; ppl:  1.10; xent: 0.09; lr: 0.00036; 2556/2075 tok/s;  11235 sec
[2020-08-19 00:06:50,984 INFO] Loading dataset from /home/dpk25/rds/hpc-work/toy_model/data_sear_small/.train.0.pt
[2020-08-19 00:06:51,029 INFO] number of examples: 9920
[2020-08-19 00:09:13,010 INFO] Step 124000/150000; acc:  95.04; ppl:  1.10; xent: 0.09; lr: 0.00035; 2564/2081 tok/s;  11388 sec
[2020-08-19 00:09:24,352 INFO] Loading dataset from /home/dpk25/rds/hpc-work/toy_model/data_sear_small/.train.0.pt
[2020-08-19 00:09:24,443 INFO] number of examples: 9920
[2020-08-19 00:11:46,355 INFO] Step 125000/150000; acc:  95.08; ppl:  1.10; xent: 0.09; lr: 0.00035; 2562/2080 tok/s;  11542 sec
[2020-08-19 00:11:46,357 INFO] Saving checkpoint /home/dpk25/rds/hpc-work/toy_model/sear_models_small/toy_model_step_125000.pt
[2020-08-19 00:11:58,223 INFO] Loading dataset from /home/dpk25/rds/hpc-work/toy_model/data_sear_small/.train.0.pt
[2020-08-19 00:11:58,321 INFO] number of examples: 9920
[2020-08-19 00:14:20,177 INFO] Step 126000/150000; acc:  95.02; ppl:  1.10; xent: 0.10; lr: 0.00035; 2554/2074 tok/s;  11696 sec
[2020-08-19 00:14:31,762 INFO] Loading dataset from /home/dpk25/rds/hpc-work/toy_model/data_sear_small/.train.0.pt
[2020-08-19 00:14:31,863 INFO] number of examples: 9920
[2020-08-19 00:16:53,566 INFO] Step 127000/150000; acc:  95.08; ppl:  1.10; xent: 0.09; lr: 0.00035; 2561/2079 tok/s;  11849 sec
[2020-08-19 00:17:05,357 INFO] Loading dataset from /home/dpk25/rds/hpc-work/toy_model/data_sear_small/.train.0.pt
[2020-08-19 00:17:05,458 INFO] number of examples: 9920
[2020-08-19 00:19:26,871 INFO] Step 128000/150000; acc:  95.10; ppl:  1.10; xent: 0.09; lr: 0.00035; 2562/2080 tok/s;  12002 sec
[2020-08-19 00:19:38,796 INFO] Loading dataset from /home/dpk25/rds/hpc-work/toy_model/data_sear_small/.train.0.pt
[2020-08-19 00:19:38,904 INFO] number of examples: 9920
[2020-08-19 00:22:00,215 INFO] Step 129000/150000; acc:  95.14; ppl:  1.10; xent: 0.09; lr: 0.00035; 2562/2080 tok/s;  12156 sec
[2020-08-19 00:22:12,324 INFO] Loading dataset from /home/dpk25/rds/hpc-work/toy_model/data_sear_small/.train.0.pt
[2020-08-19 00:22:12,440 INFO] number of examples: 9920
[2020-08-19 00:24:33,649 INFO] Step 130000/150000; acc:  95.18; ppl:  1.10; xent: 0.09; lr: 0.00035; 2560/2078 tok/s;  12309 sec
[2020-08-19 00:24:33,651 INFO] Loading dataset from /home/dpk25/rds/hpc-work/toy_model/data_sear_small/.valid.0.pt
[2020-08-19 00:24:33,656 INFO] number of examples: 620
[2020-08-19 00:24:34,707 INFO] Validation perplexity: 1.08121
[2020-08-19 00:24:34,708 INFO] Validation accuracy: 98.0182
[2020-08-19 00:24:34,709 INFO] Saving checkpoint /home/dpk25/rds/hpc-work/toy_model/sear_models_small/toy_model_step_130000.pt
[2020-08-19 00:24:47,276 INFO] Loading dataset from /home/dpk25/rds/hpc-work/toy_model/data_sear_small/.train.0.pt
[2020-08-19 00:24:47,386 INFO] number of examples: 9920
[2020-08-19 00:27:08,319 INFO] Step 131000/150000; acc:  95.16; ppl:  1.10; xent: 0.09; lr: 0.00035; 2540/2062 tok/s;  12464 sec
[2020-08-19 00:27:20,726 INFO] Loading dataset from /home/dpk25/rds/hpc-work/toy_model/data_sear_small/.train.0.pt
[2020-08-19 00:27:20,772 INFO] number of examples: 9920
[2020-08-19 00:29:41,655 INFO] Step 132000/150000; acc:  95.13; ppl:  1.10; xent: 0.09; lr: 0.00034; 2562/2080 tok/s;  12617 sec
[2020-08-19 00:29:54,210 INFO] Loading dataset from /home/dpk25/rds/hpc-work/toy_model/data_sear_small/.train.0.pt
[2020-08-19 00:29:54,255 INFO] number of examples: 9920
[2020-08-19 00:32:15,099 INFO] Step 133000/150000; acc:  95.25; ppl:  1.09; xent: 0.09; lr: 0.00034; 2560/2078 tok/s;  12771 sec
[2020-08-19 00:32:27,825 INFO] Loading dataset from /home/dpk25/rds/hpc-work/toy_model/data_sear_small/.train.0.pt
[2020-08-19 00:32:27,920 INFO] number of examples: 9920
[2020-08-19 00:34:48,426 INFO] Step 134000/150000; acc:  95.23; ppl:  1.09; xent: 0.09; lr: 0.00034; 2563/2080 tok/s;  12924 sec
[2020-08-19 00:35:01,303 INFO] Loading dataset from /home/dpk25/rds/hpc-work/toy_model/data_sear_small/.train.0.pt
[2020-08-19 00:35:01,398 INFO] number of examples: 9920
[2020-08-19 00:37:21,809 INFO] Step 135000/150000; acc:  95.19; ppl:  1.10; xent: 0.09; lr: 0.00034; 2561/2079 tok/s;  13077 sec
[2020-08-19 00:37:21,811 INFO] Saving checkpoint /home/dpk25/rds/hpc-work/toy_model/sear_models_small/toy_model_step_135000.pt
[2020-08-19 00:37:35,173 INFO] Loading dataset from /home/dpk25/rds/hpc-work/toy_model/data_sear_small/.train.0.pt
[2020-08-19 00:37:35,277 INFO] number of examples: 9920
[2020-08-19 00:39:55,533 INFO] Step 136000/150000; acc:  95.26; ppl:  1.09; xent: 0.09; lr: 0.00034; 2556/2075 tok/s;  13231 sec
[2020-08-19 00:40:08,717 INFO] Loading dataset from /home/dpk25/rds/hpc-work/toy_model/data_sear_small/.train.0.pt
[2020-08-19 00:40:08,823 INFO] number of examples: 9920
[2020-08-19 00:42:28,947 INFO] Step 137000/150000; acc:  95.24; ppl:  1.09; xent: 0.09; lr: 0.00034; 2561/2079 tok/s;  13384 sec
[2020-08-19 00:42:42,298 INFO] Loading dataset from /home/dpk25/rds/hpc-work/toy_model/data_sear_small/.train.0.pt
[2020-08-19 00:42:42,408 INFO] number of examples: 9920
[2020-08-19 00:45:02,270 INFO] Step 138000/150000; acc:  95.24; ppl:  1.09; xent: 0.09; lr: 0.00034; 2562/2080 tok/s;  13538 sec
[2020-08-19 00:45:15,759 INFO] Loading dataset from /home/dpk25/rds/hpc-work/toy_model/data_sear_small/.train.0.pt
[2020-08-19 00:45:15,870 INFO] number of examples: 9920
[2020-08-19 00:47:35,675 INFO] Step 139000/150000; acc:  95.27; ppl:  1.09; xent: 0.09; lr: 0.00034; 2561/2079 tok/s;  13691 sec
[2020-08-19 00:47:49,297 INFO] Loading dataset from /home/dpk25/rds/hpc-work/toy_model/data_sear_small/.train.0.pt
[2020-08-19 00:47:49,342 INFO] number of examples: 9920
[2020-08-19 00:50:09,007 INFO] Step 140000/150000; acc:  95.29; ppl:  1.09; xent: 0.09; lr: 0.00033; 2562/2080 tok/s;  13844 sec
[2020-08-19 00:50:09,008 INFO] Loading dataset from /home/dpk25/rds/hpc-work/toy_model/data_sear_small/.valid.0.pt
[2020-08-19 00:50:09,013 INFO] number of examples: 620
[2020-08-19 00:50:10,070 INFO] Validation perplexity: 1.07708
[2020-08-19 00:50:10,070 INFO] Validation accuracy: 98.1089
[2020-08-19 00:50:10,071 INFO] Saving checkpoint /home/dpk25/rds/hpc-work/toy_model/sear_models_small/toy_model_step_140000.pt
[2020-08-19 00:50:24,270 INFO] Loading dataset from /home/dpk25/rds/hpc-work/toy_model/data_sear_small/.train.0.pt
[2020-08-19 00:50:24,315 INFO] number of examples: 9920
[2020-08-19 00:52:43,820 INFO] Step 141000/150000; acc:  95.29; ppl:  1.09; xent: 0.09; lr: 0.00033; 2538/2060 tok/s;  13999 sec
[2020-08-19 00:52:57,756 INFO] Loading dataset from /home/dpk25/rds/hpc-work/toy_model/data_sear_small/.train.0.pt
[2020-08-19 00:52:57,810 INFO] number of examples: 9920
[2020-08-19 00:55:17,131 INFO] Step 142000/150000; acc:  95.24; ppl:  1.09; xent: 0.09; lr: 0.00033; 2563/2080 tok/s;  14153 sec
[2020-08-19 00:55:31,224 INFO] Loading dataset from /home/dpk25/rds/hpc-work/toy_model/data_sear_small/.train.0.pt
[2020-08-19 00:55:31,322 INFO] number of examples: 9920
[2020-08-19 00:57:50,459 INFO] Step 143000/150000; acc:  95.26; ppl:  1.09; xent: 0.09; lr: 0.00033; 2562/2080 tok/s;  14306 sec
[2020-08-19 00:58:04,703 INFO] Loading dataset from /home/dpk25/rds/hpc-work/toy_model/data_sear_small/.train.0.pt
[2020-08-19 00:58:04,802 INFO] number of examples: 9920
[2020-08-19 01:00:23,636 INFO] Step 144000/150000; acc:  95.28; ppl:  1.09; xent: 0.09; lr: 0.00033; 2565/2082 tok/s;  14459 sec
[2020-08-19 01:00:38,023 INFO] Loading dataset from /home/dpk25/rds/hpc-work/toy_model/data_sear_small/.train.0.pt
[2020-08-19 01:00:38,125 INFO] number of examples: 9920
[2020-08-19 01:02:57,111 INFO] Step 145000/150000; acc:  95.35; ppl:  1.09; xent: 0.09; lr: 0.00033; 2560/2078 tok/s;  14613 sec
[2020-08-19 01:02:57,113 INFO] Saving checkpoint /home/dpk25/rds/hpc-work/toy_model/sear_models_small/toy_model_step_145000.pt
[2020-08-19 01:03:12,000 INFO] Loading dataset from /home/dpk25/rds/hpc-work/toy_model/data_sear_small/.train.0.pt
[2020-08-19 01:03:12,104 INFO] number of examples: 9920
[2020-08-19 01:05:30,914 INFO] Step 146000/150000; acc:  95.37; ppl:  1.09; xent: 0.09; lr: 0.00033; 2554/2074 tok/s;  14766 sec
[2020-08-19 01:05:45,598 INFO] Loading dataset from /home/dpk25/rds/hpc-work/toy_model/data_sear_small/.train.0.pt
[2020-08-19 01:05:45,709 INFO] number of examples: 9920
[2020-08-19 01:08:04,213 INFO] Step 147000/150000; acc:  95.36; ppl:  1.09; xent: 0.09; lr: 0.00033; 2563/2080 tok/s;  14920 sec
[2020-08-19 01:08:19,075 INFO] Loading dataset from /home/dpk25/rds/hpc-work/toy_model/data_sear_small/.train.0.pt
[2020-08-19 01:08:19,189 INFO] number of examples: 9920
[2020-08-19 01:10:37,608 INFO] Step 148000/150000; acc:  95.36; ppl:  1.09; xent: 0.09; lr: 0.00032; 2561/2079 tok/s;  15073 sec
[2020-08-19 01:10:52,627 INFO] Loading dataset from /home/dpk25/rds/hpc-work/toy_model/data_sear_small/.train.0.pt
[2020-08-19 01:10:52,672 INFO] number of examples: 9920
[2020-08-19 01:13:11,014 INFO] Step 149000/150000; acc:  95.41; ppl:  1.09; xent: 0.09; lr: 0.00032; 2561/2079 tok/s;  15226 sec
[2020-08-19 01:13:26,185 INFO] Loading dataset from /home/dpk25/rds/hpc-work/toy_model/data_sear_small/.train.0.pt
[2020-08-19 01:13:26,230 INFO] number of examples: 9920
[2020-08-19 01:15:44,259 INFO] Step 150000/150000; acc:  95.38; ppl:  1.09; xent: 0.09; lr: 0.00032; 2564/2081 tok/s;  15380 sec
[2020-08-19 01:15:44,260 INFO] Loading dataset from /home/dpk25/rds/hpc-work/toy_model/data_sear_small/.valid.0.pt
[2020-08-19 01:15:44,264 INFO] number of examples: 620
[2020-08-19 01:15:45,322 INFO] Validation perplexity: 1.07581
[2020-08-19 01:15:45,322 INFO] Validation accuracy: 98.1392
[2020-08-19 01:15:45,323 INFO] Saving checkpoint /home/dpk25/rds/hpc-work/toy_model/sear_models_small/toy_model_step_150000.pt
