Changed directory to /home/dpk25/MolecularTransformer2/scripts/toy_model/sear_biased.

JobID: 27569114
======
Time: Tue 18 Aug 15:26:40 BST 2020
Running on master node: gpu-e-22
Current directory: /home/dpk25/MolecularTransformer2/scripts/toy_model/sear_biased

Nodes allocated:
================
gpu-e-22

numtasks=1, numnodes=1, mpi_tasks_per_node=1 (OMP_NUM_THREADS=1)

Executing command:
==================
./train.sh 

[2020-08-18 15:26:47,828 INFO]  * src vocab size = 20
[2020-08-18 15:26:47,828 INFO]  * tgt vocab size = 20
[2020-08-18 15:26:47,828 INFO] Building model...
[2020-08-18 15:26:54,411 INFO] NMTModel(
  (encoder): TransformerEncoder(
    (embeddings): Embeddings(
      (make_embedding): Sequential(
        (emb_luts): Elementwise(
          (0): Embedding(20, 256, padding_idx=1)
        )
        (pe): PositionalEncoding(
          (dropout): Dropout(p=0.1, inplace=False)
        )
      )
    )
    (transformer): ModuleList(
      (0): TransformerEncoderLayer(
        (self_attn): MultiHeadedAttention(
          (linear_keys): Linear(in_features=256, out_features=256, bias=True)
          (linear_values): Linear(in_features=256, out_features=256, bias=True)
          (linear_query): Linear(in_features=256, out_features=256, bias=True)
          (softmax): Softmax(dim=-1)
          (dropout): Dropout(p=0.1, inplace=False)
          (final_linear): Linear(in_features=256, out_features=256, bias=True)
        )
        (feed_forward): PositionwiseFeedForward(
          (w_1): Linear(in_features=256, out_features=2048, bias=True)
          (w_2): Linear(in_features=2048, out_features=256, bias=True)
          (layer_norm): LayerNorm((256,), eps=1e-06, elementwise_affine=True)
          (dropout_1): Dropout(p=0.1, inplace=False)
          (relu): ReLU()
          (dropout_2): Dropout(p=0.1, inplace=False)
        )
        (layer_norm): LayerNorm((256,), eps=1e-06, elementwise_affine=True)
        (dropout): Dropout(p=0.1, inplace=False)
      )
      (1): TransformerEncoderLayer(
        (self_attn): MultiHeadedAttention(
          (linear_keys): Linear(in_features=256, out_features=256, bias=True)
          (linear_values): Linear(in_features=256, out_features=256, bias=True)
          (linear_query): Linear(in_features=256, out_features=256, bias=True)
          (softmax): Softmax(dim=-1)
          (dropout): Dropout(p=0.1, inplace=False)
          (final_linear): Linear(in_features=256, out_features=256, bias=True)
        )
        (feed_forward): PositionwiseFeedForward(
          (w_1): Linear(in_features=256, out_features=2048, bias=True)
          (w_2): Linear(in_features=2048, out_features=256, bias=True)
          (layer_norm): LayerNorm((256,), eps=1e-06, elementwise_affine=True)
          (dropout_1): Dropout(p=0.1, inplace=False)
          (relu): ReLU()
          (dropout_2): Dropout(p=0.1, inplace=False)
        )
        (layer_norm): LayerNorm((256,), eps=1e-06, elementwise_affine=True)
        (dropout): Dropout(p=0.1, inplace=False)
      )
      (2): TransformerEncoderLayer(
        (self_attn): MultiHeadedAttention(
          (linear_keys): Linear(in_features=256, out_features=256, bias=True)
          (linear_values): Linear(in_features=256, out_features=256, bias=True)
          (linear_query): Linear(in_features=256, out_features=256, bias=True)
          (softmax): Softmax(dim=-1)
          (dropout): Dropout(p=0.1, inplace=False)
          (final_linear): Linear(in_features=256, out_features=256, bias=True)
        )
        (feed_forward): PositionwiseFeedForward(
          (w_1): Linear(in_features=256, out_features=2048, bias=True)
          (w_2): Linear(in_features=2048, out_features=256, bias=True)
          (layer_norm): LayerNorm((256,), eps=1e-06, elementwise_affine=True)
          (dropout_1): Dropout(p=0.1, inplace=False)
          (relu): ReLU()
          (dropout_2): Dropout(p=0.1, inplace=False)
        )
        (layer_norm): LayerNorm((256,), eps=1e-06, elementwise_affine=True)
        (dropout): Dropout(p=0.1, inplace=False)
      )
      (3): TransformerEncoderLayer(
        (self_attn): MultiHeadedAttention(
          (linear_keys): Linear(in_features=256, out_features=256, bias=True)
          (linear_values): Linear(in_features=256, out_features=256, bias=True)
          (linear_query): Linear(in_features=256, out_features=256, bias=True)
          (softmax): Softmax(dim=-1)
          (dropout): Dropout(p=0.1, inplace=False)
          (final_linear): Linear(in_features=256, out_features=256, bias=True)
        )
        (feed_forward): PositionwiseFeedForward(
          (w_1): Linear(in_features=256, out_features=2048, bias=True)
          (w_2): Linear(in_features=2048, out_features=256, bias=True)
          (layer_norm): LayerNorm((256,), eps=1e-06, elementwise_affine=True)
          (dropout_1): Dropout(p=0.1, inplace=False)
          (relu): ReLU()
          (dropout_2): Dropout(p=0.1, inplace=False)
        )
        (layer_norm): LayerNorm((256,), eps=1e-06, elementwise_affine=True)
        (dropout): Dropout(p=0.1, inplace=False)
      )
    )
    (layer_norm): LayerNorm((256,), eps=1e-06, elementwise_affine=True)
  )
  (decoder): TransformerDecoder(
    (embeddings): Embeddings(
      (make_embedding): Sequential(
        (emb_luts): Elementwise(
          (0): Embedding(20, 256, padding_idx=1)
        )
        (pe): PositionalEncoding(
          (dropout): Dropout(p=0.1, inplace=False)
        )
      )
    )
    (transformer_layers): ModuleList(
      (0): TransformerDecoderLayer(
        (self_attn): MultiHeadedAttention(
          (linear_keys): Linear(in_features=256, out_features=256, bias=True)
          (linear_values): Linear(in_features=256, out_features=256, bias=True)
          (linear_query): Linear(in_features=256, out_features=256, bias=True)
          (softmax): Softmax(dim=-1)
          (dropout): Dropout(p=0.1, inplace=False)
          (final_linear): Linear(in_features=256, out_features=256, bias=True)
        )
        (context_attn): MultiHeadedAttention(
          (linear_keys): Linear(in_features=256, out_features=256, bias=True)
          (linear_values): Linear(in_features=256, out_features=256, bias=True)
          (linear_query): Linear(in_features=256, out_features=256, bias=True)
          (softmax): Softmax(dim=-1)
          (dropout): Dropout(p=0.1, inplace=False)
          (final_linear): Linear(in_features=256, out_features=256, bias=True)
        )
        (feed_forward): PositionwiseFeedForward(
          (w_1): Linear(in_features=256, out_features=2048, bias=True)
          (w_2): Linear(in_features=2048, out_features=256, bias=True)
          (layer_norm): LayerNorm((256,), eps=1e-06, elementwise_affine=True)
          (dropout_1): Dropout(p=0.1, inplace=False)
          (relu): ReLU()
          (dropout_2): Dropout(p=0.1, inplace=False)
        )
        (layer_norm_1): LayerNorm((256,), eps=1e-06, elementwise_affine=True)
        (layer_norm_2): LayerNorm((256,), eps=1e-06, elementwise_affine=True)
        (drop): Dropout(p=0.1, inplace=False)
      )
      (1): TransformerDecoderLayer(
        (self_attn): MultiHeadedAttention(
          (linear_keys): Linear(in_features=256, out_features=256, bias=True)
          (linear_values): Linear(in_features=256, out_features=256, bias=True)
          (linear_query): Linear(in_features=256, out_features=256, bias=True)
          (softmax): Softmax(dim=-1)
          (dropout): Dropout(p=0.1, inplace=False)
          (final_linear): Linear(in_features=256, out_features=256, bias=True)
        )
        (context_attn): MultiHeadedAttention(
          (linear_keys): Linear(in_features=256, out_features=256, bias=True)
          (linear_values): Linear(in_features=256, out_features=256, bias=True)
          (linear_query): Linear(in_features=256, out_features=256, bias=True)
          (softmax): Softmax(dim=-1)
          (dropout): Dropout(p=0.1, inplace=False)
          (final_linear): Linear(in_features=256, out_features=256, bias=True)
        )
        (feed_forward): PositionwiseFeedForward(
          (w_1): Linear(in_features=256, out_features=2048, bias=True)
          (w_2): Linear(in_features=2048, out_features=256, bias=True)
          (layer_norm): LayerNorm((256,), eps=1e-06, elementwise_affine=True)
          (dropout_1): Dropout(p=0.1, inplace=False)
          (relu): ReLU()
          (dropout_2): Dropout(p=0.1, inplace=False)
        )
        (layer_norm_1): LayerNorm((256,), eps=1e-06, elementwise_affine=True)
        (layer_norm_2): LayerNorm((256,), eps=1e-06, elementwise_affine=True)
        (drop): Dropout(p=0.1, inplace=False)
      )
      (2): TransformerDecoderLayer(
        (self_attn): MultiHeadedAttention(
          (linear_keys): Linear(in_features=256, out_features=256, bias=True)
          (linear_values): Linear(in_features=256, out_features=256, bias=True)
          (linear_query): Linear(in_features=256, out_features=256, bias=True)
          (softmax): Softmax(dim=-1)
          (dropout): Dropout(p=0.1, inplace=False)
          (final_linear): Linear(in_features=256, out_features=256, bias=True)
        )
        (context_attn): MultiHeadedAttention(
          (linear_keys): Linear(in_features=256, out_features=256, bias=True)
          (linear_values): Linear(in_features=256, out_features=256, bias=True)
          (linear_query): Linear(in_features=256, out_features=256, bias=True)
          (softmax): Softmax(dim=-1)
          (dropout): Dropout(p=0.1, inplace=False)
          (final_linear): Linear(in_features=256, out_features=256, bias=True)
        )
        (feed_forward): PositionwiseFeedForward(
          (w_1): Linear(in_features=256, out_features=2048, bias=True)
          (w_2): Linear(in_features=2048, out_features=256, bias=True)
          (layer_norm): LayerNorm((256,), eps=1e-06, elementwise_affine=True)
          (dropout_1): Dropout(p=0.1, inplace=False)
          (relu): ReLU()
          (dropout_2): Dropout(p=0.1, inplace=False)
        )
        (layer_norm_1): LayerNorm((256,), eps=1e-06, elementwise_affine=True)
        (layer_norm_2): LayerNorm((256,), eps=1e-06, elementwise_affine=True)
        (drop): Dropout(p=0.1, inplace=False)
      )
      (3): TransformerDecoderLayer(
        (self_attn): MultiHeadedAttention(
          (linear_keys): Linear(in_features=256, out_features=256, bias=True)
          (linear_values): Linear(in_features=256, out_features=256, bias=True)
          (linear_query): Linear(in_features=256, out_features=256, bias=True)
          (softmax): Softmax(dim=-1)
          (dropout): Dropout(p=0.1, inplace=False)
          (final_linear): Linear(in_features=256, out_features=256, bias=True)
        )
        (context_attn): MultiHeadedAttention(
          (linear_keys): Linear(in_features=256, out_features=256, bias=True)
          (linear_values): Linear(in_features=256, out_features=256, bias=True)
          (linear_query): Linear(in_features=256, out_features=256, bias=True)
          (softmax): Softmax(dim=-1)
          (dropout): Dropout(p=0.1, inplace=False)
          (final_linear): Linear(in_features=256, out_features=256, bias=True)
        )
        (feed_forward): PositionwiseFeedForward(
          (w_1): Linear(in_features=256, out_features=2048, bias=True)
          (w_2): Linear(in_features=2048, out_features=256, bias=True)
          (layer_norm): LayerNorm((256,), eps=1e-06, elementwise_affine=True)
          (dropout_1): Dropout(p=0.1, inplace=False)
          (relu): ReLU()
          (dropout_2): Dropout(p=0.1, inplace=False)
        )
        (layer_norm_1): LayerNorm((256,), eps=1e-06, elementwise_affine=True)
        (layer_norm_2): LayerNorm((256,), eps=1e-06, elementwise_affine=True)
        (drop): Dropout(p=0.1, inplace=False)
      )
    )
    (layer_norm): LayerNorm((256,), eps=1e-06, elementwise_affine=True)
  )
  (generator): Sequential(
    (0): Linear(in_features=256, out_features=20, bias=True)
    (1): Cast()
    (2): LogSoftmax()
  )
)
[2020-08-18 15:26:54,413 INFO] encoder: 5265920
[2020-08-18 15:26:54,413 INFO] decoder: 6320660
[2020-08-18 15:26:54,413 INFO] * number of parameters: 11586580
[2020-08-18 15:26:54,418 INFO] Starting training on GPU: [0]
[2020-08-18 15:26:54,418 INFO] Start training loop and validate every 10000 steps...
[2020-08-18 15:26:54,419 INFO] Loading dataset from /home/dpk25/rds/hpc-work/toy_model/data_sear_biased/.train.0.pt
[2020-08-18 15:26:54,469 INFO] number of examples: 4960
[2020-08-18 15:28:10,455 INFO] Loading dataset from /home/dpk25/rds/hpc-work/toy_model/data_sear_biased/.train.0.pt
[2020-08-18 15:28:10,513 INFO] number of examples: 4960
[2020-08-18 15:29:25,793 INFO] Loading dataset from /home/dpk25/rds/hpc-work/toy_model/data_sear_biased/.train.0.pt
[2020-08-18 15:29:25,815 INFO] number of examples: 4960
[2020-08-18 15:29:32,092 INFO] Step 1000/50000; acc:  79.42; ppl:  1.61; xent: 0.48; lr: 0.00140; 2529/2040 tok/s;    158 sec
[2020-08-18 15:30:40,089 INFO] Loading dataset from /home/dpk25/rds/hpc-work/toy_model/data_sear_biased/.train.0.pt
[2020-08-18 15:30:40,147 INFO] number of examples: 4960
[2020-08-18 15:31:54,496 INFO] Loading dataset from /home/dpk25/rds/hpc-work/toy_model/data_sear_biased/.train.0.pt
[2020-08-18 15:31:54,518 INFO] number of examples: 4960
[2020-08-18 15:32:07,403 INFO] Step 2000/50000; acc:  85.11; ppl:  1.37; xent: 0.32; lr: 0.00279; 2567/2071 tok/s;    313 sec
[2020-08-18 15:33:08,795 INFO] Loading dataset from /home/dpk25/rds/hpc-work/toy_model/data_sear_biased/.train.0.pt
[2020-08-18 15:33:08,817 INFO] number of examples: 4960
[2020-08-18 15:34:23,071 INFO] Loading dataset from /home/dpk25/rds/hpc-work/toy_model/data_sear_biased/.train.0.pt
[2020-08-18 15:34:23,125 INFO] number of examples: 4960
[2020-08-18 15:34:42,494 INFO] Step 3000/50000; acc:  85.97; ppl:  1.35; xent: 0.30; lr: 0.00228; 2572/2075 tok/s;    468 sec
[2020-08-18 15:35:37,330 INFO] Loading dataset from /home/dpk25/rds/hpc-work/toy_model/data_sear_biased/.train.0.pt
[2020-08-18 15:35:37,352 INFO] number of examples: 4960
[2020-08-18 15:36:51,591 INFO] Loading dataset from /home/dpk25/rds/hpc-work/toy_model/data_sear_biased/.train.0.pt
[2020-08-18 15:36:51,649 INFO] number of examples: 4960
[2020-08-18 15:37:17,316 INFO] Step 4000/50000; acc:  86.28; ppl:  1.33; xent: 0.29; lr: 0.00198; 2577/2080 tok/s;    623 sec
[2020-08-18 15:38:05,710 INFO] Loading dataset from /home/dpk25/rds/hpc-work/toy_model/data_sear_biased/.train.0.pt
[2020-08-18 15:38:05,733 INFO] number of examples: 4960
[2020-08-18 15:39:19,754 INFO] Loading dataset from /home/dpk25/rds/hpc-work/toy_model/data_sear_biased/.train.0.pt
[2020-08-18 15:39:19,777 INFO] number of examples: 4960
[2020-08-18 15:39:51,945 INFO] Step 5000/50000; acc:  86.48; ppl:  1.33; xent: 0.28; lr: 0.00177; 2580/2082 tok/s;    778 sec
[2020-08-18 15:39:51,947 INFO] Saving checkpoint /home/dpk25/rds/hpc-work/toy_model/sear_models_biased/toy_model_step_5000.pt
[2020-08-18 15:40:34,223 INFO] Loading dataset from /home/dpk25/rds/hpc-work/toy_model/data_sear_biased/.train.0.pt
[2020-08-18 15:40:34,246 INFO] number of examples: 4960
[2020-08-18 15:41:48,462 INFO] Loading dataset from /home/dpk25/rds/hpc-work/toy_model/data_sear_biased/.train.0.pt
[2020-08-18 15:41:48,485 INFO] number of examples: 4960
[2020-08-18 15:42:26,885 INFO] Step 6000/50000; acc:  85.83; ppl:  1.34; xent: 0.29; lr: 0.00161; 2575/2078 tok/s;    932 sec
[2020-08-18 15:43:02,313 INFO] Loading dataset from /home/dpk25/rds/hpc-work/toy_model/data_sear_biased/.train.0.pt
[2020-08-18 15:43:02,367 INFO] number of examples: 4960
[2020-08-18 15:44:16,333 INFO] Loading dataset from /home/dpk25/rds/hpc-work/toy_model/data_sear_biased/.train.0.pt
[2020-08-18 15:44:16,355 INFO] number of examples: 4960
[2020-08-18 15:45:00,578 INFO] Step 7000/50000; acc:  86.70; ppl:  1.31; xent: 0.27; lr: 0.00149; 2594/2093 tok/s;   1086 sec
[2020-08-18 15:45:29,567 INFO] Loading dataset from /home/dpk25/rds/hpc-work/toy_model/data_sear_biased/.train.0.pt
[2020-08-18 15:45:29,626 INFO] number of examples: 4960
[2020-08-18 15:46:43,715 INFO] Loading dataset from /home/dpk25/rds/hpc-work/toy_model/data_sear_biased/.train.0.pt
[2020-08-18 15:46:43,737 INFO] number of examples: 4960
[2020-08-18 15:47:34,885 INFO] Step 8000/50000; acc:  86.72; ppl:  1.31; xent: 0.27; lr: 0.00140; 2586/2087 tok/s;   1240 sec
[2020-08-18 15:47:57,535 INFO] Loading dataset from /home/dpk25/rds/hpc-work/toy_model/data_sear_biased/.train.0.pt
[2020-08-18 15:47:57,558 INFO] number of examples: 4960
[2020-08-18 15:49:11,406 INFO] Loading dataset from /home/dpk25/rds/hpc-work/toy_model/data_sear_biased/.train.0.pt
[2020-08-18 15:49:11,457 INFO] number of examples: 4960
[2020-08-18 15:50:09,246 INFO] Step 9000/50000; acc:  86.89; ppl:  1.30; xent: 0.27; lr: 0.00132; 2587/2087 tok/s;   1395 sec
[2020-08-18 15:50:25,443 INFO] Loading dataset from /home/dpk25/rds/hpc-work/toy_model/data_sear_biased/.train.0.pt
[2020-08-18 15:50:25,466 INFO] number of examples: 4960
[2020-08-18 15:51:39,591 INFO] Loading dataset from /home/dpk25/rds/hpc-work/toy_model/data_sear_biased/.train.0.pt
[2020-08-18 15:51:39,648 INFO] number of examples: 4960
[2020-08-18 15:52:43,697 INFO] Step 10000/50000; acc:  87.10; ppl:  1.29; xent: 0.26; lr: 0.00125; 2584/2085 tok/s;   1549 sec
[2020-08-18 15:52:43,698 INFO] Loading dataset from /home/dpk25/rds/hpc-work/toy_model/data_sear_biased/.valid.0.pt
[2020-08-18 15:52:43,720 INFO] number of examples: 310
[2020-08-18 15:52:44,249 INFO] Validation perplexity: 1.3612
[2020-08-18 15:52:44,249 INFO] Validation accuracy: 87.2813
[2020-08-18 15:52:44,250 INFO] Saving checkpoint /home/dpk25/rds/hpc-work/toy_model/sear_models_biased/toy_model_step_10000.pt
[2020-08-18 15:52:54,407 INFO] Loading dataset from /home/dpk25/rds/hpc-work/toy_model/data_sear_biased/.train.0.pt
[2020-08-18 15:52:54,430 INFO] number of examples: 4960
[2020-08-18 15:54:08,334 INFO] Loading dataset from /home/dpk25/rds/hpc-work/toy_model/data_sear_biased/.train.0.pt
[2020-08-18 15:54:08,395 INFO] number of examples: 4960
[2020-08-18 15:55:18,996 INFO] Step 11000/50000; acc:  86.63; ppl:  1.31; xent: 0.27; lr: 0.00119; 2569/2073 tok/s;   1705 sec
[2020-08-18 15:55:22,397 INFO] Loading dataset from /home/dpk25/rds/hpc-work/toy_model/data_sear_biased/.train.0.pt
[2020-08-18 15:55:22,420 INFO] number of examples: 4960
[2020-08-18 15:56:36,428 INFO] Loading dataset from /home/dpk25/rds/hpc-work/toy_model/data_sear_biased/.train.0.pt
[2020-08-18 15:56:36,451 INFO] number of examples: 4960
[2020-08-18 15:57:50,470 INFO] Loading dataset from /home/dpk25/rds/hpc-work/toy_model/data_sear_biased/.train.0.pt
[2020-08-18 15:57:50,492 INFO] number of examples: 4960
[2020-08-18 15:57:53,459 INFO] Step 12000/50000; acc:  87.72; ppl:  1.28; xent: 0.25; lr: 0.00114; 2581/2082 tok/s;   1859 sec
[2020-08-18 15:59:04,329 INFO] Loading dataset from /home/dpk25/rds/hpc-work/toy_model/data_sear_biased/.train.0.pt
[2020-08-18 15:59:04,378 INFO] number of examples: 4960
[2020-08-18 16:00:18,170 INFO] Loading dataset from /home/dpk25/rds/hpc-work/toy_model/data_sear_biased/.train.0.pt
[2020-08-18 16:00:18,231 INFO] number of examples: 4960
[2020-08-18 16:00:27,659 INFO] Step 13000/50000; acc:  87.01; ppl:  1.30; xent: 0.26; lr: 0.00110; 2586/2087 tok/s;   2013 sec
[2020-08-18 16:01:32,372 INFO] Loading dataset from /home/dpk25/rds/hpc-work/toy_model/data_sear_biased/.train.0.pt
[2020-08-18 16:01:32,395 INFO] number of examples: 4960
[2020-08-18 16:02:46,410 INFO] Loading dataset from /home/dpk25/rds/hpc-work/toy_model/data_sear_biased/.train.0.pt
[2020-08-18 16:02:46,469 INFO] number of examples: 4960
[2020-08-18 16:03:02,282 INFO] Step 14000/50000; acc:  88.08; ppl:  1.27; xent: 0.24; lr: 0.00106; 2578/2080 tok/s;   2168 sec
[2020-08-18 16:04:00,467 INFO] Loading dataset from /home/dpk25/rds/hpc-work/toy_model/data_sear_biased/.train.0.pt
[2020-08-18 16:04:00,490 INFO] number of examples: 4960
[2020-08-18 16:05:14,447 INFO] Loading dataset from /home/dpk25/rds/hpc-work/toy_model/data_sear_biased/.train.0.pt
[2020-08-18 16:05:14,471 INFO] number of examples: 4960
[2020-08-18 16:05:36,685 INFO] Step 15000/50000; acc:  88.08; ppl:  1.27; xent: 0.24; lr: 0.00102; 2583/2085 tok/s;   2322 sec
[2020-08-18 16:05:36,687 INFO] Saving checkpoint /home/dpk25/rds/hpc-work/toy_model/sear_models_biased/toy_model_step_15000.pt
[2020-08-18 16:06:28,994 INFO] Loading dataset from /home/dpk25/rds/hpc-work/toy_model/data_sear_biased/.train.0.pt
[2020-08-18 16:06:29,048 INFO] number of examples: 4960
[2020-08-18 16:07:42,909 INFO] Loading dataset from /home/dpk25/rds/hpc-work/toy_model/data_sear_biased/.train.0.pt
[2020-08-18 16:07:42,932 INFO] number of examples: 4960
[2020-08-18 16:08:11,495 INFO] Step 16000/50000; acc:  88.18; ppl:  1.26; xent: 0.23; lr: 0.00099; 2578/2080 tok/s;   2477 sec
[2020-08-18 16:08:56,823 INFO] Loading dataset from /home/dpk25/rds/hpc-work/toy_model/data_sear_biased/.train.0.pt
[2020-08-18 16:08:56,881 INFO] number of examples: 4960
[2020-08-18 16:10:10,891 INFO] Loading dataset from /home/dpk25/rds/hpc-work/toy_model/data_sear_biased/.train.0.pt
[2020-08-18 16:10:10,915 INFO] number of examples: 4960
[2020-08-18 16:10:45,945 INFO] Step 17000/50000; acc:  88.35; ppl:  1.26; xent: 0.23; lr: 0.00096; 2584/2085 tok/s;   2632 sec
[2020-08-18 16:11:24,955 INFO] Loading dataset from /home/dpk25/rds/hpc-work/toy_model/data_sear_biased/.train.0.pt
[2020-08-18 16:11:25,014 INFO] number of examples: 4960
[2020-08-18 16:12:38,882 INFO] Loading dataset from /home/dpk25/rds/hpc-work/toy_model/data_sear_biased/.train.0.pt
[2020-08-18 16:12:38,905 INFO] number of examples: 4960
[2020-08-18 16:13:20,308 INFO] Step 18000/50000; acc:  88.13; ppl:  1.27; xent: 0.24; lr: 0.00093; 2584/2085 tok/s;   2786 sec
[2020-08-18 16:13:52,849 INFO] Loading dataset from /home/dpk25/rds/hpc-work/toy_model/data_sear_biased/.train.0.pt
[2020-08-18 16:13:52,872 INFO] number of examples: 4960
[2020-08-18 16:15:06,498 INFO] Loading dataset from /home/dpk25/rds/hpc-work/toy_model/data_sear_biased/.train.0.pt
[2020-08-18 16:15:06,567 INFO] number of examples: 4960
[2020-08-18 16:15:54,486 INFO] Step 19000/50000; acc:  88.48; ppl:  1.26; xent: 0.23; lr: 0.00091; 2587/2087 tok/s;   2940 sec
[2020-08-18 16:16:21,195 INFO] Loading dataset from /home/dpk25/rds/hpc-work/toy_model/data_sear_biased/.train.0.pt
[2020-08-18 16:16:21,219 INFO] number of examples: 4960
[2020-08-18 16:17:35,101 INFO] Loading dataset from /home/dpk25/rds/hpc-work/toy_model/data_sear_biased/.train.0.pt
[2020-08-18 16:17:35,160 INFO] number of examples: 4960
[2020-08-18 16:18:29,289 INFO] Step 20000/50000; acc:  88.82; ppl:  1.24; xent: 0.22; lr: 0.00088; 2586/2087 tok/s;   3095 sec
[2020-08-18 16:18:29,290 INFO] Loading dataset from /home/dpk25/rds/hpc-work/toy_model/data_sear_biased/.valid.0.pt
[2020-08-18 16:18:29,293 INFO] number of examples: 310
[2020-08-18 16:18:29,815 INFO] Validation perplexity: 1.27895
[2020-08-18 16:18:29,815 INFO] Validation accuracy: 89.9053
[2020-08-18 16:18:29,817 INFO] Saving checkpoint /home/dpk25/rds/hpc-work/toy_model/sear_models_biased/toy_model_step_20000.pt
[2020-08-18 16:18:49,912 INFO] Loading dataset from /home/dpk25/rds/hpc-work/toy_model/data_sear_biased/.train.0.pt
[2020-08-18 16:18:49,935 INFO] number of examples: 4960
[2020-08-18 16:20:03,873 INFO] Loading dataset from /home/dpk25/rds/hpc-work/toy_model/data_sear_biased/.train.0.pt
[2020-08-18 16:20:03,934 INFO] number of examples: 4960
[2020-08-18 16:21:04,612 INFO] Step 21000/50000; acc:  88.83; ppl:  1.25; xent: 0.22; lr: 0.00086; 2569/2073 tok/s;   3250 sec
[2020-08-18 16:21:18,096 INFO] Loading dataset from /home/dpk25/rds/hpc-work/toy_model/data_sear_biased/.train.0.pt
[2020-08-18 16:21:18,119 INFO] number of examples: 4960
[2020-08-18 16:22:32,048 INFO] Loading dataset from /home/dpk25/rds/hpc-work/toy_model/data_sear_biased/.train.0.pt
[2020-08-18 16:22:32,071 INFO] number of examples: 4960
[2020-08-18 16:23:39,130 INFO] Step 22000/50000; acc:  88.73; ppl:  1.25; xent: 0.22; lr: 0.00084; 2583/2085 tok/s;   3405 sec
[2020-08-18 16:23:46,081 INFO] Loading dataset from /home/dpk25/rds/hpc-work/toy_model/data_sear_biased/.train.0.pt
[2020-08-18 16:23:46,135 INFO] number of examples: 4960
[2020-08-18 16:24:59,993 INFO] Loading dataset from /home/dpk25/rds/hpc-work/toy_model/data_sear_biased/.train.0.pt
[2020-08-18 16:25:00,016 INFO] number of examples: 4960
[2020-08-18 16:26:13,467 INFO] Step 23000/50000; acc:  89.02; ppl:  1.24; xent: 0.22; lr: 0.00082; 2585/2086 tok/s;   3559 sec
[2020-08-18 16:26:14,092 INFO] Loading dataset from /home/dpk25/rds/hpc-work/toy_model/data_sear_biased/.train.0.pt
[2020-08-18 16:26:14,148 INFO] number of examples: 4960
[2020-08-18 16:27:28,090 INFO] Loading dataset from /home/dpk25/rds/hpc-work/toy_model/data_sear_biased/.train.0.pt
[2020-08-18 16:27:28,112 INFO] number of examples: 4960
[2020-08-18 16:28:41,907 INFO] Loading dataset from /home/dpk25/rds/hpc-work/toy_model/data_sear_biased/.train.0.pt
[2020-08-18 16:28:41,970 INFO] number of examples: 4960
[2020-08-18 16:28:47,838 INFO] Step 24000/50000; acc:  88.73; ppl:  1.25; xent: 0.22; lr: 0.00081; 2583/2084 tok/s;   3713 sec
[2020-08-18 16:29:55,760 INFO] Loading dataset from /home/dpk25/rds/hpc-work/toy_model/data_sear_biased/.train.0.pt
[2020-08-18 16:29:55,783 INFO] number of examples: 4960
[2020-08-18 16:31:09,868 INFO] Loading dataset from /home/dpk25/rds/hpc-work/toy_model/data_sear_biased/.train.0.pt
[2020-08-18 16:31:09,891 INFO] number of examples: 4960
[2020-08-18 16:31:22,103 INFO] Step 25000/50000; acc:  89.10; ppl:  1.24; xent: 0.21; lr: 0.00079; 2584/2085 tok/s;   3868 sec
[2020-08-18 16:31:22,105 INFO] Saving checkpoint /home/dpk25/rds/hpc-work/toy_model/sear_models_biased/toy_model_step_25000.pt
[2020-08-18 16:32:24,419 INFO] Loading dataset from /home/dpk25/rds/hpc-work/toy_model/data_sear_biased/.train.0.pt
[2020-08-18 16:32:24,476 INFO] number of examples: 4960
[2020-08-18 16:33:38,296 INFO] Loading dataset from /home/dpk25/rds/hpc-work/toy_model/data_sear_biased/.train.0.pt
[2020-08-18 16:33:38,319 INFO] number of examples: 4960
[2020-08-18 16:33:57,085 INFO] Step 26000/50000; acc:  89.32; ppl:  1.23; xent: 0.21; lr: 0.00078; 2573/2076 tok/s;   4023 sec
[2020-08-18 16:34:52,256 INFO] Loading dataset from /home/dpk25/rds/hpc-work/toy_model/data_sear_biased/.train.0.pt
[2020-08-18 16:34:52,314 INFO] number of examples: 4960
[2020-08-18 16:36:06,258 INFO] Loading dataset from /home/dpk25/rds/hpc-work/toy_model/data_sear_biased/.train.0.pt
[2020-08-18 16:36:06,280 INFO] number of examples: 4960
[2020-08-18 16:36:31,222 INFO] Step 27000/50000; acc:  89.59; ppl:  1.23; xent: 0.20; lr: 0.00076; 2588/2089 tok/s;   4177 sec
[2020-08-18 16:37:20,036 INFO] Loading dataset from /home/dpk25/rds/hpc-work/toy_model/data_sear_biased/.train.0.pt
[2020-08-18 16:37:20,097 INFO] number of examples: 4960
[2020-08-18 16:38:33,914 INFO] Loading dataset from /home/dpk25/rds/hpc-work/toy_model/data_sear_biased/.train.0.pt
[2020-08-18 16:38:33,937 INFO] number of examples: 4960
[2020-08-18 16:39:05,422 INFO] Step 28000/50000; acc:  89.48; ppl:  1.23; xent: 0.21; lr: 0.00075; 2587/2088 tok/s;   4331 sec
[2020-08-18 16:39:47,827 INFO] Loading dataset from /home/dpk25/rds/hpc-work/toy_model/data_sear_biased/.train.0.pt
[2020-08-18 16:39:47,849 INFO] number of examples: 4960
[2020-08-18 16:41:01,764 INFO] Loading dataset from /home/dpk25/rds/hpc-work/toy_model/data_sear_biased/.train.0.pt
[2020-08-18 16:41:01,818 INFO] number of examples: 4960
[2020-08-18 16:41:39,668 INFO] Step 29000/50000; acc:  89.75; ppl:  1.22; xent: 0.20; lr: 0.00073; 2587/2087 tok/s;   4485 sec
[2020-08-18 16:42:15,735 INFO] Loading dataset from /home/dpk25/rds/hpc-work/toy_model/data_sear_biased/.train.0.pt
[2020-08-18 16:42:15,757 INFO] number of examples: 4960
[2020-08-18 16:43:29,560 INFO] Loading dataset from /home/dpk25/rds/hpc-work/toy_model/data_sear_biased/.train.0.pt
[2020-08-18 16:43:29,619 INFO] number of examples: 4960
[2020-08-18 16:44:13,911 INFO] Step 30000/50000; acc:  89.69; ppl:  1.22; xent: 0.20; lr: 0.00072; 2585/2086 tok/s;   4639 sec
[2020-08-18 16:44:13,911 INFO] Loading dataset from /home/dpk25/rds/hpc-work/toy_model/data_sear_biased/.valid.0.pt
[2020-08-18 16:44:13,914 INFO] number of examples: 310
[2020-08-18 16:44:14,452 INFO] Validation perplexity: 1.26192
[2020-08-18 16:44:14,452 INFO] Validation accuracy: 90.4816
[2020-08-18 16:44:14,454 INFO] Saving checkpoint /home/dpk25/rds/hpc-work/toy_model/sear_models_biased/toy_model_step_30000.pt
[2020-08-18 16:44:43,807 INFO] Loading dataset from /home/dpk25/rds/hpc-work/toy_model/data_sear_biased/.train.0.pt
[2020-08-18 16:44:43,829 INFO] number of examples: 4960
[2020-08-18 16:45:57,768 INFO] Loading dataset from /home/dpk25/rds/hpc-work/toy_model/data_sear_biased/.train.0.pt
[2020-08-18 16:45:57,830 INFO] number of examples: 4960
[2020-08-18 16:46:48,376 INFO] Step 31000/50000; acc:  89.27; ppl:  1.23; xent: 0.21; lr: 0.00071; 2582/2084 tok/s;   4794 sec
[2020-08-18 16:47:11,665 INFO] Loading dataset from /home/dpk25/rds/hpc-work/toy_model/data_sear_biased/.train.0.pt
[2020-08-18 16:47:11,688 INFO] number of examples: 4960
[2020-08-18 16:48:25,600 INFO] Loading dataset from /home/dpk25/rds/hpc-work/toy_model/data_sear_biased/.train.0.pt
[2020-08-18 16:48:25,622 INFO] number of examples: 4960
[2020-08-18 16:49:22,707 INFO] Step 32000/50000; acc:  89.46; ppl:  1.23; xent: 0.21; lr: 0.00070; 2587/2088 tok/s;   4948 sec
[2020-08-18 16:49:39,451 INFO] Loading dataset from /home/dpk25/rds/hpc-work/toy_model/data_sear_biased/.train.0.pt
[2020-08-18 16:49:39,508 INFO] number of examples: 4960
[2020-08-18 16:50:53,438 INFO] Loading dataset from /home/dpk25/rds/hpc-work/toy_model/data_sear_biased/.train.0.pt
[2020-08-18 16:50:53,461 INFO] number of examples: 4960
[2020-08-18 16:51:56,883 INFO] Step 33000/50000; acc:  89.56; ppl:  1.22; xent: 0.20; lr: 0.00069; 2589/2089 tok/s;   5102 sec
[2020-08-18 16:52:07,358 INFO] Loading dataset from /home/dpk25/rds/hpc-work/toy_model/data_sear_biased/.train.0.pt
[2020-08-18 16:52:07,418 INFO] number of examples: 4960
[2020-08-18 16:53:21,299 INFO] Loading dataset from /home/dpk25/rds/hpc-work/toy_model/data_sear_biased/.train.0.pt
[2020-08-18 16:53:21,322 INFO] number of examples: 4960
[2020-08-18 16:54:31,175 INFO] Step 34000/50000; acc:  90.02; ppl:  1.22; xent: 0.20; lr: 0.00068; 2586/2086 tok/s;   5257 sec
[2020-08-18 16:54:35,191 INFO] Loading dataset from /home/dpk25/rds/hpc-work/toy_model/data_sear_biased/.train.0.pt
[2020-08-18 16:54:35,214 INFO] number of examples: 4960
[2020-08-18 16:55:49,435 INFO] Loading dataset from /home/dpk25/rds/hpc-work/toy_model/data_sear_biased/.train.0.pt
[2020-08-18 16:55:49,458 INFO] number of examples: 4960
[2020-08-18 16:57:03,364 INFO] Loading dataset from /home/dpk25/rds/hpc-work/toy_model/data_sear_biased/.train.0.pt
[2020-08-18 16:57:03,388 INFO] number of examples: 4960
[2020-08-18 16:57:05,750 INFO] Step 35000/50000; acc:  89.98; ppl:  1.22; xent: 0.20; lr: 0.00067; 2580/2082 tok/s;   5411 sec
[2020-08-18 16:57:05,751 INFO] Saving checkpoint /home/dpk25/rds/hpc-work/toy_model/sear_models_biased/toy_model_step_35000.pt
[2020-08-18 16:58:17,695 INFO] Loading dataset from /home/dpk25/rds/hpc-work/toy_model/data_sear_biased/.train.0.pt
[2020-08-18 16:58:17,749 INFO] number of examples: 4960
[2020-08-18 16:59:31,599 INFO] Loading dataset from /home/dpk25/rds/hpc-work/toy_model/data_sear_biased/.train.0.pt
[2020-08-18 16:59:31,622 INFO] number of examples: 4960
[2020-08-18 16:59:40,467 INFO] Step 36000/50000; acc:  90.25; ppl:  1.21; xent: 0.19; lr: 0.00066; 2577/2080 tok/s;   5566 sec
[2020-08-18 17:00:45,765 INFO] Loading dataset from /home/dpk25/rds/hpc-work/toy_model/data_sear_biased/.train.0.pt
[2020-08-18 17:00:45,826 INFO] number of examples: 4960
[2020-08-18 17:01:59,998 INFO] Loading dataset from /home/dpk25/rds/hpc-work/toy_model/data_sear_biased/.train.0.pt
[2020-08-18 17:02:00,021 INFO] number of examples: 4960
[2020-08-18 17:02:15,215 INFO] Step 37000/50000; acc:  90.33; ppl:  1.21; xent: 0.19; lr: 0.00065; 2576/2078 tok/s;   5721 sec
[2020-08-18 17:03:14,142 INFO] Loading dataset from /home/dpk25/rds/hpc-work/toy_model/data_sear_biased/.train.0.pt
[2020-08-18 17:03:14,165 INFO] number of examples: 4960
[2020-08-18 17:04:28,311 INFO] Loading dataset from /home/dpk25/rds/hpc-work/toy_model/data_sear_biased/.train.0.pt
[2020-08-18 17:04:28,335 INFO] number of examples: 4960
[2020-08-18 17:04:50,037 INFO] Step 38000/50000; acc:  90.27; ppl:  1.21; xent: 0.19; lr: 0.00064; 2576/2079 tok/s;   5876 sec
[2020-08-18 17:05:42,706 INFO] Loading dataset from /home/dpk25/rds/hpc-work/toy_model/data_sear_biased/.train.0.pt
[2020-08-18 17:05:42,730 INFO] number of examples: 4960
[2020-08-18 17:06:56,820 INFO] Loading dataset from /home/dpk25/rds/hpc-work/toy_model/data_sear_biased/.train.0.pt
[2020-08-18 17:06:56,878 INFO] number of examples: 4960
[2020-08-18 17:07:24,865 INFO] Step 39000/50000; acc:  90.56; ppl:  1.20; xent: 0.18; lr: 0.00063; 2577/2080 tok/s;   6030 sec
[2020-08-18 17:08:10,788 INFO] Loading dataset from /home/dpk25/rds/hpc-work/toy_model/data_sear_biased/.train.0.pt
[2020-08-18 17:08:10,811 INFO] number of examples: 4960
[2020-08-18 17:09:24,782 INFO] Loading dataset from /home/dpk25/rds/hpc-work/toy_model/data_sear_biased/.train.0.pt
[2020-08-18 17:09:24,841 INFO] number of examples: 4960
[2020-08-18 17:09:59,281 INFO] Step 40000/50000; acc:  90.39; ppl:  1.21; xent: 0.19; lr: 0.00062; 2584/2085 tok/s;   6185 sec
[2020-08-18 17:09:59,282 INFO] Loading dataset from /home/dpk25/rds/hpc-work/toy_model/data_sear_biased/.valid.0.pt
[2020-08-18 17:09:59,285 INFO] number of examples: 310
[2020-08-18 17:09:59,805 INFO] Validation perplexity: 1.24564
[2020-08-18 17:09:59,805 INFO] Validation accuracy: 91.3357
[2020-08-18 17:09:59,806 INFO] Saving checkpoint /home/dpk25/rds/hpc-work/toy_model/sear_models_biased/toy_model_step_40000.pt
[2020-08-18 17:10:39,738 INFO] Loading dataset from /home/dpk25/rds/hpc-work/toy_model/data_sear_biased/.train.0.pt
[2020-08-18 17:10:39,761 INFO] number of examples: 4960
[2020-08-18 17:11:53,791 INFO] Loading dataset from /home/dpk25/rds/hpc-work/toy_model/data_sear_biased/.train.0.pt
[2020-08-18 17:11:53,814 INFO] number of examples: 4960
[2020-08-18 17:12:34,627 INFO] Step 41000/50000; acc:  90.55; ppl:  1.20; xent: 0.18; lr: 0.00062; 2568/2072 tok/s;   6340 sec
[2020-08-18 17:13:07,828 INFO] Loading dataset from /home/dpk25/rds/hpc-work/toy_model/data_sear_biased/.train.0.pt
[2020-08-18 17:13:07,851 INFO] number of examples: 4960
[2020-08-18 17:14:21,706 INFO] Loading dataset from /home/dpk25/rds/hpc-work/toy_model/data_sear_biased/.train.0.pt
[2020-08-18 17:14:21,730 INFO] number of examples: 4960
[2020-08-18 17:15:08,130 INFO] Step 42000/50000; acc:  90.61; ppl:  1.20; xent: 0.18; lr: 0.00061; 2598/2096 tok/s;   6494 sec
[2020-08-18 17:15:34,965 INFO] Loading dataset from /home/dpk25/rds/hpc-work/toy_model/data_sear_biased/.train.0.pt
[2020-08-18 17:15:35,021 INFO] number of examples: 4960
[2020-08-18 17:16:49,003 INFO] Loading dataset from /home/dpk25/rds/hpc-work/toy_model/data_sear_biased/.train.0.pt
[2020-08-18 17:16:49,026 INFO] number of examples: 4960
[2020-08-18 17:17:42,573 INFO] Step 43000/50000; acc:  90.75; ppl:  1.20; xent: 0.18; lr: 0.00060; 2583/2085 tok/s;   6648 sec
[2020-08-18 17:18:02,932 INFO] Loading dataset from /home/dpk25/rds/hpc-work/toy_model/data_sear_biased/.train.0.pt
[2020-08-18 17:18:02,995 INFO] number of examples: 4960
[2020-08-18 17:19:16,920 INFO] Loading dataset from /home/dpk25/rds/hpc-work/toy_model/data_sear_biased/.train.0.pt
[2020-08-18 17:19:16,942 INFO] number of examples: 4960
[2020-08-18 17:20:16,983 INFO] Step 44000/50000; acc:  90.85; ppl:  1.20; xent: 0.18; lr: 0.00060; 2585/2085 tok/s;   6803 sec
[2020-08-18 17:20:31,037 INFO] Loading dataset from /home/dpk25/rds/hpc-work/toy_model/data_sear_biased/.train.0.pt
[2020-08-18 17:20:31,061 INFO] number of examples: 4960
[2020-08-18 17:21:45,040 INFO] Loading dataset from /home/dpk25/rds/hpc-work/toy_model/data_sear_biased/.train.0.pt
[2020-08-18 17:21:45,092 INFO] number of examples: 4960
[2020-08-18 17:22:51,487 INFO] Step 45000/50000; acc:  90.91; ppl:  1.19; xent: 0.18; lr: 0.00059; 2584/2085 tok/s;   6957 sec
[2020-08-18 17:22:51,489 INFO] Saving checkpoint /home/dpk25/rds/hpc-work/toy_model/sear_models_biased/toy_model_step_45000.pt
[2020-08-18 17:23:17,098 INFO] Loading dataset from /home/dpk25/rds/hpc-work/toy_model/data_sear_biased/.train.0.pt
[2020-08-18 17:23:17,120 INFO] number of examples: 4960
[2020-08-18 17:24:31,234 INFO] Loading dataset from /home/dpk25/rds/hpc-work/toy_model/data_sear_biased/.train.0.pt
[2020-08-18 17:24:31,292 INFO] number of examples: 4960
[2020-08-18 17:25:44,159 INFO] Step 46000/50000; acc:  90.97; ppl:  1.19; xent: 0.18; lr: 0.00058; 2311/1865 tok/s;   7130 sec
[2020-08-18 17:25:45,385 INFO] Loading dataset from /home/dpk25/rds/hpc-work/toy_model/data_sear_biased/.train.0.pt
[2020-08-18 17:25:45,409 INFO] number of examples: 4960
[2020-08-18 17:26:59,434 INFO] Loading dataset from /home/dpk25/rds/hpc-work/toy_model/data_sear_biased/.train.0.pt
[2020-08-18 17:26:59,497 INFO] number of examples: 4960
[2020-08-18 17:28:13,482 INFO] Loading dataset from /home/dpk25/rds/hpc-work/toy_model/data_sear_biased/.train.0.pt
[2020-08-18 17:28:13,505 INFO] number of examples: 4960
[2020-08-18 17:28:18,766 INFO] Step 47000/50000; acc:  91.02; ppl:  1.19; xent: 0.18; lr: 0.00058; 2578/2080 tok/s;   7284 sec
[2020-08-18 17:29:27,440 INFO] Loading dataset from /home/dpk25/rds/hpc-work/toy_model/data_sear_biased/.train.0.pt
[2020-08-18 17:29:27,463 INFO] number of examples: 4960
[2020-08-18 17:30:41,313 INFO] Loading dataset from /home/dpk25/rds/hpc-work/toy_model/data_sear_biased/.train.0.pt
[2020-08-18 17:30:41,366 INFO] number of examples: 4960
[2020-08-18 17:30:52,966 INFO] Step 48000/50000; acc:  91.06; ppl:  1.19; xent: 0.17; lr: 0.00057; 2586/2087 tok/s;   7439 sec
[2020-08-18 17:31:55,333 INFO] Loading dataset from /home/dpk25/rds/hpc-work/toy_model/data_sear_biased/.train.0.pt
[2020-08-18 17:31:55,356 INFO] number of examples: 4960
[2020-08-18 17:33:09,317 INFO] Loading dataset from /home/dpk25/rds/hpc-work/toy_model/data_sear_biased/.train.0.pt
[2020-08-18 17:33:09,376 INFO] number of examples: 4960
[2020-08-18 17:33:27,489 INFO] Step 49000/50000; acc:  91.17; ppl:  1.19; xent: 0.17; lr: 0.00056; 2580/2082 tok/s;   7593 sec
[2020-08-18 17:34:23,417 INFO] Loading dataset from /home/dpk25/rds/hpc-work/toy_model/data_sear_biased/.train.0.pt
[2020-08-18 17:34:23,439 INFO] number of examples: 4960
[2020-08-18 17:35:37,521 INFO] Loading dataset from /home/dpk25/rds/hpc-work/toy_model/data_sear_biased/.train.0.pt
[2020-08-18 17:35:37,731 INFO] number of examples: 4960
[2020-08-18 17:36:02,168 INFO] Step 50000/50000; acc:  91.26; ppl:  1.19; xent: 0.17; lr: 0.00056; 2579/2082 tok/s;   7748 sec
[2020-08-18 17:36:02,169 INFO] Loading dataset from /home/dpk25/rds/hpc-work/toy_model/data_sear_biased/.valid.0.pt
[2020-08-18 17:36:02,172 INFO] number of examples: 310
[2020-08-18 17:36:02,704 INFO] Validation perplexity: 1.21566
[2020-08-18 17:36:02,704 INFO] Validation accuracy: 92.4779
[2020-08-18 17:36:02,705 INFO] Saving checkpoint /home/dpk25/rds/hpc-work/toy_model/sear_models_biased/toy_model_step_50000.pt
