Changed directory to /home/dpk25/MolecularTransformer2/scripts/toy_model/sear_supBiased.

JobID: 27582966
======
Time: Tue 18 Aug 21:17:06 BST 2020
Running on master node: gpu-e-46
Current directory: /home/dpk25/MolecularTransformer2/scripts/toy_model/sear_supBiased

Nodes allocated:
================
gpu-e-46

numtasks=1, numnodes=1, mpi_tasks_per_node=1 (OMP_NUM_THREADS=1)

Executing command:
==================
./train.sh 

[2020-08-18 21:17:08,189 INFO] Loading checkpoint from /home/dpk25/rds/hpc-work/toy_model/sear_models_supBiased/toy_model_step_50000.pt
[2020-08-18 21:17:08,292 INFO] Loading vocab from checkpoint at /home/dpk25/rds/hpc-work/toy_model/sear_models_supBiased/toy_model_step_50000.pt.
[2020-08-18 21:17:08,292 INFO]  * src vocab size = 18
[2020-08-18 21:17:08,292 INFO]  * tgt vocab size = 18
[2020-08-18 21:17:08,292 INFO] Building model...
[2020-08-18 21:17:10,497 INFO] NMTModel(
  (encoder): TransformerEncoder(
    (embeddings): Embeddings(
      (make_embedding): Sequential(
        (emb_luts): Elementwise(
          (0): Embedding(18, 256, padding_idx=1)
        )
        (pe): PositionalEncoding(
          (dropout): Dropout(p=0.1, inplace=False)
        )
      )
    )
    (transformer): ModuleList(
      (0): TransformerEncoderLayer(
        (self_attn): MultiHeadedAttention(
          (linear_keys): Linear(in_features=256, out_features=256, bias=True)
          (linear_values): Linear(in_features=256, out_features=256, bias=True)
          (linear_query): Linear(in_features=256, out_features=256, bias=True)
          (softmax): Softmax(dim=-1)
          (dropout): Dropout(p=0.1, inplace=False)
          (final_linear): Linear(in_features=256, out_features=256, bias=True)
        )
        (feed_forward): PositionwiseFeedForward(
          (w_1): Linear(in_features=256, out_features=2048, bias=True)
          (w_2): Linear(in_features=2048, out_features=256, bias=True)
          (layer_norm): LayerNorm((256,), eps=1e-06, elementwise_affine=True)
          (dropout_1): Dropout(p=0.1, inplace=False)
          (relu): ReLU()
          (dropout_2): Dropout(p=0.1, inplace=False)
        )
        (layer_norm): LayerNorm((256,), eps=1e-06, elementwise_affine=True)
        (dropout): Dropout(p=0.1, inplace=False)
      )
      (1): TransformerEncoderLayer(
        (self_attn): MultiHeadedAttention(
          (linear_keys): Linear(in_features=256, out_features=256, bias=True)
          (linear_values): Linear(in_features=256, out_features=256, bias=True)
          (linear_query): Linear(in_features=256, out_features=256, bias=True)
          (softmax): Softmax(dim=-1)
          (dropout): Dropout(p=0.1, inplace=False)
          (final_linear): Linear(in_features=256, out_features=256, bias=True)
        )
        (feed_forward): PositionwiseFeedForward(
          (w_1): Linear(in_features=256, out_features=2048, bias=True)
          (w_2): Linear(in_features=2048, out_features=256, bias=True)
          (layer_norm): LayerNorm((256,), eps=1e-06, elementwise_affine=True)
          (dropout_1): Dropout(p=0.1, inplace=False)
          (relu): ReLU()
          (dropout_2): Dropout(p=0.1, inplace=False)
        )
        (layer_norm): LayerNorm((256,), eps=1e-06, elementwise_affine=True)
        (dropout): Dropout(p=0.1, inplace=False)
      )
      (2): TransformerEncoderLayer(
        (self_attn): MultiHeadedAttention(
          (linear_keys): Linear(in_features=256, out_features=256, bias=True)
          (linear_values): Linear(in_features=256, out_features=256, bias=True)
          (linear_query): Linear(in_features=256, out_features=256, bias=True)
          (softmax): Softmax(dim=-1)
          (dropout): Dropout(p=0.1, inplace=False)
          (final_linear): Linear(in_features=256, out_features=256, bias=True)
        )
        (feed_forward): PositionwiseFeedForward(
          (w_1): Linear(in_features=256, out_features=2048, bias=True)
          (w_2): Linear(in_features=2048, out_features=256, bias=True)
          (layer_norm): LayerNorm((256,), eps=1e-06, elementwise_affine=True)
          (dropout_1): Dropout(p=0.1, inplace=False)
          (relu): ReLU()
          (dropout_2): Dropout(p=0.1, inplace=False)
        )
        (layer_norm): LayerNorm((256,), eps=1e-06, elementwise_affine=True)
        (dropout): Dropout(p=0.1, inplace=False)
      )
      (3): TransformerEncoderLayer(
        (self_attn): MultiHeadedAttention(
          (linear_keys): Linear(in_features=256, out_features=256, bias=True)
          (linear_values): Linear(in_features=256, out_features=256, bias=True)
          (linear_query): Linear(in_features=256, out_features=256, bias=True)
          (softmax): Softmax(dim=-1)
          (dropout): Dropout(p=0.1, inplace=False)
          (final_linear): Linear(in_features=256, out_features=256, bias=True)
        )
        (feed_forward): PositionwiseFeedForward(
          (w_1): Linear(in_features=256, out_features=2048, bias=True)
          (w_2): Linear(in_features=2048, out_features=256, bias=True)
          (layer_norm): LayerNorm((256,), eps=1e-06, elementwise_affine=True)
          (dropout_1): Dropout(p=0.1, inplace=False)
          (relu): ReLU()
          (dropout_2): Dropout(p=0.1, inplace=False)
        )
        (layer_norm): LayerNorm((256,), eps=1e-06, elementwise_affine=True)
        (dropout): Dropout(p=0.1, inplace=False)
      )
    )
    (layer_norm): LayerNorm((256,), eps=1e-06, elementwise_affine=True)
  )
  (decoder): TransformerDecoder(
    (embeddings): Embeddings(
      (make_embedding): Sequential(
        (emb_luts): Elementwise(
          (0): Embedding(18, 256, padding_idx=1)
        )
        (pe): PositionalEncoding(
          (dropout): Dropout(p=0.1, inplace=False)
        )
      )
    )
    (transformer_layers): ModuleList(
      (0): TransformerDecoderLayer(
        (self_attn): MultiHeadedAttention(
          (linear_keys): Linear(in_features=256, out_features=256, bias=True)
          (linear_values): Linear(in_features=256, out_features=256, bias=True)
          (linear_query): Linear(in_features=256, out_features=256, bias=True)
          (softmax): Softmax(dim=-1)
          (dropout): Dropout(p=0.1, inplace=False)
          (final_linear): Linear(in_features=256, out_features=256, bias=True)
        )
        (context_attn): MultiHeadedAttention(
          (linear_keys): Linear(in_features=256, out_features=256, bias=True)
          (linear_values): Linear(in_features=256, out_features=256, bias=True)
          (linear_query): Linear(in_features=256, out_features=256, bias=True)
          (softmax): Softmax(dim=-1)
          (dropout): Dropout(p=0.1, inplace=False)
          (final_linear): Linear(in_features=256, out_features=256, bias=True)
        )
        (feed_forward): PositionwiseFeedForward(
          (w_1): Linear(in_features=256, out_features=2048, bias=True)
          (w_2): Linear(in_features=2048, out_features=256, bias=True)
          (layer_norm): LayerNorm((256,), eps=1e-06, elementwise_affine=True)
          (dropout_1): Dropout(p=0.1, inplace=False)
          (relu): ReLU()
          (dropout_2): Dropout(p=0.1, inplace=False)
        )
        (layer_norm_1): LayerNorm((256,), eps=1e-06, elementwise_affine=True)
        (layer_norm_2): LayerNorm((256,), eps=1e-06, elementwise_affine=True)
        (drop): Dropout(p=0.1, inplace=False)
      )
      (1): TransformerDecoderLayer(
        (self_attn): MultiHeadedAttention(
          (linear_keys): Linear(in_features=256, out_features=256, bias=True)
          (linear_values): Linear(in_features=256, out_features=256, bias=True)
          (linear_query): Linear(in_features=256, out_features=256, bias=True)
          (softmax): Softmax(dim=-1)
          (dropout): Dropout(p=0.1, inplace=False)
          (final_linear): Linear(in_features=256, out_features=256, bias=True)
        )
        (context_attn): MultiHeadedAttention(
          (linear_keys): Linear(in_features=256, out_features=256, bias=True)
          (linear_values): Linear(in_features=256, out_features=256, bias=True)
          (linear_query): Linear(in_features=256, out_features=256, bias=True)
          (softmax): Softmax(dim=-1)
          (dropout): Dropout(p=0.1, inplace=False)
          (final_linear): Linear(in_features=256, out_features=256, bias=True)
        )
        (feed_forward): PositionwiseFeedForward(
          (w_1): Linear(in_features=256, out_features=2048, bias=True)
          (w_2): Linear(in_features=2048, out_features=256, bias=True)
          (layer_norm): LayerNorm((256,), eps=1e-06, elementwise_affine=True)
          (dropout_1): Dropout(p=0.1, inplace=False)
          (relu): ReLU()
          (dropout_2): Dropout(p=0.1, inplace=False)
        )
        (layer_norm_1): LayerNorm((256,), eps=1e-06, elementwise_affine=True)
        (layer_norm_2): LayerNorm((256,), eps=1e-06, elementwise_affine=True)
        (drop): Dropout(p=0.1, inplace=False)
      )
      (2): TransformerDecoderLayer(
        (self_attn): MultiHeadedAttention(
          (linear_keys): Linear(in_features=256, out_features=256, bias=True)
          (linear_values): Linear(in_features=256, out_features=256, bias=True)
          (linear_query): Linear(in_features=256, out_features=256, bias=True)
          (softmax): Softmax(dim=-1)
          (dropout): Dropout(p=0.1, inplace=False)
          (final_linear): Linear(in_features=256, out_features=256, bias=True)
        )
        (context_attn): MultiHeadedAttention(
          (linear_keys): Linear(in_features=256, out_features=256, bias=True)
          (linear_values): Linear(in_features=256, out_features=256, bias=True)
          (linear_query): Linear(in_features=256, out_features=256, bias=True)
          (softmax): Softmax(dim=-1)
          (dropout): Dropout(p=0.1, inplace=False)
          (final_linear): Linear(in_features=256, out_features=256, bias=True)
        )
        (feed_forward): PositionwiseFeedForward(
          (w_1): Linear(in_features=256, out_features=2048, bias=True)
          (w_2): Linear(in_features=2048, out_features=256, bias=True)
          (layer_norm): LayerNorm((256,), eps=1e-06, elementwise_affine=True)
          (dropout_1): Dropout(p=0.1, inplace=False)
          (relu): ReLU()
          (dropout_2): Dropout(p=0.1, inplace=False)
        )
        (layer_norm_1): LayerNorm((256,), eps=1e-06, elementwise_affine=True)
        (layer_norm_2): LayerNorm((256,), eps=1e-06, elementwise_affine=True)
        (drop): Dropout(p=0.1, inplace=False)
      )
      (3): TransformerDecoderLayer(
        (self_attn): MultiHeadedAttention(
          (linear_keys): Linear(in_features=256, out_features=256, bias=True)
          (linear_values): Linear(in_features=256, out_features=256, bias=True)
          (linear_query): Linear(in_features=256, out_features=256, bias=True)
          (softmax): Softmax(dim=-1)
          (dropout): Dropout(p=0.1, inplace=False)
          (final_linear): Linear(in_features=256, out_features=256, bias=True)
        )
        (context_attn): MultiHeadedAttention(
          (linear_keys): Linear(in_features=256, out_features=256, bias=True)
          (linear_values): Linear(in_features=256, out_features=256, bias=True)
          (linear_query): Linear(in_features=256, out_features=256, bias=True)
          (softmax): Softmax(dim=-1)
          (dropout): Dropout(p=0.1, inplace=False)
          (final_linear): Linear(in_features=256, out_features=256, bias=True)
        )
        (feed_forward): PositionwiseFeedForward(
          (w_1): Linear(in_features=256, out_features=2048, bias=True)
          (w_2): Linear(in_features=2048, out_features=256, bias=True)
          (layer_norm): LayerNorm((256,), eps=1e-06, elementwise_affine=True)
          (dropout_1): Dropout(p=0.1, inplace=False)
          (relu): ReLU()
          (dropout_2): Dropout(p=0.1, inplace=False)
        )
        (layer_norm_1): LayerNorm((256,), eps=1e-06, elementwise_affine=True)
        (layer_norm_2): LayerNorm((256,), eps=1e-06, elementwise_affine=True)
        (drop): Dropout(p=0.1, inplace=False)
      )
    )
    (layer_norm): LayerNorm((256,), eps=1e-06, elementwise_affine=True)
  )
  (generator): Sequential(
    (0): Linear(in_features=256, out_features=18, bias=True)
    (1): Cast()
    (2): LogSoftmax()
  )
)
[2020-08-18 21:17:10,499 INFO] encoder: 5265408
[2020-08-18 21:17:10,499 INFO] decoder: 6320146
[2020-08-18 21:17:10,499 INFO] * number of parameters: 11585554
[2020-08-18 21:17:10,590 INFO] Starting training on GPU: [0]
[2020-08-18 21:17:10,590 INFO] Start training loop and validate every 10000 steps...
[2020-08-18 21:17:10,590 INFO] Loading dataset from /home/dpk25/rds/hpc-work/toy_model/data_sear_supBiased/.train.0.pt
[2020-08-18 21:17:10,649 INFO] number of examples: 4848
[2020-08-18 21:18:28,388 INFO] Loading dataset from /home/dpk25/rds/hpc-work/toy_model/data_sear_supBiased/.train.0.pt
[2020-08-18 21:18:28,449 INFO] number of examples: 4848
[2020-08-18 21:19:45,870 INFO] Loading dataset from /home/dpk25/rds/hpc-work/toy_model/data_sear_supBiased/.train.0.pt
[2020-08-18 21:19:45,892 INFO] number of examples: 4848
[2020-08-18 21:19:57,975 INFO] Step 51000/150000; acc:  93.05; ppl:  1.14; xent: 0.14; lr: 0.00055; 2387/1922 tok/s;    167 sec
[2020-08-18 21:21:03,342 INFO] Loading dataset from /home/dpk25/rds/hpc-work/toy_model/data_sear_supBiased/.train.0.pt
[2020-08-18 21:21:03,406 INFO] number of examples: 4848
[2020-08-18 21:22:21,111 INFO] Loading dataset from /home/dpk25/rds/hpc-work/toy_model/data_sear_supBiased/.train.0.pt
[2020-08-18 21:22:21,134 INFO] number of examples: 4848
[2020-08-18 21:22:45,107 INFO] Step 52000/150000; acc:  93.17; ppl:  1.14; xent: 0.13; lr: 0.00055; 2393/1927 tok/s;    335 sec
[2020-08-18 21:23:38,744 INFO] Loading dataset from /home/dpk25/rds/hpc-work/toy_model/data_sear_supBiased/.train.0.pt
[2020-08-18 21:23:38,767 INFO] number of examples: 4848
[2020-08-18 21:24:56,437 INFO] Loading dataset from /home/dpk25/rds/hpc-work/toy_model/data_sear_supBiased/.train.0.pt
[2020-08-18 21:24:56,497 INFO] number of examples: 4848
[2020-08-18 21:25:32,551 INFO] Step 53000/150000; acc:  93.18; ppl:  1.14; xent: 0.13; lr: 0.00054; 2392/1925 tok/s;    502 sec
[2020-08-18 21:26:14,202 INFO] Loading dataset from /home/dpk25/rds/hpc-work/toy_model/data_sear_supBiased/.train.0.pt
[2020-08-18 21:26:14,224 INFO] number of examples: 4848
[2020-08-18 21:27:31,896 INFO] Loading dataset from /home/dpk25/rds/hpc-work/toy_model/data_sear_supBiased/.train.0.pt
[2020-08-18 21:27:31,960 INFO] number of examples: 4848
[2020-08-18 21:28:19,472 INFO] Step 54000/150000; acc:  93.28; ppl:  1.14; xent: 0.13; lr: 0.00054; 2397/1931 tok/s;    669 sec
[2020-08-18 21:28:48,840 INFO] Loading dataset from /home/dpk25/rds/hpc-work/toy_model/data_sear_supBiased/.train.0.pt
[2020-08-18 21:28:48,862 INFO] number of examples: 4848
[2020-08-18 21:30:05,547 INFO] Loading dataset from /home/dpk25/rds/hpc-work/toy_model/data_sear_supBiased/.train.0.pt
[2020-08-18 21:30:05,570 INFO] number of examples: 4848
[2020-08-18 21:31:04,733 INFO] Step 55000/150000; acc:  93.40; ppl:  1.14; xent: 0.13; lr: 0.00053; 2423/1950 tok/s;    834 sec
[2020-08-18 21:31:04,750 INFO] Saving checkpoint /home/dpk25/rds/hpc-work/toy_model/sear_models_supBiased/toy_model_step_55000.pt
[2020-08-18 21:31:22,593 INFO] Loading dataset from /home/dpk25/rds/hpc-work/toy_model/data_sear_supBiased/.train.0.pt
[2020-08-18 21:31:22,648 INFO] number of examples: 4848
[2020-08-18 21:32:39,305 INFO] Loading dataset from /home/dpk25/rds/hpc-work/toy_model/data_sear_supBiased/.train.0.pt
[2020-08-18 21:32:39,327 INFO] number of examples: 4848
[2020-08-18 21:33:50,073 INFO] Step 56000/150000; acc:  93.35; ppl:  1.14; xent: 0.13; lr: 0.00053; 2421/1949 tok/s;    999 sec
[2020-08-18 21:33:55,840 INFO] Loading dataset from /home/dpk25/rds/hpc-work/toy_model/data_sear_supBiased/.train.0.pt
[2020-08-18 21:33:55,902 INFO] number of examples: 4848
[2020-08-18 21:35:12,647 INFO] Loading dataset from /home/dpk25/rds/hpc-work/toy_model/data_sear_supBiased/.train.0.pt
[2020-08-18 21:35:12,670 INFO] number of examples: 4848
[2020-08-18 21:36:29,237 INFO] Loading dataset from /home/dpk25/rds/hpc-work/toy_model/data_sear_supBiased/.train.0.pt
[2020-08-18 21:36:29,344 INFO] number of examples: 4848
[2020-08-18 21:36:35,461 INFO] Step 57000/150000; acc:  93.42; ppl:  1.14; xent: 0.13; lr: 0.00052; 2419/1948 tok/s;   1165 sec
[2020-08-18 21:37:45,871 INFO] Loading dataset from /home/dpk25/rds/hpc-work/toy_model/data_sear_supBiased/.train.0.pt
[2020-08-18 21:37:45,903 INFO] number of examples: 4848
[2020-08-18 21:39:02,349 INFO] Loading dataset from /home/dpk25/rds/hpc-work/toy_model/data_sear_supBiased/.train.0.pt
[2020-08-18 21:39:02,371 INFO] number of examples: 4848
[2020-08-18 21:39:20,182 INFO] Step 58000/150000; acc:  93.48; ppl:  1.13; xent: 0.13; lr: 0.00052; 2427/1954 tok/s;   1330 sec
[2020-08-18 21:40:18,875 INFO] Loading dataset from /home/dpk25/rds/hpc-work/toy_model/data_sear_supBiased/.train.0.pt
[2020-08-18 21:40:18,933 INFO] number of examples: 4848
[2020-08-18 21:41:35,154 INFO] Loading dataset from /home/dpk25/rds/hpc-work/toy_model/data_sear_supBiased/.train.0.pt
[2020-08-18 21:41:35,176 INFO] number of examples: 4848
[2020-08-18 21:42:04,828 INFO] Step 59000/150000; acc:  93.40; ppl:  1.14; xent: 0.13; lr: 0.00051; 2433/1959 tok/s;   1494 sec
[2020-08-18 21:42:51,319 INFO] Loading dataset from /home/dpk25/rds/hpc-work/toy_model/data_sear_supBiased/.train.0.pt
[2020-08-18 21:42:51,384 INFO] number of examples: 4848
[2020-08-18 21:44:07,017 INFO] Loading dataset from /home/dpk25/rds/hpc-work/toy_model/data_sear_supBiased/.train.0.pt
[2020-08-18 21:44:07,040 INFO] number of examples: 4848
[2020-08-18 21:44:47,783 INFO] Step 60000/150000; acc:  93.50; ppl:  1.13; xent: 0.12; lr: 0.00051; 2457/1979 tok/s;   1657 sec
[2020-08-18 21:44:47,784 INFO] Loading dataset from /home/dpk25/rds/hpc-work/toy_model/data_sear_supBiased/.valid.0.pt
[2020-08-18 21:44:47,808 INFO] number of examples: 303
[2020-08-18 21:44:48,357 INFO] Validation perplexity: 1.124
[2020-08-18 21:44:48,357 INFO] Validation accuracy: 96.2663
[2020-08-18 21:44:48,358 INFO] Saving checkpoint /home/dpk25/rds/hpc-work/toy_model/sear_models_supBiased/toy_model_step_60000.pt
[2020-08-18 21:45:23,404 INFO] Loading dataset from /home/dpk25/rds/hpc-work/toy_model/data_sear_supBiased/.train.0.pt
[2020-08-18 21:45:23,428 INFO] number of examples: 4848
[2020-08-18 21:46:39,252 INFO] Loading dataset from /home/dpk25/rds/hpc-work/toy_model/data_sear_supBiased/.train.0.pt
[2020-08-18 21:46:39,309 INFO] number of examples: 4848
[2020-08-18 21:47:31,937 INFO] Step 61000/150000; acc:  93.35; ppl:  1.14; xent: 0.13; lr: 0.00051; 2437/1963 tok/s;   1821 sec
[2020-08-18 21:47:54,989 INFO] Loading dataset from /home/dpk25/rds/hpc-work/toy_model/data_sear_supBiased/.train.0.pt
[2020-08-18 21:47:55,012 INFO] number of examples: 4848
[2020-08-18 21:49:10,578 INFO] Loading dataset from /home/dpk25/rds/hpc-work/toy_model/data_sear_supBiased/.train.0.pt
[2020-08-18 21:49:10,641 INFO] number of examples: 4848
[2020-08-18 21:50:14,962 INFO] Step 62000/150000; acc:  93.41; ppl:  1.14; xent: 0.13; lr: 0.00050; 2456/1977 tok/s;   1984 sec
[2020-08-18 21:50:26,351 INFO] Loading dataset from /home/dpk25/rds/hpc-work/toy_model/data_sear_supBiased/.train.0.pt
[2020-08-18 21:50:26,374 INFO] number of examples: 4848
[2020-08-18 21:51:41,962 INFO] Loading dataset from /home/dpk25/rds/hpc-work/toy_model/data_sear_supBiased/.train.0.pt
[2020-08-18 21:51:42,029 INFO] number of examples: 4848
[2020-08-18 21:52:57,909 INFO] Loading dataset from /home/dpk25/rds/hpc-work/toy_model/data_sear_supBiased/.train.0.pt
[2020-08-18 21:52:57,931 INFO] number of examples: 4848
[2020-08-18 21:52:58,127 INFO] Step 63000/150000; acc:  93.52; ppl:  1.13; xent: 0.12; lr: 0.00050; 2453/1975 tok/s;   2148 sec
[2020-08-18 21:54:13,635 INFO] Loading dataset from /home/dpk25/rds/hpc-work/toy_model/data_sear_supBiased/.train.0.pt
[2020-08-18 21:54:13,658 INFO] number of examples: 4848
[2020-08-18 21:55:29,329 INFO] Loading dataset from /home/dpk25/rds/hpc-work/toy_model/data_sear_supBiased/.train.0.pt
[2020-08-18 21:55:29,386 INFO] number of examples: 4848
[2020-08-18 21:55:41,316 INFO] Step 64000/150000; acc:  93.59; ppl:  1.13; xent: 0.12; lr: 0.00049; 2448/1971 tok/s;   2311 sec
[2020-08-18 21:56:44,951 INFO] Loading dataset from /home/dpk25/rds/hpc-work/toy_model/data_sear_supBiased/.train.0.pt
[2020-08-18 21:56:44,973 INFO] number of examples: 4848
[2020-08-18 21:58:00,719 INFO] Loading dataset from /home/dpk25/rds/hpc-work/toy_model/data_sear_supBiased/.train.0.pt
[2020-08-18 21:58:00,784 INFO] number of examples: 4848
[2020-08-18 21:58:24,172 INFO] Step 65000/150000; acc:  93.66; ppl:  1.13; xent: 0.12; lr: 0.00049; 2456/1978 tok/s;   2474 sec
[2020-08-18 21:58:24,174 INFO] Saving checkpoint /home/dpk25/rds/hpc-work/toy_model/sear_models_supBiased/toy_model_step_65000.pt
[2020-08-18 21:59:16,550 INFO] Loading dataset from /home/dpk25/rds/hpc-work/toy_model/data_sear_supBiased/.train.0.pt
[2020-08-18 21:59:16,573 INFO] number of examples: 4848
[2020-08-18 22:00:32,115 INFO] Loading dataset from /home/dpk25/rds/hpc-work/toy_model/data_sear_supBiased/.train.0.pt
[2020-08-18 22:00:32,136 INFO] number of examples: 4848
[2020-08-18 22:01:07,270 INFO] Step 66000/150000; acc:  93.72; ppl:  1.13; xent: 0.12; lr: 0.00049; 2455/1976 tok/s;   2637 sec
[2020-08-18 22:01:47,725 INFO] Loading dataset from /home/dpk25/rds/hpc-work/toy_model/data_sear_supBiased/.train.0.pt
[2020-08-18 22:01:47,780 INFO] number of examples: 4848
[2020-08-18 22:03:03,517 INFO] Loading dataset from /home/dpk25/rds/hpc-work/toy_model/data_sear_supBiased/.train.0.pt
[2020-08-18 22:03:03,540 INFO] number of examples: 4848
[2020-08-18 22:03:50,310 INFO] Step 67000/150000; acc:  93.82; ppl:  1.13; xent: 0.12; lr: 0.00048; 2454/1977 tok/s;   2800 sec
[2020-08-18 22:04:19,233 INFO] Loading dataset from /home/dpk25/rds/hpc-work/toy_model/data_sear_supBiased/.train.0.pt
[2020-08-18 22:04:19,297 INFO] number of examples: 4848
[2020-08-18 22:05:34,864 INFO] Loading dataset from /home/dpk25/rds/hpc-work/toy_model/data_sear_supBiased/.train.0.pt
[2020-08-18 22:05:34,887 INFO] number of examples: 4848
[2020-08-18 22:06:33,490 INFO] Step 68000/150000; acc:  93.78; ppl:  1.13; xent: 0.12; lr: 0.00048; 2453/1975 tok/s;   2963 sec
[2020-08-18 22:06:50,628 INFO] Loading dataset from /home/dpk25/rds/hpc-work/toy_model/data_sear_supBiased/.train.0.pt
[2020-08-18 22:06:50,651 INFO] number of examples: 4848
[2020-08-18 22:08:06,445 INFO] Loading dataset from /home/dpk25/rds/hpc-work/toy_model/data_sear_supBiased/.train.0.pt
[2020-08-18 22:08:06,469 INFO] number of examples: 4848
[2020-08-18 22:09:16,582 INFO] Step 69000/150000; acc:  93.91; ppl:  1.12; xent: 0.12; lr: 0.00048; 2455/1976 tok/s;   3126 sec
[2020-08-18 22:09:22,109 INFO] Loading dataset from /home/dpk25/rds/hpc-work/toy_model/data_sear_supBiased/.train.0.pt
[2020-08-18 22:09:22,132 INFO] number of examples: 4848
[2020-08-18 22:10:37,889 INFO] Loading dataset from /home/dpk25/rds/hpc-work/toy_model/data_sear_supBiased/.train.0.pt
[2020-08-18 22:10:37,952 INFO] number of examples: 4848
[2020-08-18 22:11:53,502 INFO] Loading dataset from /home/dpk25/rds/hpc-work/toy_model/data_sear_supBiased/.train.0.pt
[2020-08-18 22:11:53,524 INFO] number of examples: 4848
[2020-08-18 22:11:59,782 INFO] Step 70000/150000; acc:  93.99; ppl:  1.12; xent: 0.12; lr: 0.00047; 2451/1974 tok/s;   3289 sec
[2020-08-18 22:11:59,782 INFO] Loading dataset from /home/dpk25/rds/hpc-work/toy_model/data_sear_supBiased/.valid.0.pt
[2020-08-18 22:11:59,785 INFO] number of examples: 303
[2020-08-18 22:12:00,323 INFO] Validation perplexity: 1.11092
[2020-08-18 22:12:00,323 INFO] Validation accuracy: 96.661
[2020-08-18 22:12:00,324 INFO] Saving checkpoint /home/dpk25/rds/hpc-work/toy_model/sear_models_supBiased/toy_model_step_70000.pt
[2020-08-18 22:13:10,171 INFO] Loading dataset from /home/dpk25/rds/hpc-work/toy_model/data_sear_supBiased/.train.0.pt
[2020-08-18 22:13:10,235 INFO] number of examples: 4848
[2020-08-18 22:14:25,708 INFO] Loading dataset from /home/dpk25/rds/hpc-work/toy_model/data_sear_supBiased/.train.0.pt
[2020-08-18 22:14:25,730 INFO] number of examples: 4848
[2020-08-18 22:14:43,473 INFO] Step 71000/150000; acc:  93.98; ppl:  1.12; xent: 0.12; lr: 0.00047; 2442/1967 tok/s;   3453 sec
[2020-08-18 22:15:41,089 INFO] Loading dataset from /home/dpk25/rds/hpc-work/toy_model/data_sear_supBiased/.train.0.pt
[2020-08-18 22:15:41,112 INFO] number of examples: 4848
[2020-08-18 22:16:56,676 INFO] Loading dataset from /home/dpk25/rds/hpc-work/toy_model/data_sear_supBiased/.train.0.pt
[2020-08-18 22:16:56,734 INFO] number of examples: 4848
[2020-08-18 22:17:26,224 INFO] Step 72000/150000; acc:  93.91; ppl:  1.12; xent: 0.12; lr: 0.00047; 2459/1979 tok/s;   3616 sec
[2020-08-18 22:18:12,350 INFO] Loading dataset from /home/dpk25/rds/hpc-work/toy_model/data_sear_supBiased/.train.0.pt
[2020-08-18 22:18:12,373 INFO] number of examples: 4848
[2020-08-18 22:19:27,939 INFO] Loading dataset from /home/dpk25/rds/hpc-work/toy_model/data_sear_supBiased/.train.0.pt
[2020-08-18 22:19:28,005 INFO] number of examples: 4848
[2020-08-18 22:20:09,210 INFO] Step 73000/150000; acc:  94.09; ppl:  1.12; xent: 0.11; lr: 0.00046; 2457/1978 tok/s;   3779 sec
[2020-08-18 22:20:43,809 INFO] Loading dataset from /home/dpk25/rds/hpc-work/toy_model/data_sear_supBiased/.train.0.pt
[2020-08-18 22:20:43,832 INFO] number of examples: 4848
[2020-08-18 22:21:59,392 INFO] Loading dataset from /home/dpk25/rds/hpc-work/toy_model/data_sear_supBiased/.train.0.pt
[2020-08-18 22:21:59,414 INFO] number of examples: 4848
[2020-08-18 22:22:52,335 INFO] Step 74000/150000; acc:  94.03; ppl:  1.12; xent: 0.11; lr: 0.00046; 2452/1975 tok/s;   3942 sec
[2020-08-18 22:23:15,316 INFO] Loading dataset from /home/dpk25/rds/hpc-work/toy_model/data_sear_supBiased/.train.0.pt
[2020-08-18 22:23:15,340 INFO] number of examples: 4848
[2020-08-18 22:24:30,841 INFO] Loading dataset from /home/dpk25/rds/hpc-work/toy_model/data_sear_supBiased/.train.0.pt
[2020-08-18 22:24:30,864 INFO] number of examples: 4848
[2020-08-18 22:25:35,187 INFO] Step 75000/150000; acc:  94.12; ppl:  1.12; xent: 0.11; lr: 0.00046; 2459/1979 tok/s;   4105 sec
[2020-08-18 22:25:35,189 INFO] Saving checkpoint /home/dpk25/rds/hpc-work/toy_model/sear_models_supBiased/toy_model_step_75000.pt
[2020-08-18 22:25:47,883 INFO] Loading dataset from /home/dpk25/rds/hpc-work/toy_model/data_sear_supBiased/.train.0.pt
[2020-08-18 22:25:47,945 INFO] number of examples: 4848
[2020-08-18 22:27:03,502 INFO] Loading dataset from /home/dpk25/rds/hpc-work/toy_model/data_sear_supBiased/.train.0.pt
[2020-08-18 22:27:03,525 INFO] number of examples: 4848
[2020-08-18 22:28:19,224 INFO] Loading dataset from /home/dpk25/rds/hpc-work/toy_model/data_sear_supBiased/.train.0.pt
[2020-08-18 22:28:19,291 INFO] number of examples: 4848
[2020-08-18 22:28:19,653 INFO] Step 76000/150000; acc:  94.14; ppl:  1.12; xent: 0.11; lr: 0.00045; 2434/1960 tok/s;   4269 sec
[2020-08-18 22:29:34,667 INFO] Loading dataset from /home/dpk25/rds/hpc-work/toy_model/data_sear_supBiased/.train.0.pt
[2020-08-18 22:29:35,223 INFO] number of examples: 4848
[2020-08-18 22:30:50,637 INFO] Loading dataset from /home/dpk25/rds/hpc-work/toy_model/data_sear_supBiased/.train.0.pt
[2020-08-18 22:30:50,659 INFO] number of examples: 4848
[2020-08-18 22:31:02,711 INFO] Step 77000/150000; acc:  94.20; ppl:  1.12; xent: 0.11; lr: 0.00045; 2450/1973 tok/s;   4432 sec
[2020-08-18 22:32:06,131 INFO] Loading dataset from /home/dpk25/rds/hpc-work/toy_model/data_sear_supBiased/.train.0.pt
[2020-08-18 22:32:06,191 INFO] number of examples: 4848
[2020-08-18 22:33:21,858 INFO] Loading dataset from /home/dpk25/rds/hpc-work/toy_model/data_sear_supBiased/.train.0.pt
[2020-08-18 22:33:21,881 INFO] number of examples: 4848
[2020-08-18 22:33:45,451 INFO] Step 78000/150000; acc:  94.20; ppl:  1.12; xent: 0.11; lr: 0.00045; 2458/1979 tok/s;   4595 sec
[2020-08-18 22:34:37,378 INFO] Loading dataset from /home/dpk25/rds/hpc-work/toy_model/data_sear_supBiased/.train.0.pt
[2020-08-18 22:34:37,440 INFO] number of examples: 4848
[2020-08-18 22:35:52,987 INFO] Loading dataset from /home/dpk25/rds/hpc-work/toy_model/data_sear_supBiased/.train.0.pt
[2020-08-18 22:35:53,009 INFO] number of examples: 4848
[2020-08-18 22:36:28,522 INFO] Step 79000/150000; acc:  94.20; ppl:  1.12; xent: 0.11; lr: 0.00044; 2456/1977 tok/s;   4758 sec
[2020-08-18 22:37:08,651 INFO] Loading dataset from /home/dpk25/rds/hpc-work/toy_model/data_sear_supBiased/.train.0.pt
[2020-08-18 22:37:08,674 INFO] number of examples: 4848
[2020-08-18 22:38:24,410 INFO] Loading dataset from /home/dpk25/rds/hpc-work/toy_model/data_sear_supBiased/.train.0.pt
[2020-08-18 22:38:24,468 INFO] number of examples: 4848
[2020-08-18 22:39:11,392 INFO] Step 80000/150000; acc:  94.35; ppl:  1.11; xent: 0.11; lr: 0.00044; 2457/1979 tok/s;   4921 sec
[2020-08-18 22:39:11,393 INFO] Loading dataset from /home/dpk25/rds/hpc-work/toy_model/data_sear_supBiased/.valid.0.pt
[2020-08-18 22:39:11,396 INFO] number of examples: 303
[2020-08-18 22:39:11,936 INFO] Validation perplexity: 1.10435
[2020-08-18 22:39:11,936 INFO] Validation accuracy: 96.9597
[2020-08-18 22:39:11,938 INFO] Saving checkpoint /home/dpk25/rds/hpc-work/toy_model/sear_models_supBiased/toy_model_step_80000.pt
[2020-08-18 22:39:41,121 INFO] Loading dataset from /home/dpk25/rds/hpc-work/toy_model/data_sear_supBiased/.train.0.pt
[2020-08-18 22:39:41,144 INFO] number of examples: 4848
[2020-08-18 22:40:56,735 INFO] Loading dataset from /home/dpk25/rds/hpc-work/toy_model/data_sear_supBiased/.train.0.pt
[2020-08-18 22:40:56,806 INFO] number of examples: 4848
[2020-08-18 22:41:55,594 INFO] Step 81000/150000; acc:  94.34; ppl:  1.11; xent: 0.11; lr: 0.00044; 2438/1963 tok/s;   5085 sec
[2020-08-18 22:42:12,535 INFO] Loading dataset from /home/dpk25/rds/hpc-work/toy_model/data_sear_supBiased/.train.0.pt
[2020-08-18 22:42:12,559 INFO] number of examples: 4848
[2020-08-18 22:43:28,323 INFO] Loading dataset from /home/dpk25/rds/hpc-work/toy_model/data_sear_supBiased/.train.0.pt
[2020-08-18 22:43:28,390 INFO] number of examples: 4848
[2020-08-18 22:44:38,482 INFO] Step 82000/150000; acc:  94.40; ppl:  1.11; xent: 0.11; lr: 0.00044; 2457/1978 tok/s;   5248 sec
[2020-08-18 22:44:43,890 INFO] Loading dataset from /home/dpk25/rds/hpc-work/toy_model/data_sear_supBiased/.train.0.pt
[2020-08-18 22:44:43,912 INFO] number of examples: 4848
[2020-08-18 22:45:59,417 INFO] Loading dataset from /home/dpk25/rds/hpc-work/toy_model/data_sear_supBiased/.train.0.pt
[2020-08-18 22:45:59,440 INFO] number of examples: 4848
[2020-08-18 22:47:14,952 INFO] Loading dataset from /home/dpk25/rds/hpc-work/toy_model/data_sear_supBiased/.train.0.pt
[2020-08-18 22:47:15,012 INFO] number of examples: 4848
[2020-08-18 22:47:21,372 INFO] Step 83000/150000; acc:  94.42; ppl:  1.11; xent: 0.11; lr: 0.00043; 2456/1978 tok/s;   5411 sec
[2020-08-18 22:48:30,544 INFO] Loading dataset from /home/dpk25/rds/hpc-work/toy_model/data_sear_supBiased/.train.0.pt
[2020-08-18 22:48:30,567 INFO] number of examples: 4848
[2020-08-18 22:49:46,106 INFO] Loading dataset from /home/dpk25/rds/hpc-work/toy_model/data_sear_supBiased/.train.0.pt
[2020-08-18 22:49:46,169 INFO] number of examples: 4848
[2020-08-18 22:50:04,081 INFO] Step 84000/150000; acc:  94.53; ppl:  1.11; xent: 0.11; lr: 0.00043; 2457/1979 tok/s;   5573 sec
[2020-08-18 22:51:01,648 INFO] Loading dataset from /home/dpk25/rds/hpc-work/toy_model/data_sear_supBiased/.train.0.pt
[2020-08-18 22:51:01,671 INFO] number of examples: 4848
[2020-08-18 22:52:17,295 INFO] Loading dataset from /home/dpk25/rds/hpc-work/toy_model/data_sear_supBiased/.train.0.pt
[2020-08-18 22:52:17,317 INFO] number of examples: 4848
[2020-08-18 22:52:47,115 INFO] Step 85000/150000; acc:  94.49; ppl:  1.11; xent: 0.11; lr: 0.00043; 2454/1976 tok/s;   5737 sec
[2020-08-18 22:52:47,117 INFO] Saving checkpoint /home/dpk25/rds/hpc-work/toy_model/sear_models_supBiased/toy_model_step_85000.pt
[2020-08-18 22:53:33,736 INFO] Loading dataset from /home/dpk25/rds/hpc-work/toy_model/data_sear_supBiased/.train.0.pt
[2020-08-18 22:53:33,758 INFO] number of examples: 4848
[2020-08-18 22:54:49,435 INFO] Loading dataset from /home/dpk25/rds/hpc-work/toy_model/data_sear_supBiased/.train.0.pt
[2020-08-18 22:54:49,458 INFO] number of examples: 4848
[2020-08-18 22:55:30,649 INFO] Step 86000/150000; acc:  94.56; ppl:  1.11; xent: 0.11; lr: 0.00043; 2449/1972 tok/s;   5900 sec
[2020-08-18 22:56:04,956 INFO] Loading dataset from /home/dpk25/rds/hpc-work/toy_model/data_sear_supBiased/.train.0.pt
[2020-08-18 22:56:05,017 INFO] number of examples: 4848
[2020-08-18 22:57:20,629 INFO] Loading dataset from /home/dpk25/rds/hpc-work/toy_model/data_sear_supBiased/.train.0.pt
[2020-08-18 22:57:20,651 INFO] number of examples: 4848
[2020-08-18 22:58:13,456 INFO] Step 87000/150000; acc:  94.57; ppl:  1.11; xent: 0.10; lr: 0.00042; 2457/1979 tok/s;   6063 sec
[2020-08-18 22:58:36,214 INFO] Loading dataset from /home/dpk25/rds/hpc-work/toy_model/data_sear_supBiased/.train.0.pt
[2020-08-18 22:58:36,280 INFO] number of examples: 4848
[2020-08-18 22:59:51,553 INFO] Loading dataset from /home/dpk25/rds/hpc-work/toy_model/data_sear_supBiased/.train.0.pt
[2020-08-18 22:59:51,588 INFO] number of examples: 4848
[2020-08-18 23:00:56,231 INFO] Step 88000/150000; acc:  94.54; ppl:  1.11; xent: 0.10; lr: 0.00042; 2460/1980 tok/s;   6226 sec
[2020-08-18 23:01:07,294 INFO] Loading dataset from /home/dpk25/rds/hpc-work/toy_model/data_sear_supBiased/.train.0.pt
[2020-08-18 23:01:07,316 INFO] number of examples: 4848
[2020-08-18 23:02:22,993 INFO] Loading dataset from /home/dpk25/rds/hpc-work/toy_model/data_sear_supBiased/.train.0.pt
[2020-08-18 23:02:23,050 INFO] number of examples: 4848
[2020-08-18 23:03:38,834 INFO] Loading dataset from /home/dpk25/rds/hpc-work/toy_model/data_sear_supBiased/.train.0.pt
[2020-08-18 23:03:38,857 INFO] number of examples: 4848
[2020-08-18 23:03:39,396 INFO] Step 89000/150000; acc:  94.57; ppl:  1.11; xent: 0.11; lr: 0.00042; 2453/1975 tok/s;   6389 sec
[2020-08-18 23:04:54,479 INFO] Loading dataset from /home/dpk25/rds/hpc-work/toy_model/data_sear_supBiased/.train.0.pt
[2020-08-18 23:04:54,544 INFO] number of examples: 4848
[2020-08-18 23:06:10,196 INFO] Loading dataset from /home/dpk25/rds/hpc-work/toy_model/data_sear_supBiased/.train.0.pt
[2020-08-18 23:06:10,218 INFO] number of examples: 4848
[2020-08-18 23:06:22,473 INFO] Step 90000/150000; acc:  94.61; ppl:  1.11; xent: 0.10; lr: 0.00042; 2450/1973 tok/s;   6552 sec
[2020-08-18 23:06:22,474 INFO] Loading dataset from /home/dpk25/rds/hpc-work/toy_model/data_sear_supBiased/.valid.0.pt
[2020-08-18 23:06:22,477 INFO] number of examples: 303
[2020-08-18 23:06:23,027 INFO] Validation perplexity: 1.09929
[2020-08-18 23:06:23,027 INFO] Validation accuracy: 97.3117
[2020-08-18 23:06:23,028 INFO] Saving checkpoint /home/dpk25/rds/hpc-work/toy_model/sear_models_supBiased/toy_model_step_90000.pt
[2020-08-18 23:07:26,602 INFO] Loading dataset from /home/dpk25/rds/hpc-work/toy_model/data_sear_supBiased/.train.0.pt
[2020-08-18 23:07:26,625 INFO] number of examples: 4848
[2020-08-18 23:08:42,327 INFO] Loading dataset from /home/dpk25/rds/hpc-work/toy_model/data_sear_supBiased/.train.0.pt
[2020-08-18 23:08:42,350 INFO] number of examples: 4848
[2020-08-18 23:09:06,126 INFO] Step 91000/150000; acc:  94.70; ppl:  1.11; xent: 0.10; lr: 0.00041; 2444/1968 tok/s;   6716 sec
[2020-08-18 23:09:57,733 INFO] Loading dataset from /home/dpk25/rds/hpc-work/toy_model/data_sear_supBiased/.train.0.pt
[2020-08-18 23:09:57,756 INFO] number of examples: 4848
[2020-08-18 23:11:13,235 INFO] Loading dataset from /home/dpk25/rds/hpc-work/toy_model/data_sear_supBiased/.train.0.pt
[2020-08-18 23:11:13,295 INFO] number of examples: 4848
[2020-08-18 23:11:48,707 INFO] Step 92000/150000; acc:  94.72; ppl:  1.11; xent: 0.10; lr: 0.00041; 2463/1983 tok/s;   6878 sec
[2020-08-18 23:12:28,643 INFO] Loading dataset from /home/dpk25/rds/hpc-work/toy_model/data_sear_supBiased/.train.0.pt
[2020-08-18 23:12:28,666 INFO] number of examples: 4848
[2020-08-18 23:13:44,344 INFO] Loading dataset from /home/dpk25/rds/hpc-work/toy_model/data_sear_supBiased/.train.0.pt
[2020-08-18 23:13:44,409 INFO] number of examples: 4848
[2020-08-18 23:14:31,349 INFO] Step 93000/150000; acc:  94.89; ppl:  1.10; xent: 0.10; lr: 0.00041; 2460/1982 tok/s;   7041 sec
[2020-08-18 23:14:59,788 INFO] Loading dataset from /home/dpk25/rds/hpc-work/toy_model/data_sear_supBiased/.train.0.pt
[2020-08-18 23:14:59,811 INFO] number of examples: 4848
[2020-08-18 23:16:15,419 INFO] Loading dataset from /home/dpk25/rds/hpc-work/toy_model/data_sear_supBiased/.train.0.pt
[2020-08-18 23:16:15,442 INFO] number of examples: 4848
[2020-08-18 23:17:14,173 INFO] Step 94000/150000; acc:  94.93; ppl:  1.10; xent: 0.10; lr: 0.00041; 2458/1979 tok/s;   7204 sec
[2020-08-18 23:17:30,897 INFO] Loading dataset from /home/dpk25/rds/hpc-work/toy_model/data_sear_supBiased/.train.0.pt
[2020-08-18 23:17:30,958 INFO] number of examples: 4848
[2020-08-18 23:18:46,488 INFO] Loading dataset from /home/dpk25/rds/hpc-work/toy_model/data_sear_supBiased/.train.0.pt
[2020-08-18 23:18:46,510 INFO] number of examples: 4848
[2020-08-18 23:19:56,690 INFO] Step 95000/150000; acc:  94.81; ppl:  1.10; xent: 0.10; lr: 0.00041; 2463/1983 tok/s;   7366 sec
[2020-08-18 23:19:56,692 INFO] Saving checkpoint /home/dpk25/rds/hpc-work/toy_model/sear_models_supBiased/toy_model_step_95000.pt
[2020-08-18 23:20:03,749 INFO] Loading dataset from /home/dpk25/rds/hpc-work/toy_model/data_sear_supBiased/.train.0.pt
[2020-08-18 23:20:03,808 INFO] number of examples: 4848
[2020-08-18 23:21:19,352 INFO] Loading dataset from /home/dpk25/rds/hpc-work/toy_model/data_sear_supBiased/.train.0.pt
[2020-08-18 23:21:19,374 INFO] number of examples: 4848
[2020-08-18 23:22:34,914 INFO] Loading dataset from /home/dpk25/rds/hpc-work/toy_model/data_sear_supBiased/.train.0.pt
[2020-08-18 23:22:34,937 INFO] number of examples: 4848
[2020-08-18 23:22:41,516 INFO] Step 96000/150000; acc:  94.92; ppl:  1.10; xent: 0.10; lr: 0.00040; 2427/1954 tok/s;   7531 sec
[2020-08-18 23:23:50,697 INFO] Loading dataset from /home/dpk25/rds/hpc-work/toy_model/data_sear_supBiased/.train.0.pt
[2020-08-18 23:23:50,770 INFO] number of examples: 4848
[2020-08-18 23:25:06,220 INFO] Loading dataset from /home/dpk25/rds/hpc-work/toy_model/data_sear_supBiased/.train.0.pt
[2020-08-18 23:25:06,243 INFO] number of examples: 4848
[2020-08-18 23:25:24,389 INFO] Step 97000/150000; acc:  95.03; ppl:  1.10; xent: 0.10; lr: 0.00040; 2455/1976 tok/s;   7694 sec
[2020-08-18 23:26:21,776 INFO] Loading dataset from /home/dpk25/rds/hpc-work/toy_model/data_sear_supBiased/.train.0.pt
[2020-08-18 23:26:21,838 INFO] number of examples: 4848
[2020-08-18 23:27:37,377 INFO] Loading dataset from /home/dpk25/rds/hpc-work/toy_model/data_sear_supBiased/.train.0.pt
[2020-08-18 23:27:37,399 INFO] number of examples: 4848
[2020-08-18 23:28:07,252 INFO] Step 98000/150000; acc:  94.97; ppl:  1.10; xent: 0.10; lr: 0.00040; 2457/1978 tok/s;   7857 sec
[2020-08-18 23:28:53,209 INFO] Loading dataset from /home/dpk25/rds/hpc-work/toy_model/data_sear_supBiased/.train.0.pt
[2020-08-18 23:28:53,234 INFO] number of examples: 4848
[2020-08-18 23:30:08,944 INFO] Loading dataset from /home/dpk25/rds/hpc-work/toy_model/data_sear_supBiased/.train.0.pt
[2020-08-18 23:30:08,967 INFO] number of examples: 4848
[2020-08-18 23:30:50,351 INFO] Step 99000/150000; acc:  95.05; ppl:  1.10; xent: 0.10; lr: 0.00040; 2455/1977 tok/s;   8020 sec
[2020-08-18 23:31:24,521 INFO] Loading dataset from /home/dpk25/rds/hpc-work/toy_model/data_sear_supBiased/.train.0.pt
[2020-08-18 23:31:24,544 INFO] number of examples: 4848
[2020-08-18 23:32:40,056 INFO] Loading dataset from /home/dpk25/rds/hpc-work/toy_model/data_sear_supBiased/.train.0.pt
[2020-08-18 23:32:40,118 INFO] number of examples: 4848
[2020-08-18 23:33:33,281 INFO] Step 100000/150000; acc:  94.98; ppl:  1.10; xent: 0.10; lr: 0.00040; 2455/1977 tok/s;   8183 sec
[2020-08-18 23:33:33,283 INFO] Loading dataset from /home/dpk25/rds/hpc-work/toy_model/data_sear_supBiased/.valid.0.pt
[2020-08-18 23:33:33,285 INFO] number of examples: 303
[2020-08-18 23:33:33,826 INFO] Validation perplexity: 1.09315
[2020-08-18 23:33:33,826 INFO] Validation accuracy: 97.3437
[2020-08-18 23:33:33,828 INFO] Saving checkpoint /home/dpk25/rds/hpc-work/toy_model/sear_models_supBiased/toy_model_step_100000.pt
[2020-08-18 23:33:59,719 INFO] Loading dataset from /home/dpk25/rds/hpc-work/toy_model/data_sear_supBiased/.train.0.pt
[2020-08-18 23:33:59,742 INFO] number of examples: 4848
[2020-08-18 23:35:15,370 INFO] Loading dataset from /home/dpk25/rds/hpc-work/toy_model/data_sear_supBiased/.train.0.pt
[2020-08-18 23:35:15,433 INFO] number of examples: 4848
[2020-08-18 23:36:20,157 INFO] Step 101000/150000; acc:  95.06; ppl:  1.10; xent: 0.10; lr: 0.00039; 2399/1932 tok/s;   8350 sec
[2020-08-18 23:36:31,103 INFO] Loading dataset from /home/dpk25/rds/hpc-work/toy_model/data_sear_supBiased/.train.0.pt
[2020-08-18 23:36:31,126 INFO] number of examples: 4848
[2020-08-18 23:37:46,797 INFO] Loading dataset from /home/dpk25/rds/hpc-work/toy_model/data_sear_supBiased/.train.0.pt
[2020-08-18 23:37:46,818 INFO] number of examples: 4848
[2020-08-18 23:39:02,747 INFO] Loading dataset from /home/dpk25/rds/hpc-work/toy_model/data_sear_supBiased/.train.0.pt
[2020-08-18 23:39:02,814 INFO] number of examples: 4848
[2020-08-18 23:39:03,509 INFO] Step 102000/150000; acc:  95.09; ppl:  1.10; xent: 0.09; lr: 0.00039; 2450/1973 tok/s;   8513 sec
[2020-08-18 23:40:18,611 INFO] Loading dataset from /home/dpk25/rds/hpc-work/toy_model/data_sear_supBiased/.train.0.pt
[2020-08-18 23:40:18,633 INFO] number of examples: 4848
[2020-08-18 23:41:34,368 INFO] Loading dataset from /home/dpk25/rds/hpc-work/toy_model/data_sear_supBiased/.train.0.pt
[2020-08-18 23:41:34,437 INFO] number of examples: 4848
[2020-08-18 23:41:46,881 INFO] Step 103000/150000; acc:  95.10; ppl:  1.10; xent: 0.09; lr: 0.00039; 2445/1969 tok/s;   8676 sec
[2020-08-18 23:42:50,096 INFO] Loading dataset from /home/dpk25/rds/hpc-work/toy_model/data_sear_supBiased/.train.0.pt
[2020-08-18 23:42:50,119 INFO] number of examples: 4848
[2020-08-18 23:44:06,008 INFO] Loading dataset from /home/dpk25/rds/hpc-work/toy_model/data_sear_supBiased/.train.0.pt
[2020-08-18 23:44:06,031 INFO] number of examples: 4848
[2020-08-18 23:44:29,851 INFO] Step 104000/150000; acc:  95.13; ppl:  1.10; xent: 0.09; lr: 0.00039; 2454/1976 tok/s;   8839 sec
[2020-08-18 23:45:21,527 INFO] Loading dataset from /home/dpk25/rds/hpc-work/toy_model/data_sear_supBiased/.train.0.pt
[2020-08-18 23:45:21,551 INFO] number of examples: 4848
[2020-08-18 23:46:37,276 INFO] Loading dataset from /home/dpk25/rds/hpc-work/toy_model/data_sear_supBiased/.train.0.pt
[2020-08-18 23:46:37,299 INFO] number of examples: 4848
[2020-08-18 23:47:13,069 INFO] Step 105000/150000; acc:  95.26; ppl:  1.10; xent: 0.09; lr: 0.00039; 2454/1976 tok/s;   9002 sec
[2020-08-18 23:47:13,071 INFO] Saving checkpoint /home/dpk25/rds/hpc-work/toy_model/sear_models_supBiased/toy_model_step_105000.pt
[2020-08-18 23:47:53,339 INFO] Loading dataset from /home/dpk25/rds/hpc-work/toy_model/data_sear_supBiased/.train.0.pt
[2020-08-18 23:47:53,394 INFO] number of examples: 4848
[2020-08-18 23:49:09,284 INFO] Loading dataset from /home/dpk25/rds/hpc-work/toy_model/data_sear_supBiased/.train.0.pt
[2020-08-18 23:49:09,329 INFO] number of examples: 4848
[2020-08-18 23:49:56,639 INFO] Step 106000/150000; acc:  95.29; ppl:  1.10; xent: 0.09; lr: 0.00038; 2446/1970 tok/s;   9166 sec
[2020-08-18 23:50:24,985 INFO] Loading dataset from /home/dpk25/rds/hpc-work/toy_model/data_sear_supBiased/.train.0.pt
[2020-08-18 23:50:25,051 INFO] number of examples: 4848
[2020-08-18 23:51:40,758 INFO] Loading dataset from /home/dpk25/rds/hpc-work/toy_model/data_sear_supBiased/.train.0.pt
[2020-08-18 23:51:40,781 INFO] number of examples: 4848
[2020-08-18 23:52:39,824 INFO] Step 107000/150000; acc:  95.25; ppl:  1.10; xent: 0.09; lr: 0.00038; 2453/1975 tok/s;   9329 sec
[2020-08-18 23:52:56,457 INFO] Loading dataset from /home/dpk25/rds/hpc-work/toy_model/data_sear_supBiased/.train.0.pt
[2020-08-18 23:52:56,479 INFO] number of examples: 4848
[2020-08-18 23:54:12,283 INFO] Loading dataset from /home/dpk25/rds/hpc-work/toy_model/data_sear_supBiased/.train.0.pt
[2020-08-18 23:54:12,344 INFO] number of examples: 4848
[2020-08-18 23:55:22,889 INFO] Step 108000/150000; acc:  95.30; ppl:  1.09; xent: 0.09; lr: 0.00038; 2455/1976 tok/s;   9492 sec
[2020-08-18 23:55:27,931 INFO] Loading dataset from /home/dpk25/rds/hpc-work/toy_model/data_sear_supBiased/.train.0.pt
[2020-08-18 23:55:27,954 INFO] number of examples: 4848
[2020-08-18 23:56:43,530 INFO] Loading dataset from /home/dpk25/rds/hpc-work/toy_model/data_sear_supBiased/.train.0.pt
[2020-08-18 23:56:43,593 INFO] number of examples: 4848
[2020-08-18 23:57:59,221 INFO] Loading dataset from /home/dpk25/rds/hpc-work/toy_model/data_sear_supBiased/.train.0.pt
[2020-08-18 23:57:59,338 INFO] number of examples: 4848
[2020-08-18 23:58:06,088 INFO] Step 109000/150000; acc:  95.34; ppl:  1.09; xent: 0.09; lr: 0.00038; 2451/1974 tok/s;   9655 sec
[2020-08-18 23:59:15,141 INFO] Loading dataset from /home/dpk25/rds/hpc-work/toy_model/data_sear_supBiased/.train.0.pt
[2020-08-18 23:59:15,164 INFO] number of examples: 4848
[2020-08-19 00:00:30,511 INFO] Loading dataset from /home/dpk25/rds/hpc-work/toy_model/data_sear_supBiased/.train.0.pt
[2020-08-19 00:00:30,569 INFO] number of examples: 4848
[2020-08-19 00:00:48,863 INFO] Step 110000/150000; acc:  95.42; ppl:  1.09; xent: 0.09; lr: 0.00038; 2456/1978 tok/s;   9818 sec
[2020-08-19 00:00:48,864 INFO] Loading dataset from /home/dpk25/rds/hpc-work/toy_model/data_sear_supBiased/.valid.0.pt
[2020-08-19 00:00:48,866 INFO] number of examples: 303
[2020-08-19 00:00:49,410 INFO] Validation perplexity: 1.09364
[2020-08-19 00:00:49,410 INFO] Validation accuracy: 97.4184
[2020-08-19 00:00:49,411 INFO] Saving checkpoint /home/dpk25/rds/hpc-work/toy_model/sear_models_supBiased/toy_model_step_110000.pt
[2020-08-19 00:01:46,986 INFO] Loading dataset from /home/dpk25/rds/hpc-work/toy_model/data_sear_supBiased/.train.0.pt
[2020-08-19 00:01:47,008 INFO] number of examples: 4848
[2020-08-19 00:03:02,797 INFO] Loading dataset from /home/dpk25/rds/hpc-work/toy_model/data_sear_supBiased/.train.0.pt
[2020-08-19 00:03:02,862 INFO] number of examples: 4848
[2020-08-19 00:03:32,961 INFO] Step 111000/150000; acc:  95.42; ppl:  1.09; xent: 0.09; lr: 0.00038; 2439/1963 tok/s;   9982 sec
[2020-08-19 00:04:18,695 INFO] Loading dataset from /home/dpk25/rds/hpc-work/toy_model/data_sear_supBiased/.train.0.pt
[2020-08-19 00:04:18,719 INFO] number of examples: 4848
[2020-08-19 00:05:34,234 INFO] Loading dataset from /home/dpk25/rds/hpc-work/toy_model/data_sear_supBiased/.train.0.pt
[2020-08-19 00:05:34,296 INFO] number of examples: 4848
[2020-08-19 00:06:15,916 INFO] Step 112000/150000; acc:  95.42; ppl:  1.09; xent: 0.09; lr: 0.00037; 2457/1979 tok/s;  10145 sec
[2020-08-19 00:06:50,004 INFO] Loading dataset from /home/dpk25/rds/hpc-work/toy_model/data_sear_supBiased/.train.0.pt
[2020-08-19 00:06:50,027 INFO] number of examples: 4848
[2020-08-19 00:08:05,492 INFO] Loading dataset from /home/dpk25/rds/hpc-work/toy_model/data_sear_supBiased/.train.0.pt
[2020-08-19 00:08:05,514 INFO] number of examples: 4848
[2020-08-19 00:08:58,820 INFO] Step 113000/150000; acc:  95.44; ppl:  1.09; xent: 0.09; lr: 0.00037; 2456/1978 tok/s;  10308 sec
[2020-08-19 00:09:21,252 INFO] Loading dataset from /home/dpk25/rds/hpc-work/toy_model/data_sear_supBiased/.train.0.pt
[2020-08-19 00:09:21,312 INFO] number of examples: 4848
[2020-08-19 00:10:36,815 INFO] Loading dataset from /home/dpk25/rds/hpc-work/toy_model/data_sear_supBiased/.train.0.pt
[2020-08-19 00:10:36,843 INFO] number of examples: 4848
[2020-08-19 00:11:41,700 INFO] Step 114000/150000; acc:  95.38; ppl:  1.09; xent: 0.09; lr: 0.00037; 2458/1979 tok/s;  10471 sec
[2020-08-19 00:11:52,470 INFO] Loading dataset from /home/dpk25/rds/hpc-work/toy_model/data_sear_supBiased/.train.0.pt
[2020-08-19 00:11:52,534 INFO] number of examples: 4848
[2020-08-19 00:13:08,130 INFO] Loading dataset from /home/dpk25/rds/hpc-work/toy_model/data_sear_supBiased/.train.0.pt
[2020-08-19 00:13:08,152 INFO] number of examples: 4848
[2020-08-19 00:14:23,856 INFO] Loading dataset from /home/dpk25/rds/hpc-work/toy_model/data_sear_supBiased/.train.0.pt
[2020-08-19 00:14:23,878 INFO] number of examples: 4848
[2020-08-19 00:14:24,733 INFO] Step 115000/150000; acc:  95.47; ppl:  1.09; xent: 0.09; lr: 0.00037; 2454/1976 tok/s;  10634 sec
[2020-08-19 00:14:24,735 INFO] Saving checkpoint /home/dpk25/rds/hpc-work/toy_model/sear_models_supBiased/toy_model_step_115000.pt
[2020-08-19 00:15:39,831 INFO] Loading dataset from /home/dpk25/rds/hpc-work/toy_model/data_sear_supBiased/.train.0.pt
[2020-08-19 00:15:39,863 INFO] number of examples: 4848
[2020-08-19 00:16:55,439 INFO] Loading dataset from /home/dpk25/rds/hpc-work/toy_model/data_sear_supBiased/.train.0.pt
[2020-08-19 00:16:55,462 INFO] number of examples: 4848
[2020-08-19 00:17:08,003 INFO] Step 116000/150000; acc:  95.51; ppl:  1.09; xent: 0.09; lr: 0.00037; 2447/1971 tok/s;  10797 sec
[2020-08-19 00:18:10,955 INFO] Loading dataset from /home/dpk25/rds/hpc-work/toy_model/data_sear_supBiased/.train.0.pt
[2020-08-19 00:18:11,026 INFO] number of examples: 4848
[2020-08-19 00:19:26,676 INFO] Loading dataset from /home/dpk25/rds/hpc-work/toy_model/data_sear_supBiased/.train.0.pt
[2020-08-19 00:19:26,698 INFO] number of examples: 4848
[2020-08-19 00:19:50,801 INFO] Step 117000/150000; acc:  95.56; ppl:  1.09; xent: 0.09; lr: 0.00037; 2457/1978 tok/s;  10960 sec
[2020-08-19 00:20:42,139 INFO] Loading dataset from /home/dpk25/rds/hpc-work/toy_model/data_sear_supBiased/.train.0.pt
[2020-08-19 00:20:42,207 INFO] number of examples: 4848
[2020-08-19 00:21:57,668 INFO] Loading dataset from /home/dpk25/rds/hpc-work/toy_model/data_sear_supBiased/.train.0.pt
[2020-08-19 00:21:57,691 INFO] number of examples: 4848
[2020-08-19 00:22:33,544 INFO] Step 118000/150000; acc:  95.61; ppl:  1.09; xent: 0.09; lr: 0.00036; 2461/1982 tok/s;  11123 sec
[2020-08-19 00:23:13,183 INFO] Loading dataset from /home/dpk25/rds/hpc-work/toy_model/data_sear_supBiased/.train.0.pt
[2020-08-19 00:23:13,205 INFO] number of examples: 4848
[2020-08-19 00:24:28,967 INFO] Loading dataset from /home/dpk25/rds/hpc-work/toy_model/data_sear_supBiased/.train.0.pt
[2020-08-19 00:24:29,028 INFO] number of examples: 4848
[2020-08-19 00:25:16,428 INFO] Step 119000/150000; acc:  95.68; ppl:  1.09; xent: 0.09; lr: 0.00036; 2456/1979 tok/s;  11286 sec
[2020-08-19 00:25:44,600 INFO] Loading dataset from /home/dpk25/rds/hpc-work/toy_model/data_sear_supBiased/.train.0.pt
[2020-08-19 00:25:44,623 INFO] number of examples: 4848
[2020-08-19 00:27:00,124 INFO] Loading dataset from /home/dpk25/rds/hpc-work/toy_model/data_sear_supBiased/.train.0.pt
[2020-08-19 00:27:00,190 INFO] number of examples: 4848
[2020-08-19 00:27:59,258 INFO] Step 120000/150000; acc:  95.62; ppl:  1.09; xent: 0.08; lr: 0.00036; 2458/1979 tok/s;  11449 sec
[2020-08-19 00:27:59,259 INFO] Loading dataset from /home/dpk25/rds/hpc-work/toy_model/data_sear_supBiased/.valid.0.pt
[2020-08-19 00:27:59,261 INFO] number of examples: 303
[2020-08-19 00:27:59,812 INFO] Validation perplexity: 1.08788
[2020-08-19 00:27:59,813 INFO] Validation accuracy: 97.5037
[2020-08-19 00:27:59,814 INFO] Saving checkpoint /home/dpk25/rds/hpc-work/toy_model/sear_models_supBiased/toy_model_step_120000.pt
[2020-08-19 00:28:16,783 INFO] Loading dataset from /home/dpk25/rds/hpc-work/toy_model/data_sear_supBiased/.train.0.pt
[2020-08-19 00:28:16,804 INFO] number of examples: 4848
[2020-08-19 00:29:32,636 INFO] Loading dataset from /home/dpk25/rds/hpc-work/toy_model/data_sear_supBiased/.train.0.pt
[2020-08-19 00:29:32,658 INFO] number of examples: 4848
[2020-08-19 00:30:43,400 INFO] Step 121000/150000; acc:  95.69; ppl:  1.09; xent: 0.08; lr: 0.00036; 2439/1964 tok/s;  11613 sec
[2020-08-19 00:30:48,302 INFO] Loading dataset from /home/dpk25/rds/hpc-work/toy_model/data_sear_supBiased/.train.0.pt
[2020-08-19 00:30:48,334 INFO] number of examples: 4848
[2020-08-19 00:32:03,987 INFO] Loading dataset from /home/dpk25/rds/hpc-work/toy_model/data_sear_supBiased/.train.0.pt
[2020-08-19 00:32:04,009 INFO] number of examples: 4848
[2020-08-19 00:33:19,570 INFO] Loading dataset from /home/dpk25/rds/hpc-work/toy_model/data_sear_supBiased/.train.0.pt
[2020-08-19 00:33:19,630 INFO] number of examples: 4848
[2020-08-19 00:33:26,517 INFO] Step 122000/150000; acc:  95.74; ppl:  1.09; xent: 0.08; lr: 0.00036; 2452/1975 tok/s;  11776 sec
[2020-08-19 00:34:35,335 INFO] Loading dataset from /home/dpk25/rds/hpc-work/toy_model/data_sear_supBiased/.train.0.pt
[2020-08-19 00:34:35,359 INFO] number of examples: 4848
[2020-08-19 00:35:50,898 INFO] Loading dataset from /home/dpk25/rds/hpc-work/toy_model/data_sear_supBiased/.train.0.pt
[2020-08-19 00:35:50,965 INFO] number of examples: 4848
[2020-08-19 00:36:09,406 INFO] Step 123000/150000; acc:  95.76; ppl:  1.09; xent: 0.08; lr: 0.00036; 2454/1976 tok/s;  11939 sec
[2020-08-19 00:37:06,523 INFO] Loading dataset from /home/dpk25/rds/hpc-work/toy_model/data_sear_supBiased/.train.0.pt
[2020-08-19 00:37:06,545 INFO] number of examples: 4848
[2020-08-19 00:38:22,006 INFO] Loading dataset from /home/dpk25/rds/hpc-work/toy_model/data_sear_supBiased/.train.0.pt
[2020-08-19 00:38:22,029 INFO] number of examples: 4848
[2020-08-19 00:38:52,195 INFO] Step 124000/150000; acc:  95.82; ppl:  1.09; xent: 0.08; lr: 0.00035; 2458/1979 tok/s;  12102 sec
[2020-08-19 00:39:37,734 INFO] Loading dataset from /home/dpk25/rds/hpc-work/toy_model/data_sear_supBiased/.train.0.pt
[2020-08-19 00:39:37,792 INFO] number of examples: 4848
[2020-08-19 00:40:53,379 INFO] Loading dataset from /home/dpk25/rds/hpc-work/toy_model/data_sear_supBiased/.train.0.pt
[2020-08-19 00:40:53,401 INFO] number of examples: 4848
[2020-08-19 00:41:35,101 INFO] Step 125000/150000; acc:  95.85; ppl:  1.08; xent: 0.08; lr: 0.00035; 2458/1979 tok/s;  12265 sec
[2020-08-19 00:41:35,103 INFO] Saving checkpoint /home/dpk25/rds/hpc-work/toy_model/sear_models_supBiased/toy_model_step_125000.pt
[2020-08-19 00:42:10,223 INFO] Loading dataset from /home/dpk25/rds/hpc-work/toy_model/data_sear_supBiased/.train.0.pt
[2020-08-19 00:42:10,288 INFO] number of examples: 4848
[2020-08-19 00:43:25,806 INFO] Loading dataset from /home/dpk25/rds/hpc-work/toy_model/data_sear_supBiased/.train.0.pt
[2020-08-19 00:43:25,829 INFO] number of examples: 4848
[2020-08-19 00:44:19,222 INFO] Step 126000/150000; acc:  95.85; ppl:  1.09; xent: 0.08; lr: 0.00035; 2437/1963 tok/s;  12429 sec
[2020-08-19 00:44:41,379 INFO] Loading dataset from /home/dpk25/rds/hpc-work/toy_model/data_sear_supBiased/.train.0.pt
[2020-08-19 00:44:41,402 INFO] number of examples: 4848
[2020-08-19 00:45:57,016 INFO] Loading dataset from /home/dpk25/rds/hpc-work/toy_model/data_sear_supBiased/.train.0.pt
[2020-08-19 00:45:57,076 INFO] number of examples: 4848
[2020-08-19 00:47:02,126 INFO] Step 127000/150000; acc:  95.86; ppl:  1.09; xent: 0.08; lr: 0.00035; 2458/1979 tok/s;  12592 sec
[2020-08-19 00:47:12,723 INFO] Loading dataset from /home/dpk25/rds/hpc-work/toy_model/data_sear_supBiased/.train.0.pt
[2020-08-19 00:47:12,745 INFO] number of examples: 4848
[2020-08-19 00:48:28,298 INFO] Loading dataset from /home/dpk25/rds/hpc-work/toy_model/data_sear_supBiased/.train.0.pt
[2020-08-19 00:48:28,362 INFO] number of examples: 4848
[2020-08-19 00:49:44,225 INFO] Loading dataset from /home/dpk25/rds/hpc-work/toy_model/data_sear_supBiased/.train.0.pt
[2020-08-19 00:49:44,248 INFO] number of examples: 4848
[2020-08-19 00:49:45,257 INFO] Step 128000/150000; acc:  95.90; ppl:  1.08; xent: 0.08; lr: 0.00035; 2453/1975 tok/s;  12755 sec
[2020-08-19 00:50:59,879 INFO] Loading dataset from /home/dpk25/rds/hpc-work/toy_model/data_sear_supBiased/.train.0.pt
[2020-08-19 00:50:59,903 INFO] number of examples: 4848
[2020-08-19 00:52:15,447 INFO] Loading dataset from /home/dpk25/rds/hpc-work/toy_model/data_sear_supBiased/.train.0.pt
[2020-08-19 00:52:15,469 INFO] number of examples: 4848
[2020-08-19 00:52:28,213 INFO] Step 129000/150000; acc:  95.97; ppl:  1.08; xent: 0.08; lr: 0.00035; 2452/1975 tok/s;  12918 sec
[2020-08-19 00:53:30,978 INFO] Loading dataset from /home/dpk25/rds/hpc-work/toy_model/data_sear_supBiased/.train.0.pt
[2020-08-19 00:53:31,000 INFO] number of examples: 4848
[2020-08-19 00:54:46,683 INFO] Loading dataset from /home/dpk25/rds/hpc-work/toy_model/data_sear_supBiased/.train.0.pt
[2020-08-19 00:54:46,745 INFO] number of examples: 4848
[2020-08-19 00:55:10,963 INFO] Step 130000/150000; acc:  95.95; ppl:  1.08; xent: 0.08; lr: 0.00035; 2457/1978 tok/s;  13080 sec
[2020-08-19 00:55:10,964 INFO] Loading dataset from /home/dpk25/rds/hpc-work/toy_model/data_sear_supBiased/.valid.0.pt
[2020-08-19 00:55:10,967 INFO] number of examples: 303
[2020-08-19 00:55:11,521 INFO] Validation perplexity: 1.08722
[2020-08-19 00:55:11,521 INFO] Validation accuracy: 97.6638
[2020-08-19 00:55:11,523 INFO] Saving checkpoint /home/dpk25/rds/hpc-work/toy_model/sear_models_supBiased/toy_model_step_130000.pt
[2020-08-19 00:56:03,149 INFO] Loading dataset from /home/dpk25/rds/hpc-work/toy_model/data_sear_supBiased/.train.0.pt
[2020-08-19 00:56:03,172 INFO] number of examples: 4848
[2020-08-19 00:57:18,758 INFO] Loading dataset from /home/dpk25/rds/hpc-work/toy_model/data_sear_supBiased/.train.0.pt
[2020-08-19 00:57:18,824 INFO] number of examples: 4848
[2020-08-19 00:57:54,878 INFO] Step 131000/150000; acc:  95.96; ppl:  1.08; xent: 0.08; lr: 0.00035; 2444/1968 tok/s;  13244 sec
[2020-08-19 00:58:34,343 INFO] Loading dataset from /home/dpk25/rds/hpc-work/toy_model/data_sear_supBiased/.train.0.pt
[2020-08-19 00:58:34,365 INFO] number of examples: 4848
[2020-08-19 00:59:50,043 INFO] Loading dataset from /home/dpk25/rds/hpc-work/toy_model/data_sear_supBiased/.train.0.pt
[2020-08-19 00:59:50,066 INFO] number of examples: 4848
[2020-08-19 01:00:37,622 INFO] Step 132000/150000; acc:  96.02; ppl:  1.08; xent: 0.08; lr: 0.00034; 2458/1980 tok/s;  13407 sec
[2020-08-19 01:01:05,629 INFO] Loading dataset from /home/dpk25/rds/hpc-work/toy_model/data_sear_supBiased/.train.0.pt
[2020-08-19 01:01:05,689 INFO] number of examples: 4848
[2020-08-19 01:02:21,284 INFO] Loading dataset from /home/dpk25/rds/hpc-work/toy_model/data_sear_supBiased/.train.0.pt
[2020-08-19 01:02:21,307 INFO] number of examples: 4848
[2020-08-19 01:03:20,678 INFO] Step 133000/150000; acc:  96.08; ppl:  1.08; xent: 0.08; lr: 0.00034; 2454/1976 tok/s;  13570 sec
[2020-08-19 01:03:36,958 INFO] Loading dataset from /home/dpk25/rds/hpc-work/toy_model/data_sear_supBiased/.train.0.pt
[2020-08-19 01:03:37,023 INFO] number of examples: 4848
[2020-08-19 01:04:52,817 INFO] Loading dataset from /home/dpk25/rds/hpc-work/toy_model/data_sear_supBiased/.train.0.pt
[2020-08-19 01:04:52,839 INFO] number of examples: 4848
[2020-08-19 01:06:03,728 INFO] Step 134000/150000; acc:  96.00; ppl:  1.08; xent: 0.08; lr: 0.00034; 2456/1977 tok/s;  13733 sec
[2020-08-19 01:06:08,446 INFO] Loading dataset from /home/dpk25/rds/hpc-work/toy_model/data_sear_supBiased/.train.0.pt
[2020-08-19 01:06:08,469 INFO] number of examples: 4848
[2020-08-19 01:07:23,968 INFO] Loading dataset from /home/dpk25/rds/hpc-work/toy_model/data_sear_supBiased/.train.0.pt
[2020-08-19 01:07:23,991 INFO] number of examples: 4848
[2020-08-19 01:08:39,532 INFO] Loading dataset from /home/dpk25/rds/hpc-work/toy_model/data_sear_supBiased/.train.0.pt
[2020-08-19 01:08:39,555 INFO] number of examples: 4848
[2020-08-19 01:08:46,609 INFO] Step 135000/150000; acc:  96.05; ppl:  1.08; xent: 0.08; lr: 0.00034; 2455/1977 tok/s;  13896 sec
[2020-08-19 01:08:46,610 INFO] Saving checkpoint /home/dpk25/rds/hpc-work/toy_model/sear_models_supBiased/toy_model_step_135000.pt
[2020-08-19 01:09:55,576 INFO] Loading dataset from /home/dpk25/rds/hpc-work/toy_model/data_sear_supBiased/.train.0.pt
[2020-08-19 01:09:55,639 INFO] number of examples: 4848
[2020-08-19 01:11:11,127 INFO] Loading dataset from /home/dpk25/rds/hpc-work/toy_model/data_sear_supBiased/.train.0.pt
[2020-08-19 01:11:11,150 INFO] number of examples: 4848
[2020-08-19 01:11:29,766 INFO] Step 136000/150000; acc:  96.11; ppl:  1.08; xent: 0.08; lr: 0.00034; 2451/1973 tok/s;  14059 sec
[2020-08-19 01:12:26,759 INFO] Loading dataset from /home/dpk25/rds/hpc-work/toy_model/data_sear_supBiased/.train.0.pt
[2020-08-19 01:12:26,827 INFO] number of examples: 4848
[2020-08-19 01:13:42,351 INFO] Loading dataset from /home/dpk25/rds/hpc-work/toy_model/data_sear_supBiased/.train.0.pt
[2020-08-19 01:13:42,374 INFO] number of examples: 4848
[2020-08-19 01:14:12,650 INFO] Step 137000/150000; acc:  96.12; ppl:  1.08; xent: 0.08; lr: 0.00034; 2457/1978 tok/s;  14222 sec
[2020-08-19 01:14:58,009 INFO] Loading dataset from /home/dpk25/rds/hpc-work/toy_model/data_sear_supBiased/.train.0.pt
[2020-08-19 01:14:58,032 INFO] number of examples: 4848
[2020-08-19 01:16:13,587 INFO] Loading dataset from /home/dpk25/rds/hpc-work/toy_model/data_sear_supBiased/.train.0.pt
[2020-08-19 01:16:13,647 INFO] number of examples: 4848
[2020-08-19 01:16:55,397 INFO] Step 138000/150000; acc:  96.08; ppl:  1.08; xent: 0.08; lr: 0.00034; 2460/1981 tok/s;  14385 sec
[2020-08-19 01:17:28,976 INFO] Loading dataset from /home/dpk25/rds/hpc-work/toy_model/data_sear_supBiased/.train.0.pt
[2020-08-19 01:17:28,998 INFO] number of examples: 4848
[2020-08-19 01:18:44,480 INFO] Loading dataset from /home/dpk25/rds/hpc-work/toy_model/data_sear_supBiased/.train.0.pt
[2020-08-19 01:18:44,545 INFO] number of examples: 4848
[2020-08-19 01:19:38,150 INFO] Step 139000/150000; acc:  96.20; ppl:  1.08; xent: 0.08; lr: 0.00034; 2458/1979 tok/s;  14548 sec
[2020-08-19 01:20:00,284 INFO] Loading dataset from /home/dpk25/rds/hpc-work/toy_model/data_sear_supBiased/.train.0.pt
[2020-08-19 01:20:00,307 INFO] number of examples: 4848
[2020-08-19 01:21:15,906 INFO] Loading dataset from /home/dpk25/rds/hpc-work/toy_model/data_sear_supBiased/.train.0.pt
[2020-08-19 01:21:15,929 INFO] number of examples: 4848
[2020-08-19 01:22:20,975 INFO] Step 140000/150000; acc:  96.25; ppl:  1.08; xent: 0.07; lr: 0.00033; 2459/1980 tok/s;  14710 sec
[2020-08-19 01:22:20,976 INFO] Loading dataset from /home/dpk25/rds/hpc-work/toy_model/data_sear_supBiased/.valid.0.pt
[2020-08-19 01:22:20,980 INFO] number of examples: 303
[2020-08-19 01:22:21,520 INFO] Validation perplexity: 1.08666
[2020-08-19 01:22:21,520 INFO] Validation accuracy: 97.5677
[2020-08-19 01:22:21,522 INFO] Saving checkpoint /home/dpk25/rds/hpc-work/toy_model/sear_models_supBiased/toy_model_step_140000.pt
[2020-08-19 01:22:32,307 INFO] Loading dataset from /home/dpk25/rds/hpc-work/toy_model/data_sear_supBiased/.train.0.pt
[2020-08-19 01:22:32,329 INFO] number of examples: 4848
[2020-08-19 01:23:47,856 INFO] Loading dataset from /home/dpk25/rds/hpc-work/toy_model/data_sear_supBiased/.train.0.pt
[2020-08-19 01:23:47,879 INFO] number of examples: 4848
[2020-08-19 01:25:03,653 INFO] Loading dataset from /home/dpk25/rds/hpc-work/toy_model/data_sear_supBiased/.train.0.pt
[2020-08-19 01:25:03,715 INFO] number of examples: 4848
[2020-08-19 01:25:04,892 INFO] Step 141000/150000; acc:  96.25; ppl:  1.08; xent: 0.07; lr: 0.00033; 2441/1966 tok/s;  14874 sec
[2020-08-19 01:26:19,380 INFO] Loading dataset from /home/dpk25/rds/hpc-work/toy_model/data_sear_supBiased/.train.0.pt
[2020-08-19 01:26:19,403 INFO] number of examples: 4848
[2020-08-19 01:27:35,009 INFO] Loading dataset from /home/dpk25/rds/hpc-work/toy_model/data_sear_supBiased/.train.0.pt
[2020-08-19 01:27:35,076 INFO] number of examples: 4848
[2020-08-19 01:27:48,017 INFO] Step 142000/150000; acc:  96.36; ppl:  1.08; xent: 0.07; lr: 0.00033; 2450/1973 tok/s;  15037 sec
[2020-08-19 01:28:50,722 INFO] Loading dataset from /home/dpk25/rds/hpc-work/toy_model/data_sear_supBiased/.train.0.pt
[2020-08-19 01:28:50,745 INFO] number of examples: 4848
[2020-08-19 01:30:06,526 INFO] Loading dataset from /home/dpk25/rds/hpc-work/toy_model/data_sear_supBiased/.train.0.pt
[2020-08-19 01:30:06,549 INFO] number of examples: 4848
[2020-08-19 01:30:30,994 INFO] Step 143000/150000; acc:  96.34; ppl:  1.08; xent: 0.07; lr: 0.00033; 2454/1976 tok/s;  15200 sec
[2020-08-19 01:31:22,113 INFO] Loading dataset from /home/dpk25/rds/hpc-work/toy_model/data_sear_supBiased/.train.0.pt
[2020-08-19 01:31:22,171 INFO] number of examples: 4848
[2020-08-19 01:32:37,750 INFO] Loading dataset from /home/dpk25/rds/hpc-work/toy_model/data_sear_supBiased/.train.0.pt
[2020-08-19 01:32:37,773 INFO] number of examples: 4848
[2020-08-19 01:33:13,966 INFO] Step 144000/150000; acc:  96.34; ppl:  1.07; xent: 0.07; lr: 0.00033; 2458/1979 tok/s;  15363 sec
[2020-08-19 01:33:53,307 INFO] Loading dataset from /home/dpk25/rds/hpc-work/toy_model/data_sear_supBiased/.train.0.pt
[2020-08-19 01:33:53,368 INFO] number of examples: 4848
[2020-08-19 01:35:09,182 INFO] Loading dataset from /home/dpk25/rds/hpc-work/toy_model/data_sear_supBiased/.train.0.pt
[2020-08-19 01:35:09,204 INFO] number of examples: 4848
[2020-08-19 01:35:57,081 INFO] Step 145000/150000; acc:  96.39; ppl:  1.07; xent: 0.07; lr: 0.00033; 2453/1975 tok/s;  15526 sec
[2020-08-19 01:35:57,083 INFO] Saving checkpoint /home/dpk25/rds/hpc-work/toy_model/sear_models_supBiased/toy_model_step_145000.pt
[2020-08-19 01:36:25,447 INFO] Loading dataset from /home/dpk25/rds/hpc-work/toy_model/data_sear_supBiased/.train.0.pt
[2020-08-19 01:36:25,470 INFO] number of examples: 4848
[2020-08-19 01:37:41,057 INFO] Loading dataset from /home/dpk25/rds/hpc-work/toy_model/data_sear_supBiased/.train.0.pt
[2020-08-19 01:37:41,081 INFO] number of examples: 4848
[2020-08-19 01:38:40,524 INFO] Step 146000/150000; acc:  96.36; ppl:  1.07; xent: 0.07; lr: 0.00033; 2449/1971 tok/s;  15690 sec
[2020-08-19 01:38:56,638 INFO] Loading dataset from /home/dpk25/rds/hpc-work/toy_model/data_sear_supBiased/.train.0.pt
[2020-08-19 01:38:56,660 INFO] number of examples: 4848
[2020-08-19 01:40:12,388 INFO] Loading dataset from /home/dpk25/rds/hpc-work/toy_model/data_sear_supBiased/.train.0.pt
[2020-08-19 01:40:12,452 INFO] number of examples: 4848
[2020-08-19 01:41:23,467 INFO] Step 147000/150000; acc:  96.40; ppl:  1.07; xent: 0.07; lr: 0.00033; 2457/1978 tok/s;  15853 sec
[2020-08-19 01:41:28,048 INFO] Loading dataset from /home/dpk25/rds/hpc-work/toy_model/data_sear_supBiased/.train.0.pt
[2020-08-19 01:41:28,071 INFO] number of examples: 4848
[2020-08-19 01:42:43,673 INFO] Loading dataset from /home/dpk25/rds/hpc-work/toy_model/data_sear_supBiased/.train.0.pt
[2020-08-19 01:42:43,737 INFO] number of examples: 4848
[2020-08-19 01:43:59,241 INFO] Loading dataset from /home/dpk25/rds/hpc-work/toy_model/data_sear_supBiased/.train.0.pt
[2020-08-19 01:43:59,263 INFO] number of examples: 4848
[2020-08-19 01:44:06,466 INFO] Step 148000/150000; acc:  96.45; ppl:  1.07; xent: 0.07; lr: 0.00032; 2453/1976 tok/s;  16016 sec
[2020-08-19 01:45:14,878 INFO] Loading dataset from /home/dpk25/rds/hpc-work/toy_model/data_sear_supBiased/.train.0.pt
[2020-08-19 01:45:14,900 INFO] number of examples: 4848
[2020-08-19 01:46:30,456 INFO] Loading dataset from /home/dpk25/rds/hpc-work/toy_model/data_sear_supBiased/.train.0.pt
[2020-08-19 01:46:30,514 INFO] number of examples: 4848
[2020-08-19 01:46:49,322 INFO] Step 149000/150000; acc:  96.51; ppl:  1.07; xent: 0.07; lr: 0.00032; 2455/1977 tok/s;  16179 sec
[2020-08-19 01:47:46,127 INFO] Loading dataset from /home/dpk25/rds/hpc-work/toy_model/data_sear_supBiased/.train.0.pt
[2020-08-19 01:47:46,150 INFO] number of examples: 4848
[2020-08-19 01:49:01,805 INFO] Loading dataset from /home/dpk25/rds/hpc-work/toy_model/data_sear_supBiased/.train.0.pt
[2020-08-19 01:49:01,870 INFO] number of examples: 4848
[2020-08-19 01:49:32,396 INFO] Step 150000/150000; acc:  96.48; ppl:  1.07; xent: 0.07; lr: 0.00032; 2454/1976 tok/s;  16342 sec
[2020-08-19 01:49:32,398 INFO] Loading dataset from /home/dpk25/rds/hpc-work/toy_model/data_sear_supBiased/.valid.0.pt
[2020-08-19 01:49:32,400 INFO] number of examples: 303
[2020-08-19 01:49:32,939 INFO] Validation perplexity: 1.0861
[2020-08-19 01:49:32,939 INFO] Validation accuracy: 97.5571
[2020-08-19 01:49:32,940 INFO] Saving checkpoint /home/dpk25/rds/hpc-work/toy_model/sear_models_supBiased/toy_model_step_150000.pt
